<?xml version="1.0" encoding="UTF-8" standalone="no"?>
<!DOCTYPE report PUBLIC "-//JACOCO//DTD Report 1.1//EN" "report.dtd"[]>
<report name="Pester (04/19/2025 01:09:08)">
  <sessioninfo id="this" start="1745024122643" dump="1745024948620" />
  <package name="CyberCore">
    <class name="CyberCore/deploy-quantum" sourcefilename="deploy-quantum.ps1">
      <method name="&lt;script&gt;" desc="()" line="25">
        <counter type="INSTRUCTION" missed="131" covered="0" />
        <counter type="LINE" missed="97" covered="0" />
        <counter type="METHOD" missed="1" covered="0" />
      </method>
      <counter type="INSTRUCTION" missed="131" covered="0" />
      <counter type="LINE" missed="97" covered="0" />
      <counter type="METHOD" missed="1" covered="0" />
      <counter type="CLASS" missed="1" covered="0" />
    </class>
    <class name="CyberCore/Export-QuantumDocs" sourcefilename="Export-QuantumDocs.ps1">
      <method name="&lt;script&gt;" desc="()" line="30">
        <counter type="INSTRUCTION" missed="478" covered="21" />
        <counter type="LINE" missed="409" covered="16" />
        <counter type="METHOD" missed="0" covered="1" />
      </method>
      <method name="Build-ComponentDependencyMap" desc="()" line="201">
        <counter type="INSTRUCTION" missed="44" covered="0" />
        <counter type="LINE" missed="42" covered="0" />
        <counter type="METHOD" missed="1" covered="0" />
      </method>
      <method name="Traverse-Dependencies" desc="()" line="284">
        <counter type="INSTRUCTION" missed="12" covered="0" />
        <counter type="LINE" missed="9" covered="0" />
        <counter type="METHOD" missed="1" covered="0" />
      </method>
      <method name="Find-MythologicalResonances" desc="()" line="315">
        <counter type="INSTRUCTION" missed="20" covered="0" />
        <counter type="LINE" missed="17" covered="0" />
        <counter type="METHOD" missed="1" covered="0" />
      </method>
      <counter type="INSTRUCTION" missed="554" covered="21" />
      <counter type="LINE" missed="477" covered="16" />
      <counter type="METHOD" missed="3" covered="1" />
      <counter type="CLASS" missed="0" covered="1" />
    </class>
    <class name="CyberCore/Get-QuantumVulnerability" sourcefilename="Get-QuantumVulnerability.ps1">
      <method name="&lt;script&gt;" desc="()" line="39">
        <counter type="INSTRUCTION" missed="128" covered="402" />
        <counter type="LINE" missed="102" covered="335" />
        <counter type="METHOD" missed="0" covered="1" />
      </method>
      <method name="Build-ComponentDependencyMap" desc="()" line="382">
        <counter type="INSTRUCTION" missed="27" covered="31" />
        <counter type="LINE" missed="27" covered="27" />
        <counter type="METHOD" missed="0" covered="1" />
      </method>
      <method name="Traverse-Dependencies" desc="()" line="488">
        <counter type="INSTRUCTION" missed="5" covered="7" />
        <counter type="LINE" missed="3" covered="6" />
        <counter type="METHOD" missed="0" covered="1" />
      </method>
      <method name="Analyze-EntanglementVulnerabilities" desc="()" line="526">
        <counter type="INSTRUCTION" missed="55" covered="12" />
        <counter type="LINE" missed="42" covered="9" />
        <counter type="METHOD" missed="0" covered="1" />
      </method>
      <method name="Get-EntanglementPath" desc="()" line="615">
        <counter type="INSTRUCTION" missed="8" covered="0" />
        <counter type="LINE" missed="8" covered="0" />
        <counter type="METHOD" missed="1" covered="0" />
      </method>
      <method name="Find-Path" desc="()" line="630">
        <counter type="INSTRUCTION" missed="12" covered="0" />
        <counter type="LINE" missed="12" covered="0" />
        <counter type="METHOD" missed="1" covered="0" />
      </method>
      <method name="Analyze-MythologicalPatterns" desc="()" line="667">
        <counter type="INSTRUCTION" missed="46" covered="0" />
        <counter type="LINE" missed="43" covered="0" />
        <counter type="METHOD" missed="1" covered="0" />
      </method>
      <method name="Detect-TemporalAnomalies" desc="()" line="746">
        <counter type="INSTRUCTION" missed="44" covered="14" />
        <counter type="LINE" missed="40" covered="8" />
        <counter type="METHOD" missed="0" covered="1" />
      </method>
      <counter type="INSTRUCTION" missed="325" covered="466" />
      <counter type="LINE" missed="277" covered="385" />
      <counter type="METHOD" missed="3" covered="5" />
      <counter type="CLASS" missed="0" covered="1" />
    </class>
    <class name="CyberCore/Install-TestDependencies" sourcefilename="Install-TestDependencies.ps1">
      <method name="Install-NodeDependencies" desc="()" line="3">
        <counter type="INSTRUCTION" missed="0" covered="4" />
        <counter type="LINE" missed="0" covered="4" />
        <counter type="METHOD" missed="0" covered="1" />
      </method>
      <method name="Install-PSModules" desc="()" line="16">
        <counter type="INSTRUCTION" missed="3" covered="11" />
        <counter type="LINE" missed="3" covered="9" />
        <counter type="METHOD" missed="0" covered="1" />
      </method>
      <method name="&lt;script&gt;" desc="()" line="37">
        <counter type="INSTRUCTION" missed="0" covered="2" />
        <counter type="LINE" missed="0" covered="2" />
        <counter type="METHOD" missed="0" covered="1" />
      </method>
      <counter type="INSTRUCTION" missed="3" covered="17" />
      <counter type="LINE" missed="3" covered="15" />
      <counter type="METHOD" missed="0" covered="3" />
      <counter type="CLASS" missed="0" covered="1" />
    </class>
    <class name="CyberCore/Invoke-QuantumMutation" sourcefilename="Invoke-QuantumMutation.ps1">
      <method name="&lt;script&gt;" desc="()" line="32">
        <counter type="INSTRUCTION" missed="151" covered="85" />
        <counter type="LINE" missed="130" covered="72" />
        <counter type="METHOD" missed="0" covered="1" />
      </method>
      <method name="Apply-StateMemoryEffects" desc="()" line="234">
        <counter type="INSTRUCTION" missed="70" covered="0" />
        <counter type="LINE" missed="62" covered="0" />
        <counter type="METHOD" missed="1" covered="0" />
      </method>
      <counter type="INSTRUCTION" missed="221" covered="85" />
      <counter type="LINE" missed="192" covered="72" />
      <counter type="METHOD" missed="1" covered="1" />
      <counter type="CLASS" missed="0" covered="1" />
    </class>
    <class name="CyberCore/quantum-forge" sourcefilename="quantum-forge.ps1">
      <method name="&lt;script&gt;" desc="()" line="4">
        <counter type="INSTRUCTION" missed="18" covered="24" />
        <counter type="LINE" missed="11" covered="16" />
        <counter type="METHOD" missed="0" covered="1" />
      </method>
      <method name="UpdateRegistry" desc="()" line="13">
        <counter type="INSTRUCTION" missed="0" covered="9" />
        <counter type="LINE" missed="0" covered="7" />
        <counter type="METHOD" missed="0" covered="1" />
      </method>
      <method name="Initialize-QuantumEnvironment" desc="()" line="32">
        <counter type="INSTRUCTION" missed="0" covered="17" />
        <counter type="LINE" missed="0" covered="8" />
        <counter type="METHOD" missed="0" covered="1" />
      </method>
      <method name="New-QuantumFile" desc="()" line="62">
        <counter type="INSTRUCTION" missed="36" covered="0" />
        <counter type="LINE" missed="25" covered="0" />
        <counter type="METHOD" missed="1" covered="0" />
      </method>
      <method name="Test-QuantumBlueprint" desc="()" line="116">
        <counter type="INSTRUCTION" missed="20" covered="0" />
        <counter type="LINE" missed="16" covered="0" />
        <counter type="METHOD" missed="1" covered="0" />
      </method>
      <method name="Test-QuantumTemplate" desc="()" line="156">
        <counter type="INSTRUCTION" missed="14" covered="0" />
        <counter type="LINE" missed="13" covered="0" />
        <counter type="METHOD" missed="1" covered="0" />
      </method>
      <method name="Invoke-QuantumBlueprint" desc="()" line="190">
        <counter type="INSTRUCTION" missed="8" covered="19" />
        <counter type="LINE" missed="7" covered="13" />
        <counter type="METHOD" missed="0" covered="1" />
      </method>
      <method name="Export-QuantumBlueprint" desc="()" line="237">
        <counter type="INSTRUCTION" missed="2" covered="22" />
        <counter type="LINE" missed="1" covered="18" />
        <counter type="METHOD" missed="0" covered="1" />
      </method>
      <method name="Register-QuantumBlueprint" desc="()" line="279">
        <counter type="INSTRUCTION" missed="28" covered="0" />
        <counter type="LINE" missed="22" covered="0" />
        <counter type="METHOD" missed="1" covered="0" />
      </method>
      <method name="New-QuantumEntanglement" desc="()" line="332">
        <counter type="INSTRUCTION" missed="43" covered="0" />
        <counter type="LINE" missed="38" covered="0" />
        <counter type="METHOD" missed="1" covered="0" />
      </method>
      <method name="Split-QuantumRegistry" desc="()" line="415">
        <counter type="INSTRUCTION" missed="52" covered="0" />
        <counter type="LINE" missed="42" covered="0" />
        <counter type="METHOD" missed="1" covered="0" />
      </method>
      <counter type="INSTRUCTION" missed="221" covered="91" />
      <counter type="LINE" missed="175" covered="62" />
      <counter type="METHOD" missed="6" covered="5" />
      <counter type="CLASS" missed="0" covered="1" />
    </class>
    <class name="CyberCore/quantum-inspector" sourcefilename="quantum-inspector.ps1">
      <method name="&lt;script&gt;" desc="()" line="26">
        <counter type="INSTRUCTION" missed="429" covered="0" />
        <counter type="LINE" missed="340" covered="0" />
        <counter type="METHOD" missed="1" covered="0" />
      </method>
      <counter type="INSTRUCTION" missed="429" covered="0" />
      <counter type="LINE" missed="340" covered="0" />
      <counter type="METHOD" missed="1" covered="0" />
      <counter type="CLASS" missed="1" covered="0" />
    </class>
    <class name="CyberCore/quantum-integrity" sourcefilename="quantum-integrity.ps1">
      <method name="UpdateRegistry" desc="()" line="23">
        <counter type="INSTRUCTION" missed="9" covered="0" />
        <counter type="LINE" missed="7" covered="0" />
        <counter type="METHOD" missed="1" covered="0" />
      </method>
      <method name="&lt;script&gt;" desc="()" line="37">
        <counter type="INSTRUCTION" missed="344" covered="0" />
        <counter type="LINE" missed="264" covered="0" />
        <counter type="METHOD" missed="1" covered="0" />
      </method>
      <counter type="INSTRUCTION" missed="353" covered="0" />
      <counter type="LINE" missed="271" covered="0" />
      <counter type="METHOD" missed="2" covered="0" />
      <counter type="CLASS" missed="1" covered="0" />
    </class>
    <class name="CyberCore/run-tests" sourcefilename="run-tests.ps1">
      <method name="&lt;script&gt;" desc="()" line="18">
        <counter type="INSTRUCTION" missed="67" covered="0" />
        <counter type="LINE" missed="58" covered="0" />
        <counter type="METHOD" missed="1" covered="0" />
      </method>
      <method name="Show-Summary" desc="()" line="46">
        <counter type="INSTRUCTION" missed="34" covered="0" />
        <counter type="LINE" missed="26" covered="0" />
        <counter type="METHOD" missed="1" covered="0" />
      </method>
      <counter type="INSTRUCTION" missed="101" covered="0" />
      <counter type="LINE" missed="84" covered="0" />
      <counter type="METHOD" missed="2" covered="0" />
      <counter type="CLASS" missed="1" covered="0" />
    </class>
    <sourcefile name="deploy-quantum.ps1">
      <line nr="25" mi="1" ci="0" mb="0" cb="0" />
      <line nr="26" mi="1" ci="0" mb="0" cb="0" />
      <line nr="27" mi="1" ci="0" mb="0" cb="0" />
      <line nr="28" mi="1" ci="0" mb="0" cb="0" />
      <line nr="29" mi="1" ci="0" mb="0" cb="0" />
      <line nr="31" mi="1" ci="0" mb="0" cb="0" />
      <line nr="32" mi="1" ci="0" mb="0" cb="0" />
      <line nr="33" mi="1" ci="0" mb="0" cb="0" />
      <line nr="34" mi="1" ci="0" mb="0" cb="0" />
      <line nr="36" mi="1" ci="0" mb="0" cb="0" />
      <line nr="37" mi="1" ci="0" mb="0" cb="0" />
      <line nr="38" mi="1" ci="0" mb="0" cb="0" />
      <line nr="39" mi="1" ci="0" mb="0" cb="0" />
      <line nr="44" mi="1" ci="0" mb="0" cb="0" />
      <line nr="45" mi="1" ci="0" mb="0" cb="0" />
      <line nr="48" mi="1" ci="0" mb="0" cb="0" />
      <line nr="49" mi="4" ci="0" mb="0" cb="0" />
      <line nr="50" mi="3" ci="0" mb="0" cb="0" />
      <line nr="51" mi="4" ci="0" mb="0" cb="0" />
      <line nr="52" mi="3" ci="0" mb="0" cb="0" />
      <line nr="55" mi="6" ci="0" mb="0" cb="0" />
      <line nr="56" mi="1" ci="0" mb="0" cb="0" />
      <line nr="57" mi="1" ci="0" mb="0" cb="0" />
      <line nr="58" mi="3" ci="0" mb="0" cb="0" />
      <line nr="59" mi="1" ci="0" mb="0" cb="0" />
      <line nr="63" mi="1" ci="0" mb="0" cb="0" />
      <line nr="64" mi="1" ci="0" mb="0" cb="0" />
      <line nr="65" mi="1" ci="0" mb="0" cb="0" />
      <line nr="67" mi="1" ci="0" mb="0" cb="0" />
      <line nr="68" mi="1" ci="0" mb="0" cb="0" />
      <line nr="69" mi="1" ci="0" mb="0" cb="0" />
      <line nr="70" mi="1" ci="0" mb="0" cb="0" />
      <line nr="72" mi="1" ci="0" mb="0" cb="0" />
      <line nr="74" mi="1" ci="0" mb="0" cb="0" />
      <line nr="75" mi="1" ci="0" mb="0" cb="0" />
      <line nr="76" mi="1" ci="0" mb="0" cb="0" />
      <line nr="77" mi="1" ci="0" mb="0" cb="0" />
      <line nr="81" mi="1" ci="0" mb="0" cb="0" />
      <line nr="86" mi="1" ci="0" mb="0" cb="0" />
      <line nr="87" mi="1" ci="0" mb="0" cb="0" />
      <line nr="88" mi="1" ci="0" mb="0" cb="0" />
      <line nr="90" mi="1" ci="0" mb="0" cb="0" />
      <line nr="91" mi="1" ci="0" mb="0" cb="0" />
      <line nr="92" mi="1" ci="0" mb="0" cb="0" />
      <line nr="97" mi="1" ci="0" mb="0" cb="0" />
      <line nr="98" mi="1" ci="0" mb="0" cb="0" />
      <line nr="99" mi="2" ci="0" mb="0" cb="0" />
      <line nr="101" mi="1" ci="0" mb="0" cb="0" />
      <line nr="103" mi="4" ci="0" mb="0" cb="0" />
      <line nr="106" mi="1" ci="0" mb="0" cb="0" />
      <line nr="107" mi="1" ci="0" mb="0" cb="0" />
      <line nr="108" mi="1" ci="0" mb="0" cb="0" />
      <line nr="109" mi="1" ci="0" mb="0" cb="0" />
      <line nr="113" mi="1" ci="0" mb="0" cb="0" />
      <line nr="116" mi="3" ci="0" mb="0" cb="0" />
      <line nr="118" mi="1" ci="0" mb="0" cb="0" />
      <line nr="120" mi="1" ci="0" mb="0" cb="0" />
      <line nr="125" mi="1" ci="0" mb="0" cb="0" />
      <line nr="126" mi="2" ci="0" mb="0" cb="0" />
      <line nr="127" mi="2" ci="0" mb="0" cb="0" />
      <line nr="131" mi="1" ci="0" mb="0" cb="0" />
      <line nr="134" mi="2" ci="0" mb="0" cb="0" />
      <line nr="137" mi="1" ci="0" mb="0" cb="0" />
      <line nr="138" mi="2" ci="0" mb="0" cb="0" />
      <line nr="139" mi="1" ci="0" mb="0" cb="0" />
      <line nr="140" mi="1" ci="0" mb="0" cb="0" />
      <line nr="143" mi="1" ci="0" mb="0" cb="0" />
      <line nr="144" mi="2" ci="0" mb="0" cb="0" />
      <line nr="145" mi="2" ci="0" mb="0" cb="0" />
      <line nr="149" mi="1" ci="0" mb="0" cb="0" />
      <line nr="150" mi="1" ci="0" mb="0" cb="0" />
      <line nr="154" mi="1" ci="0" mb="0" cb="0" />
      <line nr="155" mi="1" ci="0" mb="0" cb="0" />
      <line nr="156" mi="1" ci="0" mb="0" cb="0" />
      <line nr="157" mi="1" ci="0" mb="0" cb="0" />
      <line nr="158" mi="1" ci="0" mb="0" cb="0" />
      <line nr="159" mi="1" ci="0" mb="0" cb="0" />
      <line nr="160" mi="1" ci="0" mb="0" cb="0" />
      <line nr="161" mi="2" ci="0" mb="0" cb="0" />
      <line nr="164" mi="3" ci="0" mb="0" cb="0" />
      <line nr="167" mi="2" ci="0" mb="0" cb="0" />
      <line nr="170" mi="1" ci="0" mb="0" cb="0" />
      <line nr="171" mi="1" ci="0" mb="0" cb="0" />
      <line nr="172" mi="1" ci="0" mb="0" cb="0" />
      <line nr="173" mi="2" ci="0" mb="0" cb="0" />
      <line nr="174" mi="1" ci="0" mb="0" cb="0" />
      <line nr="177" mi="1" ci="0" mb="0" cb="0" />
      <line nr="178" mi="1" ci="0" mb="0" cb="0" />
      <line nr="179" mi="1" ci="0" mb="0" cb="0" />
      <line nr="180" mi="1" ci="0" mb="0" cb="0" />
      <line nr="181" mi="1" ci="0" mb="0" cb="0" />
      <line nr="182" mi="1" ci="0" mb="0" cb="0" />
      <line nr="183" mi="1" ci="0" mb="0" cb="0" />
      <line nr="184" mi="1" ci="0" mb="0" cb="0" />
      <line nr="186" mi="1" ci="0" mb="0" cb="0" />
      <line nr="187" mi="1" ci="0" mb="0" cb="0" />
      <line nr="190" mi="1" ci="0" mb="0" cb="0" />
      <counter type="INSTRUCTION" missed="131" covered="0" />
      <counter type="LINE" missed="97" covered="0" />
      <counter type="METHOD" missed="1" covered="0" />
      <counter type="CLASS" missed="1" covered="0" />
    </sourcefile>
    <sourcefile name="Export-QuantumDocs.ps1">
      <line nr="30" mi="0" ci="1" mb="0" cb="0" />
      <line nr="31" mi="0" ci="1" mb="0" cb="0" />
      <line nr="32" mi="0" ci="1" mb="0" cb="0" />
      <line nr="33" mi="0" ci="1" mb="0" cb="0" />
      <line nr="34" mi="0" ci="1" mb="0" cb="0" />
      <line nr="35" mi="0" ci="1" mb="0" cb="0" />
      <line nr="39" mi="0" ci="2" mb="0" cb="0" />
      <line nr="40" mi="0" ci="2" mb="0" cb="0" />
      <line nr="43" mi="0" ci="2" mb="0" cb="0" />
      <line nr="44" mi="0" ci="1" mb="0" cb="0" />
      <line nr="45" mi="0" ci="1" mb="0" cb="0" />
      <line nr="46" mi="0" ci="1" mb="0" cb="0" />
      <line nr="50" mi="0" ci="1" mb="0" cb="0" />
      <line nr="52" mi="0" ci="2" mb="0" cb="0" />
      <line nr="53" mi="1" ci="0" mb="0" cb="0" />
      <line nr="55" mi="1" ci="0" mb="0" cb="0" />
      <line nr="56" mi="1" ci="0" mb="0" cb="0" />
      <line nr="57" mi="1" ci="0" mb="0" cb="0" />
      <line nr="58" mi="1" ci="0" mb="0" cb="0" />
      <line nr="59" mi="1" ci="0" mb="0" cb="0" />
      <line nr="60" mi="1" ci="0" mb="0" cb="0" />
      <line nr="64" mi="2" ci="0" mb="0" cb="0" />
      <line nr="67" mi="0" ci="2" mb="0" cb="0" />
      <line nr="68" mi="0" ci="1" mb="0" cb="0" />
      <line nr="72" mi="1" ci="0" mb="0" cb="0" />
      <line nr="73" mi="1" ci="0" mb="0" cb="0" />
      <line nr="77" mi="1" ci="0" mb="0" cb="0" />
      <line nr="78" mi="1" ci="0" mb="0" cb="0" />
      <line nr="79" mi="1" ci="0" mb="0" cb="0" />
      <line nr="80" mi="1" ci="0" mb="0" cb="0" />
      <line nr="81" mi="1" ci="0" mb="0" cb="0" />
      <line nr="82" mi="1" ci="0" mb="0" cb="0" />
      <line nr="84" mi="1" ci="0" mb="0" cb="0" />
      <line nr="85" mi="1" ci="0" mb="0" cb="0" />
      <line nr="86" mi="1" ci="0" mb="0" cb="0" />
      <line nr="87" mi="1" ci="0" mb="0" cb="0" />
      <line nr="89" mi="1" ci="0" mb="0" cb="0" />
      <line nr="90" mi="1" ci="0" mb="0" cb="0" />
      <line nr="93" mi="1" ci="0" mb="0" cb="0" />
      <line nr="94" mi="1" ci="0" mb="0" cb="0" />
      <line nr="95" mi="1" ci="0" mb="0" cb="0" />
      <line nr="96" mi="1" ci="0" mb="0" cb="0" />
      <line nr="97" mi="1" ci="0" mb="0" cb="0" />
      <line nr="99" mi="1" ci="0" mb="0" cb="0" />
      <line nr="100" mi="1" ci="0" mb="0" cb="0" />
      <line nr="101" mi="1" ci="0" mb="0" cb="0" />
      <line nr="102" mi="1" ci="0" mb="0" cb="0" />
      <line nr="104" mi="1" ci="0" mb="0" cb="0" />
      <line nr="105" mi="1" ci="0" mb="0" cb="0" />
      <line nr="108" mi="1" ci="0" mb="0" cb="0" />
      <line nr="109" mi="1" ci="0" mb="0" cb="0" />
      <line nr="110" mi="1" ci="0" mb="0" cb="0" />
      <line nr="111" mi="1" ci="0" mb="0" cb="0" />
      <line nr="112" mi="1" ci="0" mb="0" cb="0" />
      <line nr="113" mi="1" ci="0" mb="0" cb="0" />
      <line nr="115" mi="1" ci="0" mb="0" cb="0" />
      <line nr="116" mi="1" ci="0" mb="0" cb="0" />
      <line nr="117" mi="1" ci="0" mb="0" cb="0" />
      <line nr="118" mi="1" ci="0" mb="0" cb="0" />
      <line nr="119" mi="1" ci="0" mb="0" cb="0" />
      <line nr="120" mi="1" ci="0" mb="0" cb="0" />
      <line nr="122" mi="1" ci="0" mb="0" cb="0" />
      <line nr="123" mi="1" ci="0" mb="0" cb="0" />
      <line nr="126" mi="1" ci="0" mb="0" cb="0" />
      <line nr="127" mi="1" ci="0" mb="0" cb="0" />
      <line nr="128" mi="1" ci="0" mb="0" cb="0" />
      <line nr="129" mi="1" ci="0" mb="0" cb="0" />
      <line nr="130" mi="1" ci="0" mb="0" cb="0" />
      <line nr="131" mi="1" ci="0" mb="0" cb="0" />
      <line nr="133" mi="1" ci="0" mb="0" cb="0" />
      <line nr="134" mi="1" ci="0" mb="0" cb="0" />
      <line nr="135" mi="1" ci="0" mb="0" cb="0" />
      <line nr="136" mi="1" ci="0" mb="0" cb="0" />
      <line nr="137" mi="1" ci="0" mb="0" cb="0" />
      <line nr="139" mi="1" ci="0" mb="0" cb="0" />
      <line nr="140" mi="1" ci="0" mb="0" cb="0" />
      <line nr="146" mi="1" ci="0" mb="0" cb="0" />
      <line nr="147" mi="1" ci="0" mb="0" cb="0" />
      <line nr="148" mi="1" ci="0" mb="0" cb="0" />
      <line nr="149" mi="1" ci="0" mb="0" cb="0" />
      <line nr="152" mi="1" ci="0" mb="0" cb="0" />
      <line nr="153" mi="1" ci="0" mb="0" cb="0" />
      <line nr="156" mi="1" ci="0" mb="0" cb="0" />
      <line nr="157" mi="1" ci="0" mb="0" cb="0" />
      <line nr="158" mi="1" ci="0" mb="0" cb="0" />
      <line nr="159" mi="2" ci="0" mb="0" cb="0" />
      <line nr="160" mi="2" ci="0" mb="0" cb="0" />
      <line nr="162" mi="1" ci="0" mb="0" cb="0" />
      <line nr="163" mi="1" ci="0" mb="0" cb="0" />
      <line nr="164" mi="2" ci="0" mb="0" cb="0" />
      <line nr="165" mi="2" ci="0" mb="0" cb="0" />
      <line nr="167" mi="1" ci="0" mb="0" cb="0" />
      <line nr="168" mi="1" ci="0" mb="0" cb="0" />
      <line nr="169" mi="2" ci="0" mb="0" cb="0" />
      <line nr="170" mi="2" ci="0" mb="0" cb="0" />
      <line nr="172" mi="1" ci="0" mb="0" cb="0" />
      <line nr="173" mi="1" ci="0" mb="0" cb="0" />
      <line nr="174" mi="2" ci="0" mb="0" cb="0" />
      <line nr="175" mi="2" ci="0" mb="0" cb="0" />
      <line nr="177" mi="1" ci="0" mb="0" cb="0" />
      <line nr="178" mi="1" ci="0" mb="0" cb="0" />
      <line nr="179" mi="2" ci="0" mb="0" cb="0" />
      <line nr="180" mi="2" ci="0" mb="0" cb="0" />
      <line nr="182" mi="1" ci="0" mb="0" cb="0" />
      <line nr="183" mi="1" ci="0" mb="0" cb="0" />
      <line nr="184" mi="2" ci="0" mb="0" cb="0" />
      <line nr="185" mi="2" ci="0" mb="0" cb="0" />
      <line nr="187" mi="1" ci="0" mb="0" cb="0" />
      <line nr="188" mi="1" ci="0" mb="0" cb="0" />
      <line nr="189" mi="2" ci="0" mb="0" cb="0" />
      <line nr="190" mi="2" ci="0" mb="0" cb="0" />
      <line nr="201" mi="1" ci="0" mb="0" cb="0" />
      <line nr="203" mi="1" ci="0" mb="0" cb="0" />
      <line nr="204" mi="1" ci="0" mb="0" cb="0" />
      <line nr="205" mi="1" ci="0" mb="0" cb="0" />
      <line nr="206" mi="1" ci="0" mb="0" cb="0" />
      <line nr="208" mi="1" ci="0" mb="0" cb="0" />
      <line nr="211" mi="1" ci="0" mb="0" cb="0" />
      <line nr="212" mi="1" ci="0" mb="0" cb="0" />
      <line nr="213" mi="1" ci="0" mb="0" cb="0" />
      <line nr="214" mi="1" ci="0" mb="0" cb="0" />
      <line nr="218" mi="1" ci="0" mb="0" cb="0" />
      <line nr="220" mi="1" ci="0" mb="0" cb="0" />
      <line nr="221" mi="1" ci="0" mb="0" cb="0" />
      <line nr="222" mi="1" ci="0" mb="0" cb="0" />
      <line nr="223" mi="1" ci="0" mb="0" cb="0" />
      <line nr="224" mi="1" ci="0" mb="0" cb="0" />
      <line nr="229" mi="1" ci="0" mb="0" cb="0" />
      <line nr="230" mi="1" ci="0" mb="0" cb="0" />
      <line nr="231" mi="1" ci="0" mb="0" cb="0" />
      <line nr="232" mi="1" ci="0" mb="0" cb="0" />
      <line nr="233" mi="1" ci="0" mb="0" cb="0" />
      <line nr="238" mi="1" ci="0" mb="0" cb="0" />
      <line nr="240" mi="1" ci="0" mb="0" cb="0" />
      <line nr="241" mi="1" ci="0" mb="0" cb="0" />
      <line nr="242" mi="1" ci="0" mb="0" cb="0" />
      <line nr="243" mi="1" ci="0" mb="0" cb="0" />
      <line nr="245" mi="1" ci="0" mb="0" cb="0" />
      <line nr="246" mi="1" ci="0" mb="0" cb="0" />
      <line nr="248" mi="1" ci="0" mb="0" cb="0" />
      <line nr="253" mi="1" ci="0" mb="0" cb="0" />
      <line nr="254" mi="1" ci="0" mb="0" cb="0" />
      <line nr="259" mi="1" ci="0" mb="0" cb="0" />
      <line nr="260" mi="1" ci="0" mb="0" cb="0" />
      <line nr="261" mi="1" ci="0" mb="0" cb="0" />
      <line nr="262" mi="1" ci="0" mb="0" cb="0" />
      <line nr="263" mi="2" ci="0" mb="0" cb="0" />
      <line nr="264" mi="1" ci="0" mb="0" cb="0" />
      <line nr="273" mi="1" ci="0" mb="0" cb="0" />
      <line nr="274" mi="1" ci="0" mb="0" cb="0" />
      <line nr="275" mi="1" ci="0" mb="0" cb="0" />
      <line nr="284" mi="1" ci="0" mb="0" cb="0" />
      <line nr="288" mi="1" ci="0" mb="0" cb="0" />
      <line nr="289" mi="3" ci="0" mb="0" cb="0" />
      <line nr="291" mi="1" ci="0" mb="0" cb="0" />
      <line nr="292" mi="1" ci="0" mb="0" cb="0" />
      <line nr="293" mi="1" ci="0" mb="0" cb="0" />
      <line nr="296" mi="1" ci="0" mb="0" cb="0" />
      <line nr="297" mi="1" ci="0" mb="0" cb="0" />
      <line nr="298" mi="2" ci="0" mb="0" cb="0" />
      <line nr="303" mi="1" ci="0" mb="0" cb="0" />
      <line nr="306" mi="2" ci="0" mb="0" cb="0" />
      <line nr="315" mi="1" ci="0" mb="0" cb="0" />
      <line nr="317" mi="1" ci="0" mb="0" cb="0" />
      <line nr="318" mi="1" ci="0" mb="0" cb="0" />
      <line nr="319" mi="1" ci="0" mb="0" cb="0" />
      <line nr="320" mi="1" ci="0" mb="0" cb="0" />
      <line nr="321" mi="1" ci="0" mb="0" cb="0" />
      <line nr="322" mi="1" ci="0" mb="0" cb="0" />
      <line nr="326" mi="1" ci="0" mb="0" cb="0" />
      <line nr="327" mi="1" ci="0" mb="0" cb="0" />
      <line nr="329" mi="1" ci="0" mb="0" cb="0" />
      <line nr="330" mi="4" ci="0" mb="0" cb="0" />
      <line nr="332" mi="1" ci="0" mb="0" cb="0" />
      <line nr="333" mi="1" ci="0" mb="0" cb="0" />
      <line nr="334" mi="1" ci="0" mb="0" cb="0" />
      <line nr="335" mi="1" ci="0" mb="0" cb="0" />
      <line nr="336" mi="1" ci="0" mb="0" cb="0" />
      <line nr="343" mi="1" ci="0" mb="0" cb="0" />
      <line nr="347" mi="1" ci="0" mb="0" cb="0" />
      <line nr="348" mi="1" ci="0" mb="0" cb="0" />
      <line nr="350" mi="1" ci="0" mb="0" cb="0" />
      <line nr="357" mi="1" ci="0" mb="0" cb="0" />
      <line nr="359" mi="1" ci="0" mb="0" cb="0" />
      <line nr="362" mi="1" ci="0" mb="0" cb="0" />
      <line nr="378" mi="2" ci="0" mb="0" cb="0" />
      <line nr="379" mi="1" ci="0" mb="0" cb="0" />
      <line nr="380" mi="1" ci="0" mb="0" cb="0" />
      <line nr="381" mi="1" ci="0" mb="0" cb="0" />
      <line nr="387" mi="1" ci="0" mb="0" cb="0" />
      <line nr="388" mi="1" ci="0" mb="0" cb="0" />
      <line nr="389" mi="2" ci="0" mb="0" cb="0" />
      <line nr="390" mi="1" ci="0" mb="0" cb="0" />
      <line nr="391" mi="1" ci="0" mb="0" cb="0" />
      <line nr="393" mi="1" ci="0" mb="0" cb="0" />
      <line nr="394" mi="2" ci="0" mb="0" cb="0" />
      <line nr="395" mi="1" ci="0" mb="0" cb="0" />
      <line nr="396" mi="1" ci="0" mb="0" cb="0" />
      <line nr="397" mi="1" ci="0" mb="0" cb="0" />
      <line nr="399" mi="1" ci="0" mb="0" cb="0" />
      <line nr="401" mi="1" ci="0" mb="0" cb="0" />
      <line nr="403" mi="1" ci="0" mb="0" cb="0" />
      <line nr="415" mi="2" ci="0" mb="0" cb="0" />
      <line nr="418" mi="1" ci="0" mb="0" cb="0" />
      <line nr="421" mi="1" ci="0" mb="0" cb="0" />
      <line nr="422" mi="1" ci="0" mb="0" cb="0" />
      <line nr="424" mi="1" ci="0" mb="0" cb="0" />
      <line nr="425" mi="1" ci="0" mb="0" cb="0" />
      <line nr="428" mi="1" ci="0" mb="0" cb="0" />
      <line nr="429" mi="1" ci="0" mb="0" cb="0" />
      <line nr="430" mi="1" ci="0" mb="0" cb="0" />
      <line nr="431" mi="1" ci="0" mb="0" cb="0" />
      <line nr="432" mi="1" ci="0" mb="0" cb="0" />
      <line nr="436" mi="2" ci="0" mb="0" cb="0" />
      <line nr="437" mi="1" ci="0" mb="0" cb="0" />
      <line nr="438" mi="1" ci="0" mb="0" cb="0" />
      <line nr="442" mi="2" ci="0" mb="0" cb="0" />
      <line nr="443" mi="1" ci="0" mb="0" cb="0" />
      <line nr="444" mi="1" ci="0" mb="0" cb="0" />
      <line nr="445" mi="1" ci="0" mb="0" cb="0" />
      <line nr="446" mi="1" ci="0" mb="0" cb="0" />
      <line nr="447" mi="1" ci="0" mb="0" cb="0" />
      <line nr="452" mi="1" ci="0" mb="0" cb="0" />
      <line nr="455" mi="1" ci="0" mb="0" cb="0" />
      <line nr="457" mi="2" ci="0" mb="0" cb="0" />
      <line nr="458" mi="1" ci="0" mb="0" cb="0" />
      <line nr="461" mi="1" ci="0" mb="0" cb="0" />
      <line nr="462" mi="1" ci="0" mb="0" cb="0" />
      <line nr="463" mi="1" ci="0" mb="0" cb="0" />
      <line nr="464" mi="2" ci="0" mb="0" cb="0" />
      <line nr="465" mi="1" ci="0" mb="0" cb="0" />
      <line nr="467" mi="1" ci="0" mb="0" cb="0" />
      <line nr="471" mi="1" ci="0" mb="0" cb="0" />
      <line nr="472" mi="1" ci="0" mb="0" cb="0" />
      <line nr="473" mi="1" ci="0" mb="0" cb="0" />
      <line nr="474" mi="2" ci="0" mb="0" cb="0" />
      <line nr="475" mi="1" ci="0" mb="0" cb="0" />
      <line nr="476" mi="2" ci="0" mb="0" cb="0" />
      <line nr="477" mi="1" ci="0" mb="0" cb="0" />
      <line nr="479" mi="1" ci="0" mb="0" cb="0" />
      <line nr="483" mi="1" ci="0" mb="0" cb="0" />
      <line nr="484" mi="1" ci="0" mb="0" cb="0" />
      <line nr="485" mi="1" ci="0" mb="0" cb="0" />
      <line nr="486" mi="1" ci="0" mb="0" cb="0" />
      <line nr="487" mi="2" ci="0" mb="0" cb="0" />
      <line nr="488" mi="2" ci="0" mb="0" cb="0" />
      <line nr="490" mi="1" ci="0" mb="0" cb="0" />
      <line nr="494" mi="1" ci="0" mb="0" cb="0" />
      <line nr="497" mi="2" ci="0" mb="0" cb="0" />
      <line nr="500" mi="1" ci="0" mb="0" cb="0" />
      <line nr="503" mi="1" ci="0" mb="0" cb="0" />
      <line nr="504" mi="1" ci="0" mb="0" cb="0" />
      <line nr="506" mi="1" ci="0" mb="0" cb="0" />
      <line nr="508" mi="2" ci="0" mb="0" cb="0" />
      <line nr="509" mi="1" ci="0" mb="0" cb="0" />
      <line nr="510" mi="2" ci="0" mb="0" cb="0" />
      <line nr="512" mi="1" ci="0" mb="0" cb="0" />
      <line nr="513" mi="2" ci="0" mb="0" cb="0" />
      <line nr="514" mi="1" ci="0" mb="0" cb="0" />
      <line nr="516" mi="1" ci="0" mb="0" cb="0" />
      <line nr="518" mi="1" ci="0" mb="0" cb="0" />
      <line nr="519" mi="2" ci="0" mb="0" cb="0" />
      <line nr="520" mi="1" ci="0" mb="0" cb="0" />
      <line nr="522" mi="1" ci="0" mb="0" cb="0" />
      <line nr="525" mi="1" ci="0" mb="0" cb="0" />
      <line nr="526" mi="1" ci="0" mb="0" cb="0" />
      <line nr="527" mi="1" ci="0" mb="0" cb="0" />
      <line nr="528" mi="1" ci="0" mb="0" cb="0" />
      <line nr="532" mi="1" ci="0" mb="0" cb="0" />
      <line nr="533" mi="1" ci="0" mb="0" cb="0" />
      <line nr="534" mi="2" ci="0" mb="0" cb="0" />
      <line nr="535" mi="1" ci="0" mb="0" cb="0" />
      <line nr="537" mi="1" ci="0" mb="0" cb="0" />
      <line nr="540" mi="1" ci="0" mb="0" cb="0" />
      <line nr="543" mi="2" ci="0" mb="0" cb="0" />
      <line nr="546" mi="1" ci="0" mb="0" cb="0" />
      <line nr="549" mi="1" ci="0" mb="0" cb="0" />
      <line nr="552" mi="1" ci="0" mb="0" cb="0" />
      <line nr="553" mi="1" ci="0" mb="0" cb="0" />
      <line nr="554" mi="1" ci="0" mb="0" cb="0" />
      <line nr="555" mi="1" ci="0" mb="0" cb="0" />
      <line nr="556" mi="1" ci="0" mb="0" cb="0" />
      <line nr="559" mi="1" ci="0" mb="0" cb="0" />
      <line nr="560" mi="1" ci="0" mb="0" cb="0" />
      <line nr="561" mi="1" ci="0" mb="0" cb="0" />
      <line nr="562" mi="1" ci="0" mb="0" cb="0" />
      <line nr="565" mi="1" ci="0" mb="0" cb="0" />
      <line nr="566" mi="1" ci="0" mb="0" cb="0" />
      <line nr="570" mi="1" ci="0" mb="0" cb="0" />
      <line nr="571" mi="1" ci="0" mb="0" cb="0" />
      <line nr="572" mi="2" ci="0" mb="0" cb="0" />
      <line nr="574" mi="1" ci="0" mb="0" cb="0" />
      <line nr="575" mi="1" ci="0" mb="0" cb="0" />
      <line nr="576" mi="1" ci="0" mb="0" cb="0" />
      <line nr="579" mi="1" ci="0" mb="0" cb="0" />
      <line nr="582" mi="1" ci="0" mb="0" cb="0" />
      <line nr="584" mi="1" ci="0" mb="0" cb="0" />
      <line nr="585" mi="1" ci="0" mb="0" cb="0" />
      <line nr="586" mi="1" ci="0" mb="0" cb="0" />
      <line nr="589" mi="3" ci="0" mb="0" cb="0" />
      <line nr="590" mi="1" ci="0" mb="0" cb="0" />
      <line nr="591" mi="1" ci="0" mb="0" cb="0" />
      <line nr="592" mi="1" ci="0" mb="0" cb="0" />
      <line nr="593" mi="2" ci="0" mb="0" cb="0" />
      <line nr="594" mi="2" ci="0" mb="0" cb="0" />
      <line nr="600" mi="1" ci="0" mb="0" cb="0" />
      <line nr="601" mi="1" ci="0" mb="0" cb="0" />
      <line nr="604" mi="1" ci="0" mb="0" cb="0" />
      <line nr="605" mi="1" ci="0" mb="0" cb="0" />
      <line nr="606" mi="1" ci="0" mb="0" cb="0" />
      <line nr="607" mi="2" ci="0" mb="0" cb="0" />
      <line nr="608" mi="1" ci="0" mb="0" cb="0" />
      <line nr="610" mi="1" ci="0" mb="0" cb="0" />
      <line nr="614" mi="1" ci="0" mb="0" cb="0" />
      <line nr="615" mi="1" ci="0" mb="0" cb="0" />
      <line nr="616" mi="1" ci="0" mb="0" cb="0" />
      <line nr="617" mi="1" ci="0" mb="0" cb="0" />
      <line nr="621" mi="1" ci="0" mb="0" cb="0" />
      <line nr="622" mi="1" ci="0" mb="0" cb="0" />
      <line nr="623" mi="2" ci="0" mb="0" cb="0" />
      <line nr="624" mi="1" ci="0" mb="0" cb="0" />
      <line nr="626" mi="1" ci="0" mb="0" cb="0" />
      <line nr="630" mi="1" ci="0" mb="0" cb="0" />
      <line nr="631" mi="1" ci="0" mb="0" cb="0" />
      <line nr="632" mi="1" ci="0" mb="0" cb="0" />
      <line nr="633" mi="1" ci="0" mb="0" cb="0" />
      <line nr="634" mi="2" ci="0" mb="0" cb="0" />
      <line nr="635" mi="2" ci="0" mb="0" cb="0" />
      <line nr="637" mi="1" ci="0" mb="0" cb="0" />
      <line nr="643" mi="1" ci="0" mb="0" cb="0" />
      <line nr="644" mi="1" ci="0" mb="0" cb="0" />
      <line nr="645" mi="1" ci="0" mb="0" cb="0" />
      <line nr="649" mi="1" ci="0" mb="0" cb="0" />
      <line nr="650" mi="1" ci="0" mb="0" cb="0" />
      <line nr="651" mi="1" ci="0" mb="0" cb="0" />
      <line nr="652" mi="2" ci="0" mb="0" cb="0" />
      <line nr="653" mi="2" ci="0" mb="0" cb="0" />
      <line nr="658" mi="1" ci="0" mb="0" cb="0" />
      <line nr="663" mi="2" ci="0" mb="0" cb="0" />
      <line nr="666" mi="1" ci="0" mb="0" cb="0" />
      <line nr="669" mi="1" ci="0" mb="0" cb="0" />
      <line nr="671" mi="1" ci="0" mb="0" cb="0" />
      <line nr="672" mi="1" ci="0" mb="0" cb="0" />
      <line nr="674" mi="1" ci="0" mb="0" cb="0" />
      <line nr="676" mi="2" ci="0" mb="0" cb="0" />
      <line nr="677" mi="1" ci="0" mb="0" cb="0" />
      <line nr="680" mi="1" ci="0" mb="0" cb="0" />
      <line nr="681" mi="2" ci="0" mb="0" cb="0" />
      <line nr="684" mi="1" ci="0" mb="0" cb="0" />
      <line nr="685" mi="1" ci="0" mb="0" cb="0" />
      <line nr="686" mi="1" ci="0" mb="0" cb="0" />
      <line nr="687" mi="2" ci="0" mb="0" cb="0" />
      <line nr="690" mi="1" ci="0" mb="0" cb="0" />
      <line nr="694" mi="1" ci="0" mb="0" cb="0" />
      <line nr="695" mi="2" ci="0" mb="0" cb="0" />
      <line nr="696" mi="1" ci="0" mb="0" cb="0" />
      <line nr="697" mi="1" ci="0" mb="0" cb="0" />
      <line nr="699" mi="1" ci="0" mb="0" cb="0" />
      <line nr="702" mi="1" ci="0" mb="0" cb="0" />
      <line nr="703" mi="2" ci="0" mb="0" cb="0" />
      <line nr="704" mi="1" ci="0" mb="0" cb="0" />
      <line nr="705" mi="1" ci="0" mb="0" cb="0" />
      <line nr="707" mi="1" ci="0" mb="0" cb="0" />
      <line nr="710" mi="1" ci="0" mb="0" cb="0" />
      <line nr="711" mi="1" ci="0" mb="0" cb="0" />
      <line nr="712" mi="1" ci="0" mb="0" cb="0" />
      <line nr="713" mi="1" ci="0" mb="0" cb="0" />
      <line nr="714" mi="1" ci="0" mb="0" cb="0" />
      <line nr="718" mi="1" ci="0" mb="0" cb="0" />
      <line nr="719" mi="1" ci="0" mb="0" cb="0" />
      <line nr="720" mi="3" ci="0" mb="0" cb="0" />
      <line nr="721" mi="1" ci="0" mb="0" cb="0" />
      <line nr="723" mi="1" ci="0" mb="0" cb="0" />
      <line nr="726" mi="1" ci="0" mb="0" cb="0" />
      <line nr="729" mi="2" ci="0" mb="0" cb="0" />
      <line nr="732" mi="1" ci="0" mb="0" cb="0" />
      <line nr="737" mi="1" ci="0" mb="0" cb="0" />
      <line nr="740" mi="1" ci="0" mb="0" cb="0" />
      <line nr="741" mi="1" ci="0" mb="0" cb="0" />
      <line nr="744" mi="1" ci="0" mb="0" cb="0" />
      <line nr="746" mi="1" ci="0" mb="0" cb="0" />
      <line nr="747" mi="1" ci="0" mb="0" cb="0" />
      <line nr="748" mi="1" ci="0" mb="0" cb="0" />
      <line nr="749" mi="1" ci="0" mb="0" cb="0" />
      <line nr="750" mi="1" ci="0" mb="0" cb="0" />
      <line nr="751" mi="1" ci="0" mb="0" cb="0" />
      <line nr="752" mi="1" ci="0" mb="0" cb="0" />
      <line nr="756" mi="1" ci="0" mb="0" cb="0" />
      <line nr="757" mi="1" ci="0" mb="0" cb="0" />
      <line nr="758" mi="1" ci="0" mb="0" cb="0" />
      <line nr="760" mi="1" ci="0" mb="0" cb="0" />
      <line nr="761" mi="1" ci="0" mb="0" cb="0" />
      <line nr="766" mi="1" ci="0" mb="0" cb="0" />
      <line nr="767" mi="1" ci="0" mb="0" cb="0" />
      <line nr="768" mi="1" ci="0" mb="0" cb="0" />
      <line nr="769" mi="1" ci="0" mb="0" cb="0" />
      <line nr="770" mi="2" ci="0" mb="0" cb="0" />
      <line nr="771" mi="1" ci="0" mb="0" cb="0" />
      <line nr="780" mi="1" ci="0" mb="0" cb="0" />
      <line nr="781" mi="1" ci="0" mb="0" cb="0" />
      <line nr="782" mi="1" ci="0" mb="0" cb="0" />
      <line nr="783" mi="1" ci="0" mb="0" cb="0" />
      <line nr="789" mi="2" ci="0" mb="0" cb="0" />
      <line nr="790" mi="1" ci="0" mb="0" cb="0" />
      <line nr="793" mi="1" ci="0" mb="0" cb="0" />
      <line nr="794" mi="1" ci="0" mb="0" cb="0" />
      <line nr="795" mi="1" ci="0" mb="0" cb="0" />
      <line nr="796" mi="2" ci="0" mb="0" cb="0" />
      <line nr="797" mi="1" ci="0" mb="0" cb="0" />
      <line nr="799" mi="1" ci="0" mb="0" cb="0" />
      <line nr="802" mi="1" ci="0" mb="0" cb="0" />
      <line nr="803" mi="1" ci="0" mb="0" cb="0" />
      <line nr="804" mi="1" ci="0" mb="0" cb="0" />
      <line nr="805" mi="2" ci="0" mb="0" cb="0" />
      <line nr="806" mi="1" ci="0" mb="0" cb="0" />
      <line nr="808" mi="1" ci="0" mb="0" cb="0" />
      <line nr="812" mi="1" ci="0" mb="0" cb="0" />
      <line nr="813" mi="1" ci="0" mb="0" cb="0" />
      <line nr="814" mi="1" ci="0" mb="0" cb="0" />
      <line nr="815" mi="2" ci="0" mb="0" cb="0" />
      <line nr="816" mi="2" ci="0" mb="0" cb="0" />
      <line nr="818" mi="1" ci="0" mb="0" cb="0" />
      <line nr="822" mi="1" ci="0" mb="0" cb="0" />
      <line nr="823" mi="1" ci="0" mb="0" cb="0" />
      <line nr="824" mi="1" ci="0" mb="0" cb="0" />
      <line nr="825" mi="1" ci="0" mb="0" cb="0" />
      <line nr="826" mi="1" ci="0" mb="0" cb="0" />
      <line nr="830" mi="1" ci="0" mb="0" cb="0" />
      <line nr="831" mi="1" ci="0" mb="0" cb="0" />
      <line nr="832" mi="2" ci="0" mb="0" cb="0" />
      <line nr="833" mi="1" ci="0" mb="0" cb="0" />
      <line nr="835" mi="1" ci="0" mb="0" cb="0" />
      <line nr="838" mi="1" ci="0" mb="0" cb="0" />
      <line nr="841" mi="2" ci="0" mb="0" cb="0" />
      <line nr="847" mi="1" ci="0" mb="0" cb="0" />
      <line nr="848" mi="2" ci="0" mb="0" cb="0" />
      <line nr="852" mi="1" ci="0" mb="0" cb="0" />
      <line nr="854" mi="1" ci="0" mb="0" cb="0" />
      <line nr="855" mi="1" ci="0" mb="0" cb="0" />
      <line nr="856" mi="1" ci="0" mb="0" cb="0" />
      <line nr="860" mi="1" ci="0" mb="0" cb="0" />
      <line nr="861" mi="1" ci="0" mb="0" cb="0" />
      <line nr="864" mi="1" ci="0" mb="0" cb="0" />
      <line nr="865" mi="1" ci="0" mb="0" cb="0" />
      <line nr="866" mi="1" ci="0" mb="0" cb="0" />
      <line nr="870" mi="1" ci="0" mb="0" cb="0" />
      <line nr="871" mi="1" ci="0" mb="0" cb="0" />
      <line nr="874" mi="1" ci="0" mb="0" cb="0" />
      <line nr="875" mi="1" ci="0" mb="0" cb="0" />
      <line nr="878" mi="1" ci="0" mb="0" cb="0" />
      <line nr="879" mi="1" ci="0" mb="0" cb="0" />
      <line nr="880" mi="1" ci="0" mb="0" cb="0" />
      <line nr="884" mi="1" ci="0" mb="0" cb="0" />
      <line nr="885" mi="1" ci="0" mb="0" cb="0" />
      <line nr="886" mi="1" ci="0" mb="0" cb="0" />
      <line nr="889" mi="1" ci="0" mb="0" cb="0" />
      <line nr="890" mi="1" ci="0" mb="0" cb="0" />
      <line nr="891" mi="1" ci="0" mb="0" cb="0" />
      <line nr="895" mi="1" ci="0" mb="0" cb="0" />
      <line nr="896" mi="1" ci="0" mb="0" cb="0" />
      <line nr="897" mi="1" ci="0" mb="0" cb="0" />
      <line nr="899" mi="1" ci="0" mb="0" cb="0" />
      <line nr="900" mi="1" ci="0" mb="0" cb="0" />
      <line nr="901" mi="1" ci="0" mb="0" cb="0" />
      <line nr="906" mi="1" ci="0" mb="0" cb="0" />
      <line nr="907" mi="1" ci="0" mb="0" cb="0" />
      <line nr="909" mi="1" ci="0" mb="0" cb="0" />
      <line nr="910" mi="3" ci="0" mb="0" cb="0" />
      <line nr="912" mi="1" ci="0" mb="0" cb="0" />
      <line nr="913" mi="2" ci="0" mb="0" cb="0" />
      <line nr="915" mi="1" ci="0" mb="0" cb="0" />
      <line nr="916" mi="1" ci="0" mb="0" cb="0" />
      <line nr="917" mi="1" ci="0" mb="0" cb="0" />
      <line nr="919" mi="1" ci="0" mb="0" cb="0" />
      <line nr="920" mi="1" ci="0" mb="0" cb="0" />
      <line nr="921" mi="1" ci="0" mb="0" cb="0" />
      <line nr="922" mi="1" ci="0" mb="0" cb="0" />
      <line nr="923" mi="2" ci="0" mb="0" cb="0" />
      <line nr="925" mi="1" ci="0" mb="0" cb="0" />
      <line nr="928" mi="2" ci="0" mb="0" cb="0" />
      <line nr="933" mi="1" ci="0" mb="0" cb="0" />
      <line nr="934" mi="1" ci="0" mb="0" cb="0" />
      <line nr="935" mi="1" ci="0" mb="0" cb="0" />
      <line nr="936" mi="2" ci="0" mb="0" cb="0" />
      <line nr="939" mi="1" ci="0" mb="0" cb="0" />
      <line nr="940" mi="1" ci="0" mb="0" cb="0" />
      <line nr="941" mi="1" ci="0" mb="0" cb="0" />
      <line nr="942" mi="1" ci="0" mb="0" cb="0" />
      <line nr="944" mi="1" ci="0" mb="0" cb="0" />
      <line nr="945" mi="1" ci="0" mb="0" cb="0" />
      <line nr="946" mi="1" ci="0" mb="0" cb="0" />
      <line nr="947" mi="1" ci="0" mb="0" cb="0" />
      <line nr="950" mi="1" ci="0" mb="0" cb="0" />
      <counter type="INSTRUCTION" missed="554" covered="21" />
      <counter type="LINE" missed="477" covered="16" />
      <counter type="METHOD" missed="3" covered="1" />
      <counter type="CLASS" missed="0" covered="1" />
    </sourcefile>
    <sourcefile name="Get-QuantumVulnerability.ps1">
      <line nr="39" mi="0" ci="1" mb="0" cb="0" />
      <line nr="40" mi="0" ci="1" mb="0" cb="0" />
      <line nr="41" mi="0" ci="1" mb="0" cb="0" />
      <line nr="42" mi="0" ci="1" mb="0" cb="0" />
      <line nr="43" mi="0" ci="1" mb="0" cb="0" />
      <line nr="44" mi="0" ci="2" mb="0" cb="0" />
      <line nr="46" mi="0" ci="1" mb="0" cb="0" />
      <line nr="47" mi="0" ci="1" mb="0" cb="0" />
      <line nr="48" mi="0" ci="1" mb="0" cb="0" />
      <line nr="49" mi="0" ci="1" mb="0" cb="0" />
      <line nr="50" mi="0" ci="2" mb="0" cb="0" />
      <line nr="52" mi="0" ci="1" mb="0" cb="0" />
      <line nr="53" mi="0" ci="1" mb="0" cb="0" />
      <line nr="54" mi="0" ci="1" mb="0" cb="0" />
      <line nr="55" mi="0" ci="1" mb="0" cb="0" />
      <line nr="56" mi="0" ci="2" mb="0" cb="0" />
      <line nr="58" mi="0" ci="1" mb="0" cb="0" />
      <line nr="59" mi="0" ci="1" mb="0" cb="0" />
      <line nr="60" mi="0" ci="1" mb="0" cb="0" />
      <line nr="61" mi="0" ci="1" mb="0" cb="0" />
      <line nr="62" mi="0" ci="2" mb="0" cb="0" />
      <line nr="64" mi="0" ci="1" mb="0" cb="0" />
      <line nr="65" mi="0" ci="1" mb="0" cb="0" />
      <line nr="66" mi="0" ci="1" mb="0" cb="0" />
      <line nr="67" mi="0" ci="1" mb="0" cb="0" />
      <line nr="68" mi="0" ci="2" mb="0" cb="0" />
      <line nr="70" mi="0" ci="1" mb="0" cb="0" />
      <line nr="71" mi="0" ci="1" mb="0" cb="0" />
      <line nr="72" mi="0" ci="1" mb="0" cb="0" />
      <line nr="73" mi="0" ci="1" mb="0" cb="0" />
      <line nr="74" mi="0" ci="2" mb="0" cb="0" />
      <line nr="76" mi="0" ci="1" mb="0" cb="0" />
      <line nr="77" mi="0" ci="1" mb="0" cb="0" />
      <line nr="78" mi="0" ci="1" mb="0" cb="0" />
      <line nr="79" mi="0" ci="1" mb="0" cb="0" />
      <line nr="80" mi="0" ci="2" mb="0" cb="0" />
      <line nr="82" mi="0" ci="1" mb="0" cb="0" />
      <line nr="83" mi="0" ci="1" mb="0" cb="0" />
      <line nr="84" mi="0" ci="1" mb="0" cb="0" />
      <line nr="85" mi="0" ci="1" mb="0" cb="0" />
      <line nr="86" mi="0" ci="2" mb="0" cb="0" />
      <line nr="88" mi="0" ci="1" mb="0" cb="0" />
      <line nr="89" mi="0" ci="1" mb="0" cb="0" />
      <line nr="90" mi="0" ci="1" mb="0" cb="0" />
      <line nr="91" mi="0" ci="1" mb="0" cb="0" />
      <line nr="92" mi="0" ci="2" mb="0" cb="0" />
      <line nr="93" mi="0" ci="1" mb="0" cb="0" />
      <line nr="95" mi="0" ci="1" mb="0" cb="0" />
      <line nr="96" mi="0" ci="1" mb="0" cb="0" />
      <line nr="97" mi="0" ci="1" mb="0" cb="0" />
      <line nr="98" mi="0" ci="1" mb="0" cb="0" />
      <line nr="99" mi="0" ci="2" mb="0" cb="0" />
      <line nr="100" mi="0" ci="1" mb="0" cb="0" />
      <line nr="102" mi="0" ci="1" mb="0" cb="0" />
      <line nr="103" mi="0" ci="1" mb="0" cb="0" />
      <line nr="104" mi="0" ci="1" mb="0" cb="0" />
      <line nr="105" mi="0" ci="1" mb="0" cb="0" />
      <line nr="106" mi="0" ci="2" mb="0" cb="0" />
      <line nr="107" mi="0" ci="1" mb="0" cb="0" />
      <line nr="109" mi="0" ci="1" mb="0" cb="0" />
      <line nr="110" mi="0" ci="1" mb="0" cb="0" />
      <line nr="111" mi="0" ci="1" mb="0" cb="0" />
      <line nr="112" mi="0" ci="1" mb="0" cb="0" />
      <line nr="113" mi="0" ci="2" mb="0" cb="0" />
      <line nr="114" mi="0" ci="1" mb="0" cb="0" />
      <line nr="116" mi="0" ci="1" mb="0" cb="0" />
      <line nr="117" mi="0" ci="1" mb="0" cb="0" />
      <line nr="118" mi="0" ci="1" mb="0" cb="0" />
      <line nr="119" mi="0" ci="1" mb="0" cb="0" />
      <line nr="120" mi="0" ci="2" mb="0" cb="0" />
      <line nr="121" mi="0" ci="1" mb="0" cb="0" />
      <line nr="126" mi="0" ci="1" mb="0" cb="0" />
      <line nr="127" mi="0" ci="1" mb="0" cb="0" />
      <line nr="128" mi="0" ci="2" mb="0" cb="0" />
      <line nr="129" mi="0" ci="1" mb="0" cb="0" />
      <line nr="130" mi="0" ci="1" mb="0" cb="0" />
      <line nr="133" mi="0" ci="1" mb="0" cb="0" />
      <line nr="134" mi="0" ci="1" mb="0" cb="0" />
      <line nr="135" mi="0" ci="1" mb="0" cb="0" />
      <line nr="136" mi="0" ci="2" mb="0" cb="0" />
      <line nr="137" mi="0" ci="1" mb="0" cb="0" />
      <line nr="139" mi="0" ci="1" mb="0" cb="0" />
      <line nr="140" mi="0" ci="2" mb="0" cb="0" />
      <line nr="141" mi="0" ci="1" mb="0" cb="0" />
      <line nr="142" mi="0" ci="1" mb="0" cb="0" />
      <line nr="145" mi="0" ci="1" mb="0" cb="0" />
      <line nr="146" mi="0" ci="1" mb="0" cb="0" />
      <line nr="147" mi="0" ci="1" mb="0" cb="0" />
      <line nr="148" mi="0" ci="2" mb="0" cb="0" />
      <line nr="149" mi="0" ci="1" mb="0" cb="0" />
      <line nr="151" mi="0" ci="1" mb="0" cb="0" />
      <line nr="152" mi="0" ci="2" mb="0" cb="0" />
      <line nr="153" mi="0" ci="1" mb="0" cb="0" />
      <line nr="154" mi="0" ci="1" mb="0" cb="0" />
      <line nr="157" mi="0" ci="1" mb="0" cb="0" />
      <line nr="158" mi="0" ci="1" mb="0" cb="0" />
      <line nr="159" mi="0" ci="1" mb="0" cb="0" />
      <line nr="160" mi="0" ci="2" mb="0" cb="0" />
      <line nr="161" mi="0" ci="1" mb="0" cb="0" />
      <line nr="163" mi="0" ci="1" mb="0" cb="0" />
      <line nr="164" mi="0" ci="2" mb="0" cb="0" />
      <line nr="165" mi="0" ci="1" mb="0" cb="0" />
      <line nr="166" mi="0" ci="1" mb="0" cb="0" />
      <line nr="169" mi="0" ci="1" mb="0" cb="0" />
      <line nr="170" mi="0" ci="1" mb="0" cb="0" />
      <line nr="171" mi="0" ci="1" mb="0" cb="0" />
      <line nr="172" mi="0" ci="2" mb="0" cb="0" />
      <line nr="173" mi="0" ci="1" mb="0" cb="0" />
      <line nr="178" mi="0" ci="1" mb="0" cb="0" />
      <line nr="179" mi="0" ci="1" mb="0" cb="0" />
      <line nr="180" mi="0" ci="1" mb="0" cb="0" />
      <line nr="181" mi="0" ci="1" mb="0" cb="0" />
      <line nr="182" mi="0" ci="1" mb="0" cb="0" />
      <line nr="183" mi="0" ci="1" mb="0" cb="0" />
      <line nr="185" mi="0" ci="1" mb="0" cb="0" />
      <line nr="186" mi="0" ci="1" mb="0" cb="0" />
      <line nr="187" mi="0" ci="1" mb="0" cb="0" />
      <line nr="188" mi="0" ci="1" mb="0" cb="0" />
      <line nr="190" mi="0" ci="2" mb="0" cb="0" />
      <line nr="192" mi="0" ci="1" mb="0" cb="0" />
      <line nr="193" mi="0" ci="1" mb="0" cb="0" />
      <line nr="194" mi="0" ci="1" mb="0" cb="0" />
      <line nr="195" mi="0" ci="1" mb="0" cb="0" />
      <line nr="196" mi="0" ci="1" mb="0" cb="0" />
      <line nr="198" mi="0" ci="1" mb="0" cb="0" />
      <line nr="199" mi="0" ci="1" mb="0" cb="0" />
      <line nr="200" mi="0" ci="1" mb="0" cb="0" />
      <line nr="201" mi="0" ci="1" mb="0" cb="0" />
      <line nr="203" mi="0" ci="2" mb="0" cb="0" />
      <line nr="205" mi="0" ci="1" mb="0" cb="0" />
      <line nr="206" mi="0" ci="1" mb="0" cb="0" />
      <line nr="207" mi="0" ci="1" mb="0" cb="0" />
      <line nr="208" mi="0" ci="1" mb="0" cb="0" />
      <line nr="209" mi="0" ci="1" mb="0" cb="0" />
      <line nr="210" mi="0" ci="1" mb="0" cb="0" />
      <line nr="212" mi="0" ci="1" mb="0" cb="0" />
      <line nr="213" mi="0" ci="1" mb="0" cb="0" />
      <line nr="214" mi="0" ci="1" mb="0" cb="0" />
      <line nr="215" mi="0" ci="1" mb="0" cb="0" />
      <line nr="216" mi="0" ci="1" mb="0" cb="0" />
      <line nr="217" mi="0" ci="1" mb="0" cb="0" />
      <line nr="219" mi="0" ci="2" mb="0" cb="0" />
      <line nr="221" mi="0" ci="1" mb="0" cb="0" />
      <line nr="222" mi="0" ci="1" mb="0" cb="0" />
      <line nr="223" mi="0" ci="1" mb="0" cb="0" />
      <line nr="224" mi="0" ci="1" mb="0" cb="0" />
      <line nr="225" mi="0" ci="1" mb="0" cb="0" />
      <line nr="226" mi="0" ci="1" mb="0" cb="0" />
      <line nr="228" mi="0" ci="1" mb="0" cb="0" />
      <line nr="229" mi="0" ci="1" mb="0" cb="0" />
      <line nr="230" mi="0" ci="1" mb="0" cb="0" />
      <line nr="231" mi="0" ci="1" mb="0" cb="0" />
      <line nr="232" mi="0" ci="1" mb="0" cb="0" />
      <line nr="234" mi="0" ci="2" mb="0" cb="0" />
      <line nr="239" mi="0" ci="1" mb="0" cb="0" />
      <line nr="240" mi="0" ci="1" mb="0" cb="0" />
      <line nr="243" mi="0" ci="1" mb="0" cb="0" />
      <line nr="244" mi="0" ci="1" mb="0" cb="0" />
      <line nr="245" mi="0" ci="1" mb="0" cb="0" />
      <line nr="246" mi="0" ci="1" mb="0" cb="0" />
      <line nr="247" mi="0" ci="4" mb="0" cb="0" />
      <line nr="248" mi="0" ci="1" mb="0" cb="0" />
      <line nr="249" mi="0" ci="4" mb="0" cb="0" />
      <line nr="250" mi="0" ci="1" mb="0" cb="0" />
      <line nr="252" mi="0" ci="1" mb="0" cb="0" />
      <line nr="253" mi="2" ci="0" mb="0" cb="0" />
      <line nr="257" mi="0" ci="1" mb="0" cb="0" />
      <line nr="259" mi="0" ci="2" mb="0" cb="0" />
      <line nr="260" mi="0" ci="1" mb="0" cb="0" />
      <line nr="262" mi="0" ci="1" mb="0" cb="0" />
      <line nr="263" mi="0" ci="1" mb="0" cb="0" />
      <line nr="264" mi="0" ci="1" mb="0" cb="0" />
      <line nr="265" mi="0" ci="1" mb="0" cb="0" />
      <line nr="266" mi="0" ci="1" mb="0" cb="0" />
      <line nr="267" mi="0" ci="1" mb="0" cb="0" />
      <line nr="271" mi="0" ci="2" mb="0" cb="0" />
      <line nr="274" mi="2" ci="0" mb="0" cb="0" />
      <line nr="275" mi="1" ci="0" mb="0" cb="0" />
      <line nr="279" mi="1" ci="0" mb="0" cb="0" />
      <line nr="280" mi="1" ci="0" mb="0" cb="0" />
      <line nr="285" mi="0" ci="1" mb="0" cb="0" />
      <line nr="286" mi="0" ci="1" mb="0" cb="0" />
      <line nr="289" mi="0" ci="1" mb="0" cb="0" />
      <line nr="290" mi="0" ci="1" mb="0" cb="0" />
      <line nr="291" mi="0" ci="1" mb="0" cb="0" />
      <line nr="292" mi="0" ci="1" mb="0" cb="0" />
      <line nr="293" mi="0" ci="1" mb="0" cb="0" />
      <line nr="295" mi="1" ci="0" mb="0" cb="0" />
      <line nr="299" mi="0" ci="1" mb="0" cb="0" />
      <line nr="301" mi="0" ci="1" mb="0" cb="0" />
      <line nr="302" mi="0" ci="1" mb="0" cb="0" />
      <line nr="303" mi="0" ci="1" mb="0" cb="0" />
      <line nr="304" mi="0" ci="1" mb="0" cb="0" />
      <line nr="305" mi="0" ci="1" mb="0" cb="0" />
      <line nr="306" mi="0" ci="1" mb="0" cb="0" />
      <line nr="307" mi="0" ci="2" mb="0" cb="0" />
      <line nr="308" mi="0" ci="2" mb="0" cb="0" />
      <line nr="309" mi="2" ci="0" mb="0" cb="0" />
      <line nr="310" mi="1" ci="0" mb="0" cb="0" />
      <line nr="312" mi="0" ci="1" mb="0" cb="0" />
      <line nr="318" mi="0" ci="1" mb="0" cb="0" />
      <line nr="319" mi="1" ci="0" mb="0" cb="0" />
      <line nr="323" mi="0" ci="1" mb="0" cb="0" />
      <line nr="324" mi="0" ci="1" mb="0" cb="0" />
      <line nr="325" mi="0" ci="1" mb="0" cb="0" />
      <line nr="326" mi="0" ci="1" mb="0" cb="0" />
      <line nr="327" mi="0" ci="1" mb="0" cb="0" />
      <line nr="328" mi="0" ci="1" mb="0" cb="0" />
      <line nr="329" mi="0" ci="1" mb="0" cb="0" />
      <line nr="330" mi="0" ci="1" mb="0" cb="0" />
      <line nr="331" mi="0" ci="1" mb="0" cb="0" />
      <line nr="332" mi="0" ci="1" mb="0" cb="0" />
      <line nr="333" mi="0" ci="1" mb="0" cb="0" />
      <line nr="334" mi="0" ci="1" mb="0" cb="0" />
      <line nr="336" mi="0" ci="1" mb="0" cb="0" />
      <line nr="337" mi="0" ci="1" mb="0" cb="0" />
      <line nr="338" mi="0" ci="1" mb="0" cb="0" />
      <line nr="339" mi="0" ci="1" mb="0" cb="0" />
      <line nr="340" mi="0" ci="1" mb="0" cb="0" />
      <line nr="341" mi="0" ci="1" mb="0" cb="0" />
      <line nr="342" mi="0" ci="1" mb="0" cb="0" />
      <line nr="343" mi="0" ci="1" mb="0" cb="0" />
      <line nr="344" mi="0" ci="1" mb="0" cb="0" />
      <line nr="346" mi="0" ci="1" mb="0" cb="0" />
      <line nr="347" mi="0" ci="1" mb="0" cb="0" />
      <line nr="348" mi="0" ci="1" mb="0" cb="0" />
      <line nr="349" mi="0" ci="1" mb="0" cb="0" />
      <line nr="350" mi="0" ci="1" mb="0" cb="0" />
      <line nr="351" mi="0" ci="1" mb="0" cb="0" />
      <line nr="352" mi="0" ci="1" mb="0" cb="0" />
      <line nr="353" mi="0" ci="1" mb="0" cb="0" />
      <line nr="354" mi="0" ci="1" mb="0" cb="0" />
      <line nr="356" mi="0" ci="1" mb="0" cb="0" />
      <line nr="357" mi="0" ci="1" mb="0" cb="0" />
      <line nr="358" mi="0" ci="1" mb="0" cb="0" />
      <line nr="359" mi="0" ci="1" mb="0" cb="0" />
      <line nr="362" mi="0" ci="1" mb="0" cb="0" />
      <line nr="363" mi="0" ci="1" mb="0" cb="0" />
      <line nr="364" mi="0" ci="1" mb="0" cb="0" />
      <line nr="365" mi="0" ci="1" mb="0" cb="0" />
      <line nr="367" mi="0" ci="1" mb="0" cb="0" />
      <line nr="368" mi="0" ci="1" mb="0" cb="0" />
      <line nr="369" mi="0" ci="1" mb="0" cb="0" />
      <line nr="370" mi="0" ci="1" mb="0" cb="0" />
      <line nr="372" mi="0" ci="1" mb="0" cb="0" />
      <line nr="382" mi="0" ci="1" mb="0" cb="0" />
      <line nr="384" mi="0" ci="1" mb="0" cb="0" />
      <line nr="385" mi="0" ci="1" mb="0" cb="0" />
      <line nr="386" mi="0" ci="1" mb="0" cb="0" />
      <line nr="387" mi="0" ci="1" mb="0" cb="0" />
      <line nr="389" mi="0" ci="1" mb="0" cb="0" />
      <line nr="392" mi="0" ci="1" mb="0" cb="0" />
      <line nr="393" mi="0" ci="1" mb="0" cb="0" />
      <line nr="394" mi="0" ci="1" mb="0" cb="0" />
      <line nr="395" mi="0" ci="1" mb="0" cb="0" />
      <line nr="399" mi="0" ci="1" mb="0" cb="0" />
      <line nr="401" mi="0" ci="1" mb="0" cb="0" />
      <line nr="402" mi="0" ci="1" mb="0" cb="0" />
      <line nr="403" mi="1" ci="0" mb="0" cb="0" />
      <line nr="404" mi="1" ci="0" mb="0" cb="0" />
      <line nr="405" mi="1" ci="0" mb="0" cb="0" />
      <line nr="410" mi="0" ci="1" mb="0" cb="0" />
      <line nr="411" mi="0" ci="1" mb="0" cb="0" />
      <line nr="412" mi="0" ci="1" mb="0" cb="0" />
      <line nr="413" mi="0" ci="1" mb="0" cb="0" />
      <line nr="414" mi="0" ci="1" mb="0" cb="0" />
      <line nr="419" mi="1" ci="0" mb="0" cb="0" />
      <line nr="421" mi="1" ci="0" mb="0" cb="0" />
      <line nr="422" mi="1" ci="0" mb="0" cb="0" />
      <line nr="423" mi="1" ci="0" mb="0" cb="0" />
      <line nr="424" mi="1" ci="0" mb="0" cb="0" />
      <line nr="426" mi="1" ci="0" mb="0" cb="0" />
      <line nr="427" mi="1" ci="0" mb="0" cb="0" />
      <line nr="429" mi="1" ci="0" mb="0" cb="0" />
      <line nr="434" mi="1" ci="0" mb="0" cb="0" />
      <line nr="435" mi="1" ci="0" mb="0" cb="0" />
      <line nr="440" mi="0" ci="1" mb="0" cb="0" />
      <line nr="441" mi="1" ci="0" mb="0" cb="0" />
      <line nr="442" mi="1" ci="0" mb="0" cb="0" />
      <line nr="445" mi="1" ci="0" mb="0" cb="0" />
      <line nr="446" mi="1" ci="0" mb="0" cb="0" />
      <line nr="450" mi="1" ci="0" mb="0" cb="0" />
      <line nr="451" mi="1" ci="0" mb="0" cb="0" />
      <line nr="452" mi="1" ci="0" mb="0" cb="0" />
      <line nr="453" mi="1" ci="0" mb="0" cb="0" />
      <line nr="460" mi="1" ci="0" mb="0" cb="0" />
      <line nr="461" mi="1" ci="0" mb="0" cb="0" />
      <line nr="462" mi="1" ci="0" mb="0" cb="0" />
      <line nr="463" mi="1" ci="0" mb="0" cb="0" />
      <line nr="469" mi="1" ci="0" mb="0" cb="0" />
      <line nr="470" mi="1" ci="0" mb="0" cb="0" />
      <line nr="477" mi="0" ci="1" mb="0" cb="0" />
      <line nr="478" mi="0" ci="1" mb="0" cb="0" />
      <line nr="479" mi="0" ci="1" mb="0" cb="0" />
      <line nr="488" mi="0" ci="1" mb="0" cb="0" />
      <line nr="492" mi="0" ci="1" mb="0" cb="0" />
      <line nr="493" mi="1" ci="2" mb="0" cb="0" />
      <line nr="495" mi="0" ci="1" mb="0" cb="0" />
      <line nr="496" mi="1" ci="0" mb="0" cb="0" />
      <line nr="497" mi="1" ci="0" mb="0" cb="0" />
      <line nr="500" mi="0" ci="1" mb="0" cb="0" />
      <line nr="501" mi="0" ci="1" mb="0" cb="0" />
      <line nr="502" mi="2" ci="0" mb="0" cb="0" />
      <line nr="507" mi="0" ci="1" mb="0" cb="0" />
      <line nr="510" mi="0" ci="2" mb="0" cb="0" />
      <line nr="513" mi="0" ci="4" mb="0" cb="0" />
      <line nr="514" mi="0" ci="1" mb="0" cb="0" />
      <line nr="516" mi="0" ci="1" mb="0" cb="0" />
      <line nr="526" mi="0" ci="1" mb="0" cb="0" />
      <line nr="528" mi="0" ci="1" mb="0" cb="0" />
      <line nr="529" mi="0" ci="1" mb="0" cb="0" />
      <line nr="531" mi="0" ci="1" mb="0" cb="0" />
      <line nr="533" mi="0" ci="1" mb="0" cb="0" />
      <line nr="535" mi="4" ci="0" mb="0" cb="0" />
      <line nr="536" mi="1" ci="0" mb="0" cb="0" />
      <line nr="539" mi="1" ci="0" mb="0" cb="0" />
      <line nr="540" mi="1" ci="0" mb="0" cb="0" />
      <line nr="541" mi="1" ci="0" mb="0" cb="0" />
      <line nr="542" mi="1" ci="0" mb="0" cb="0" />
      <line nr="543" mi="1" ci="0" mb="0" cb="0" />
      <line nr="544" mi="1" ci="0" mb="0" cb="0" />
      <line nr="545" mi="1" ci="0" mb="0" cb="0" />
      <line nr="546" mi="1" ci="0" mb="0" cb="0" />
      <line nr="549" mi="1" ci="0" mb="0" cb="0" />
      <line nr="553" mi="1" ci="0" mb="0" cb="0" />
      <line nr="554" mi="1" ci="0" mb="0" cb="0" />
      <line nr="555" mi="1" ci="0" mb="0" cb="0" />
      <line nr="557" mi="1" ci="0" mb="0" cb="0" />
      <line nr="558" mi="1" ci="0" mb="0" cb="0" />
      <line nr="559" mi="1" ci="0" mb="0" cb="0" />
      <line nr="560" mi="1" ci="0" mb="0" cb="0" />
      <line nr="561" mi="1" ci="0" mb="0" cb="0" />
      <line nr="562" mi="1" ci="0" mb="0" cb="0" />
      <line nr="563" mi="1" ci="0" mb="0" cb="0" />
      <line nr="566" mi="1" ci="0" mb="0" cb="0" />
      <line nr="570" mi="1" ci="0" mb="0" cb="0" />
      <line nr="571" mi="1" ci="0" mb="0" cb="0" />
      <line nr="572" mi="1" ci="0" mb="0" cb="0" />
      <line nr="573" mi="1" ci="0" mb="0" cb="0" />
      <line nr="574" mi="1" ci="0" mb="0" cb="0" />
      <line nr="579" mi="0" ci="1" mb="0" cb="0" />
      <line nr="580" mi="0" ci="1" mb="0" cb="0" />
      <line nr="582" mi="0" ci="4" mb="0" cb="0" />
      <line nr="585" mi="0" ci="1" mb="0" cb="0" />
      <line nr="586" mi="1" ci="0" mb="0" cb="0" />
      <line nr="587" mi="1" ci="0" mb="0" cb="0" />
      <line nr="588" mi="1" ci="0" mb="0" cb="0" />
      <line nr="589" mi="1" ci="0" mb="0" cb="0" />
      <line nr="590" mi="1" ci="0" mb="0" cb="0" />
      <line nr="591" mi="1" ci="0" mb="0" cb="0" />
      <line nr="592" mi="5" ci="0" mb="0" cb="0" />
      <line nr="593" mi="2" ci="0" mb="0" cb="0" />
      <line nr="594" mi="2" ci="0" mb="0" cb="0" />
      <line nr="595" mi="1" ci="0" mb="0" cb="0" />
      <line nr="596" mi="1" ci="0" mb="0" cb="0" />
      <line nr="599" mi="1" ci="0" mb="0" cb="0" />
      <line nr="600" mi="5" ci="0" mb="0" cb="0" />
      <line nr="601" mi="1" ci="0" mb="0" cb="0" />
      <line nr="602" mi="1" ci="0" mb="0" cb="0" />
      <line nr="615" mi="1" ci="0" mb="0" cb="0" />
      <line nr="617" mi="1" ci="0" mb="0" cb="0" />
      <line nr="620" mi="1" ci="0" mb="0" cb="0" />
      <line nr="621" mi="1" ci="0" mb="0" cb="0" />
      <line nr="630" mi="1" ci="0" mb="0" cb="0" />
      <line nr="631" mi="1" ci="0" mb="0" cb="0" />
      <line nr="634" mi="1" ci="0" mb="0" cb="0" />
      <line nr="635" mi="1" ci="0" mb="0" cb="0" />
      <line nr="638" mi="1" ci="0" mb="0" cb="0" />
      <line nr="639" mi="1" ci="0" mb="0" cb="0" />
      <line nr="641" mi="1" ci="0" mb="0" cb="0" />
      <line nr="642" mi="1" ci="0" mb="0" cb="0" />
      <line nr="644" mi="1" ci="0" mb="0" cb="0" />
      <line nr="645" mi="1" ci="0" mb="0" cb="0" />
      <line nr="646" mi="1" ci="0" mb="0" cb="0" />
      <line nr="650" mi="1" ci="0" mb="0" cb="0" />
      <line nr="653" mi="1" ci="0" mb="0" cb="0" />
      <line nr="654" mi="1" ci="0" mb="0" cb="0" />
      <line nr="655" mi="1" ci="0" mb="0" cb="0" />
      <line nr="658" mi="1" ci="0" mb="0" cb="0" />
      <line nr="667" mi="1" ci="0" mb="0" cb="0" />
      <line nr="671" mi="1" ci="0" mb="0" cb="0" />
      <line nr="673" mi="1" ci="0" mb="0" cb="0" />
      <line nr="674" mi="1" ci="0" mb="0" cb="0" />
      <line nr="675" mi="1" ci="0" mb="0" cb="0" />
      <line nr="677" mi="1" ci="0" mb="0" cb="0" />
      <line nr="678" mi="1" ci="0" mb="0" cb="0" />
      <line nr="679" mi="1" ci="0" mb="0" cb="0" />
      <line nr="681" mi="1" ci="0" mb="0" cb="0" />
      <line nr="683" mi="1" ci="0" mb="0" cb="0" />
      <line nr="685" mi="1" ci="0" mb="0" cb="0" />
      <line nr="686" mi="1" ci="0" mb="0" cb="0" />
      <line nr="687" mi="1" ci="0" mb="0" cb="0" />
      <line nr="688" mi="1" ci="0" mb="0" cb="0" />
      <line nr="691" mi="1" ci="0" mb="0" cb="0" />
      <line nr="692" mi="1" ci="0" mb="0" cb="0" />
      <line nr="693" mi="1" ci="0" mb="0" cb="0" />
      <line nr="694" mi="1" ci="0" mb="0" cb="0" />
      <line nr="695" mi="1" ci="0" mb="0" cb="0" />
      <line nr="696" mi="1" ci="0" mb="0" cb="0" />
      <line nr="697" mi="1" ci="0" mb="0" cb="0" />
      <line nr="698" mi="1" ci="0" mb="0" cb="0" />
      <line nr="699" mi="1" ci="0" mb="0" cb="0" />
      <line nr="700" mi="1" ci="0" mb="0" cb="0" />
      <line nr="703" mi="1" ci="0" mb="0" cb="0" />
      <line nr="704" mi="1" ci="0" mb="0" cb="0" />
      <line nr="705" mi="1" ci="0" mb="0" cb="0" />
      <line nr="707" mi="1" ci="0" mb="0" cb="0" />
      <line nr="711" mi="1" ci="0" mb="0" cb="0" />
      <line nr="712" mi="1" ci="0" mb="0" cb="0" />
      <line nr="713" mi="1" ci="0" mb="0" cb="0" />
      <line nr="714" mi="1" ci="0" mb="0" cb="0" />
      <line nr="718" mi="1" ci="0" mb="0" cb="0" />
      <line nr="723" mi="1" ci="0" mb="0" cb="0" />
      <line nr="724" mi="1" ci="0" mb="0" cb="0" />
      <line nr="725" mi="1" ci="0" mb="0" cb="0" />
      <line nr="726" mi="1" ci="0" mb="0" cb="0" />
      <line nr="728" mi="1" ci="0" mb="0" cb="0" />
      <line nr="732" mi="1" ci="0" mb="0" cb="0" />
      <line nr="733" mi="1" ci="0" mb="0" cb="0" />
      <line nr="734" mi="1" ci="0" mb="0" cb="0" />
      <line nr="736" mi="1" ci="0" mb="0" cb="0" />
      <line nr="737" mi="4" ci="0" mb="0" cb="0" />
      <line nr="746" mi="0" ci="1" mb="0" cb="0" />
      <line nr="748" mi="0" ci="1" mb="0" cb="0" />
      <line nr="749" mi="0" ci="1" mb="0" cb="0" />
      <line nr="752" mi="0" ci="1" mb="0" cb="0" />
      <line nr="753" mi="0" ci="1" mb="0" cb="0" />
      <line nr="755" mi="0" ci="1" mb="0" cb="0" />
      <line nr="757" mi="2" ci="0" mb="0" cb="0" />
      <line nr="760" mi="3" ci="0" mb="0" cb="0" />
      <line nr="763" mi="1" ci="0" mb="0" cb="0" />
      <line nr="764" mi="1" ci="0" mb="0" cb="0" />
      <line nr="765" mi="1" ci="0" mb="0" cb="0" />
      <line nr="766" mi="1" ci="0" mb="0" cb="0" />
      <line nr="767" mi="1" ci="0" mb="0" cb="0" />
      <line nr="772" mi="1" ci="0" mb="0" cb="0" />
      <line nr="774" mi="1" ci="0" mb="0" cb="0" />
      <line nr="775" mi="1" ci="0" mb="0" cb="0" />
      <line nr="776" mi="1" ci="0" mb="0" cb="0" />
      <line nr="779" mi="1" ci="0" mb="0" cb="0" />
      <line nr="781" mi="1" ci="0" mb="0" cb="0" />
      <line nr="785" mi="1" ci="0" mb="0" cb="0" />
      <line nr="788" mi="1" ci="0" mb="0" cb="0" />
      <line nr="789" mi="1" ci="0" mb="0" cb="0" />
      <line nr="790" mi="1" ci="0" mb="0" cb="0" />
      <line nr="791" mi="1" ci="0" mb="0" cb="0" />
      <line nr="792" mi="1" ci="0" mb="0" cb="0" />
      <line nr="793" mi="1" ci="0" mb="0" cb="0" />
      <line nr="794" mi="1" ci="0" mb="0" cb="0" />
      <line nr="795" mi="1" ci="0" mb="0" cb="0" />
      <line nr="796" mi="1" ci="0" mb="0" cb="0" />
      <line nr="799" mi="1" ci="0" mb="0" cb="0" />
      <line nr="800" mi="1" ci="0" mb="0" cb="0" />
      <line nr="801" mi="1" ci="0" mb="0" cb="0" />
      <line nr="806" mi="1" ci="0" mb="0" cb="0" />
      <line nr="807" mi="1" ci="0" mb="0" cb="0" />
      <line nr="810" mi="1" ci="0" mb="0" cb="0" />
      <line nr="811" mi="1" ci="0" mb="0" cb="0" />
      <line nr="812" mi="1" ci="0" mb="0" cb="0" />
      <line nr="813" mi="1" ci="0" mb="0" cb="0" />
      <line nr="814" mi="1" ci="0" mb="0" cb="0" />
      <line nr="815" mi="1" ci="0" mb="0" cb="0" />
      <line nr="816" mi="1" ci="0" mb="0" cb="0" />
      <line nr="817" mi="1" ci="0" mb="0" cb="0" />
      <line nr="820" mi="1" ci="0" mb="0" cb="0" />
      <line nr="821" mi="1" ci="0" mb="0" cb="0" />
      <line nr="822" mi="1" ci="0" mb="0" cb="0" />
      <line nr="829" mi="2" ci="0" mb="0" cb="0" />
      <line nr="833" mi="0" ci="4" mb="0" cb="0" />
      <line nr="834" mi="0" ci="4" mb="0" cb="0" />
      <line nr="838" mi="0" ci="1" mb="0" cb="0" />
      <line nr="839" mi="0" ci="1" mb="0" cb="0" />
      <line nr="841" mi="0" ci="1" mb="0" cb="0" />
      <line nr="842" mi="0" ci="1" mb="0" cb="0" />
      <line nr="845" mi="0" ci="2" mb="0" cb="0" />
      <line nr="846" mi="0" ci="1" mb="0" cb="0" />
      <line nr="850" mi="0" ci="2" mb="0" cb="0" />
      <line nr="853" mi="0" ci="1" mb="0" cb="0" />
      <line nr="854" mi="0" ci="1" mb="0" cb="0" />
      <line nr="858" mi="0" ci="1" mb="0" cb="0" />
      <line nr="859" mi="0" ci="1" mb="0" cb="0" />
      <line nr="860" mi="0" ci="1" mb="0" cb="0" />
      <line nr="861" mi="0" ci="1" mb="0" cb="0" />
      <line nr="862" mi="0" ci="1" mb="0" cb="0" />
      <line nr="863" mi="0" ci="1" mb="0" cb="0" />
      <line nr="866" mi="0" ci="1" mb="0" cb="0" />
      <line nr="867" mi="0" ci="1" mb="0" cb="0" />
      <line nr="868" mi="0" ci="2" mb="0" cb="0" />
      <line nr="869" mi="0" ci="3" mb="0" cb="0" />
      <line nr="870" mi="0" ci="1" mb="0" cb="0" />
      <line nr="873" mi="0" ci="1" mb="0" cb="0" />
      <line nr="876" mi="0" ci="1" mb="0" cb="0" />
      <line nr="877" mi="0" ci="2" mb="0" cb="0" />
      <line nr="878" mi="0" ci="1" mb="0" cb="0" />
      <line nr="881" mi="1" ci="0" mb="0" cb="0" />
      <line nr="885" mi="0" ci="2" mb="0" cb="0" />
      <line nr="890" mi="0" ci="1" mb="0" cb="0" />
      <line nr="891" mi="1" ci="0" mb="0" cb="0" />
      <line nr="894" mi="1" ci="0" mb="0" cb="0" />
      <line nr="895" mi="1" ci="0" mb="0" cb="0" />
      <line nr="898" mi="2" ci="0" mb="0" cb="0" />
      <line nr="905" mi="0" ci="1" mb="0" cb="0" />
      <line nr="906" mi="0" ci="1" mb="0" cb="0" />
      <line nr="909" mi="0" ci="1" mb="0" cb="0" />
      <line nr="911" mi="0" ci="1" mb="0" cb="0" />
      <line nr="916" mi="0" ci="2" mb="0" cb="0" />
      <line nr="921" mi="0" ci="2" mb="0" cb="0" />
      <line nr="926" mi="0" ci="1" mb="0" cb="0" />
      <line nr="931" mi="0" ci="1" mb="0" cb="0" />
      <line nr="932" mi="0" ci="1" mb="0" cb="0" />
      <line nr="934" mi="0" ci="2" mb="0" cb="0" />
      <line nr="935" mi="0" ci="1" mb="0" cb="0" />
      <line nr="938" mi="0" ci="1" mb="0" cb="0" />
      <line nr="939" mi="0" ci="1" mb="0" cb="0" />
      <line nr="940" mi="1" ci="0" mb="0" cb="0" />
      <line nr="941" mi="0" ci="1" mb="0" cb="0" />
      <line nr="942" mi="1" ci="0" mb="0" cb="0" />
      <line nr="943" mi="1" ci="0" mb="0" cb="0" />
      <line nr="944" mi="1" ci="0" mb="0" cb="0" />
      <line nr="947" mi="0" ci="1" mb="0" cb="0" />
      <line nr="948" mi="1" ci="0" mb="0" cb="0" />
      <line nr="949" mi="1" ci="0" mb="0" cb="0" />
      <line nr="950" mi="0" ci="1" mb="0" cb="0" />
      <line nr="951" mi="1" ci="0" mb="0" cb="0" />
      <line nr="952" mi="1" ci="0" mb="0" cb="0" />
      <line nr="955" mi="0" ci="1" mb="0" cb="0" />
      <line nr="957" mi="0" ci="1" mb="0" cb="0" />
      <line nr="958" mi="0" ci="1" mb="0" cb="0" />
      <line nr="960" mi="0" ci="1" mb="0" cb="0" />
      <line nr="961" mi="0" ci="1" mb="0" cb="0" />
      <line nr="964" mi="0" ci="1" mb="0" cb="0" />
      <line nr="965" mi="0" ci="1" mb="0" cb="0" />
      <line nr="966" mi="0" ci="1" mb="0" cb="0" />
      <line nr="967" mi="0" ci="1" mb="0" cb="0" />
      <line nr="968" mi="0" ci="1" mb="0" cb="0" />
      <line nr="969" mi="0" ci="1" mb="0" cb="0" />
      <line nr="970" mi="0" ci="2" mb="0" cb="0" />
      <line nr="973" mi="0" ci="1" mb="0" cb="0" />
      <line nr="974" mi="0" ci="1" mb="0" cb="0" />
      <line nr="977" mi="0" ci="1" mb="0" cb="0" />
      <line nr="978" mi="0" ci="1" mb="0" cb="0" />
      <line nr="979" mi="1" ci="0" mb="0" cb="0" />
      <line nr="980" mi="1" ci="0" mb="0" cb="0" />
      <line nr="981" mi="1" ci="0" mb="0" cb="0" />
      <line nr="982" mi="1" ci="0" mb="0" cb="0" />
      <line nr="985" mi="0" ci="1" mb="0" cb="0" />
      <line nr="988" mi="0" ci="1" mb="0" cb="0" />
      <line nr="990" mi="0" ci="1" mb="0" cb="0" />
      <line nr="991" mi="0" ci="1" mb="0" cb="0" />
      <line nr="992" mi="0" ci="1" mb="0" cb="0" />
      <line nr="993" mi="0" ci="1" mb="0" cb="0" />
      <line nr="994" mi="0" ci="1" mb="0" cb="0" />
      <line nr="995" mi="0" ci="1" mb="0" cb="0" />
      <line nr="996" mi="0" ci="1" mb="0" cb="0" />
      <line nr="999" mi="0" ci="1" mb="0" cb="0" />
      <line nr="1000" mi="0" ci="1" mb="0" cb="0" />
      <line nr="1003" mi="0" ci="1" mb="0" cb="0" />
      <line nr="1005" mi="0" ci="1" mb="0" cb="0" />
      <line nr="1011" mi="0" ci="1" mb="0" cb="0" />
      <line nr="1012" mi="0" ci="1" mb="0" cb="0" />
      <line nr="1016" mi="0" ci="1" mb="0" cb="0" />
      <line nr="1019" mi="0" ci="1" mb="0" cb="0" />
      <line nr="1022" mi="0" ci="1" mb="0" cb="0" />
      <line nr="1023" mi="0" ci="1" mb="0" cb="0" />
      <line nr="1027" mi="0" ci="1" mb="0" cb="0" />
      <line nr="1028" mi="1" ci="0" mb="0" cb="0" />
      <line nr="1032" mi="0" ci="1" mb="0" cb="0" />
      <line nr="1035" mi="0" ci="1" mb="0" cb="0" />
      <line nr="1036" mi="0" ci="3" mb="0" cb="0" />
      <line nr="1039" mi="0" ci="1" mb="0" cb="0" />
      <line nr="1040" mi="0" ci="1" mb="0" cb="0" />
      <line nr="1041" mi="0" ci="2" mb="0" cb="0" />
      <line nr="1042" mi="0" ci="5" mb="0" cb="0" />
      <line nr="1043" mi="0" ci="5" mb="0" cb="0" />
      <line nr="1046" mi="0" ci="1" mb="0" cb="0" />
      <line nr="1047" mi="0" ci="2" mb="0" cb="0" />
      <line nr="1048" mi="0" ci="1" mb="0" cb="0" />
      <line nr="1049" mi="0" ci="1" mb="0" cb="0" />
      <line nr="1050" mi="1" ci="2" mb="0" cb="0" />
      <line nr="1051" mi="1" ci="2" mb="0" cb="0" />
      <line nr="1052" mi="1" ci="2" mb="0" cb="0" />
      <line nr="1053" mi="1" ci="2" mb="0" cb="0" />
      <line nr="1055" mi="0" ci="2" mb="0" cb="0" />
      <line nr="1059" mi="0" ci="1" mb="0" cb="0" />
      <line nr="1060" mi="0" ci="1" mb="0" cb="0" />
      <line nr="1061" mi="0" ci="1" mb="0" cb="0" />
      <line nr="1062" mi="0" ci="5" mb="0" cb="0" />
      <line nr="1066" mi="1" ci="0" mb="0" cb="0" />
      <line nr="1067" mi="1" ci="0" mb="0" cb="0" />
      <line nr="1068" mi="2" ci="0" mb="0" cb="0" />
      <line nr="1069" mi="5" ci="0" mb="0" cb="0" />
      <line nr="1072" mi="1" ci="0" mb="0" cb="0" />
      <line nr="1073" mi="1" ci="0" mb="0" cb="0" />
      <line nr="1074" mi="1" ci="0" mb="0" cb="0" />
      <line nr="1075" mi="1" ci="0" mb="0" cb="0" />
      <line nr="1076" mi="2" ci="0" mb="0" cb="0" />
      <line nr="1077" mi="1" ci="0" mb="0" cb="0" />
      <line nr="1079" mi="1" ci="0" mb="0" cb="0" />
      <line nr="1080" mi="1" ci="0" mb="0" cb="0" />
      <line nr="1081" mi="1" ci="0" mb="0" cb="0" />
      <line nr="1082" mi="1" ci="0" mb="0" cb="0" />
      <line nr="1083" mi="1" ci="0" mb="0" cb="0" />
      <line nr="1089" mi="1" ci="0" mb="0" cb="0" />
      <line nr="1090" mi="1" ci="0" mb="0" cb="0" />
      <line nr="1091" mi="2" ci="0" mb="0" cb="0" />
      <line nr="1092" mi="5" ci="0" mb="0" cb="0" />
      <line nr="1095" mi="1" ci="0" mb="0" cb="0" />
      <line nr="1096" mi="1" ci="0" mb="0" cb="0" />
      <line nr="1097" mi="1" ci="0" mb="0" cb="0" />
      <line nr="1098" mi="1" ci="0" mb="0" cb="0" />
      <line nr="1099" mi="2" ci="0" mb="0" cb="0" />
      <line nr="1100" mi="1" ci="0" mb="0" cb="0" />
      <line nr="1102" mi="1" ci="0" mb="0" cb="0" />
      <line nr="1103" mi="1" ci="0" mb="0" cb="0" />
      <line nr="1104" mi="1" ci="0" mb="0" cb="0" />
      <line nr="1105" mi="1" ci="0" mb="0" cb="0" />
      <line nr="1106" mi="1" ci="0" mb="0" cb="0" />
      <line nr="1112" mi="1" ci="0" mb="0" cb="0" />
      <line nr="1113" mi="1" ci="0" mb="0" cb="0" />
      <line nr="1114" mi="1" ci="0" mb="0" cb="0" />
      <line nr="1115" mi="1" ci="0" mb="0" cb="0" />
      <line nr="1116" mi="1" ci="0" mb="0" cb="0" />
      <line nr="1119" mi="1" ci="0" mb="0" cb="0" />
      <line nr="1120" mi="1" ci="0" mb="0" cb="0" />
      <line nr="1122" mi="1" ci="0" mb="0" cb="0" />
      <line nr="1123" mi="1" ci="0" mb="0" cb="0" />
      <line nr="1125" mi="1" ci="0" mb="0" cb="0" />
      <line nr="1126" mi="1" ci="0" mb="0" cb="0" />
      <line nr="1127" mi="1" ci="0" mb="0" cb="0" />
      <line nr="1130" mi="1" ci="0" mb="0" cb="0" />
      <line nr="1131" mi="1" ci="0" mb="0" cb="0" />
      <line nr="1133" mi="1" ci="0" mb="0" cb="0" />
      <line nr="1134" mi="1" ci="0" mb="0" cb="0" />
      <line nr="1136" mi="1" ci="0" mb="0" cb="0" />
      <line nr="1139" mi="1" ci="0" mb="0" cb="0" />
      <line nr="1140" mi="2" ci="0" mb="0" cb="0" />
      <line nr="1141" mi="2" ci="0" mb="0" cb="0" />
      <line nr="1142" mi="1" ci="0" mb="0" cb="0" />
      <line nr="1146" mi="1" ci="0" mb="0" cb="0" />
      <line nr="1149" mi="1" ci="0" mb="0" cb="0" />
      <line nr="1151" mi="1" ci="0" mb="0" cb="0" />
      <line nr="1152" mi="1" ci="0" mb="0" cb="0" />
      <line nr="1155" mi="1" ci="0" mb="0" cb="0" />
      <line nr="1156" mi="1" ci="0" mb="0" cb="0" />
      <line nr="1157" mi="1" ci="0" mb="0" cb="0" />
      <line nr="1160" mi="1" ci="0" mb="0" cb="0" />
      <line nr="1161" mi="1" ci="0" mb="0" cb="0" />
      <line nr="1162" mi="4" ci="0" mb="0" cb="0" />
      <line nr="1164" mi="1" ci="0" mb="0" cb="0" />
      <line nr="1165" mi="2" ci="0" mb="0" cb="0" />
      <line nr="1166" mi="1" ci="0" mb="0" cb="0" />
      <line nr="1170" mi="1" ci="0" mb="0" cb="0" />
      <line nr="1171" mi="1" ci="0" mb="0" cb="0" />
      <line nr="1172" mi="1" ci="0" mb="0" cb="0" />
      <line nr="1173" mi="1" ci="0" mb="0" cb="0" />
      <line nr="1178" mi="1" ci="0" mb="0" cb="0" />
      <line nr="1179" mi="1" ci="0" mb="0" cb="0" />
      <line nr="1180" mi="1" ci="0" mb="0" cb="0" />
      <line nr="1183" mi="1" ci="0" mb="0" cb="0" />
      <line nr="1184" mi="1" ci="0" mb="0" cb="0" />
      <line nr="1185" mi="1" ci="0" mb="0" cb="0" />
      <line nr="1188" mi="1" ci="0" mb="0" cb="0" />
      <counter type="INSTRUCTION" missed="325" covered="466" />
      <counter type="LINE" missed="277" covered="385" />
      <counter type="METHOD" missed="3" covered="5" />
      <counter type="CLASS" missed="0" covered="1" />
    </sourcefile>
    <sourcefile name="Install-TestDependencies.ps1">
      <line nr="3" mi="0" ci="1" mb="0" cb="0" />
      <line nr="6" mi="0" ci="1" mb="0" cb="0" />
      <line nr="9" mi="0" ci="1" mb="0" cb="0" />
      <line nr="11" mi="0" ci="1" mb="0" cb="0" />
      <line nr="16" mi="0" ci="1" mb="0" cb="0" />
      <line nr="19" mi="0" ci="1" mb="0" cb="0" />
      <line nr="20" mi="0" ci="2" mb="0" cb="0" />
      <line nr="21" mi="0" ci="1" mb="0" cb="0" />
      <line nr="22" mi="0" ci="1" mb="0" cb="0" />
      <line nr="24" mi="0" ci="1" mb="0" cb="0" />
      <line nr="25" mi="1" ci="0" mb="0" cb="0" />
      <line nr="26" mi="1" ci="0" mb="0" cb="0" />
      <line nr="27" mi="1" ci="0" mb="0" cb="0" />
      <line nr="29" mi="0" ci="2" mb="0" cb="0" />
      <line nr="30" mi="0" ci="1" mb="0" cb="0" />
      <line nr="33" mi="0" ci="1" mb="0" cb="0" />
      <line nr="37" mi="0" ci="1" mb="0" cb="0" />
      <line nr="38" mi="0" ci="1" mb="0" cb="0" />
      <counter type="INSTRUCTION" missed="3" covered="17" />
      <counter type="LINE" missed="3" covered="15" />
      <counter type="METHOD" missed="0" covered="3" />
      <counter type="CLASS" missed="0" covered="1" />
    </sourcefile>
    <sourcefile name="Invoke-QuantumMutation.ps1">
      <line nr="32" mi="0" ci="1" mb="0" cb="0" />
      <line nr="33" mi="0" ci="1" mb="0" cb="0" />
      <line nr="34" mi="0" ci="1" mb="0" cb="0" />
      <line nr="35" mi="0" ci="1" mb="0" cb="0" />
      <line nr="36" mi="0" ci="1" mb="0" cb="0" />
      <line nr="37" mi="0" ci="1" mb="0" cb="0" />
      <line nr="39" mi="0" ci="1" mb="0" cb="0" />
      <line nr="40" mi="0" ci="1" mb="0" cb="0" />
      <line nr="41" mi="0" ci="1" mb="0" cb="0" />
      <line nr="42" mi="0" ci="1" mb="0" cb="0" />
      <line nr="45" mi="0" ci="1" mb="0" cb="0" />
      <line nr="46" mi="0" ci="1" mb="0" cb="0" />
      <line nr="47" mi="0" ci="1" mb="0" cb="0" />
      <line nr="48" mi="0" ci="1" mb="0" cb="0" />
      <line nr="49" mi="0" ci="1" mb="0" cb="0" />
      <line nr="51" mi="0" ci="1" mb="0" cb="0" />
      <line nr="52" mi="0" ci="1" mb="0" cb="0" />
[...]
      <line nr="583" mi="1" ci="0" mb="0" cb="0" />
      <line nr="586" mi="1" ci="0" mb="0" cb="0" />
      <line nr="587" mi="1" ci="0" mb="0" cb="0" />
      <line nr="590" mi="1" ci="0" mb="0" cb="0" />
      <line nr="591" mi="1" ci="0" mb="0" cb="0" />
      <line nr="594" mi="1" ci="0" mb="0" cb="0" />
      <counter type="INSTRUCTION" missed="429" covered="0" />
      <counter type="LINE" missed="340" covered="0" />
      <counter type="METHOD" missed="1" covered="0" />
      <counter type="CLASS" missed="1" covered="0" />
    </sourcefile>
    <sourcefile name="quantum-integrity.ps1">
      <line nr="23" mi="1" ci="0" mb="0" cb="0" />
      <line nr="24" mi="1" ci="0" mb="0" cb="0" />
      <line nr="25" mi="1" ci="0" mb="0" cb="0" />
      <line nr="26" mi="1" ci="0" mb="0" cb="0" />
      <line nr="27" mi="1" ci="0" mb="0" cb="0" />
      <line nr="31" mi="1" ci="0" mb="0" cb="0" />
      <line nr="32" mi="3" ci="0" mb="0" cb="0" />
      <line nr="37" mi="2" ci="0" mb="0" cb="0" />
      <line nr="40" mi="1" ci="0" mb="0" cb="0" />
      <line nr="41" mi="1" ci="0" mb="0" cb="0" />
      <line nr="42" mi="1" ci="0" mb="0" cb="0" />
      <line nr="43" mi="1" ci="0" mb="0" cb="0" />
      <line nr="44" mi="1" ci="0" mb="0" cb="0" />
      <line nr="48" mi="1" ci="0" mb="0" cb="0" />
      <line nr="49" mi="1" ci="0" mb="0" cb="0" />
      <line nr="50" mi="1" ci="0" mb="0" cb="0" />
      <line nr="51" mi="4" ci="0" mb="0" cb="0" />
      <line nr="52" mi="4" ci="0" mb="0" cb="0" />
      <line nr="55" mi="1" ci="0" mb="0" cb="0" />
      <line nr="56" mi="2" ci="0" mb="0" cb="0" />
      <line nr="57" mi="2" ci="0" mb="0" cb="0" />
      <line nr="58" mi="1" ci="0" mb="0" cb="0" />
      <line nr="62" mi="1" ci="0" mb="0" cb="0" />
      <line nr="63" mi="1" ci="0" mb="0" cb="0" />
      <line nr="64" mi="2" ci="0" mb="0" cb="0" />
      <line nr="65" mi="1" ci="0" mb="0" cb="0" />
      <line nr="69" mi="1" ci="0" mb="0" cb="0" />
      <line nr="71" mi="2" ci="0" mb="0" cb="0" />
      <line nr="72" mi="1" ci="0" mb="0" cb="0" />
      <line nr="74" mi="1" ci="0" mb="0" cb="0" />
      <line nr="75" mi="1" ci="0" mb="0" cb="0" />
      <line nr="76" mi="1" ci="0" mb="0" cb="0" />
      <line nr="77" mi="1" ci="0" mb="0" cb="0" />
      <line nr="78" mi="1" ci="0" mb="0" cb="0" />
      <line nr="79" mi="1" ci="0" mb="0" cb="0" />
      <line nr="83" mi="2" ci="0" mb="0" cb="0" />
      <line nr="86" mi="2" ci="0" mb="0" cb="0" />
      <line nr="87" mi="1" ci="0" mb="0" cb="0" />
      <line nr="91" mi="1" ci="0" mb="0" cb="0" />
      <line nr="92" mi="1" ci="0" mb="0" cb="0" />
      <line nr="96" mi="1" ci="0" mb="0" cb="0" />
      <line nr="97" mi="1" ci="0" mb="0" cb="0" />
      <line nr="99" mi="2" ci="0" mb="0" cb="0" />
      <line nr="100" mi="1" ci="0" mb="0" cb="0" />
      <line nr="103" mi="2" ci="0" mb="0" cb="0" />
      <line nr="108" mi="1" ci="0" mb="0" cb="0" />
      <line nr="110" mi="1" ci="0" mb="0" cb="0" />
      <line nr="111" mi="1" ci="0" mb="0" cb="0" />
      <line nr="112" mi="1" ci="0" mb="0" cb="0" />
      <line nr="116" mi="1" ci="0" mb="0" cb="0" />
      <line nr="117" mi="1" ci="0" mb="0" cb="0" />
      <line nr="118" mi="1" ci="0" mb="0" cb="0" />
      <line nr="119" mi="1" ci="0" mb="0" cb="0" />
      <line nr="124" mi="2" ci="0" mb="0" cb="0" />
      <line nr="127" mi="1" ci="0" mb="0" cb="0" />
      <line nr="128" mi="1" ci="0" mb="0" cb="0" />
      <line nr="129" mi="1" ci="0" mb="0" cb="0" />
      <line nr="130" mi="1" ci="0" mb="0" cb="0" />
      <line nr="131" mi="1" ci="0" mb="0" cb="0" />
      <line nr="132" mi="1" ci="0" mb="0" cb="0" />
      <line nr="133" mi="1" ci="0" mb="0" cb="0" />
      <line nr="135" mi="1" ci="0" mb="0" cb="0" />
      <line nr="136" mi="1" ci="0" mb="0" cb="0" />
      <line nr="137" mi="1" ci="0" mb="0" cb="0" />
      <line nr="138" mi="1" ci="0" mb="0" cb="0" />
      <line nr="139" mi="1" ci="0" mb="0" cb="0" />
      <line nr="140" mi="1" ci="0" mb="0" cb="0" />
      <line nr="141" mi="1" ci="0" mb="0" cb="0" />
      <line nr="146" mi="1" ci="0" mb="0" cb="0" />
      <line nr="147" mi="1" ci="0" mb="0" cb="0" />
      <line nr="148" mi="1" ci="0" mb="0" cb="0" />
      <line nr="149" mi="1" ci="0" mb="0" cb="0" />
      <line nr="150" mi="1" ci="0" mb="0" cb="0" />
      <line nr="153" mi="1" ci="0" mb="0" cb="0" />
      <line nr="154" mi="1" ci="0" mb="0" cb="0" />
      <line nr="155" mi="2" ci="0" mb="0" cb="0" />
      <line nr="156" mi="2" ci="0" mb="0" cb="0" />
      <line nr="157" mi="1" ci="0" mb="0" cb="0" />
      <line nr="159" mi="1" ci="0" mb="0" cb="0" />
      <line nr="160" mi="1" ci="0" mb="0" cb="0" />
      <line nr="161" mi="1" ci="0" mb="0" cb="0" />
      <line nr="162" mi="1" ci="0" mb="0" cb="0" />
      <line nr="165" mi="2" ci="0" mb="0" cb="0" />
      <line nr="166" mi="1" ci="0" mb="0" cb="0" />
      <line nr="167" mi="1" ci="0" mb="0" cb="0" />
      <line nr="170" mi="1" ci="0" mb="0" cb="0" />
      <line nr="173" mi="1" ci="0" mb="0" cb="0" />
      <line nr="175" mi="1" ci="0" mb="0" cb="0" />
      <line nr="176" mi="3" ci="0" mb="0" cb="0" />
      <line nr="177" mi="3" ci="0" mb="0" cb="0" />
      <line nr="178" mi="1" ci="0" mb="0" cb="0" />
      <line nr="180" mi="1" ci="0" mb="0" cb="0" />
      <line nr="181" mi="3" ci="0" mb="0" cb="0" />
      <line nr="182" mi="3" ci="0" mb="0" cb="0" />
      <line nr="183" mi="1" ci="0" mb="0" cb="0" />
      <line nr="198" mi="1" ci="0" mb="0" cb="0" />
      <line nr="202" mi="3" ci="0" mb="0" cb="0" />
      <line nr="203" mi="1" ci="0" mb="0" cb="0" />
      <line nr="205" mi="1" ci="0" mb="0" cb="0" />
      <line nr="206" mi="1" ci="0" mb="0" cb="0" />
      <line nr="210" mi="3" ci="0" mb="0" cb="0" />
      <line nr="211" mi="1" ci="0" mb="0" cb="0" />
      <line nr="214" mi="1" ci="0" mb="0" cb="0" />
      <line nr="218" mi="1" ci="0" mb="0" cb="0" />
      <line nr="220" mi="1" ci="0" mb="0" cb="0" />
      <line nr="221" mi="2" ci="0" mb="0" cb="0" />
      <line nr="222" mi="2" ci="0" mb="0" cb="0" />
      <line nr="226" mi="1" ci="0" mb="0" cb="0" />
      <line nr="229" mi="2" ci="0" mb="0" cb="0" />
      <line nr="230" mi="5" ci="0" mb="0" cb="0" />
      <line nr="231" mi="1" ci="0" mb="0" cb="0" />
      <line nr="233" mi="1" ci="0" mb="0" cb="0" />
      <line nr="234" mi="1" ci="0" mb="0" cb="0" />
      <line nr="235" mi="1" ci="0" mb="0" cb="0" />
      <line nr="236" mi="1" ci="0" mb="0" cb="0" />
      <line nr="239" mi="1" ci="0" mb="0" cb="0" />
      <line nr="240" mi="1" ci="0" mb="0" cb="0" />
      <line nr="241" mi="1" ci="0" mb="0" cb="0" />
      <line nr="244" mi="1" ci="0" mb="0" cb="0" />
      <line nr="251" mi="1" ci="0" mb="0" cb="0" />
      <line nr="252" mi="1" ci="0" mb="0" cb="0" />
      <line nr="253" mi="1" ci="0" mb="0" cb="0" />
      <line nr="254" mi="1" ci="0" mb="0" cb="0" />
      <line nr="256" mi="2" ci="0" mb="0" cb="0" />
      <line nr="257" mi="2" ci="0" mb="0" cb="0" />
      <line nr="260" mi="1" ci="0" mb="0" cb="0" />
      <line nr="261" mi="1" ci="0" mb="0" cb="0" />
      <line nr="265" mi="2" ci="0" mb="0" cb="0" />
      <line nr="266" mi="1" ci="0" mb="0" cb="0" />
      <line nr="267" mi="1" ci="0" mb="0" cb="0" />
      <line nr="269" mi="1" ci="0" mb="0" cb="0" />
      <line nr="270" mi="1" ci="0" mb="0" cb="0" />
      <line nr="271" mi="1" ci="0" mb="0" cb="0" />
      <line nr="274" mi="1" ci="0" mb="0" cb="0" />
      <line nr="275" mi="1" ci="0" mb="0" cb="0" />
      <line nr="278" mi="2" ci="0" mb="0" cb="0" />
      <line nr="279" mi="1" ci="0" mb="0" cb="0" />
      <line nr="281" mi="1" ci="0" mb="0" cb="0" />
      <line nr="282" mi="1" ci="0" mb="0" cb="0" />
      <line nr="283" mi="1" ci="0" mb="0" cb="0" />
      <line nr="286" mi="1" ci="0" mb="0" cb="0" />
      <line nr="289" mi="1" ci="0" mb="0" cb="0" />
      <line nr="290" mi="1" ci="0" mb="0" cb="0" />
      <line nr="291" mi="1" ci="0" mb="0" cb="0" />
      <line nr="294" mi="1" ci="0" mb="0" cb="0" />
      <line nr="298" mi="1" ci="0" mb="0" cb="0" />
      <line nr="301" mi="1" ci="0" mb="0" cb="0" />
      <line nr="302" mi="1" ci="0" mb="0" cb="0" />
      <line nr="303" mi="1" ci="0" mb="0" cb="0" />
      <line nr="304" mi="1" ci="0" mb="0" cb="0" />
      <line nr="305" mi="1" ci="0" mb="0" cb="0" />
      <line nr="306" mi="1" ci="0" mb="0" cb="0" />
      <line nr="311" mi="2" ci="0" mb="0" cb="0" />
      <line nr="312" mi="2" ci="0" mb="0" cb="0" />
      <line nr="314" mi="1" ci="0" mb="0" cb="0" />
      <line nr="315" mi="1" ci="0" mb="0" cb="0" />
      <line nr="316" mi="1" ci="0" mb="0" cb="0" />
      <line nr="319" mi="1" ci="0" mb="0" cb="0" />
      <line nr="322" mi="1" ci="0" mb="0" cb="0" />
      <line nr="323" mi="1" ci="0" mb="0" cb="0" />
      <line nr="324" mi="1" ci="0" mb="0" cb="0" />
      <line nr="327" mi="1" ci="0" mb="0" cb="0" />
      <line nr="331" mi="1" ci="0" mb="0" cb="0" />
      <line nr="334" mi="1" ci="0" mb="0" cb="0" />
      <line nr="335" mi="1" ci="0" mb="0" cb="0" />
      <line nr="336" mi="1" ci="0" mb="0" cb="0" />
      <line nr="337" mi="1" ci="0" mb="0" cb="0" />
      <line nr="338" mi="1" ci="0" mb="0" cb="0" />
      <line nr="339" mi="1" ci="0" mb="0" cb="0" />
      <line nr="344" mi="2" ci="0" mb="0" cb="0" />
      <line nr="346" mi="1" ci="0" mb="0" cb="0" />
      <line nr="349" mi="1" ci="0" mb="0" cb="0" />
      <line nr="350" mi="2" ci="0" mb="0" cb="0" />
      <line nr="354" mi="1" ci="0" mb="0" cb="0" />
      <line nr="356" mi="1" ci="0" mb="0" cb="0" />
      <line nr="357" mi="1" ci="0" mb="0" cb="0" />
      <line nr="358" mi="1" ci="0" mb="0" cb="0" />
      <line nr="359" mi="1" ci="0" mb="0" cb="0" />
      <line nr="360" mi="1" ci="0" mb="0" cb="0" />
      <line nr="361" mi="1" ci="0" mb="0" cb="0" />
      <line nr="366" mi="1" ci="0" mb="0" cb="0" />
      <line nr="367" mi="1" ci="0" mb="0" cb="0" />
      <line nr="369" mi="2" ci="0" mb="0" cb="0" />
      <line nr="371" mi="1" ci="0" mb="0" cb="0" />
      <line nr="372" mi="1" ci="0" mb="0" cb="0" />
      <line nr="374" mi="1" ci="0" mb="0" cb="0" />
      <line nr="375" mi="1" ci="0" mb="0" cb="0" />
      <line nr="378" mi="1" ci="0" mb="0" cb="0" />
      <line nr="381" mi="1" ci="0" mb="0" cb="0" />
      <line nr="382" mi="1" ci="0" mb="0" cb="0" />
      <line nr="383" mi="1" ci="0" mb="0" cb="0" />
      <line nr="384" mi="1" ci="0" mb="0" cb="0" />
      <line nr="385" mi="1" ci="0" mb="0" cb="0" />
      <line nr="391" mi="1" ci="0" mb="0" cb="0" />
      <line nr="392" mi="1" ci="0" mb="0" cb="0" />
      <line nr="395" mi="2" ci="0" mb="0" cb="0" />
      <line nr="396" mi="1" ci="0" mb="0" cb="0" />
      <line nr="398" mi="1" ci="0" mb="0" cb="0" />
      <line nr="399" mi="1" ci="0" mb="0" cb="0" />
      <line nr="400" mi="1" ci="0" mb="0" cb="0" />
      <line nr="404" mi="1" ci="0" mb="0" cb="0" />
      <line nr="405" mi="1" ci="0" mb="0" cb="0" />
      <line nr="409" mi="1" ci="0" mb="0" cb="0" />
      <line nr="412" mi="1" ci="0" mb="0" cb="0" />
      <line nr="413" mi="3" ci="0" mb="0" cb="0" />
      <line nr="416" mi="1" ci="0" mb="0" cb="0" />
      <line nr="417" mi="1" ci="0" mb="0" cb="0" />
      <line nr="418" mi="2" ci="0" mb="0" cb="0" />
      <line nr="419" mi="5" ci="0" mb="0" cb="0" />
      <line nr="420" mi="2" ci="0" mb="0" cb="0" />
      <line nr="421" mi="5" ci="0" mb="0" cb="0" />
      <line nr="423" mi="1" ci="0" mb="0" cb="0" />
      <line nr="429" mi="1" ci="0" mb="0" cb="0" />
      <line nr="431" mi="1" ci="0" mb="0" cb="0" />
      <line nr="432" mi="2" ci="0" mb="0" cb="0" />
      <line nr="435" mi="1" ci="0" mb="0" cb="0" />
      <line nr="436" mi="2" ci="0" mb="0" cb="0" />
      <line nr="439" mi="1" ci="0" mb="0" cb="0" />
      <line nr="440" mi="2" ci="0" mb="0" cb="0" />
      <line nr="443" mi="1" ci="0" mb="0" cb="0" />
      <line nr="444" mi="2" ci="0" mb="0" cb="0" />
      <line nr="447" mi="1" ci="0" mb="0" cb="0" />
      <line nr="448" mi="2" ci="0" mb="0" cb="0" />
      <line nr="453" mi="1" ci="0" mb="0" cb="0" />
      <line nr="454" mi="1" ci="0" mb="0" cb="0" />
      <line nr="455" mi="1" ci="0" mb="0" cb="0" />
      <line nr="457" mi="1" ci="0" mb="0" cb="0" />
      <line nr="458" mi="1" ci="0" mb="0" cb="0" />
      <line nr="464" mi="1" ci="0" mb="0" cb="0" />
      <line nr="465" mi="1" ci="0" mb="0" cb="0" />
      <line nr="466" mi="1" ci="0" mb="0" cb="0" />
      <line nr="467" mi="1" ci="0" mb="0" cb="0" />
      <line nr="469" mi="2" ci="0" mb="0" cb="0" />
      <line nr="471" mi="1" ci="0" mb="0" cb="0" />
      <line nr="473" mi="1" ci="0" mb="0" cb="0" />
      <line nr="474" mi="2" ci="0" mb="0" cb="0" />
      <line nr="477" mi="1" ci="0" mb="0" cb="0" />
      <line nr="478" mi="1" ci="0" mb="0" cb="0" />
      <line nr="479" mi="2" ci="0" mb="0" cb="0" />
      <line nr="481" mi="1" ci="0" mb="0" cb="0" />
      <line nr="482" mi="2" ci="0" mb="0" cb="0" />
      <line nr="483" mi="1" ci="0" mb="0" cb="0" />
      <line nr="484" mi="1" ci="0" mb="0" cb="0" />
      <line nr="485" mi="1" ci="0" mb="0" cb="0" />
      <line nr="486" mi="1" ci="0" mb="0" cb="0" />
      <line nr="487" mi="1" ci="0" mb="0" cb="0" />
      <line nr="491" mi="1" ci="0" mb="0" cb="0" />
      <line nr="496" mi="1" ci="0" mb="0" cb="0" />
      <line nr="497" mi="1" ci="0" mb="0" cb="0" />
      <line nr="498" mi="1" ci="0" mb="0" cb="0" />
      <line nr="499" mi="1" ci="0" mb="0" cb="0" />
      <line nr="504" mi="1" ci="0" mb="0" cb="0" />
      <line nr="506" mi="1" ci="0" mb="0" cb="0" />
      <line nr="507" mi="1" ci="0" mb="0" cb="0" />
      <line nr="508" mi="2" ci="0" mb="0" cb="0" />
      <line nr="514" mi="1" ci="0" mb="0" cb="0" />
      <line nr="515" mi="1" ci="0" mb="0" cb="0" />
      <line nr="516" mi="5" ci="0" mb="0" cb="0" />
      <line nr="517" mi="1" ci="0" mb="0" cb="0" />
      <line nr="519" mi="1" ci="0" mb="0" cb="0" />
      <line nr="520" mi="1" ci="0" mb="0" cb="0" />
      <line nr="521" mi="2" ci="0" mb="0" cb="0" />
      <line nr="522" mi="2" ci="0" mb="0" cb="0" />
      <line nr="523" mi="2" ci="0" mb="0" cb="0" />
      <line nr="524" mi="2" ci="0" mb="0" cb="0" />
      <line nr="527" mi="1" ci="0" mb="0" cb="0" />
      <line nr="531" mi="1" ci="0" mb="0" cb="0" />
      <line nr="532" mi="1" ci="0" mb="0" cb="0" />
      <line nr="533" mi="3" ci="0" mb="0" cb="0" />
      <line nr="536" mi="1" ci="0" mb="0" cb="0" />
      <line nr="540" mi="1" ci="0" mb="0" cb="0" />
      <counter type="INSTRUCTION" missed="353" covered="0" />
      <counter type="LINE" missed="271" covered="0" />
      <counter type="METHOD" missed="2" covered="0" />
      <counter type="CLASS" missed="1" covered="0" />
    </sourcefile>
    <sourcefile name="run-tests.ps1">
      <line nr="18" mi="1" ci="0" mb="0" cb="0" />
      <line nr="21" mi="1" ci="0" mb="0" cb="0" />
      <line nr="22" mi="1" ci="0" mb="0" cb="0" />
      <line nr="23" mi="1" ci="0" mb="0" cb="0" />
      <line nr="25" mi="1" ci="0" mb="0" cb="0" />
      <line nr="28" mi="2" ci="0" mb="0" cb="0" />
      <line nr="29" mi="2" ci="0" mb="0" cb="0" />
      <line nr="46" mi="1" ci="0" mb="0" cb="0" />
      <line nr="48" mi="1" ci="0" mb="0" cb="0" />
      <line nr="49" mi="1" ci="0" mb="0" cb="0" />
      <line nr="50" mi="1" ci="0" mb="0" cb="0" />
      <line nr="51" mi="1" ci="0" mb="0" cb="0" />
      <line nr="52" mi="4" ci="0" mb="0" cb="0" />
      <line nr="53" mi="1" ci="0" mb="0" cb="0" />
      <line nr="54" mi="1" ci="0" mb="0" cb="0" />
      <line nr="55" mi="1" ci="0" mb="0" cb="0" />
      <line nr="57" mi="1" ci="0" mb="0" cb="0" />
      <line nr="61" mi="1" ci="0" mb="0" cb="0" />
      <line nr="62" mi="1" ci="0" mb="0" cb="0" />
      <line nr="63" mi="1" ci="0" mb="0" cb="0" />
      <line nr="64" mi="1" ci="0" mb="0" cb="0" />
      <line nr="65" mi="4" ci="0" mb="0" cb="0" />
      <line nr="66" mi="1" ci="0" mb="0" cb="0" />
      <line nr="67" mi="1" ci="0" mb="0" cb="0" />
      <line nr="68" mi="1" ci="0" mb="0" cb="0" />
      <line nr="70" mi="1" ci="0" mb="0" cb="0" />
      <line nr="74" mi="1" ci="0" mb="0" cb="0" />
      <line nr="75" mi="3" ci="0" mb="0" cb="0" />
      <line nr="76" mi="1" ci="0" mb="0" cb="0" />
      <line nr="77" mi="1" ci="0" mb="0" cb="0" />
      <line nr="79" mi="1" ci="0" mb="0" cb="0" />
      <line nr="82" mi="1" ci="0" mb="0" cb="0" />
      <line nr="83" mi="1" ci="0" mb="0" cb="0" />
      <line nr="87" mi="1" ci="0" mb="0" cb="0" />
      <line nr="90" mi="1" ci="0" mb="0" cb="0" />
      <line nr="91" mi="1" ci="0" mb="0" cb="0" />
      <line nr="93" mi="1" ci="0" mb="0" cb="0" />
      <line nr="94" mi="1" ci="0" mb="0" cb="0" />
      <line nr="97" mi="2" ci="0" mb="0" cb="0" />
      <line nr="100" mi="2" ci="0" mb="0" cb="0" />
      <line nr="103" mi="1" ci="0" mb="0" cb="0" />
      <line nr="107" mi="1" ci="0" mb="0" cb="0" />
      <line nr="108" mi="1" ci="0" mb="0" cb="0" />
      <line nr="109" mi="1" ci="0" mb="0" cb="0" />
      <line nr="112" mi="1" ci="0" mb="0" cb="0" />
      <line nr="113" mi="1" ci="0" mb="0" cb="0" />
      <line nr="118" mi="1" ci="0" mb="0" cb="0" />
      <line nr="119" mi="1" ci="0" mb="0" cb="0" />
      <line nr="120" mi="1" ci="0" mb="0" cb="0" />
      <line nr="121" mi="1" ci="0" mb="0" cb="0" />
      <line nr="123" mi="1" ci="0" mb="0" cb="0" />
      <line nr="124" mi="1" ci="0" mb="0" cb="0" />
      <line nr="127" mi="1" ci="0" mb="0" cb="0" />
      <line nr="128" mi="1" ci="0" mb="0" cb="0" />
      <line nr="132" mi="1" ci="0" mb="0" cb="0" />
      <line nr="134" mi="1" ci="0" mb="0" cb="0" />
      <line nr="135" mi="1" ci="0" mb="0" cb="0" />
      <line nr="136" mi="1" ci="0" mb="0" cb="0" />
      <line nr="139" mi="1" ci="0" mb="0" cb="0" />
      <line nr="140" mi="1" ci="0" mb="0" cb="0" />
      <line nr="143" mi="1" ci="0" mb="0" cb="0" />
      <line nr="144" mi="1" ci="0" mb="0" cb="0" />
      <line nr="145" mi="1" ci="0" mb="0" cb="0" />
      <line nr="146" mi="1" ci="0" mb="0" cb="0" />
      <line nr="148" mi="1" ci="0" mb="0" cb="0" />
      <line nr="149" mi="1" ci="0" mb="0" cb="0" />
      <line nr="150" mi="1" ci="0" mb="0" cb="0" />
      <line nr="151" mi="1" ci="0" mb="0" cb="0" />
      <line nr="154" mi="1" ci="0" mb="0" cb="0" />
      <line nr="157" mi="3" ci="0" mb="0" cb="0" />
      <line nr="160" mi="1" ci="0" mb="0" cb="0" />
      <line nr="161" mi="1" ci="0" mb="0" cb="0" />
      <line nr="166" mi="1" ci="0" mb="0" cb="0" />
      <line nr="167" mi="1" ci="0" mb="0" cb="0" />
      <line nr="168" mi="1" ci="0" mb="0" cb="0" />
      <line nr="169" mi="1" ci="0" mb="0" cb="0" />
      <line nr="172" mi="1" ci="0" mb="0" cb="0" />
      <line nr="173" mi="1" ci="0" mb="0" cb="0" />
      <line nr="174" mi="1" ci="0" mb="0" cb="0" />
      <line nr="177" mi="1" ci="0" mb="0" cb="0" />
      <line nr="180" mi="1" ci="0" mb="0" cb="0" />
      <line nr="181" mi="4" ci="0" mb="0" cb="0" />
      <line nr="182" mi="1" ci="0" mb="0" cb="0" />
      <line nr="185" mi="1" ci="0" mb="0" cb="0" />
      <counter type="INSTRUCTION" missed="101" covered="0" />
      <counter type="LINE" missed="84" covered="0" />
      <counter type="METHOD" missed="2" covered="0" />
      <counter type="CLASS" missed="1" covered="0" />
    </sourcefile>
    <counter type="INSTRUCTION" missed="2338" covered="680" />
    <counter type="LINE" missed="1916" covered="550" />
    <counter type="METHOD" missed="19" covered="15" />
    <counter type="CLASS" missed="4" covered="5" />
  </package>
  <counter type="INSTRUCTION" missed="2338" covered="680" />
  <counter type="LINE" missed="1916" covered="550" />
  <counter type="METHOD" missed="19" covered="15" />
  <counter type="CLASS" missed="4" covered="5" />
</report>
