<?xml version="1.0" ?>
<!DOCTYPE coverage SYSTEM "http://cobertura.sourceforge.net/xml/coverage-04.dtd">
<coverage lines-valid="866" lines-covered="39" line-rate="0.045" branches-valid="535" branches-covered="8" branch-rate="0.0149" timestamp="1745158145833" complexity="0" version="0.1">
  <sources>
    <source>C:\Users\user\Documents\Projects\CyberCore</source>
  </sources>
  <packages>
    <package name="main" line-rate="0.045" branch-rate="0.0149">
      <classes>
        <class name="hologram-component.js" filename="assets\hologram-component.js" line-rate="0.0078000000000000005" branch-rate="0">
          <methods>
            <method name="(anonymous_0)" hits="0" signature="()V">
              <lines>
                <line number="38" hits="0"/>
              </lines>
            </method>
            <method name="(anonymous_1)" hits="0" signature="()V">
              <lines>
                <line number="305" hits="0"/>
              </lines>
            </method>
            <method name="(anonymous_2)" hits="0" signature="()V">
              <lines>
                <line number="333" hits="0"/>
              </lines>
            </method>
            <method name="(anonymous_3)" hits="0" signature="()V">
              <lines>
                <line number="353" hits="0"/>
              </lines>
            </method>
            <method name="(anonymous_4)" hits="1" signature="()V">
              <lines>
                <line number="379" hits="1"/>
              </lines>
            </method>
            <method name="(anonymous_5)" hits="0" signature="()V">
              <lines>
                <line number="389" hits="0"/>
              </lines>
            </method>
            <method name="(anonymous_6)" hits="0" signature="()V">
              <lines>
                <line number="409" hits="0"/>
              </lines>
            </method>
            <method name="(anonymous_7)" hits="0" signature="()V">
              <lines>
                <line number="422" hits="0"/>
              </lines>
            </method>
            <method name="(anonymous_8)" hits="0" signature="()V">
              <lines>
                <line number="437" hits="0"/>
              </lines>
            </method>
            <method name="(anonymous_9)" hits="0" signature="()V">
              <lines>
                <line number="440" hits="0"/>
              </lines>
            </method>
            <method name="(anonymous_10)" hits="0" signature="()V">
              <lines>
                <line number="495" hits="0"/>
              </lines>
            </method>
            <method name="(anonymous_11)" hits="0" signature="()V">
              <lines>
                <line number="501" hits="0"/>
              </lines>
            </method>
            <method name="(anonymous_12)" hits="0" signature="()V">
              <lines>
                <line number="516" hits="0"/>
              </lines>
            </method>
            <method name="(anonymous_13)" hits="0" signature="()V">
              <lines>
                <line number="533" hits="0"/>
              </lines>
            </method>
            <method name="(anonymous_14)" hits="0" signature="()V">
              <lines>
                <line number="535" hits="0"/>
              </lines>
            </method>
            <method name="(anonymous_15)" hits="0" signature="()V">
              <lines>
                <line number="542" hits="0"/>
              </lines>
            </method>
            <method name="(anonymous_16)" hits="0" signature="()V">
              <lines>
                <line number="560" hits="0"/>
              </lines>
            </method>
            <method name="(anonymous_17)" hits="0" signature="()V">
              <lines>
                <line number="562" hits="0"/>
              </lines>
            </method>
            <method name="(anonymous_18)" hits="0" signature="()V">
              <lines>
                <line number="569" hits="0"/>
              </lines>
            </method>
            <method name="(anonymous_19)" hits="0" signature="()V">
              <lines>
                <line number="593" hits="0"/>
              </lines>
            </method>
            <method name="(anonymous_20)" hits="0" signature="()V">
              <lines>
                <line number="602" hits="0"/>
              </lines>
            </method>
            <method name="(anonymous_21)" hits="0" signature="()V">
              <lines>
                <line number="662" hits="0"/>
              </lines>
            </method>
            <method name="(anonymous_22)" hits="0" signature="()V">
              <lines>
                <line number="674" hits="0"/>
              </lines>
            </method>
            <method name="(anonymous_23)" hits="0" signature="()V">
              <lines>
                <line number="686" hits="0"/>
              </lines>
            </method>
            <method name="(anonymous_24)" hits="0" signature="()V">
              <lines>
                <line number="694" hits="0"/>
              </lines>
            </method>
            <method name="(anonymous_25)" hits="0" signature="()V">
              <lines>
                <line number="710" hits="0"/>
              </lines>
            </method>
            <method name="(anonymous_26)" hits="0" signature="()V">
              <lines>
                <line number="743" hits="0"/>
              </lines>
            </method>
            <method name="(anonymous_27)" hits="0" signature="()V">
              <lines>
                <line number="859" hits="0"/>
              </lines>
            </method>
          </methods>
          <lines>
            <line number="19" hits="0" branch="false"/>
            <line number="20" hits="0" branch="false"/>
            <line number="21" hits="0" branch="false"/>
            <line number="22" hits="0" branch="false"/>
            <line number="23" hits="0" branch="false"/>
            <line number="24" hits="0" branch="false"/>
            <line number="25" hits="0" branch="false"/>
            <line number="26" hits="0" branch="false"/>
            <line number="27" hits="0" branch="false"/>
            <line number="28" hits="0" branch="false"/>
            <line number="29" hits="0" branch="false"/>
            <line number="30" hits="0" branch="false"/>
            <line number="31" hits="0" branch="false"/>
            <line number="32" hits="0" branch="false"/>
            <line number="33" hits="0" branch="false"/>
            <line number="39" hits="0" branch="false"/>
            <line number="42" hits="0" branch="false"/>
            <line number="45" hits="0" branch="true" condition-coverage="0% (0/2)"/>
            <line number="46" hits="0" branch="false"/>
            <line number="47" hits="0" branch="false"/>
            <line number="49" hits="0" branch="false"/>
            <line number="53" hits="0" branch="false"/>
            <line number="299" hits="0" branch="false"/>
            <line number="307" hits="0" branch="false"/>
            <line number="308" hits="0" branch="false"/>
            <line number="309" hits="0" branch="true" condition-coverage="0% (0/2)"/>
            <line number="312" hits="0" branch="false"/>
            <line number="315" hits="0" branch="false"/>
            <line number="318" hits="0" branch="false"/>
            <line number="321" hits="0" branch="false"/>
            <line number="324" hits="0" branch="false"/>
            <line number="327" hits="0" branch="false"/>
            <line number="335" hits="0" branch="false"/>
            <line number="336" hits="0" branch="false"/>
            <line number="339" hits="0" branch="true" condition-coverage="0% (0/2)"/>
            <line number="340" hits="0" branch="false"/>
            <line number="341" hits="0" branch="false"/>
            <line number="345" hits="0" branch="true" condition-coverage="0% (0/2)"/>
            <line number="346" hits="0" branch="false"/>
            <line number="354" hits="0" branch="true" condition-coverage="0% (0/2)"/>
            <line number="356" hits="0" branch="true" condition-coverage="0% (0/4)"/>
            <line number="358" hits="0" branch="false"/>
            <line number="359" hits="0" branch="false"/>
            <line number="360" hits="0" branch="false"/>
            <line number="362" hits="0" branch="false"/>
            <line number="363" hits="0" branch="false"/>
            <line number="364" hits="0" branch="false"/>
            <line number="366" hits="0" branch="false"/>
            <line number="367" hits="0" branch="false"/>
            <line number="368" hits="0" branch="false"/>
            <line number="370" hits="0" branch="false"/>
            <line number="371" hits="0" branch="false"/>
            <line number="372" hits="0" branch="false"/>
            <line number="380" hits="1" branch="false"/>
            <line number="388" hits="0" branch="false"/>
            <line number="390" hits="0" branch="true" condition-coverage="0% (0/4)"/>
            <line number="391" hits="0" branch="false"/>
            <line number="397" hits="0" branch="false"/>
            <line number="405" hits="0" branch="true" condition-coverage="0% (0/2)"/>
            <line number="408" hits="0" branch="false"/>
            <line number="411" hits="0" branch="false"/>
            <line number="414" hits="0" branch="true" condition-coverage="0% (0/2)"/>
            <line number="415" hits="0" branch="false"/>
            <line number="416" hits="0" branch="true" condition-coverage="0% (0/2)"/>
            <line number="417" hits="0" branch="false"/>
            <line number="420" hits="0" branch="false"/>
            <line number="423" hits="0" branch="false"/>
            <line number="424" hits="0" branch="false"/>
            <line number="428" hits="0" branch="false"/>
            <line number="437" hits="0" branch="false"/>
            <line number="439" hits="0" branch="false"/>
            <line number="441" hits="0" branch="false"/>
            <line number="442" hits="0" branch="false"/>
            <line number="453" hits="0" branch="true" condition-coverage="0% (0/4)"/>
            <line number="456" hits="0" branch="false"/>
            <line number="458" hits="0" branch="false"/>
            <line number="460" hits="0" branch="false"/>
            <line number="472" hits="0" branch="true" condition-coverage="0% (0/2)"/>
            <line number="473" hits="0" branch="false"/>
            <line number="477" hits="0" branch="false"/>
            <line number="479" hits="0" branch="false"/>
            <line number="480" hits="0" branch="false"/>
            <line number="489" hits="0" branch="true" condition-coverage="0% (0/2)"/>
            <line number="491" hits="0" branch="false"/>
            <line number="494" hits="0" branch="false"/>
            <line number="496" hits="0" branch="true" condition-coverage="0% (0/2)"/>
            <line number="497" hits="0" branch="false"/>
            <line number="499" hits="0" branch="false"/>
            <line number="502" hits="0" branch="false"/>
            <line number="505" hits="0" branch="false"/>
            <line number="506" hits="0" branch="true" condition-coverage="0% (0/2)"/>
            <line number="507" hits="0" branch="false"/>
            <line number="508" hits="0" branch="false"/>
            <line number="510" hits="0" branch="false"/>
            <line number="514" hits="0" branch="false"/>
            <line number="517" hits="0" branch="false"/>
            <line number="518" hits="0" branch="false"/>
            <line number="529" hits="0" branch="true" condition-coverage="0% (0/2)"/>
            <line number="532" hits="0" branch="true" condition-coverage="0% (0/4)"/>
            <line number="533" hits="0" branch="false"/>
            <line number="534" hits="0" branch="true" condition-coverage="0% (0/4)"/>
            <line number="535" hits="0" branch="false"/>
            <line number="536" hits="0" branch="true" condition-coverage="0% (0/2)"/>
            <line number="541" hits="0" branch="true" condition-coverage="0% (0/2)"/>
            <line number="542" hits="0" branch="true" condition-coverage="0% (0/2)"/>
            <line number="543" hits="0" branch="true" condition-coverage="0% (0/4)"/>
            <line number="546" hits="0" branch="false"/>
            <line number="556" hits="0" branch="true" condition-coverage="0% (0/2)"/>
            <line number="559" hits="0" branch="true" condition-coverage="0% (0/4)"/>
            <line number="560" hits="0" branch="false"/>
            <line number="561" hits="0" branch="true" condition-coverage="0% (0/4)"/>
            <line number="562" hits="0" branch="false"/>
            <line number="563" hits="0" branch="true" condition-coverage="0% (0/2)"/>
            <line number="568" hits="0" branch="true" condition-coverage="0% (0/2)"/>
            <line number="569" hits="0" branch="true" condition-coverage="0% (0/2)"/>
            <line number="570" hits="0" branch="true" condition-coverage="0% (0/4)"/>
            <line number="573" hits="0" branch="false"/>
            <line number="581" hits="0" branch="true" condition-coverage="0% (0/4)"/>
            <line number="583" hits="0" branch="false"/>
            <line number="586" hits="0" branch="false"/>
            <line number="594" hits="0" branch="false"/>
            <line number="597" hits="0" branch="false"/>
            <line number="600" hits="0" branch="false"/>
            <line number="603" hits="0" branch="false"/>
            <line number="604" hits="0" branch="false"/>
            <line number="614" hits="0" branch="false"/>
            <line number="617" hits="0" branch="false"/>
            <line number="620" hits="0" branch="false"/>
            <line number="623" hits="0" branch="false"/>
            <line number="631" hits="0" branch="true" condition-coverage="0% (0/2)"/>
            <line number="634" hits="0" branch="false"/>
            <line number="636" hits="0" branch="true" condition-coverage="0% (0/4)"/>
            <line number="638" hits="0" branch="false"/>
            <line number="639" hits="0" branch="false"/>
            <line number="641" hits="0" branch="false"/>
            <line number="642" hits="0" branch="false"/>
            <line number="644" hits="0" branch="false"/>
            <line number="645" hits="0" branch="false"/>
            <line number="647" hits="0" branch="false"/>
            <line number="648" hits="0" branch="false"/>
            <line number="651" hits="0" branch="false"/>
            <line number="660" hits="0" branch="false"/>
            <line number="661" hits="0" branch="true" condition-coverage="0% (0/2)"/>
            <line number="662" hits="0" branch="false"/>
            <line number="663" hits="0" branch="true" condition-coverage="0% (0/2)"/>
            <line number="666" hits="0" branch="true" condition-coverage="0% (0/2)"/>
            <line number="667" hits="0" branch="false"/>
            <line number="672" hits="0" branch="false"/>
            <line number="673" hits="0" branch="true" condition-coverage="0% (0/2)"/>
            <line number="674" hits="0" branch="false"/>
            <line number="675" hits="0" branch="true" condition-coverage="0% (0/2)"/>
            <line number="678" hits="0" branch="true" condition-coverage="0% (0/2)"/>
            <line number="679" hits="0" branch="false"/>
            <line number="684" hits="0" branch="false"/>
            <line number="685" hits="0" branch="true" condition-coverage="0% (0/2)"/>
            <line number="686" hits="0" branch="false"/>
            <line number="687" hits="0" branch="false"/>
            <line number="692" hits="0" branch="false"/>
            <line number="693" hits="0" branch="true" condition-coverage="0% (0/2)"/>
            <line number="694" hits="0" branch="false"/>
            <line number="695" hits="0" branch="false"/>
            <line number="706" hits="0" branch="true" condition-coverage="0% (0/2)"/>
            <line number="707" hits="0" branch="false"/>
            <line number="710" hits="0" branch="false"/>
            <line number="711" hits="0" branch="true" condition-coverage="0% (0/2)"/>
            <line number="713" hits="0" branch="false"/>
            <line number="723" hits="0" branch="true" condition-coverage="0% (0/2)"/>
            <line number="726" hits="0" branch="false"/>
            <line number="727" hits="0" branch="false"/>
            <line number="730" hits="0" branch="false"/>
            <line number="731" hits="0" branch="false"/>
            <line number="734" hits="0" branch="false"/>
            <line number="735" hits="0" branch="false"/>
            <line number="743" hits="0" branch="false"/>
            <line number="744" hits="0" branch="true" condition-coverage="0% (0/4)"/>
            <line number="745" hits="0" branch="false"/>
            <line number="749" hits="0" branch="false"/>
            <line number="758" hits="0" branch="true" condition-coverage="0% (0/4)"/>
            <line number="761" hits="0" branch="false"/>
            <line number="762" hits="0" branch="false"/>
            <line number="771" hits="0" branch="true" condition-coverage="0% (0/5)"/>
            <line number="774" hits="0" branch="true" condition-coverage="0% (0/2)"/>
            <line number="776" hits="0" branch="false"/>
            <line number="786" hits="0" branch="false"/>
            <line number="796" hits="0" branch="true" condition-coverage="0% (0/5)"/>
            <line number="799" hits="0" branch="true" condition-coverage="0% (0/2)"/>
            <line number="801" hits="0" branch="false"/>
            <line number="804" hits="0" branch="false"/>
            <line number="805" hits="0" branch="true" condition-coverage="0% (0/4)"/>
            <line number="806" hits="0" branch="false"/>
            <line number="807" hits="0" branch="false"/>
            <line number="811" hits="0" branch="false"/>
            <line number="821" hits="0" branch="true" condition-coverage="0% (0/4)"/>
            <line number="823" hits="0" branch="false"/>
            <line number="835" hits="0" branch="true" condition-coverage="0% (0/2)"/>
            <line number="838" hits="0" branch="false"/>
            <line number="847" hits="0" branch="false"/>
            <line number="856" hits="0" branch="false"/>
            <line number="859" hits="0" branch="false"/>
            <line number="860" hits="0" branch="false"/>
            <line number="869" hits="0" branch="false"/>
            <line number="870" hits="0" branch="true" condition-coverage="0% (0/2)"/>
            <line number="872" hits="0" branch="false"/>
            <line number="880" hits="0" branch="false"/>
            <line number="881" hits="0" branch="true" condition-coverage="0% (0/2)"/>
            <line number="882" hits="0" branch="false"/>
            <line number="886" hits="0" branch="false"/>
            <line number="894" hits="0" branch="false"/>
            <line number="895" hits="0" branch="true" condition-coverage="0% (0/2)"/>
            <line number="896" hits="0" branch="false"/>
            <line number="906" hits="0" branch="false"/>
            <line number="907" hits="0" branch="true" condition-coverage="0% (0/2)"/>
            <line number="908" hits="0" branch="false"/>
            <line number="909" hits="0" branch="false"/>
            <line number="913" hits="0" branch="false"/>
            <line number="921" hits="0" branch="false"/>
            <line number="922" hits="0" branch="true" condition-coverage="0% (0/2)"/>
            <line number="923" hits="0" branch="false"/>
            <line number="932" hits="0" branch="true" condition-coverage="0% (0/2)"/>
            <line number="935" hits="0" branch="false"/>
            <line number="937" hits="0" branch="true" condition-coverage="0% (0/2)"/>
            <line number="938" hits="0" branch="false"/>
            <line number="941" hits="0" branch="false"/>
            <line number="942" hits="0" branch="true" condition-coverage="0% (0/2)"/>
            <line number="943" hits="0" branch="false"/>
            <line number="944" hits="0" branch="false"/>
            <line number="947" hits="0" branch="true" condition-coverage="0% (0/2)"/>
            <line number="948" hits="0" branch="false"/>
            <line number="949" hits="0" branch="false"/>
            <line number="954" hits="0" branch="false"/>
            <line number="955" hits="0" branch="true" condition-coverage="0% (0/2)"/>
            <line number="956" hits="0" branch="false"/>
            <line number="959" hits="0" branch="false"/>
            <line number="962" hits="0" branch="false"/>
            <line number="963" hits="0" branch="true" condition-coverage="0% (0/2)"/>
            <line number="964" hits="0" branch="false"/>
            <line number="974" hits="0" branch="true" condition-coverage="0% (0/2)"/>
            <line number="976" hits="0" branch="false"/>
            <line number="979" hits="0" branch="false"/>
            <line number="987" hits="0" branch="true" condition-coverage="0% (0/2)"/>
            <line number="989" hits="0" branch="true" condition-coverage="0% (0/2)"/>
            <line number="990" hits="0" branch="false"/>
            <line number="994" hits="0" branch="true" condition-coverage="0% (0/2)"/>
            <line number="995" hits="0" branch="false"/>
            <line number="1005" hits="0" branch="true" condition-coverage="0% (0/4)"/>
            <line number="1007" hits="0" branch="false"/>
            <line number="1008" hits="0" branch="true" condition-coverage="0% (0/2)"/>
            <line number="1011" hits="0" branch="true" condition-coverage="0% (0/2)"/>
            <line number="1012" hits="0" branch="false"/>
            <line number="1021" hits="0" branch="true" condition-coverage="0% (0/2)"/>
            <line number="1022" hits="0" branch="false"/>
            <line number="1023" hits="0" branch="false"/>
            <line number="1026" hits="0" branch="true" condition-coverage="0% (0/4)"/>
            <line number="1027" hits="0" branch="false"/>
            <line number="1034" hits="1" branch="false"/>
          </lines>
        </class>
        <class name="hologram-renderer.js" filename="assets\hologram-renderer.js" line-rate="0.17120000000000002" branch-rate="0.0533">
          <methods>
            <method name="(anonymous_0)" hits="6" signature="()V">
              <lines>
                <line number="40" hits="6"/>
              </lines>
            </method>
            <method name="(anonymous_1)" hits="0" signature="()V">
              <lines>
                <line number="52" hits="0"/>
              </lines>
            </method>
            <method name="(anonymous_2)" hits="0" signature="()V">
              <lines>
                <line number="89" hits="0"/>
              </lines>
            </method>
            <method name="(anonymous_3)" hits="0" signature="()V">
              <lines>
                <line number="94" hits="0"/>
              </lines>
            </method>
            <method name="(anonymous_4)" hits="0" signature="()V">
              <lines>
                <line number="113" hits="0"/>
              </lines>
            </method>
            <method name="(anonymous_5)" hits="0" signature="()V">
              <lines>
                <line number="126" hits="0"/>
              </lines>
            </method>
            <method name="(anonymous_6)" hits="0" signature="()V">
              <lines>
                <line number="135" hits="0"/>
              </lines>
            </method>
            <method name="(anonymous_7)" hits="0" signature="()V">
              <lines>
                <line number="151" hits="0"/>
              </lines>
            </method>
            <method name="(anonymous_8)" hits="0" signature="()V">
              <lines>
                <line number="175" hits="0"/>
              </lines>
            </method>
            <method name="(anonymous_9)" hits="0" signature="()V">
              <lines>
                <line number="184" hits="0"/>
              </lines>
            </method>
            <method name="(anonymous_10)" hits="0" signature="()V">
              <lines>
                <line number="196" hits="0"/>
              </lines>
            </method>
            <method name="(anonymous_11)" hits="0" signature="()V">
              <lines>
                <line number="220" hits="0"/>
              </lines>
            </method>
            <method name="(anonymous_12)" hits="0" signature="()V">
              <lines>
                <line number="238" hits="0"/>
              </lines>
            </method>
            <method name="(anonymous_13)" hits="6" signature="()V">
              <lines>
                <line number="280" hits="6"/>
              </lines>
            </method>
            <method name="(anonymous_14)" hits="0" signature="()V">
              <lines>
                <line number="337" hits="0"/>
              </lines>
            </method>
            <method name="(anonymous_15)" hits="0" signature="()V">
              <lines>
                <line number="341" hits="0"/>
              </lines>
            </method>
            <method name="(anonymous_16)" hits="0" signature="()V">
              <lines>
                <line number="374" hits="0"/>
              </lines>
            </method>
            <method name="(anonymous_17)" hits="0" signature="()V">
              <lines>
                <line number="384" hits="0"/>
              </lines>
            </method>
            <method name="(anonymous_18)" hits="0" signature="()V">
              <lines>
                <line number="409" hits="0"/>
              </lines>
            </method>
            <method name="(anonymous_19)" hits="0" signature="()V">
              <lines>
                <line number="410" hits="0"/>
              </lines>
            </method>
            <method name="(anonymous_20)" hits="0" signature="()V">
              <lines>
                <line number="434" hits="0"/>
              </lines>
            </method>
            <method name="(anonymous_21)" hits="0" signature="()V">
              <lines>
                <line number="436" hits="0"/>
              </lines>
            </method>
            <method name="(anonymous_22)" hits="0" signature="()V">
              <lines>
                <line number="445" hits="0"/>
              </lines>
            </method>
            <method name="(anonymous_23)" hits="0" signature="()V">
              <lines>
                <line number="456" hits="0"/>
              </lines>
            </method>
            <method name="(anonymous_24)" hits="0" signature="()V">
              <lines>
                <line number="467" hits="0"/>
              </lines>
            </method>
            <method name="(anonymous_25)" hits="0" signature="()V">
              <lines>
                <line number="475" hits="0"/>
              </lines>
            </method>
            <method name="(anonymous_26)" hits="0" signature="()V">
              <lines>
                <line number="484" hits="0"/>
              </lines>
            </method>
            <method name="(anonymous_27)" hits="0" signature="()V">
              <lines>
                <line number="492" hits="0"/>
              </lines>
            </method>
            <method name="(anonymous_28)" hits="0" signature="()V">
              <lines>
                <line number="501" hits="0"/>
              </lines>
            </method>
            <method name="(anonymous_29)" hits="0" signature="()V">
              <lines>
                <line number="509" hits="0"/>
              </lines>
            </method>
            <method name="(anonymous_30)" hits="0" signature="()V">
              <lines>
                <line number="513" hits="0"/>
              </lines>
            </method>
            <method name="(anonymous_31)" hits="0" signature="()V">
              <lines>
                <line number="515" hits="0"/>
              </lines>
            </method>
            <method name="(anonymous_32)" hits="0" signature="()V">
              <lines>
                <line number="529" hits="0"/>
              </lines>
            </method>
            <method name="(anonymous_33)" hits="0" signature="()V">
              <lines>
                <line number="540" hits="0"/>
              </lines>
            </method>
          </methods>
          <lines>
            <line number="42" hits="6" branch="true" condition-coverage="50% (1/2)"/>
            <line number="43" hits="0" branch="false"/>
            <line number="46" hits="6" branch="false"/>
            <line number="57" hits="6" branch="false"/>
            <line number="58" hits="6" branch="false"/>
            <line number="59" hits="6" branch="false"/>
            <line number="60" hits="6" branch="false"/>
            <line number="61" hits="6" branch="false"/>
            <line number="62" hits="6" branch="false"/>
            <line number="63" hits="6" branch="false"/>
            <line number="64" hits="6" branch="false"/>
            <line number="65" hits="6" branch="false"/>
            <line number="66" hits="6" branch="false"/>
            <line number="67" hits="6" branch="false"/>
            <line number="70" hits="6" branch="false"/>
            <line number="73" hits="0" branch="false"/>
            <line number="75" hits="0" branch="false"/>
            <line number="77" hits="0" branch="true" condition-coverage="0% (0/2)"/>
            <line number="78" hits="0" branch="false"/>
            <line number="81" hits="0" branch="false"/>
            <line number="90" hits="0" branch="true" condition-coverage="0% (0/2)"/>
            <line number="91" hits="0" branch="false"/>
            <line number="94" hits="0" branch="false"/>
            <line number="95" hits="0" branch="false"/>
            <line number="97" hits="0" branch="true" condition-coverage="0% (0/2)"/>
            <line number="98" hits="0" branch="false"/>
            <line number="99" hits="0" branch="false"/>
            <line number="103" hits="0" branch="true" condition-coverage="0% (0/2)"/>
            <line number="106" hits="0" branch="false"/>
            <line number="108" hits="0" branch="false"/>
            <line number="114" hits="0" branch="false"/>
            <line number="115" hits="0" branch="false"/>
            <line number="116" hits="0" branch="false"/>
            <line number="118" hits="0" branch="true" condition-coverage="0% (0/2)"/>
            <line number="119" hits="0" branch="false"/>
            <line number="122" hits="0" branch="false"/>
            <line number="127" hits="0" branch="true" condition-coverage="0% (0/2)"/>
            <line number="128" hits="0" branch="false"/>
            <line number="136" hits="0" branch="false"/>
            <line number="137" hits="0" branch="false"/>
            <line number="141" hits="0" branch="false"/>
            <line number="142" hits="0" branch="false"/>
            <line number="152" hits="0" branch="true" condition-coverage="0% (0/4)"/>
            <line number="154" hits="0" branch="false"/>
            <line number="162" hits="0" branch="false"/>
            <line number="167" hits="0" branch="false"/>
            <line number="176" hits="0" branch="true" condition-coverage="0% (0/4)"/>
            <line number="179" hits="0" branch="true" condition-coverage="0% (0/4)"/>
            <line number="181" hits="0" branch="false"/>
            <line number="184" hits="0" branch="false"/>
            <line number="185" hits="0" branch="false"/>
            <line number="189" hits="0" branch="false"/>
            <line number="197" hits="0" branch="true" condition-coverage="0% (0/2)"/>
            <line number="199" hits="0" branch="false"/>
            <line number="202" hits="0" branch="true" condition-coverage="0% (0/2)"/>
            <line number="203" hits="0" branch="false"/>
            <line number="212" hits="0" branch="false"/>
            <line number="221" hits="0" branch="true" condition-coverage="0% (0/2)"/>
            <line number="223" hits="0" branch="false"/>
            <line number="224" hits="0" branch="false"/>
            <line number="226" hits="0" branch="true" condition-coverage="0% (0/4)"/>
            <line number="227" hits="0" branch="false"/>
            <line number="228" hits="0" branch="false"/>
            <line number="229" hits="0" branch="false"/>
            <line number="232" hits="0" branch="false"/>
            <line number="239" hits="0" branch="true" condition-coverage="0% (0/2)"/>
            <line number="242" hits="0" branch="true" condition-coverage="0% (0/2)"/>
            <line number="243" hits="0" branch="false"/>
            <line number="244" hits="0" branch="false"/>
            <line number="248" hits="0" branch="true" condition-coverage="0% (0/2)"/>
            <line number="249" hits="0" branch="false"/>
            <line number="250" hits="0" branch="false"/>
            <line number="254" hits="0" branch="true" condition-coverage="0% (0/2)"/>
            <line number="255" hits="0" branch="false"/>
            <line number="256" hits="0" branch="false"/>
            <line number="260" hits="0" branch="true" condition-coverage="0% (0/2)"/>
            <line number="261" hits="0" branch="false"/>
            <line number="262" hits="0" branch="false"/>
            <line number="265" hits="0" branch="false"/>
            <line number="266" hits="0" branch="false"/>
            <line number="267" hits="0" branch="false"/>
            <line number="268" hits="0" branch="false"/>
            <line number="269" hits="0" branch="false"/>
            <line number="271" hits="0" branch="true" condition-coverage="0% (0/2)"/>
            <line number="272" hits="0" branch="false"/>
            <line number="282" hits="6" branch="true" condition-coverage="75% (3/4)"/>
            <line number="283" hits="0" branch="false"/>
            <line number="284" hits="0" branch="false"/>
            <line number="287" hits="6" branch="false"/>
            <line number="290" hits="6" branch="false"/>
            <line number="294" hits="6" branch="false"/>
            <line number="295" hits="6" branch="false"/>
            <line number="296" hits="6" branch="false"/>
            <line number="297" hits="6" branch="false"/>
            <line number="298" hits="6" branch="false"/>
            <line number="301" hits="6" branch="false"/>
            <line number="304" hits="6" branch="false"/>
            <line number="310" hits="6" branch="false"/>
            <line number="311" hits="0" branch="false"/>
            <line number="314" hits="0" branch="false"/>
            <line number="315" hits="0" branch="false"/>
            <line number="317" hits="0" branch="false"/>
            <line number="318" hits="0" branch="false"/>
            <line number="319" hits="0" branch="false"/>
            <line number="322" hits="0" branch="true" condition-coverage="0% (0/2)"/>
            <line number="323" hits="0" branch="false"/>
            <line number="327" hits="0" branch="false"/>
            <line number="330" hits="0" branch="false"/>
            <line number="338" hits="0" branch="false"/>
            <line number="339" hits="0" branch="false"/>
            <line number="341" hits="0" branch="false"/>
            <line number="342" hits="0" branch="false"/>
            <line number="344" hits="0" branch="true" condition-coverage="0% (0/4)"/>
            <line number="346" hits="0" branch="false"/>
            <line number="347" hits="0" branch="false"/>
            <line number="350" hits="0" branch="false"/>
            <line number="351" hits="0" branch="false"/>
            <line number="354" hits="0" branch="false"/>
            <line number="355" hits="0" branch="false"/>
            <line number="358" hits="0" branch="false"/>
            <line number="359" hits="0" branch="false"/>
            <line number="363" hits="0" branch="false"/>
            <line number="366" hits="0" branch="false"/>
            <line number="386" hits="0" branch="true" condition-coverage="0% (0/2)"/>
            <line number="391" hits="0" branch="true" condition-coverage="0% (0/2)"/>
            <line number="396" hits="0" branch="false"/>
            <line number="399" hits="0" branch="false"/>
            <line number="402" hits="0" branch="false"/>
            <line number="410" hits="0" branch="false"/>
            <line number="411" hits="0" branch="false"/>
            <line number="413" hits="0" branch="false"/>
            <line number="416" hits="0" branch="true" condition-coverage="0% (0/4)"/>
            <line number="417" hits="0" branch="false"/>
            <line number="421" hits="0" branch="false"/>
            <line number="424" hits="0" branch="false"/>
            <line number="427" hits="0" branch="false"/>
            <line number="436" hits="0" branch="false"/>
            <line number="446" hits="0" branch="false"/>
            <line number="457" hits="0" branch="false"/>
            <line number="512" hits="0" branch="false"/>
            <line number="515" hits="0" branch="false"/>
            <line number="516" hits="0" branch="false"/>
            <line number="530" hits="0" branch="true" condition-coverage="0% (0/2)"/>
            <line number="531" hits="0" branch="true" condition-coverage="0% (0/2)"/>
            <line number="532" hits="0" branch="true" condition-coverage="0% (0/2)"/>
            <line number="533" hits="0" branch="false"/>
          </lines>
        </class>
        <class name="neural-bus.js" filename="assets\neural-bus.js" line-rate="0.0649" branch-rate="0.011399999999999999">
          <methods>
            <method name="(anonymous_0)" hits="0" signature="()V">
              <lines>
                <line number="37" hits="0"/>
              </lines>
            </method>
            <method name="(anonymous_1)" hits="0" signature="()V">
              <lines>
                <line number="114" hits="0"/>
              </lines>
            </method>
            <method name="(anonymous_2)" hits="0" signature="()V">
              <lines>
                <line number="149" hits="0"/>
              </lines>
            </method>
            <method name="(anonymous_3)" hits="0" signature="()V">
              <lines>
                <line number="164" hits="0"/>
              </lines>
            </method>
            <method name="(anonymous_4)" hits="0" signature="()V">
              <lines>
                <line number="173" hits="0"/>
              </lines>
            </method>
            <method name="(anonymous_5)" hits="0" signature="()V">
              <lines>
                <line number="184" hits="0"/>
              </lines>
            </method>
            <method name="(anonymous_6)" hits="0" signature="()V">
              <lines>
                <line number="222" hits="0"/>
              </lines>
            </method>
            <method name="(anonymous_7)" hits="0" signature="()V">
              <lines>
                <line number="244" hits="0"/>
              </lines>
            </method>
            <method name="(anonymous_8)" hits="0" signature="()V">
              <lines>
                <line number="253" hits="0"/>
              </lines>
            </method>
            <method name="(anonymous_9)" hits="0" signature="()V">
              <lines>
                <line number="257" hits="0"/>
              </lines>
            </method>
            <method name="(anonymous_10)" hits="0" signature="()V">
              <lines>
                <line number="276" hits="0"/>
              </lines>
            </method>
            <method name="(anonymous_11)" hits="0" signature="()V">
              <lines>
                <line number="296" hits="0"/>
              </lines>
            </method>
            <method name="(anonymous_12)" hits="0" signature="()V">
              <lines>
                <line number="326" hits="0"/>
              </lines>
            </method>
            <method name="(anonymous_13)" hits="0" signature="()V">
              <lines>
                <line number="335" hits="0"/>
              </lines>
            </method>
            <method name="(anonymous_14)" hits="0" signature="()V">
              <lines>
                <line number="342" hits="0"/>
              </lines>
            </method>
            <method name="(anonymous_15)" hits="0" signature="()V">
              <lines>
                <line number="360" hits="0"/>
              </lines>
            </method>
            <method name="(anonymous_16)" hits="0" signature="()V">
              <lines>
                <line number="398" hits="0"/>
              </lines>
            </method>
            <method name="(anonymous_17)" hits="0" signature="()V">
              <lines>
                <line number="408" hits="0"/>
              </lines>
            </method>
            <method name="(anonymous_18)" hits="0" signature="()V">
              <lines>
                <line number="426" hits="0"/>
              </lines>
            </method>
            <method name="(anonymous_19)" hits="0" signature="()V">
              <lines>
                <line number="443" hits="0"/>
              </lines>
            </method>
            <method name="(anonymous_20)" hits="0" signature="()V">
              <lines>
                <line number="457" hits="0"/>
              </lines>
            </method>
            <method name="(anonymous_21)" hits="0" signature="()V">
              <lines>
                <line number="465" hits="0"/>
              </lines>
            </method>
            <method name="(anonymous_22)" hits="0" signature="()V">
              <lines>
                <line number="486" hits="0"/>
              </lines>
            </method>
            <method name="(anonymous_23)" hits="0" signature="()V">
              <lines>
                <line number="494" hits="0"/>
              </lines>
            </method>
            <method name="(anonymous_24)" hits="0" signature="()V">
              <lines>
                <line number="501" hits="0"/>
              </lines>
            </method>
          </methods>
          <lines>
            <line number="24" hits="2" branch="false"/>
            <line number="25" hits="2" branch="false"/>
            <line number="26" hits="2" branch="false"/>
            <line number="27" hits="2" branch="false"/>
            <line number="28" hits="2" branch="false"/>
            <line number="29" hits="2" branch="false"/>
            <line number="30" hits="2" branch="false"/>
            <line number="31" hits="2" branch="false"/>
            <line number="38" hits="0" branch="true" condition-coverage="0% (0/2)"/>
            <line number="40" hits="0" branch="true" condition-coverage="0% (0/2)"/>
            <line number="43" hits="0" branch="false"/>
            <line number="46" hits="0" branch="false"/>
            <line number="48" hits="0" branch="false"/>
            <line number="49" hits="0" branch="false"/>
            <line number="52" hits="0" branch="true" condition-coverage="0% (0/2)"/>
            <line number="53" hits="0" branch="false"/>
            <line number="58" hits="0" branch="false"/>
            <line number="67" hits="0" branch="true" condition-coverage="0% (0/4)"/>
            <line number="68" hits="0" branch="false"/>
            <line number="69" hits="0" branch="false"/>
            <line number="72" hits="0" branch="false"/>
            <line number="73" hits="0" branch="false"/>
            <line number="76" hits="0" branch="false"/>
            <line number="77" hits="0" branch="false"/>
            <line number="79" hits="0" branch="false"/>
            <line number="80" hits="0" branch="false"/>
            <line number="83" hits="0" branch="false"/>
            <line number="84" hits="0" branch="false"/>
            <line number="93" hits="0" branch="true" condition-coverage="0% (0/4)"/>
            <line number="94" hits="0" branch="false"/>
            <line number="95" hits="0" branch="false"/>
            <line number="101" hits="0" branch="false"/>
            <line number="103" hits="0" branch="false"/>
            <line number="115" hits="0" branch="true" condition-coverage="0% (0/4)"/>
            <line number="116" hits="0" branch="false"/>
            <line number="120" hits="0" branch="false"/>
            <line number="121" hits="0" branch="false"/>
            <line number="124" hits="0" branch="false"/>
            <line number="131" hits="0" branch="false"/>
            <line number="134" hits="0" branch="false"/>
            <line number="146" hits="0" branch="true" condition-coverage="0% (0/4)"/>
            <line number="147" hits="0" branch="false"/>
            <line number="148" hits="0" branch="false"/>
            <line number="149" hits="0" branch="false"/>
            <line number="152" hits="0" branch="false"/>
            <line number="156" hits="0" branch="false"/>
            <line number="165" hits="0" branch="false"/>
            <line number="175" hits="0" branch="true" condition-coverage="0% (0/2)"/>
            <line number="176" hits="0" branch="false"/>
            <line number="179" hits="0" branch="true" condition-coverage="0% (0/2)"/>
            <line number="181" hits="0" branch="false"/>
            <line number="182" hits="0" branch="false"/>
            <line number="184" hits="0" branch="false"/>
            <line number="188" hits="0" branch="true" condition-coverage="0% (0/2)"/>
            <line number="189" hits="0" branch="false"/>
            <line number="194" hits="0" branch="false"/>
            <line number="195" hits="0" branch="false"/>
            <line number="197" hits="0" branch="false"/>
            <line number="210" hits="0" branch="true" condition-coverage="0% (0/2)"/>
            <line number="212" hits="0" branch="false"/>
            <line number="223" hits="0" branch="true" condition-coverage="0% (0/2)"/>
            <line number="226" hits="0" branch="true" condition-coverage="0% (0/2)"/>
            <line number="227" hits="0" branch="false"/>
            <line number="230" hits="0" branch="true" condition-coverage="0% (0/2)"/>
            <line number="233" hits="0" branch="false"/>
            <line number="239" hits="0" branch="false"/>
            <line number="242" hits="0" branch="false"/>
            <line number="244" hits="0" branch="false"/>
            <line number="254" hits="0" branch="true" condition-coverage="0% (0/2)"/>
            <line number="256" hits="0" branch="false"/>
            <line number="257" hits="0" branch="false"/>
            <line number="260" hits="0" branch="true" condition-coverage="0% (0/2)"/>
            <line number="261" hits="0" branch="false"/>
            <line number="263" hits="0" branch="false"/>
            <line number="266" hits="0" branch="false"/>
            <line number="277" hits="0" branch="true" condition-coverage="0% (0/2)"/>
            <line number="280" hits="0" branch="true" condition-coverage="0% (0/2)"/>
            <line number="281" hits="0" branch="false"/>
            <line number="282" hits="0" branch="false"/>
            <line number="285" hits="0" branch="false"/>
            <line number="286" hits="0" branch="false"/>
            <line number="287" hits="0" branch="false"/>
            <line number="295" hits="0" branch="false"/>
            <line number="296" hits="0" branch="false"/>
            <line number="297" hits="0" branch="false"/>
            <line number="298" hits="0" branch="false"/>
            <line number="299" hits="0" branch="false"/>
            <line number="301" hits="0" branch="false"/>
            <line number="305" hits="0" branch="false"/>
            <line number="308" hits="0" branch="true" condition-coverage="0% (0/2)"/>
            <line number="309" hits="0" branch="false"/>
            <line number="314" hits="0" branch="false"/>
            <line number="317" hits="0" branch="false"/>
            <line number="327" hits="0" branch="true" condition-coverage="0% (0/4)"/>
            <line number="328" hits="0" branch="false"/>
            <line number="329" hits="0" branch="false"/>
            <line number="332" hits="0" branch="false"/>
            <line number="334" hits="0" branch="true" condition-coverage="0% (0/2)"/>
            <line number="335" hits="0" branch="false"/>
            <line number="336" hits="0" branch="false"/>
            <line number="341" hits="0" branch="true" condition-coverage="0% (0/2)"/>
            <line number="342" hits="0" branch="false"/>
            <line number="343" hits="0" branch="true" condition-coverage="0% (0/2)"/>
            <line number="344" hits="0" branch="false"/>
            <line number="346" hits="0" branch="false"/>
            <line number="352" hits="0" branch="true" condition-coverage="0% (0/2)"/>
            <line number="353" hits="0" branch="true" condition-coverage="0% (0/2)"/>
            <line number="354" hits="0" branch="false"/>
            <line number="356" hits="0" branch="true" condition-coverage="0% (0/2)"/>
            <line number="357" hits="0" branch="false"/>
            <line number="359" hits="0" branch="true" condition-coverage="0% (0/2)"/>
            <line number="360" hits="0" branch="false"/>
            <line number="361" hits="0" branch="false"/>
            <line number="367" hits="0" branch="true" condition-coverage="0% (0/2)"/>
            <line number="368" hits="0" branch="false"/>
            <line number="372" hits="0" branch="true" condition-coverage="0% (0/2)"/>
            <line number="373" hits="0" branch="false"/>
            <line number="376" hits="0" branch="false"/>
            <line number="379" hits="0" branch="false"/>
            <line number="385" hits="0" branch="false"/>
            <line number="387" hits="0" branch="false"/>
            <line number="388" hits="0" branch="false"/>
            <line number="399" hits="0" branch="true" condition-coverage="0% (0/4)"/>
            <line number="400" hits="0" branch="false"/>
            <line number="401" hits="0" branch="false"/>
            <line number="404" hits="0" branch="false"/>
            <line number="405" hits="0" branch="false"/>
            <line number="406" hits="0" branch="false"/>
            <line number="408" hits="0" branch="false"/>
            <line number="409" hits="0" branch="true" condition-coverage="0% (0/2)"/>
            <line number="410" hits="0" branch="false"/>
            <line number="414" hits="0" branch="false"/>
            <line number="415" hits="0" branch="false"/>
            <line number="417" hits="0" branch="false"/>
            <line number="418" hits="0" branch="false"/>
            <line number="427" hits="0" branch="false"/>
            <line number="429" hits="0" branch="false"/>
            <line number="430" hits="0" branch="false"/>
            <line number="436" hits="0" branch="false"/>
            <line number="444" hits="0" branch="false"/>
            <line number="446" hits="0" branch="false"/>
            <line number="447" hits="0" branch="false"/>
            <line number="450" hits="0" branch="false"/>
            <line number="458" hits="0" branch="false"/>
            <line number="466" hits="0" branch="false"/>
            <line number="467" hits="0" branch="true" condition-coverage="0% (0/2)"/>
            <line number="477" hits="0" branch="true" condition-coverage="0% (0/2)"/>
            <line number="479" hits="0" branch="false"/>
            <line number="487" hits="0" branch="false"/>
            <line number="495" hits="0" branch="false"/>
            <line number="500" hits="2" branch="true" condition-coverage="50% (1/2)"/>
            <line number="501" hits="2" branch="false"/>
            <line number="502" hits="0" branch="false"/>
            <line number="505" hits="0" branch="false"/>
          </lines>
        </class>
        <class name="quantum-visualizer.js" filename="assets\quantum-visualizer.js" line-rate="0.0064" branch-rate="0.0158">
          <methods>
            <method name="(anonymous_0)" hits="0" signature="()V">
              <lines>
                <line number="48" hits="0"/>
              </lines>
            </method>
            <method name="(anonymous_1)" hits="0" signature="()V">
              <lines>
                <line number="59" hits="0"/>
              </lines>
            </method>
            <method name="(anonymous_2)" hits="0" signature="()V">
              <lines>
                <line number="103" hits="0"/>
              </lines>
            </method>
            <method name="(anonymous_3)" hits="0" signature="()V">
              <lines>
                <line number="130" hits="0"/>
              </lines>
            </method>
            <method name="(anonymous_4)" hits="0" signature="()V">
              <lines>
                <line number="159" hits="0"/>
              </lines>
            </method>
            <method name="(anonymous_5)" hits="0" signature="()V">
              <lines>
                <line number="167" hits="0"/>
              </lines>
            </method>
            <method name="(anonymous_6)" hits="0" signature="()V">
              <lines>
                <line number="186" hits="0"/>
              </lines>
            </method>
            <method name="(anonymous_7)" hits="0" signature="()V">
              <lines>
                <line number="206" hits="0"/>
              </lines>
            </method>
            <method name="(anonymous_8)" hits="0" signature="()V">
              <lines>
                <line number="245" hits="0"/>
              </lines>
            </method>
            <method name="(anonymous_9)" hits="0" signature="()V">
              <lines>
                <line number="276" hits="0"/>
              </lines>
            </method>
            <method name="(anonymous_10)" hits="0" signature="()V">
              <lines>
                <line number="320" hits="0"/>
              </lines>
            </method>
            <method name="(anonymous_11)" hits="0" signature="()V">
              <lines>
                <line number="340" hits="0"/>
              </lines>
            </method>
            <method name="(anonymous_12)" hits="0" signature="()V">
              <lines>
                <line number="370" hits="0"/>
              </lines>
            </method>
            <method name="(anonymous_13)" hits="0" signature="()V">
              <lines>
                <line number="536" hits="0"/>
              </lines>
            </method>
            <method name="(anonymous_14)" hits="0" signature="()V">
              <lines>
                <line number="563" hits="0"/>
              </lines>
            </method>
            <method name="(anonymous_15)" hits="0" signature="()V">
              <lines>
                <line number="630" hits="0"/>
              </lines>
            </method>
            <method name="(anonymous_16)" hits="0" signature="()V">
              <lines>
                <line number="683" hits="0"/>
              </lines>
            </method>
            <method name="(anonymous_17)" hits="0" signature="()V">
              <lines>
                <line number="788" hits="0"/>
              </lines>
            </method>
            <method name="(anonymous_18)" hits="0" signature="()V">
              <lines>
                <line number="886" hits="0"/>
              </lines>
            </method>
            <method name="(anonymous_19)" hits="0" signature="()V">
              <lines>
                <line number="969" hits="0"/>
              </lines>
            </method>
          </methods>
          <lines>
            <line number="20" hits="0" branch="false"/>
            <line number="21" hits="0" branch="false"/>
            <line number="22" hits="0" branch="false"/>
            <line number="23" hits="0" branch="false"/>
            <line number="24" hits="0" branch="false"/>
            <line number="25" hits="0" branch="false"/>
            <line number="26" hits="0" branch="false"/>
            <line number="27" hits="0" branch="false"/>
            <line number="28" hits="0" branch="false"/>
            <line number="29" hits="0" branch="false"/>
            <line number="30" hits="0" branch="false"/>
            <line number="31" hits="0" branch="false"/>
            <line number="32" hits="0" branch="false"/>
            <line number="33" hits="0" branch="false"/>
            <line number="39" hits="0" branch="false"/>
            <line number="40" hits="0" branch="false"/>
            <line number="41" hits="0" branch="false"/>
            <line number="42" hits="0" branch="false"/>
            <line number="50" hits="0" branch="false"/>
            <line number="64" hits="0" branch="false"/>
            <line number="65" hits="0" branch="false"/>
            <line number="66" hits="0" branch="false"/>
            <line number="67" hits="0" branch="false"/>
            <line number="68" hits="0" branch="false"/>
            <line number="69" hits="0" branch="false"/>
            <line number="72" hits="0" branch="false"/>
            <line number="73" hits="0" branch="false"/>
            <line number="74" hits="0" branch="false"/>
            <line number="75" hits="0" branch="false"/>
            <line number="76" hits="0" branch="false"/>
            <line number="77" hits="0" branch="false"/>
            <line number="80" hits="0" branch="true" condition-coverage="0% (0/2)"/>
            <line number="81" hits="0" branch="false"/>
            <line number="85" hits="0" branch="true" condition-coverage="0% (0/2)"/>
            <line number="86" hits="0" branch="false"/>
            <line number="90" hits="0" branch="true" condition-coverage="0% (0/2)"/>
            <line number="91" hits="0" branch="false"/>
            <line number="94" hits="0" branch="true" condition-coverage="0% (0/2)"/>
            <line number="95" hits="0" branch="false"/>
            <line number="104" hits="0" branch="true" condition-coverage="0% (0/2)"/>
            <line number="105" hits="0" branch="false"/>
            <line number="106" hits="0" branch="false"/>
            <line number="109" hits="0" branch="false"/>
            <line number="112" hits="0" branch="false"/>
            <line number="115" hits="0" branch="false"/>
            <line number="118" hits="0" branch="false"/>
            <line number="121" hits="0" branch="false"/>
            <line number="123" hits="0" branch="false"/>
            <line number="132" hits="0" branch="false"/>
            <line number="135" hits="0" branch="false"/>
            <line number="136" hits="0" branch="false"/>
            <line number="139" hits="0" branch="false"/>
            <line number="140" hits="0" branch="true" condition-coverage="0% (0/2)"/>
            <line number="141" hits="0" branch="false"/>
            <line number="145" hits="0" branch="false"/>
            <line number="148" hits="0" branch="true" condition-coverage="0% (0/2)"/>
            <line number="149" hits="0" branch="false"/>
            <line number="152" hits="0" branch="false"/>
            <line number="160" hits="0" branch="false"/>
            <line number="169" hits="0" branch="false"/>
            <line number="170" hits="0" branch="false"/>
            <line number="173" hits="0" branch="true" condition-coverage="0% (0/2)"/>
            <line number="176" hits="0" branch="true" condition-coverage="0% (0/2)"/>
            <line number="177" hits="0" branch="false"/>
            <line number="180" hits="0" branch="false"/>
            <line number="187" hits="0" branch="true" condition-coverage="0% (0/4)"/>
            <line number="190" hits="0" branch="false"/>
            <line number="191" hits="0" branch="true" condition-coverage="0% (0/2)"/>
            <line number="194" hits="0" branch="false"/>
            <line number="195" hits="0" branch="false"/>
            <line number="198" hits="0" branch="false"/>
            <line number="200" hits="0" branch="false"/>
            <line number="207" hits="0" branch="false"/>
            <line number="208" hits="0" branch="true" condition-coverage="0% (0/2)"/>
            <line number="210" hits="0" branch="false"/>
            <line number="218" hits="0" branch="false"/>
            <line number="219" hits="0" branch="false"/>
            <line number="222" hits="0" branch="false"/>
            <line number="225" hits="0" branch="false"/>
            <line number="228" hits="0" branch="false"/>
            <line number="230" hits="0" branch="true" condition-coverage="0% (0/2)"/>
            <line number="231" hits="0" branch="false"/>
            <line number="235" hits="0" branch="false"/>
            <line number="238" hits="0" branch="false"/>
            <line number="246" hits="0" branch="false"/>
            <line number="247" hits="0" branch="true" condition-coverage="0% (0/4)"/>
            <line number="249" hits="0" branch="false"/>
            <line number="250" hits="0" branch="false"/>
            <line number="251" hits="0" branch="false"/>
            <line number="254" hits="0" branch="true" condition-coverage="0% (0/2)"/>
            <line number="255" hits="0" branch="false"/>
            <line number="258" hits="0" branch="false"/>
            <line number="259" hits="0" branch="false"/>
            <line number="261" hits="0" branch="true" condition-coverage="0% (0/2)"/>
            <line number="262" hits="0" branch="false"/>
            <line number="266" hits="0" branch="false"/>
            <line number="269" hits="0" branch="false"/>
            <line number="277" hits="0" branch="true" condition-coverage="0% (0/2)"/>
            <line number="280" hits="0" branch="false"/>
            <line number="282" hits="0" branch="false"/>
            <line number="291" hits="0" branch="true" condition-coverage="0% (0/4)"/>
            <line number="294" hits="0" branch="false"/>
            <line number="300" hits="0" branch="true" condition-coverage="0% (0/2)"/>
            <line number="301" hits="0" branch="false"/>
            <line number="305" hits="0" branch="true" condition-coverage="0% (0/2)"/>
            <line number="306" hits="0" branch="false"/>
            <line number="310" hits="0" branch="false"/>
            <line number="313" hits="0" branch="false"/>
            <line number="321" hits="0" branch="false"/>
            <line number="331" hits="0" branch="true" condition-coverage="0% (0/4)"/>
            <line number="332" hits="0" branch="false"/>
            <line number="341" hits="0" branch="false"/>
            <line number="350" hits="0" branch="true" condition-coverage="0% (0/4)"/>
            <line number="353" hits="0" branch="false"/>
            <line number="363" hits="0" branch="false"/>
            <line number="371" hits="0" branch="false"/>
            <line number="379" hits="0" branch="true" condition-coverage="0% (0/2)"/>
            <line number="382" hits="0" branch="false"/>
            <line number="385" hits="0" branch="false"/>
            <line number="388" hits="0" branch="true" condition-coverage="0% (0/4)"/>
            <line number="390" hits="0" branch="false"/>
            <line number="399" hits="0" branch="true" condition-coverage="0% (0/2)"/>
            <line number="402" hits="0" branch="false"/>
            <line number="403" hits="0" branch="false"/>
            <line number="406" hits="0" branch="true" condition-coverage="0% (0/2)"/>
            <line number="407" hits="0" branch="true" condition-coverage="0% (0/2)"/>
            <line number="410" hits="0" branch="false"/>
            <line number="413" hits="0" branch="false"/>
            <line number="416" hits="0" branch="false"/>
            <line number="424" hits="0" branch="true" condition-coverage="0% (0/4)"/>
            <line number="427" hits="0" branch="false"/>
            <line number="428" hits="0" branch="false"/>
            <line number="436" hits="0" branch="true" condition-coverage="0% (0/2)"/>
            <line number="439" hits="0" branch="false"/>
            <line number="441" hits="0" branch="false"/>
            <line number="442" hits="0" branch="false"/>
            <line number="461" hits="0" branch="true" condition-coverage="0% (0/2)"/>
            <line number="463" hits="0" branch="false"/>
            <line number="464" hits="0" branch="false"/>
            <line number="472" hits="0" branch="true" condition-coverage="0% (0/2)"/>
            <line number="475" hits="0" branch="false"/>
            <line number="478" hits="0" branch="false"/>
            <line number="479" hits="0" branch="false"/>
            <line number="481" hits="0" branch="true" condition-coverage="0% (0/2)"/>
            <line number="483" hits="0" branch="false"/>
            <line number="486" hits="0" branch="true" condition-coverage="0% (0/4)"/>
            <line number="487" hits="0" branch="false"/>
            <line number="490" hits="0" branch="false"/>
            <line number="493" hits="0" branch="false"/>
            <line number="496" hits="0" branch="true" condition-coverage="0% (0/2)"/>
            <line number="497" hits="0" branch="false"/>
            <line number="501" hits="0" branch="false"/>
            <line number="510" hits="0" branch="true" condition-coverage="0% (0/4)"/>
            <line number="513" hits="0" branch="false"/>
            <line number="516" hits="0" branch="false"/>
            <line number="518" hits="0" branch="false"/>
            <line number="519" hits="0" branch="false"/>
            <line number="521" hits="0" branch="false"/>
            <line number="522" hits="0" branch="false"/>
            <line number="530" hits="0" branch="true" condition-coverage="0% (0/4)"/>
            <line number="532" hits="0" branch="false"/>
            <line number="533" hits="0" branch="false"/>
            <line number="536" hits="0" branch="false"/>
            <line number="538" hits="0" branch="false"/>
            <line number="539" hits="0" branch="false"/>
            <line number="542" hits="0" branch="true" condition-coverage="0% (0/2)"/>
            <line number="543" hits="0" branch="true" condition-coverage="0% (0/2)"/>
            <line number="544" hits="0" branch="true" condition-coverage="0% (0/2)"/>
            <line number="545" hits="0" branch="true" condition-coverage="0% (0/2)"/>
            <line number="548" hits="0" branch="false"/>
            <line number="549" hits="0" branch="false"/>
            <line number="550" hits="0" branch="false"/>
            <line number="551" hits="0" branch="false"/>
            <line number="560" hits="0" branch="true" condition-coverage="0% (0/5)"/>
            <line number="563" hits="0" branch="false"/>
            <line number="566" hits="0" branch="false"/>
            <line number="567" hits="0" branch="false"/>
            <line number="569" hits="0" branch="false"/>
            <line number="570" hits="0" branch="false"/>
            <line number="572" hits="0" branch="true" condition-coverage="0% (0/4)"/>
            <line number="573" hits="0" branch="false"/>
            <line number="574" hits="0" branch="false"/>
            <line number="577" hits="0" branch="false"/>
            <line number="578" hits="0" branch="false"/>
            <line number="579" hits="0" branch="false"/>
            <line number="582" hits="0" branch="false"/>
            <line number="583" hits="0" branch="false"/>
            <line number="585" hits="0" branch="false"/>
            <line number="586" hits="0" branch="false"/>
            <line number="587" hits="0" branch="false"/>
            <line number="599" hits="0" branch="false"/>
            <line number="627" hits="0" branch="true" condition-coverage="0% (0/5)"/>
            <line number="630" hits="0" branch="false"/>
            <line number="631" hits="0" branch="false"/>
            <line number="634" hits="0" branch="false"/>
            <line number="637" hits="0" branch="true" condition-coverage="0% (0/3)"/>
            <line number="639" hits="0" branch="false"/>
            <line number="646" hits="0" branch="false"/>
            <line number="649" hits="0" branch="false"/>
            <line number="656" hits="0" branch="false"/>
            <line number="659" hits="0" branch="false"/>
            <line number="666" hits="0" branch="false"/>
            <line number="669" hits="0" branch="false"/>
            <line number="680" hits="0" branch="true" condition-coverage="0% (0/4)"/>
            <line number="683" hits="0" branch="false"/>
            <line number="684" hits="0" branch="false"/>
            <line number="685" hits="0" branch="false"/>
            <line number="688" hits="0" branch="false"/>
            <line number="689" hits="0" branch="false"/>
            <line number="693" hits="0" branch="false"/>
            <line number="701" hits="0" branch="true" condition-coverage="0% (0/2)"/>
            <line number="704" hits="0" branch="false"/>
            <line number="705" hits="0" branch="false"/>
            <line number="706" hits="0" branch="false"/>
            <line number="707" hits="0" branch="false"/>
            <line number="708" hits="0" branch="false"/>
            <line number="710" hits="0" branch="false"/>
            <line number="711" hits="0" branch="false"/>
            <line number="714" hits="0" branch="false"/>
            <line number="715" hits="0" branch="false"/>
            <line number="716" hits="0" branch="false"/>
            <line number="717" hits="0" branch="false"/>
            <line number="725" hits="0" branch="true" condition-coverage="0% (0/4)"/>
            <line number="728" hits="0" branch="false"/>
            <line number="729" hits="0" branch="false"/>
            <line number="730" hits="0" branch="false"/>
            <line number="731" hits="0" branch="false"/>
            <line number="734" hits="0" branch="false"/>
            <line number="735" hits="0" branch="false"/>
            <line number="737" hits="0" branch="false"/>
            <line number="738" hits="0" branch="false"/>
            <line number="739" hits="0" branch="false"/>
            <line number="740" hits="0" branch="false"/>
            <line number="748" hits="0" branch="true" condition-coverage="0% (0/2)"/>
            <line number="750" hits="0" branch="false"/>
            <line number="752" hits="0" branch="false"/>
            <line number="753" hits="0" branch="false"/>
            <line number="754" hits="0" branch="false"/>
            <line number="756" hits="0" branch="false"/>
            <line number="758" hits="0" branch="false"/>
            <line number="759" hits="0" branch="false"/>
            <line number="760" hits="0" branch="false"/>
            <line number="761" hits="0" branch="false"/>
            <line number="763" hits="0" branch="true" condition-coverage="0% (0/2)"/>
            <line number="764" hits="0" branch="false"/>
            <line number="766" hits="0" branch="false"/>
            <line number="769" hits="0" branch="false"/>
            <line number="772" hits="0" branch="false"/>
            <line number="773" hits="0" branch="false"/>
            <line number="782" hits="0" branch="true" condition-coverage="0% (0/4)"/>
            <line number="785" hits="0" branch="false"/>
            <line number="788" hits="0" branch="false"/>
            <line number="789" hits="0" branch="false"/>
            <line number="790" hits="0" branch="false"/>
            <line number="793" hits="0" branch="false"/>
            <line number="796" hits="0" branch="false"/>
            <line number="797" hits="0" branch="false"/>
            <line number="800" hits="0" branch="false"/>
            <line number="803" hits="0" branch="true" condition-coverage="0% (0/2)"/>
            <line number="806" hits="0" branch="true" condition-coverage="0% (0/2)"/>
            <line number="807" hits="0" branch="false"/>
            <line number="808" hits="0" branch="false"/>
            <line number="809" hits="0" branch="true" condition-coverage="0% (0/2)"/>
            <line number="811" hits="0" branch="false"/>
            <line number="812" hits="0" branch="false"/>
            <line number="813" hits="0" branch="false"/>
            <line number="816" hits="0" branch="false"/>
            <line number="820" hits="0" branch="false"/>
            <line number="833" hits="0" branch="false"/>
            <line number="836" hits="0" branch="true" condition-coverage="0% (0/4)"/>
            <line number="838" hits="0" branch="false"/>
            <line number="840" hits="0" branch="false"/>
            <line number="842" hits="0" branch="false"/>
            <line number="845" hits="0" branch="false"/>
            <line number="855" hits="0" branch="false"/>
            <line number="856" hits="0" branch="false"/>
            <line number="866" hits="0" branch="true" condition-coverage="0% (0/4)"/>
            <line number="867" hits="0" branch="false"/>
            <line number="871" hits="0" branch="false"/>
            <line number="881" hits="0" branch="false"/>
            <line number="884" hits="0" branch="false"/>
            <line number="886" hits="0" branch="false"/>
            <line number="887" hits="0" branch="false"/>
            <line number="900" hits="0" branch="true" condition-coverage="0% (0/2)"/>
            <line number="902" hits="0" branch="false"/>
            <line number="903" hits="0" branch="false"/>
            <line number="904" hits="0" branch="false"/>
            <line number="906" hits="0" branch="false"/>
            <line number="910" hits="0" branch="true" condition-coverage="0% (0/2)"/>
            <line number="912" hits="0" branch="true" condition-coverage="0% (0/2)"/>
            <line number="913" hits="0" branch="false"/>
            <line number="915" hits="0" branch="false"/>
            <line number="920" hits="0" branch="false"/>
            <line number="930" hits="0" branch="false"/>
            <line number="933" hits="0" branch="true" condition-coverage="0% (0/5)"/>
            <line number="935" hits="0" branch="false"/>
            <line number="939" hits="0" branch="false"/>
            <line number="941" hits="0" branch="false"/>
            <line number="946" hits="0" branch="false"/>
            <line number="948" hits="0" branch="false"/>
            <line number="953" hits="0" branch="false"/>
            <line number="955" hits="0" branch="false"/>
            <line number="961" hits="0" branch="false"/>
            <line number="963" hits="0" branch="false"/>
            <line number="969" hits="0" branch="false"/>
            <line number="970" hits="0" branch="false"/>
            <line number="971" hits="0" branch="true" condition-coverage="0% (0/2)"/>
            <line number="972" hits="0" branch="false"/>
            <line number="975" hits="0" branch="false"/>
            <line number="980" hits="1" branch="true" condition-coverage="75% (3/4)"/>
            <line number="981" hits="1" branch="false"/>
          </lines>
        </class>
      </classes>
    </package>
  </packages>
</coverage>
