{"C:\\Users\\user\\Documents\\Projects\\CyberCore\\assets\\hologram-component.js": {"path":"C:\\Users\\user\\Documents\\Projects\\CyberCore\\assets\\hologram-component.js","statementMap":{"0":{"start":{"line":19,"column":17},"end":{"line":19,"column":22}},"1":{"start":{"line":20,"column":15},"end":{"line":20,"column":19}},"2":{"start":{"line":21,"column":14},"end":{"line":21,"column":18}},"3":{"start":{"line":22,"column":14},"end":{"line":22,"column":18}},"4":{"start":{"line":23,"column":12},"end":{"line":23,"column":16}},"5":{"start":{"line":24,"column":15},"end":{"line":24,"column":19}},"6":{"start":{"line":25,"column":14},"end":{"line":25,"column":18}},"7":{"start":{"line":26,"column":28},"end":{"line":26,"column":30}},"8":{"start":{"line":27,"column":17},"end":{"line":27,"column":21}},"9":{"start":{"line":28,"column":21},"end":{"line":28,"column":33}},"10":{"start":{"line":29,"column":17},"end":{"line":29,"column":22}},"11":{"start":{"line":30,"column":12},"end":{"line":30,"column":17}},"12":{"start":{"line":31,"column":20},"end":{"line":31,"column":24}},"13":{"start":{"line":32,"column":20},"end":{"line":32,"column":24}},"14":{"start":{"line":33,"column":22},"end":{"line":33,"column":26}},"15":{"start":{"line":39,"column":4},"end":{"line":39,"column":12}},"16":{"start":{"line":42,"column":4},"end":{"line":42,"column":55}},"17":{"start":{"line":45,"column":4},"end":{"line":50,"column":5}},"18":{"start":{"line":46,"column":6},"end":{"line":46,"column":45}},"19":{"start":{"line":47,"column":6},"end":{"line":47,"column":58}},"20":{"start":{"line":49,"column":6},"end":{"line":49,"column":58}},"21":{"start":{"line":53,"column":4},"end":{"line":296,"column":6}},"22":{"start":{"line":299,"column":4},"end":{"line":299,"column":72}},"23":{"start":{"line":307,"column":4},"end":{"line":307,"column":54}},"24":{"start":{"line":308,"column":4},"end":{"line":308,"column":52}},"25":{"start":{"line":309,"column":4},"end":{"line":309,"column":73}},"26":{"start":{"line":312,"column":4},"end":{"line":312,"column":56}},"27":{"start":{"line":315,"column":4},"end":{"line":315,"column":24}},"28":{"start":{"line":318,"column":4},"end":{"line":318,"column":30}},"29":{"start":{"line":321,"column":4},"end":{"line":321,"column":30}},"30":{"start":{"line":324,"column":4},"end":{"line":324,"column":31}},"31":{"start":{"line":327,"column":4},"end":{"line":327,"column":27}},"32":{"start":{"line":335,"column":4},"end":{"line":335,"column":36}},"33":{"start":{"line":336,"column":4},"end":{"line":336,"column":28}},"34":{"start":{"line":339,"column":4},"end":{"line":342,"column":5}},"35":{"start":{"line":340,"column":6},"end":{"line":340,"column":34}},"36":{"start":{"line":341,"column":6},"end":{"line":341,"column":28}},"37":{"start":{"line":345,"column":4},"end":{"line":347,"column":5}},"38":{"start":{"line":346,"column":6},"end":{"line":346,"column":41}},"39":{"start":{"line":354,"column":4},"end":{"line":354,"column":38}},"40":{"start":{"line":354,"column":31},"end":{"line":354,"column":38}},"41":{"start":{"line":356,"column":4},"end":{"line":373,"column":5}},"42":{"start":{"line":358,"column":6},"end":{"line":358,"column":33}},"43":{"start":{"line":359,"column":6},"end":{"line":359,"column":30}},"44":{"start":{"line":360,"column":6},"end":{"line":360,"column":12}},"45":{"start":{"line":362,"column":6},"end":{"line":362,"column":32}},"46":{"start":{"line":363,"column":6},"end":{"line":363,"column":26}},"47":{"start":{"line":364,"column":6},"end":{"line":364,"column":12}},"48":{"start":{"line":366,"column":6},"end":{"line":366,"column":39}},"49":{"start":{"line":367,"column":6},"end":{"line":367,"column":28}},"50":{"start":{"line":368,"column":6},"end":{"line":368,"column":12}},"51":{"start":{"line":370,"column":6},"end":{"line":370,"column":41}},"52":{"start":{"line":371,"column":6},"end":{"line":371,"column":27}},"53":{"start":{"line":372,"column":6},"end":{"line":372,"column":12}},"54":{"start":{"line":380,"column":4},"end":{"line":380,"column":61}},"55":{"start":{"line":388,"column":4},"end":{"line":395,"column":6}},"56":{"start":{"line":390,"column":8},"end":{"line":392,"column":9}},"57":{"start":{"line":391,"column":10},"end":{"line":391,"column":29}},"58":{"start":{"line":397,"column":4},"end":{"line":397,"column":33}},"59":{"start":{"line":405,"column":4},"end":{"line":405,"column":34}},"60":{"start":{"line":405,"column":27},"end":{"line":405,"column":34}},"61":{"start":{"line":408,"column":4},"end":{"line":425,"column":9}},"62":{"start":{"line":411,"column":8},"end":{"line":411,"column":29}},"63":{"start":{"line":414,"column":8},"end":{"line":418,"column":9}},"64":{"start":{"line":415,"column":10},"end":{"line":415,"column":34}},"65":{"start":{"line":416,"column":15},"end":{"line":418,"column":9}},"66":{"start":{"line":417,"column":10},"end":{"line":417,"column":30}},"67":{"start":{"line":420,"column":8},"end":{"line":420,"column":33}},"68":{"start":{"line":423,"column":8},"end":{"line":423,"column":73}},"69":{"start":{"line":424,"column":8},"end":{"line":424,"column":49}},"70":{"start":{"line":428,"column":4},"end":{"line":428,"column":69}},"71":{"start":{"line":437,"column":4},"end":{"line":445,"column":7}},"72":{"start":{"line":439,"column":6},"end":{"line":444,"column":23}},"73":{"start":{"line":441,"column":10},"end":{"line":441,"column":40}},"74":{"start":{"line":442,"column":10},"end":{"line":442,"column":20}},"75":{"start":{"line":453,"column":4},"end":{"line":453,"column":58}},"76":{"start":{"line":453,"column":51},"end":{"line":453,"column":58}},"77":{"start":{"line":456,"column":4},"end":{"line":456,"column":24}},"78":{"start":{"line":458,"column":4},"end":{"line":481,"column":5}},"79":{"start":{"line":460,"column":6},"end":{"line":469,"column":9}},"80":{"start":{"line":472,"column":6},"end":{"line":474,"column":7}},"81":{"start":{"line":473,"column":8},"end":{"line":473,"column":68}},"82":{"start":{"line":477,"column":6},"end":{"line":477,"column":26}},"83":{"start":{"line":479,"column":6},"end":{"line":479,"column":70}},"84":{"start":{"line":480,"column":6},"end":{"line":480,"column":56}},"85":{"start":{"line":489,"column":4},"end":{"line":489,"column":33}},"86":{"start":{"line":489,"column":26},"end":{"line":489,"column":33}},"87":{"start":{"line":491,"column":4},"end":{"line":491,"column":24}},"88":{"start":{"line":494,"column":4},"end":{"line":519,"column":9}},"89":{"start":{"line":496,"column":8},"end":{"line":498,"column":9}},"90":{"start":{"line":497,"column":10},"end":{"line":497,"column":73}},"91":{"start":{"line":499,"column":8},"end":{"line":499,"column":31}},"92":{"start":{"line":502,"column":8},"end":{"line":502,"column":40}},"93":{"start":{"line":505,"column":25},"end":{"line":505,"column":63}},"94":{"start":{"line":506,"column":8},"end":{"line":511,"column":9}},"95":{"start":{"line":507,"column":10},"end":{"line":507,"column":36}},"96":{"start":{"line":508,"column":10},"end":{"line":508,"column":30}},"97":{"start":{"line":510,"column":10},"end":{"line":510,"column":51}},"98":{"start":{"line":514,"column":8},"end":{"line":514,"column":46}},"99":{"start":{"line":517,"column":8},"end":{"line":517,"column":61}},"100":{"start":{"line":518,"column":8},"end":{"line":518,"column":55}},"101":{"start":{"line":529,"column":4},"end":{"line":529,"column":30}},"102":{"start":{"line":529,"column":18},"end":{"line":529,"column":30}},"103":{"start":{"line":532,"column":4},"end":{"line":538,"column":5}},"104":{"start":{"line":533,"column":25},"end":{"line":533,"column":76}},"105":{"start":{"line":533,"column":51},"end":{"line":533,"column":75}},"106":{"start":{"line":534,"column":6},"end":{"line":537,"column":7}},"107":{"start":{"line":535,"column":26},"end":{"line":535,"column":76}},"108":{"start":{"line":535,"column":57},"end":{"line":535,"column":75}},"109":{"start":{"line":536,"column":8},"end":{"line":536,"column":44}},"110":{"start":{"line":536,"column":23},"end":{"line":536,"column":44}},"111":{"start":{"line":541,"column":4},"end":{"line":544,"column":5}},"112":{"start":{"line":542,"column":25},"end":{"line":542,"column":98}},"113":{"start":{"line":542,"column":56},"end":{"line":542,"column":97}},"114":{"start":{"line":543,"column":6},"end":{"line":543,"column":66}},"115":{"start":{"line":543,"column":42},"end":{"line":543,"column":66}},"116":{"start":{"line":546,"column":4},"end":{"line":546,"column":16}},"117":{"start":{"line":556,"column":4},"end":{"line":556,"column":30}},"118":{"start":{"line":556,"column":18},"end":{"line":556,"column":30}},"119":{"start":{"line":559,"column":4},"end":{"line":565,"column":5}},"120":{"start":{"line":560,"column":25},"end":{"line":560,"column":76}},"121":{"start":{"line":560,"column":51},"end":{"line":560,"column":75}},"122":{"start":{"line":561,"column":6},"end":{"line":564,"column":7}},"123":{"start":{"line":562,"column":27},"end":{"line":562,"column":78}},"124":{"start":{"line":562,"column":58},"end":{"line":562,"column":77}},"125":{"start":{"line":563,"column":8},"end":{"line":563,"column":46}},"126":{"start":{"line":563,"column":24},"end":{"line":563,"column":46}},"127":{"start":{"line":568,"column":4},"end":{"line":571,"column":5}},"128":{"start":{"line":569,"column":22},"end":{"line":569,"column":92}},"129":{"start":{"line":569,"column":53},"end":{"line":569,"column":91}},"130":{"start":{"line":570,"column":6},"end":{"line":570,"column":57}},"131":{"start":{"line":570,"column":36},"end":{"line":570,"column":57}},"132":{"start":{"line":573,"column":4},"end":{"line":573,"column":16}},"133":{"start":{"line":581,"column":4},"end":{"line":581,"column":51}},"134":{"start":{"line":581,"column":44},"end":{"line":581,"column":51}},"135":{"start":{"line":583,"column":4},"end":{"line":583,"column":24}},"136":{"start":{"line":586,"column":4},"end":{"line":605,"column":9}},"137":{"start":{"line":594,"column":8},"end":{"line":594,"column":28}},"138":{"start":{"line":597,"column":8},"end":{"line":597,"column":38}},"139":{"start":{"line":600,"column":8},"end":{"line":600,"column":37}},"140":{"start":{"line":603,"column":8},"end":{"line":603,"column":54}},"141":{"start":{"line":604,"column":8},"end":{"line":604,"column":51}},"142":{"start":{"line":614,"column":4},"end":{"line":614,"column":56}},"143":{"start":{"line":617,"column":4},"end":{"line":617,"column":24}},"144":{"start":{"line":620,"column":4},"end":{"line":620,"column":34}},"145":{"start":{"line":623,"column":4},"end":{"line":623,"column":33}},"146":{"start":{"line":631,"column":4},"end":{"line":631,"column":32}},"147":{"start":{"line":631,"column":25},"end":{"line":631,"column":32}},"148":{"start":{"line":634,"column":16},"end":{"line":634,"column":24}},"149":{"start":{"line":636,"column":4},"end":{"line":649,"column":5}},"150":{"start":{"line":638,"column":6},"end":{"line":638,"column":23}},"151":{"start":{"line":639,"column":6},"end":{"line":639,"column":12}},"152":{"start":{"line":641,"column":6},"end":{"line":641,"column":23}},"153":{"start":{"line":642,"column":6},"end":{"line":642,"column":12}},"154":{"start":{"line":644,"column":6},"end":{"line":644,"column":23}},"155":{"start":{"line":645,"column":6},"end":{"line":645,"column":12}},"156":{"start":{"line":647,"column":6},"end":{"line":647,"column":23}},"157":{"start":{"line":648,"column":6},"end":{"line":648,"column":12}},"158":{"start":{"line":651,"column":4},"end":{"line":651,"column":43}},"159":{"start":{"line":660,"column":22},"end":{"line":660,"column":66}},"160":{"start":{"line":661,"column":4},"end":{"line":669,"column":5}},"161":{"start":{"line":662,"column":6},"end":{"line":668,"column":9}},"162":{"start":{"line":663,"column":8},"end":{"line":663,"column":36}},"163":{"start":{"line":663,"column":29},"end":{"line":663,"column":36}},"164":{"start":{"line":666,"column":29},"end":{"line":666,"column":70}},"165":{"start":{"line":667,"column":8},"end":{"line":667,"column":52}},"166":{"start":{"line":672,"column":22},"end":{"line":672,"column":66}},"167":{"start":{"line":673,"column":4},"end":{"line":681,"column":5}},"168":{"start":{"line":674,"column":6},"end":{"line":680,"column":9}},"169":{"start":{"line":675,"column":8},"end":{"line":675,"column":36}},"170":{"start":{"line":675,"column":29},"end":{"line":675,"column":36}},"171":{"start":{"line":678,"column":29},"end":{"line":678,"column":73}},"172":{"start":{"line":679,"column":8},"end":{"line":679,"column":56}},"173":{"start":{"line":684,"column":18},"end":{"line":684,"column":58}},"174":{"start":{"line":685,"column":4},"end":{"line":689,"column":5}},"175":{"start":{"line":686,"column":6},"end":{"line":688,"column":9}},"176":{"start":{"line":687,"column":8},"end":{"line":687,"column":29}},"177":{"start":{"line":692,"column":19},"end":{"line":692,"column":57}},"178":{"start":{"line":693,"column":4},"end":{"line":697,"column":5}},"179":{"start":{"line":694,"column":6},"end":{"line":696,"column":9}},"180":{"start":{"line":695,"column":8},"end":{"line":695,"column":25}},"181":{"start":{"line":706,"column":4},"end":{"line":708,"column":5}},"182":{"start":{"line":707,"column":6},"end":{"line":707,"column":41}},"183":{"start":{"line":710,"column":4},"end":{"line":715,"column":12}},"184":{"start":{"line":711,"column":6},"end":{"line":714,"column":7}},"185":{"start":{"line":713,"column":8},"end":{"line":713,"column":73}},"186":{"start":{"line":723,"column":4},"end":{"line":723,"column":49}},"187":{"start":{"line":723,"column":42},"end":{"line":723,"column":49}},"188":{"start":{"line":726,"column":17},"end":{"line":726,"column":96}},"189":{"start":{"line":727,"column":4},"end":{"line":727,"column":44}},"190":{"start":{"line":730,"column":17},"end":{"line":730,"column":89}},"191":{"start":{"line":731,"column":4},"end":{"line":731,"column":44}},"192":{"start":{"line":734,"column":17},"end":{"line":734,"column":88}},"193":{"start":{"line":735,"column":4},"end":{"line":735,"column":44}},"194":{"start":{"line":743,"column":4},"end":{"line":747,"column":7}},"195":{"start":{"line":744,"column":6},"end":{"line":746,"column":7}},"196":{"start":{"line":745,"column":8},"end":{"line":745,"column":26}},"197":{"start":{"line":749,"column":4},"end":{"line":749,"column":38}},"198":{"start":{"line":758,"column":4},"end":{"line":758,"column":39}},"199":{"start":{"line":758,"column":32},"end":{"line":758,"column":39}},"200":{"start":{"line":761,"column":4},"end":{"line":761,"column":41}},"201":{"start":{"line":762,"column":4},"end":{"line":762,"column":26}},"202":{"start":{"line":771,"column":4},"end":{"line":771,"column":58}},"203":{"start":{"line":771,"column":51},"end":{"line":771,"column":58}},"204":{"start":{"line":774,"column":4},"end":{"line":787,"column":5}},"205":{"start":{"line":776,"column":6},"end":{"line":783,"column":9}},"206":{"start":{"line":786,"column":6},"end":{"line":786,"column":26}},"207":{"start":{"line":796,"column":4},"end":{"line":796,"column":59}},"208":{"start":{"line":796,"column":52},"end":{"line":796,"column":59}},"209":{"start":{"line":799,"column":4},"end":{"line":812,"column":5}},"210":{"start":{"line":801,"column":6},"end":{"line":801,"column":39}},"211":{"start":{"line":804,"column":23},"end":{"line":804,"column":62}},"212":{"start":{"line":805,"column":6},"end":{"line":808,"column":7}},"213":{"start":{"line":806,"column":8},"end":{"line":806,"column":34}},"214":{"start":{"line":807,"column":8},"end":{"line":807,"column":28}},"215":{"start":{"line":811,"column":6},"end":{"line":811,"column":29}},"216":{"start":{"line":821,"column":4},"end":{"line":821,"column":65}},"217":{"start":{"line":821,"column":58},"end":{"line":821,"column":65}},"218":{"start":{"line":823,"column":4},"end":{"line":827,"column":7}},"219":{"start":{"line":835,"column":4},"end":{"line":835,"column":49}},"220":{"start":{"line":835,"column":42},"end":{"line":835,"column":49}},"221":{"start":{"line":838,"column":4},"end":{"line":844,"column":7}},"222":{"start":{"line":847,"column":4},"end":{"line":847,"column":24}},"223":{"start":{"line":856,"column":4},"end":{"line":856,"column":40}},"224":{"start":{"line":859,"column":4},"end":{"line":861,"column":12}},"225":{"start":{"line":860,"column":6},"end":{"line":860,"column":45}},"226":{"start":{"line":869,"column":18},"end":{"line":869,"column":63}},"227":{"start":{"line":870,"column":4},"end":{"line":870,"column":23}},"228":{"start":{"line":870,"column":16},"end":{"line":870,"column":23}},"229":{"start":{"line":872,"column":4},"end":{"line":872,"column":60}},"230":{"start":{"line":880,"column":20},"end":{"line":880,"column":67}},"231":{"start":{"line":881,"column":4},"end":{"line":883,"column":5}},"232":{"start":{"line":882,"column":6},"end":{"line":882,"column":41}},"233":{"start":{"line":886,"column":4},"end":{"line":886,"column":22}},"234":{"start":{"line":894,"column":20},"end":{"line":894,"column":67}},"235":{"start":{"line":895,"column":4},"end":{"line":897,"column":5}},"236":{"start":{"line":896,"column":6},"end":{"line":896,"column":38}},"237":{"start":{"line":906,"column":18},"end":{"line":906,"column":63}},"238":{"start":{"line":907,"column":4},"end":{"line":910,"column":5}},"239":{"start":{"line":908,"column":6},"end":{"line":908,"column":56}},"240":{"start":{"line":909,"column":6},"end":{"line":909,"column":39}},"241":{"start":{"line":913,"column":4},"end":{"line":913,"column":24}},"242":{"start":{"line":921,"column":18},"end":{"line":921,"column":63}},"243":{"start":{"line":922,"column":4},"end":{"line":924,"column":5}},"244":{"start":{"line":923,"column":6},"end":{"line":923,"column":36}},"245":{"start":{"line":932,"column":4},"end":{"line":932,"column":35}},"246":{"start":{"line":932,"column":28},"end":{"line":932,"column":35}},"247":{"start":{"line":935,"column":23},"end":{"line":935,"column":62}},"248":{"start":{"line":937,"column":4},"end":{"line":966,"column":5}},"249":{"start":{"line":938,"column":6},"end":{"line":938,"column":31}},"250":{"start":{"line":941,"column":21},"end":{"line":941,"column":59}},"251":{"start":{"line":942,"column":6},"end":{"line":951,"column":7}},"252":{"start":{"line":943,"column":8},"end":{"line":943,"column":33}},"253":{"start":{"line":944,"column":8},"end":{"line":944,"column":26}},"254":{"start":{"line":947,"column":8},"end":{"line":950,"column":9}},"255":{"start":{"line":948,"column":10},"end":{"line":948,"column":43}},"256":{"start":{"line":949,"column":10},"end":{"line":949,"column":65}},"257":{"start":{"line":954,"column":20},"end":{"line":954,"column":60}},"258":{"start":{"line":955,"column":6},"end":{"line":957,"column":7}},"259":{"start":{"line":956,"column":8},"end":{"line":956,"column":41}},"260":{"start":{"line":959,"column":6},"end":{"line":959,"column":32}},"261":{"start":{"line":962,"column":20},"end":{"line":962,"column":60}},"262":{"start":{"line":963,"column":6},"end":{"line":965,"column":7}},"263":{"start":{"line":964,"column":8},"end":{"line":964,"column":38}},"264":{"start":{"line":974,"column":4},"end":{"line":974,"column":35}},"265":{"start":{"line":974,"column":28},"end":{"line":974,"column":35}},"266":{"start":{"line":976,"column":4},"end":{"line":976,"column":33}},"267":{"start":{"line":979,"column":4},"end":{"line":979,"column":58}},"268":{"start":{"line":987,"column":4},"end":{"line":997,"column":5}},"269":{"start":{"line":989,"column":6},"end":{"line":991,"column":7}},"270":{"start":{"line":990,"column":8},"end":{"line":990,"column":32}},"271":{"start":{"line":994,"column":6},"end":{"line":996,"column":7}},"272":{"start":{"line":995,"column":8},"end":{"line":995,"column":33}},"273":{"start":{"line":1005,"column":4},"end":{"line":1005,"column":57}},"274":{"start":{"line":1005,"column":50},"end":{"line":1005,"column":57}},"275":{"start":{"line":1007,"column":23},"end":{"line":1007,"column":62}},"276":{"start":{"line":1008,"column":4},"end":{"line":1008,"column":28}},"277":{"start":{"line":1008,"column":21},"end":{"line":1008,"column":28}},"278":{"start":{"line":1011,"column":4},"end":{"line":1013,"column":5}},"279":{"start":{"line":1012,"column":6},"end":{"line":1012,"column":40}},"280":{"start":{"line":1021,"column":4},"end":{"line":1029,"column":5}},"281":{"start":{"line":1022,"column":6},"end":{"line":1022,"column":33}},"282":{"start":{"line":1023,"column":6},"end":{"line":1023,"column":28}},"283":{"start":{"line":1026,"column":6},"end":{"line":1028,"column":7}},"284":{"start":{"line":1027,"column":8},"end":{"line":1027,"column":55}},"285":{"start":{"line":1034,"column":0},"end":{"line":1034,"column":68}}},"fnMap":{"0":{"name":"(anonymous_0)","decl":{"start":{"line":38,"column":2},"end":{"line":38,"column":3}},"loc":{"start":{"line":38,"column":16},"end":{"line":300,"column":3}},"line":38},"1":{"name":"(anonymous_1)","decl":{"start":{"line":305,"column":2},"end":{"line":305,"column":3}},"loc":{"start":{"line":305,"column":22},"end":{"line":328,"column":3}},"line":305},"2":{"name":"(anonymous_2)","decl":{"start":{"line":333,"column":2},"end":{"line":333,"column":3}},"loc":{"start":{"line":333,"column":25},"end":{"line":348,"column":3}},"line":333},"3":{"name":"(anonymous_3)","decl":{"start":{"line":353,"column":2},"end":{"line":353,"column":3}},"loc":{"start":{"line":353,"column":53},"end":{"line":374,"column":3}},"line":353},"4":{"name":"(anonymous_4)","decl":{"start":{"line":379,"column":2},"end":{"line":379,"column":3}},"loc":{"start":{"line":379,"column":34},"end":{"line":381,"column":3}},"line":379},"5":{"name":"(anonymous_5)","decl":{"start":{"line":389,"column":6},"end":{"line":389,"column":7}},"loc":{"start":{"line":389,"column":19},"end":{"line":393,"column":7}},"line":389},"6":{"name":"(anonymous_6)","decl":{"start":{"line":409,"column":12},"end":{"line":409,"column":13}},"loc":{"start":{"line":409,"column":18},"end":{"line":421,"column":7}},"line":409},"7":{"name":"(anonymous_7)","decl":{"start":{"line":422,"column":13},"end":{"line":422,"column":14}},"loc":{"start":{"line":422,"column":24},"end":{"line":425,"column":7}},"line":422},"8":{"name":"(anonymous_8)","decl":{"start":{"line":437,"column":23},"end":{"line":437,"column":24}},"loc":{"start":{"line":437,"column":44},"end":{"line":445,"column":5}},"line":437},"9":{"name":"(anonymous_9)","decl":{"start":{"line":440,"column":14},"end":{"line":440,"column":15}},"loc":{"start":{"line":440,"column":26},"end":{"line":443,"column":9}},"line":440},"10":{"name":"(anonymous_10)","decl":{"start":{"line":495,"column":12},"end":{"line":495,"column":13}},"loc":{"start":{"line":495,"column":26},"end":{"line":500,"column":7}},"line":495},"11":{"name":"(anonymous_11)","decl":{"start":{"line":501,"column":12},"end":{"line":501,"column":13}},"loc":{"start":{"line":501,"column":29},"end":{"line":515,"column":7}},"line":501},"12":{"name":"(anonymous_12)","decl":{"start":{"line":516,"column":13},"end":{"line":516,"column":14}},"loc":{"start":{"line":516,"column":24},"end":{"line":519,"column":7}},"line":516},"13":{"name":"(anonymous_13)","decl":{"start":{"line":533,"column":44},"end":{"line":533,"column":45}},"loc":{"start":{"line":533,"column":51},"end":{"line":533,"column":75}},"line":533},"14":{"name":"(anonymous_14)","decl":{"start":{"line":535,"column":50},"end":{"line":535,"column":51}},"loc":{"start":{"line":535,"column":57},"end":{"line":535,"column":75}},"line":535},"15":{"name":"(anonymous_15)","decl":{"start":{"line":542,"column":49},"end":{"line":542,"column":50}},"loc":{"start":{"line":542,"column":56},"end":{"line":542,"column":97}},"line":542},"16":{"name":"(anonymous_16)","decl":{"start":{"line":560,"column":44},"end":{"line":560,"column":45}},"loc":{"start":{"line":560,"column":51},"end":{"line":560,"column":75}},"line":560},"17":{"name":"(anonymous_17)","decl":{"start":{"line":562,"column":51},"end":{"line":562,"column":52}},"loc":{"start":{"line":562,"column":58},"end":{"line":562,"column":77}},"line":562},"18":{"name":"(anonymous_18)","decl":{"start":{"line":569,"column":46},"end":{"line":569,"column":47}},"loc":{"start":{"line":569,"column":53},"end":{"line":569,"column":91}},"line":569},"19":{"name":"(anonymous_19)","decl":{"start":{"line":593,"column":12},"end":{"line":593,"column":13}},"loc":{"start":{"line":593,"column":18},"end":{"line":601,"column":7}},"line":593},"20":{"name":"(anonymous_20)","decl":{"start":{"line":602,"column":13},"end":{"line":602,"column":14}},"loc":{"start":{"line":602,"column":24},"end":{"line":605,"column":7}},"line":602},"21":{"name":"(anonymous_21)","decl":{"start":{"line":662,"column":42},"end":{"line":662,"column":43}},"loc":{"start":{"line":662,"column":48},"end":{"line":668,"column":7}},"line":662},"22":{"name":"(anonymous_22)","decl":{"start":{"line":674,"column":42},"end":{"line":674,"column":43}},"loc":{"start":{"line":674,"column":48},"end":{"line":680,"column":7}},"line":674},"23":{"name":"(anonymous_23)","decl":{"start":{"line":686,"column":38},"end":{"line":686,"column":39}},"loc":{"start":{"line":686,"column":44},"end":{"line":688,"column":7}},"line":686},"24":{"name":"(anonymous_24)","decl":{"start":{"line":694,"column":39},"end":{"line":694,"column":40}},"loc":{"start":{"line":694,"column":45},"end":{"line":696,"column":7}},"line":694},"25":{"name":"(anonymous_25)","decl":{"start":{"line":710,"column":38},"end":{"line":710,"column":39}},"loc":{"start":{"line":710,"column":44},"end":{"line":715,"column":5}},"line":710},"26":{"name":"(anonymous_26)","decl":{"start":{"line":743,"column":41},"end":{"line":743,"column":42}},"loc":{"start":{"line":743,"column":50},"end":{"line":747,"column":5}},"line":743},"27":{"name":"(anonymous_27)","decl":{"start":{"line":859,"column":15},"end":{"line":859,"column":16}},"loc":{"start":{"line":859,"column":21},"end":{"line":861,"column":5}},"line":859}},"branchMap":{"0":{"loc":{"start":{"line":45,"column":4},"end":{"line":50,"column":5}},"type":"if","locations":[{"start":{"line":45,"column":4},"end":{"line":50,"column":5}},{"start":{"line":48,"column":11},"end":{"line":50,"column":5}}],"line":45},"1":{"loc":{"start":{"line":309,"column":28},"end":{"line":309,"column":72}},"type":"binary-expr","locations":[{"start":{"line":309,"column":28},"end":{"line":309,"column":56}},{"start":{"line":309,"column":60},"end":{"line":309,"column":72}}],"line":309},"2":{"loc":{"start":{"line":339,"column":4},"end":{"line":342,"column":5}},"type":"if","locations":[{"start":{"line":339,"column":4},"end":{"line":342,"column":5}},{"start":{},"end":{}}],"line":339},"3":{"loc":{"start":{"line":345,"column":4},"end":{"line":347,"column":5}},"type":"if","locations":[{"start":{"line":345,"column":4},"end":{"line":347,"column":5}},{"start":{},"end":{}}],"line":345},"4":{"loc":{"start":{"line":354,"column":4},"end":{"line":354,"column":38}},"type":"if","locations":[{"start":{"line":354,"column":4},"end":{"line":354,"column":38}},{"start":{},"end":{}}],"line":354},"5":{"loc":{"start":{"line":356,"column":4},"end":{"line":373,"column":5}},"type":"switch","locations":[{"start":{"line":357,"column":4},"end":{"line":360,"column":12}},{"start":{"line":361,"column":4},"end":{"line":364,"column":12}},{"start":{"line":365,"column":4},"end":{"line":368,"column":12}},{"start":{"line":369,"column":4},"end":{"line":372,"column":12}}],"line":356},"6":{"loc":{"start":{"line":390,"column":8},"end":{"line":392,"column":9}},"type":"if","locations":[{"start":{"line":390,"column":8},"end":{"line":392,"column":9}},{"start":{},"end":{}}],"line":390},"7":{"loc":{"start":{"line":390,"column":12},"end":{"line":390,"column":59}},"type":"binary-expr","locations":[{"start":{"line":390,"column":12},"end":{"line":390,"column":37}},{"start":{"line":390,"column":41},"end":{"line":390,"column":59}}],"line":390},"8":{"loc":{"start":{"line":405,"column":4},"end":{"line":405,"column":34}},"type":"if","locations":[{"start":{"line":405,"column":4},"end":{"line":405,"column":34}},{"start":{},"end":{}}],"line":405},"9":{"loc":{"start":{"line":414,"column":8},"end":{"line":418,"column":9}},"type":"if","locations":[{"start":{"line":414,"column":8},"end":{"line":418,"column":9}},{"start":{"line":416,"column":15},"end":{"line":418,"column":9}}],"line":414},"10":{"loc":{"start":{"line":416,"column":15},"end":{"line":418,"column":9}},"type":"if","locations":[{"start":{"line":416,"column":15},"end":{"line":418,"column":9}},{"start":{},"end":{}}],"line":416},"11":{"loc":{"start":{"line":453,"column":4},"end":{"line":453,"column":58}},"type":"if","locations":[{"start":{"line":453,"column":4},"end":{"line":453,"column":58}},{"start":{},"end":{}}],"line":453},"12":{"loc":{"start":{"line":453,"column":8},"end":{"line":453,"column":49}},"type":"binary-expr","locations":[{"start":{"line":453,"column":8},"end":{"line":453,"column":29}},{"start":{"line":453,"column":33},"end":{"line":453,"column":49}}],"line":453},"13":{"loc":{"start":{"line":472,"column":6},"end":{"line":474,"column":7}},"type":"if","locations":[{"start":{"line":472,"column":6},"end":{"line":474,"column":7}},{"start":{},"end":{}}],"line":472},"14":{"loc":{"start":{"line":489,"column":4},"end":{"line":489,"column":33}},"type":"if","locations":[{"start":{"line":489,"column":4},"end":{"line":489,"column":33}},{"start":{},"end":{}}],"line":489},"15":{"loc":{"start":{"line":496,"column":8},"end":{"line":498,"column":9}},"type":"if","locations":[{"start":{"line":496,"column":8},"end":{"line":498,"column":9}},{"start":{},"end":{}}],"line":496},"16":{"loc":{"start":{"line":506,"column":8},"end":{"line":511,"column":9}},"type":"if","locations":[{"start":{"line":506,"column":8},"end":{"line":511,"column":9}},{"start":{"line":509,"column":15},"end":{"line":511,"column":9}}],"line":506},"17":{"loc":{"start":{"line":529,"column":4},"end":{"line":529,"column":30}},"type":"if","locations":[{"start":{"line":529,"column":4},"end":{"line":529,"column":30}},{"start":{},"end":{}}],"line":529},"18":{"loc":{"start":{"line":532,"column":4},"end":{"line":538,"column":5}},"type":"if","locations":[{"start":{"line":532,"column":4},"end":{"line":538,"column":5}},{"start":{},"end":{}}],"line":532},"19":{"loc":{"start":{"line":532,"column":8},"end":{"line":532,"column":53}},"type":"binary-expr","locations":[{"start":{"line":532,"column":8},"end":{"line":532,"column":21}},{"start":{"line":532,"column":25},"end":{"line":532,"column":53}}],"line":532},"20":{"loc":{"start":{"line":534,"column":6},"end":{"line":537,"column":7}},"type":"if","locations":[{"start":{"line":534,"column":6},"end":{"line":537,"column":7}},{"start":{},"end":{}}],"line":534},"21":{"loc":{"start":{"line":534,"column":10},"end":{"line":534,"column":42}},"type":"binary-expr","locations":[{"start":{"line":534,"column":10},"end":{"line":534,"column":20}},{"start":{"line":534,"column":24},"end":{"line":534,"column":42}}],"line":534},"22":{"loc":{"start":{"line":536,"column":8},"end":{"line":536,"column":44}},"type":"if","locations":[{"start":{"line":536,"column":8},"end":{"line":536,"column":44}},{"start":{},"end":{}}],"line":536},"23":{"loc":{"start":{"line":541,"column":4},"end":{"line":544,"column":5}},"type":"if","locations":[{"start":{"line":541,"column":4},"end":{"line":544,"column":5}},{"start":{},"end":{}}],"line":541},"24":{"loc":{"start":{"line":542,"column":56},"end":{"line":542,"column":97}},"type":"binary-expr","locations":[{"start":{"line":542,"column":56},"end":{"line":542,"column":76}},{"start":{"line":542,"column":80},"end":{"line":542,"column":97}}],"line":542},"25":{"loc":{"start":{"line":543,"column":6},"end":{"line":543,"column":66}},"type":"if","locations":[{"start":{"line":543,"column":6},"end":{"line":543,"column":66}},{"start":{},"end":{}}],"line":543},"26":{"loc":{"start":{"line":543,"column":10},"end":{"line":543,"column":40}},"type":"binary-expr","locations":[{"start":{"line":543,"column":10},"end":{"line":543,"column":20}},{"start":{"line":543,"column":24},"end":{"line":543,"column":40}}],"line":543},"27":{"loc":{"start":{"line":556,"column":4},"end":{"line":556,"column":30}},"type":"if","locations":[{"start":{"line":556,"column":4},"end":{"line":556,"column":30}},{"start":{},"end":{}}],"line":556},"28":{"loc":{"start":{"line":559,"column":4},"end":{"line":565,"column":5}},"type":"if","locations":[{"start":{"line":559,"column":4},"end":{"line":565,"column":5}},{"start":{},"end":{}}],"line":559},"29":{"loc":{"start":{"line":559,"column":8},"end":{"line":559,"column":53}},"type":"binary-expr","locations":[{"start":{"line":559,"column":8},"end":{"line":559,"column":21}},{"start":{"line":559,"column":25},"end":{"line":559,"column":53}}],"line":559},"30":{"loc":{"start":{"line":561,"column":6},"end":{"line":564,"column":7}},"type":"if","locations":[{"start":{"line":561,"column":6},"end":{"line":564,"column":7}},{"start":{},"end":{}}],"line":561},"31":{"loc":{"start":{"line":561,"column":10},"end":{"line":561,"column":42}},"type":"binary-expr","locations":[{"start":{"line":561,"column":10},"end":{"line":561,"column":20}},{"start":{"line":561,"column":24},"end":{"line":561,"column":42}}],"line":561},"32":{"loc":{"start":{"line":563,"column":8},"end":{"line":563,"column":46}},"type":"if","locations":[{"start":{"line":563,"column":8},"end":{"line":563,"column":46}},{"start":{},"end":{}}],"line":563},"33":{"loc":{"start":{"line":568,"column":4},"end":{"line":571,"column":5}},"type":"if","locations":[{"start":{"line":568,"column":4},"end":{"line":571,"column":5}},{"start":{},"end":{}}],"line":568},"34":{"loc":{"start":{"line":569,"column":53},"end":{"line":569,"column":91}},"type":"binary-expr","locations":[{"start":{"line":569,"column":53},"end":{"line":569,"column":73}},{"start":{"line":569,"column":77},"end":{"line":569,"column":91}}],"line":569},"35":{"loc":{"start":{"line":570,"column":6},"end":{"line":570,"column":57}},"type":"if","locations":[{"start":{"line":570,"column":6},"end":{"line":570,"column":57}},{"start":{},"end":{}}],"line":570},"36":{"loc":{"start":{"line":570,"column":10},"end":{"line":570,"column":34}},"type":"binary-expr","locations":[{"start":{"line":570,"column":10},"end":{"line":570,"column":17}},{"start":{"line":570,"column":21},"end":{"line":570,"column":34}}],"line":570},"37":{"loc":{"start":{"line":581,"column":4},"end":{"line":581,"column":51}},"type":"if","locations":[{"start":{"line":581,"column":4},"end":{"line":581,"column":51}},{"start":{},"end":{}}],"line":581},"38":{"loc":{"start":{"line":581,"column":8},"end":{"line":581,"column":42}},"type":"binary-expr","locations":[{"start":{"line":581,"column":8},"end":{"line":581,"column":23}},{"start":{"line":581,"column":27},"end":{"line":581,"column":42}}],"line":581},"39":{"loc":{"start":{"line":631,"column":4},"end":{"line":631,"column":32}},"type":"if","locations":[{"start":{"line":631,"column":4},"end":{"line":631,"column":32}},{"start":{},"end":{}}],"line":631},"40":{"loc":{"start":{"line":636,"column":4},"end":{"line":649,"column":5}},"type":"switch","locations":[{"start":{"line":637,"column":4},"end":{"line":639,"column":12}},{"start":{"line":640,"column":4},"end":{"line":642,"column":12}},{"start":{"line":643,"column":4},"end":{"line":645,"column":12}},{"start":{"line":646,"column":4},"end":{"line":648,"column":12}}],"line":636},"41":{"loc":{"start":{"line":661,"column":4},"end":{"line":669,"column":5}},"type":"if","locations":[{"start":{"line":661,"column":4},"end":{"line":669,"column":5}},{"start":{},"end":{}}],"line":661},"42":{"loc":{"start":{"line":663,"column":8},"end":{"line":663,"column":36}},"type":"if","locations":[{"start":{"line":663,"column":8},"end":{"line":663,"column":36}},{"start":{},"end":{}}],"line":663},"43":{"loc":{"start":{"line":666,"column":29},"end":{"line":666,"column":70}},"type":"binary-expr","locations":[{"start":{"line":666,"column":29},"end":{"line":666,"column":62}},{"start":{"line":666,"column":66},"end":{"line":666,"column":70}}],"line":666},"44":{"loc":{"start":{"line":673,"column":4},"end":{"line":681,"column":5}},"type":"if","locations":[{"start":{"line":673,"column":4},"end":{"line":681,"column":5}},{"start":{},"end":{}}],"line":673},"45":{"loc":{"start":{"line":675,"column":8},"end":{"line":675,"column":36}},"type":"if","locations":[{"start":{"line":675,"column":8},"end":{"line":675,"column":36}},{"start":{},"end":{}}],"line":675},"46":{"loc":{"start":{"line":678,"column":29},"end":{"line":678,"column":73}},"type":"binary-expr","locations":[{"start":{"line":678,"column":29},"end":{"line":678,"column":65}},{"start":{"line":678,"column":69},"end":{"line":678,"column":73}}],"line":678},"47":{"loc":{"start":{"line":685,"column":4},"end":{"line":689,"column":5}},"type":"if","locations":[{"start":{"line":685,"column":4},"end":{"line":689,"column":5}},{"start":{},"end":{}}],"line":685},"48":{"loc":{"start":{"line":693,"column":4},"end":{"line":697,"column":5}},"type":"if","locations":[{"start":{"line":693,"column":4},"end":{"line":697,"column":5}},{"start":{},"end":{}}],"line":693},"49":{"loc":{"start":{"line":706,"column":4},"end":{"line":708,"column":5}},"type":"if","locations":[{"start":{"line":706,"column":4},"end":{"line":708,"column":5}},{"start":{},"end":{}}],"line":706},"50":{"loc":{"start":{"line":711,"column":6},"end":{"line":714,"column":7}},"type":"if","locations":[{"start":{"line":711,"column":6},"end":{"line":714,"column":7}},{"start":{},"end":{}}],"line":711},"51":{"loc":{"start":{"line":723,"column":4},"end":{"line":723,"column":49}},"type":"if","locations":[{"start":{"line":723,"column":4},"end":{"line":723,"column":49}},{"start":{},"end":{}}],"line":723},"52":{"loc":{"start":{"line":744,"column":6},"end":{"line":746,"column":7}},"type":"if","locations":[{"start":{"line":744,"column":6},"end":{"line":746,"column":7}},{"start":{},"end":{}}],"line":744},"53":{"loc":{"start":{"line":744,"column":10},"end":{"line":744,"column":54}},"type":"binary-expr","locations":[{"start":{"line":744,"column":10},"end":{"line":744,"column":13}},{"start":{"line":744,"column":17},"end":{"line":744,"column":54}}],"line":744},"54":{"loc":{"start":{"line":758,"column":4},"end":{"line":758,"column":39}},"type":"if","locations":[{"start":{"line":758,"column":4},"end":{"line":758,"column":39}},{"start":{},"end":{}}],"line":758},"55":{"loc":{"start":{"line":758,"column":8},"end":{"line":758,"column":30}},"type":"binary-expr","locations":[{"start":{"line":758,"column":8},"end":{"line":758,"column":13}},{"start":{"line":758,"column":17},"end":{"line":758,"column":30}}],"line":758},"56":{"loc":{"start":{"line":771,"column":4},"end":{"line":771,"column":58}},"type":"if","locations":[{"start":{"line":771,"column":4},"end":{"line":771,"column":58}},{"start":{},"end":{}}],"line":771},"57":{"loc":{"start":{"line":771,"column":8},"end":{"line":771,"column":49}},"type":"binary-expr","locations":[{"start":{"line":771,"column":8},"end":{"line":771,"column":13}},{"start":{"line":771,"column":17},"end":{"line":771,"column":27}},{"start":{"line":771,"column":31},"end":{"line":771,"column":49}}],"line":771},"58":{"loc":{"start":{"line":774,"column":4},"end":{"line":787,"column":5}},"type":"if","locations":[{"start":{"line":774,"column":4},"end":{"line":787,"column":5}},{"start":{},"end":{}}],"line":774},"59":{"loc":{"start":{"line":796,"column":4},"end":{"line":796,"column":59}},"type":"if","locations":[{"start":{"line":796,"column":4},"end":{"line":796,"column":59}},{"start":{},"end":{}}],"line":796},"60":{"loc":{"start":{"line":796,"column":8},"end":{"line":796,"column":50}},"type":"binary-expr","locations":[{"start":{"line":796,"column":8},"end":{"line":796,"column":13}},{"start":{"line":796,"column":17},"end":{"line":796,"column":30}},{"start":{"line":796,"column":34},"end":{"line":796,"column":50}}],"line":796},"61":{"loc":{"start":{"line":799,"column":4},"end":{"line":812,"column":5}},"type":"if","locations":[{"start":{"line":799,"column":4},"end":{"line":812,"column":5}},{"start":{},"end":{}}],"line":799},"62":{"loc":{"start":{"line":805,"column":6},"end":{"line":808,"column":7}},"type":"if","locations":[{"start":{"line":805,"column":6},"end":{"line":808,"column":7}},{"start":{},"end":{}}],"line":805},"63":{"loc":{"start":{"line":805,"column":10},"end":{"line":805,"column":49}},"type":"binary-expr","locations":[{"start":{"line":805,"column":10},"end":{"line":805,"column":18}},{"start":{"line":805,"column":22},"end":{"line":805,"column":49}}],"line":805},"64":{"loc":{"start":{"line":821,"column":4},"end":{"line":821,"column":65}},"type":"if","locations":[{"start":{"line":821,"column":4},"end":{"line":821,"column":65}},{"start":{},"end":{}}],"line":821},"65":{"loc":{"start":{"line":821,"column":8},"end":{"line":821,"column":56}},"type":"binary-expr","locations":[{"start":{"line":821,"column":8},"end":{"line":821,"column":40}},{"start":{"line":821,"column":44},"end":{"line":821,"column":56}}],"line":821},"66":{"loc":{"start":{"line":835,"column":4},"end":{"line":835,"column":49}},"type":"if","locations":[{"start":{"line":835,"column":4},"end":{"line":835,"column":49}},{"start":{},"end":{}}],"line":835},"67":{"loc":{"start":{"line":870,"column":4},"end":{"line":870,"column":23}},"type":"if","locations":[{"start":{"line":870,"column":4},"end":{"line":870,"column":23}},{"start":{},"end":{}}],"line":870},"68":{"loc":{"start":{"line":881,"column":4},"end":{"line":883,"column":5}},"type":"if","locations":[{"start":{"line":881,"column":4},"end":{"line":883,"column":5}},{"start":{},"end":{}}],"line":881},"69":{"loc":{"start":{"line":895,"column":4},"end":{"line":897,"column":5}},"type":"if","locations":[{"start":{"line":895,"column":4},"end":{"line":897,"column":5}},{"start":{},"end":{}}],"line":895},"70":{"loc":{"start":{"line":907,"column":4},"end":{"line":910,"column":5}},"type":"if","locations":[{"start":{"line":907,"column":4},"end":{"line":910,"column":5}},{"start":{},"end":{}}],"line":907},"71":{"loc":{"start":{"line":922,"column":4},"end":{"line":924,"column":5}},"type":"if","locations":[{"start":{"line":922,"column":4},"end":{"line":924,"column":5}},{"start":{},"end":{}}],"line":922},"72":{"loc":{"start":{"line":932,"column":4},"end":{"line":932,"column":35}},"type":"if","locations":[{"start":{"line":932,"column":4},"end":{"line":932,"column":35}},{"start":{},"end":{}}],"line":932},"73":{"loc":{"start":{"line":937,"column":4},"end":{"line":966,"column":5}},"type":"if","locations":[{"start":{"line":937,"column":4},"end":{"line":966,"column":5}},{"start":{"line":958,"column":11},"end":{"line":966,"column":5}}],"line":937},"74":{"loc":{"start":{"line":942,"column":6},"end":{"line":951,"column":7}},"type":"if","locations":[{"start":{"line":942,"column":6},"end":{"line":951,"column":7}},{"start":{},"end":{}}],"line":942},"75":{"loc":{"start":{"line":947,"column":8},"end":{"line":950,"column":9}},"type":"if","locations":[{"start":{"line":947,"column":8},"end":{"line":950,"column":9}},{"start":{},"end":{}}],"line":947},"76":{"loc":{"start":{"line":955,"column":6},"end":{"line":957,"column":7}},"type":"if","locations":[{"start":{"line":955,"column":6},"end":{"line":957,"column":7}},{"start":{},"end":{}}],"line":955},"77":{"loc":{"start":{"line":963,"column":6},"end":{"line":965,"column":7}},"type":"if","locations":[{"start":{"line":963,"column":6},"end":{"line":965,"column":7}},{"start":{},"end":{}}],"line":963},"78":{"loc":{"start":{"line":974,"column":4},"end":{"line":974,"column":35}},"type":"if","locations":[{"start":{"line":974,"column":4},"end":{"line":974,"column":35}},{"start":{},"end":{}}],"line":974},"79":{"loc":{"start":{"line":987,"column":4},"end":{"line":997,"column":5}},"type":"if","locations":[{"start":{"line":987,"column":4},"end":{"line":997,"column":5}},{"start":{"line":992,"column":11},"end":{"line":997,"column":5}}],"line":987},"80":{"loc":{"start":{"line":989,"column":6},"end":{"line":991,"column":7}},"type":"if","locations":[{"start":{"line":989,"column":6},"end":{"line":991,"column":7}},{"start":{},"end":{}}],"line":989},"81":{"loc":{"start":{"line":994,"column":6},"end":{"line":996,"column":7}},"type":"if","locations":[{"start":{"line":994,"column":6},"end":{"line":996,"column":7}},{"start":{},"end":{}}],"line":994},"82":{"loc":{"start":{"line":1005,"column":4},"end":{"line":1005,"column":57}},"type":"if","locations":[{"start":{"line":1005,"column":4},"end":{"line":1005,"column":57}},{"start":{},"end":{}}],"line":1005},"83":{"loc":{"start":{"line":1005,"column":8},"end":{"line":1005,"column":48}},"type":"binary-expr","locations":[{"start":{"line":1005,"column":8},"end":{"line":1005,"column":26}},{"start":{"line":1005,"column":30},"end":{"line":1005,"column":48}}],"line":1005},"84":{"loc":{"start":{"line":1008,"column":4},"end":{"line":1008,"column":28}},"type":"if","locations":[{"start":{"line":1008,"column":4},"end":{"line":1008,"column":28}},{"start":{},"end":{}}],"line":1008},"85":{"loc":{"start":{"line":1011,"column":4},"end":{"line":1013,"column":5}},"type":"if","locations":[{"start":{"line":1011,"column":4},"end":{"line":1013,"column":5}},{"start":{},"end":{}}],"line":1011},"86":{"loc":{"start":{"line":1021,"column":4},"end":{"line":1029,"column":5}},"type":"if","locations":[{"start":{"line":1021,"column":4},"end":{"line":1029,"column":5}},{"start":{},"end":{}}],"line":1021},"87":{"loc":{"start":{"line":1026,"column":6},"end":{"line":1028,"column":7}},"type":"if","locations":[{"start":{"line":1026,"column":6},"end":{"line":1028,"column":7}},{"start":{},"end":{}}],"line":1026},"88":{"loc":{"start":{"line":1026,"column":10},"end":{"line":1026,"column":51}},"type":"binary-expr","locations":[{"start":{"line":1026,"column":10},"end":{"line":1026,"column":25}},{"start":{"line":1026,"column":29},"end":{"line":1026,"column":51}}],"line":1026}},"s":{"0":0,"1":0,"2":0,"3":0,"4":0,"5":0,"6":0,"7":0,"8":0,"9":0,"10":0,"11":0,"12":0,"13":0,"14":0,"15":0,"16":0,"17":0,"18":0,"19":0,"20":0,"21":0,"22":0,"23":0,"24":0,"25":0,"26":0,"27":0,"28":0,"29":0,"30":0,"31":0,"32":0,"33":0,"34":0,"35":0,"36":0,"37":0,"38":0,"39":0,"40":0,"41":0,"42":0,"43":0,"44":0,"45":0,"46":0,"47":0,"48":0,"49":0,"50":0,"51":0,"52":0,"53":0,"54":1,"55":0,"56":0,"57":0,"58":0,"59":0,"60":0,"61":0,"62":0,"63":0,"64":0,"65":0,"66":0,"67":0,"68":0,"69":0,"70":0,"71":0,"72":0,"73":0,"74":0,"75":0,"76":0,"77":0,"78":0,"79":0,"80":0,"81":0,"82":0,"83":0,"84":0,"85":0,"86":0,"87":0,"88":0,"89":0,"90":0,"91":0,"92":0,"93":0,"94":0,"95":0,"96":0,"97":0,"98":0,"99":0,"100":0,"101":0,"102":0,"103":0,"104":0,"105":0,"106":0,"107":0,"108":0,"109":0,"110":0,"111":0,"112":0,"113":0,"114":0,"115":0,"116":0,"117":0,"118":0,"119":0,"120":0,"121":0,"122":0,"123":0,"124":0,"125":0,"126":0,"127":0,"128":0,"129":0,"130":0,"131":0,"132":0,"133":0,"134":0,"135":0,"136":0,"137":0,"138":0,"139":0,"140":0,"141":0,"142":0,"143":0,"144":0,"145":0,"146":0,"147":0,"148":0,"149":0,"150":0,"151":0,"152":0,"153":0,"154":0,"155":0,"156":0,"157":0,"158":0,"159":0,"160":0,"161":0,"162":0,"163":0,"164":0,"165":0,"166":0,"167":0,"168":0,"169":0,"170":0,"171":0,"172":0,"173":0,"174":0,"175":0,"176":0,"177":0,"178":0,"179":0,"180":0,"181":0,"182":0,"183":0,"184":0,"185":0,"186":0,"187":0,"188":0,"189":0,"190":0,"191":0,"192":0,"193":0,"194":0,"195":0,"196":0,"197":0,"198":0,"199":0,"200":0,"201":0,"202":0,"203":0,"204":0,"205":0,"206":0,"207":0,"208":0,"209":0,"210":0,"211":0,"212":0,"213":0,"214":0,"215":0,"216":0,"217":0,"218":0,"219":0,"220":0,"221":0,"222":0,"223":0,"224":0,"225":0,"226":0,"227":0,"228":0,"229":0,"230":0,"231":0,"232":0,"233":0,"234":0,"235":0,"236":0,"237":0,"238":0,"239":0,"240":0,"241":0,"242":0,"243":0,"244":0,"245":0,"246":0,"247":0,"248":0,"249":0,"250":0,"251":0,"252":0,"253":0,"254":0,"255":0,"256":0,"257":0,"258":0,"259":0,"260":0,"261":0,"262":0,"263":0,"264":0,"265":0,"266":0,"267":0,"268":0,"269":0,"270":0,"271":0,"272":0,"273":0,"274":0,"275":0,"276":0,"277":0,"278":0,"279":0,"280":0,"281":0,"282":0,"283":0,"284":0,"285":1},"f":{"0":0,"1":0,"2":0,"3":0,"4":1,"5":0,"6":0,"7":0,"8":0,"9":0,"10":0,"11":0,"12":0,"13":0,"14":0,"15":0,"16":0,"17":0,"18":0,"19":0,"20":0,"21":0,"22":0,"23":0,"24":0,"25":0,"26":0,"27":0},"b":{"0":[0,0],"1":[0,0],"2":[0,0],"3":[0,0],"4":[0,0],"5":[0,0,0,0],"6":[0,0],"7":[0,0],"8":[0,0],"9":[0,0],"10":[0,0],"11":[0,0],"12":[0,0],"13":[0,0],"14":[0,0],"15":[0,0],"16":[0,0],"17":[0,0],"18":[0,0],"19":[0,0],"20":[0,0],"21":[0,0],"22":[0,0],"23":[0,0],"24":[0,0],"25":[0,0],"26":[0,0],"27":[0,0],"28":[0,0],"29":[0,0],"30":[0,0],"31":[0,0],"32":[0,0],"33":[0,0],"34":[0,0],"35":[0,0],"36":[0,0],"37":[0,0],"38":[0,0],"39":[0,0],"40":[0,0,0,0],"41":[0,0],"42":[0,0],"43":[0,0],"44":[0,0],"45":[0,0],"46":[0,0],"47":[0,0],"48":[0,0],"49":[0,0],"50":[0,0],"51":[0,0],"52":[0,0],"53":[0,0],"54":[0,0],"55":[0,0],"56":[0,0],"57":[0,0,0],"58":[0,0],"59":[0,0],"60":[0,0,0],"61":[0,0],"62":[0,0],"63":[0,0],"64":[0,0],"65":[0,0],"66":[0,0],"67":[0,0],"68":[0,0],"69":[0,0],"70":[0,0],"71":[0,0],"72":[0,0],"73":[0,0],"74":[0,0],"75":[0,0],"76":[0,0],"77":[0,0],"78":[0,0],"79":[0,0],"80":[0,0],"81":[0,0],"82":[0,0],"83":[0,0],"84":[0,0],"85":[0,0],"86":[0,0],"87":[0,0],"88":[0,0]},"_coverageSchema":"1a1c01bbd47fc00a2c39e90264f33305004495a9","hash":"663c6f5ff8b97222f193c5f6b7b3e8d00dd08141"}
,"C:\\Users\\user\\Documents\\Projects\\CyberCore\\assets\\hologram-renderer.js": {"path":"C:\\Users\\user\\Documents\\Projects\\CyberCore\\assets\\hologram-renderer.js","statementMap":{"0":{"start":{"line":42,"column":4},"end":{"line":44,"column":5}},"1":{"start":{"line":43,"column":6},"end":{"line":43,"column":18}},"2":{"start":{"line":46,"column":4},"end":{"line":55,"column":6}},"3":{"start":{"line":57,"column":4},"end":{"line":57,"column":39}},"4":{"start":{"line":58,"column":4},"end":{"line":58,"column":23}},"5":{"start":{"line":59,"column":4},"end":{"line":59,"column":22}},"6":{"start":{"line":60,"column":4},"end":{"line":60,"column":23}},"7":{"start":{"line":61,"column":4},"end":{"line":61,"column":25}},"8":{"start":{"line":62,"column":4},"end":{"line":62,"column":22}},"9":{"start":{"line":63,"column":4},"end":{"line":63,"column":22}},"10":{"start":{"line":64,"column":4},"end":{"line":64,"column":33}},"11":{"start":{"line":65,"column":4},"end":{"line":65,"column":31}},"12":{"start":{"line":66,"column":4},"end":{"line":66,"column":28}},"13":{"start":{"line":67,"column":4},"end":{"line":67,"column":23}},"14":{"start":{"line":70,"column":4},"end":{"line":70,"column":22}},"15":{"start":{"line":73,"column":4},"end":{"line":73,"column":30}},"16":{"start":{"line":75,"column":4},"end":{"line":75,"column":28}},"17":{"start":{"line":77,"column":4},"end":{"line":79,"column":5}},"18":{"start":{"line":78,"column":6},"end":{"line":78,"column":80}},"19":{"start":{"line":81,"column":4},"end":{"line":81,"column":16}},"20":{"start":{"line":90,"column":4},"end":{"line":92,"column":5}},"21":{"start":{"line":91,"column":6},"end":{"line":91,"column":85}},"22":{"start":{"line":94,"column":4},"end":{"line":144,"column":7}},"23":{"start":{"line":95,"column":6},"end":{"line":143,"column":7}},"24":{"start":{"line":97,"column":8},"end":{"line":100,"column":9}},"25":{"start":{"line":98,"column":10},"end":{"line":98,"column":40}},"26":{"start":{"line":99,"column":10},"end":{"line":99,"column":28}},"27":{"start":{"line":103,"column":10},"end":{"line":103,"column":95}},"28":{"start":{"line":106,"column":23},"end":{"line":106,"column":59}},"29":{"start":{"line":108,"column":8},"end":{"line":139,"column":10}},"30":{"start":{"line":114,"column":12},"end":{"line":114,"column":56}},"31":{"start":{"line":115,"column":12},"end":{"line":115,"column":37}},"32":{"start":{"line":116,"column":12},"end":{"line":116,"column":35}},"33":{"start":{"line":118,"column":12},"end":{"line":120,"column":13}},"34":{"start":{"line":119,"column":14},"end":{"line":119,"column":80}},"35":{"start":{"line":122,"column":12},"end":{"line":122,"column":33}},"36":{"start":{"line":127,"column":12},"end":{"line":131,"column":13}},"37":{"start":{"line":128,"column":14},"end":{"line":130,"column":16}},"38":{"start":{"line":136,"column":12},"end":{"line":136,"column":76}},"39":{"start":{"line":137,"column":12},"end":{"line":137,"column":26}},"40":{"start":{"line":141,"column":8},"end":{"line":141,"column":73}},"41":{"start":{"line":142,"column":8},"end":{"line":142,"column":22}},"42":{"start":{"line":152,"column":4},"end":{"line":152,"column":54}},"43":{"start":{"line":152,"column":42},"end":{"line":152,"column":54}},"44":{"start":{"line":154,"column":20},"end":{"line":159,"column":5}},"45":{"start":{"line":162,"column":4},"end":{"line":165,"column":7}},"46":{"start":{"line":167,"column":4},"end":{"line":167,"column":16}},"47":{"start":{"line":176,"column":4},"end":{"line":176,"column":54}},"48":{"start":{"line":176,"column":42},"end":{"line":176,"column":54}},"49":{"start":{"line":179,"column":4},"end":{"line":187,"column":5}},"50":{"start":{"line":181,"column":6},"end":{"line":181,"column":41}},"51":{"start":{"line":184,"column":6},"end":{"line":186,"column":19}},"52":{"start":{"line":185,"column":8},"end":{"line":185,"column":35}},"53":{"start":{"line":189,"column":4},"end":{"line":189,"column":16}},"54":{"start":{"line":197,"column":4},"end":{"line":197,"column":39}},"55":{"start":{"line":197,"column":27},"end":{"line":197,"column":39}},"56":{"start":{"line":199,"column":4},"end":{"line":199,"column":37}},"57":{"start":{"line":202,"column":4},"end":{"line":210,"column":5}},"58":{"start":{"line":203,"column":6},"end":{"line":209,"column":9}},"59":{"start":{"line":212,"column":4},"end":{"line":212,"column":16}},"60":{"start":{"line":221,"column":4},"end":{"line":221,"column":39}},"61":{"start":{"line":221,"column":27},"end":{"line":221,"column":39}},"62":{"start":{"line":223,"column":4},"end":{"line":223,"column":31}},"63":{"start":{"line":224,"column":4},"end":{"line":224,"column":33}},"64":{"start":{"line":226,"column":4},"end":{"line":230,"column":5}},"65":{"start":{"line":227,"column":6},"end":{"line":227,"column":43}},"66":{"start":{"line":228,"column":6},"end":{"line":228,"column":42}},"67":{"start":{"line":229,"column":6},"end":{"line":229,"column":43}},"68":{"start":{"line":232,"column":4},"end":{"line":232,"column":16}},"69":{"start":{"line":239,"column":4},"end":{"line":239,"column":34}},"70":{"start":{"line":239,"column":27},"end":{"line":239,"column":34}},"71":{"start":{"line":242,"column":4},"end":{"line":245,"column":5}},"72":{"start":{"line":243,"column":6},"end":{"line":243,"column":50}},"73":{"start":{"line":244,"column":6},"end":{"line":244,"column":35}},"74":{"start":{"line":248,"column":4},"end":{"line":251,"column":5}},"75":{"start":{"line":249,"column":6},"end":{"line":249,"column":30}},"76":{"start":{"line":250,"column":6},"end":{"line":250,"column":27}},"77":{"start":{"line":254,"column":4},"end":{"line":257,"column":5}},"78":{"start":{"line":255,"column":6},"end":{"line":255,"column":30}},"79":{"start":{"line":256,"column":6},"end":{"line":256,"column":25}},"80":{"start":{"line":260,"column":4},"end":{"line":263,"column":5}},"81":{"start":{"line":261,"column":6},"end":{"line":261,"column":37}},"82":{"start":{"line":262,"column":6},"end":{"line":262,"column":24}},"83":{"start":{"line":265,"column":4},"end":{"line":265,"column":22}},"84":{"start":{"line":266,"column":4},"end":{"line":266,"column":23}},"85":{"start":{"line":267,"column":4},"end":{"line":267,"column":22}},"86":{"start":{"line":268,"column":4},"end":{"line":268,"column":23}},"87":{"start":{"line":269,"column":4},"end":{"line":269,"column":29}},"88":{"start":{"line":271,"column":4},"end":{"line":273,"column":5}},"89":{"start":{"line":272,"column":6},"end":{"line":272,"column":49}},"90":{"start":{"line":282,"column":4},"end":{"line":285,"column":5}},"91":{"start":{"line":283,"column":6},"end":{"line":283,"column":65}},"92":{"start":{"line":284,"column":6},"end":{"line":284,"column":13}},"93":{"start":{"line":287,"column":18},"end":{"line":287,"column":30}},"94":{"start":{"line":290,"column":4},"end":{"line":293,"column":7}},"95":{"start":{"line":294,"column":4},"end":{"line":294,"column":67}},"96":{"start":{"line":295,"column":4},"end":{"line":295,"column":57}},"97":{"start":{"line":296,"column":4},"end":{"line":296,"column":54}},"98":{"start":{"line":297,"column":4},"end":{"line":297,"column":60}},"99":{"start":{"line":298,"column":4},"end":{"line":298,"column":44}},"100":{"start":{"line":301,"column":4},"end":{"line":301,"column":35}},"101":{"start":{"line":304,"column":4},"end":{"line":309,"column":6}},"102":{"start":{"line":310,"column":4},"end":{"line":310,"column":38}},"103":{"start":{"line":311,"column":4},"end":{"line":311,"column":32}},"104":{"start":{"line":314,"column":25},"end":{"line":314,"column":62}},"105":{"start":{"line":315,"column":4},"end":{"line":315,"column":33}},"106":{"start":{"line":317,"column":29},"end":{"line":317,"column":70}},"107":{"start":{"line":318,"column":4},"end":{"line":318,"column":43}},"108":{"start":{"line":319,"column":4},"end":{"line":319,"column":37}},"109":{"start":{"line":322,"column":4},"end":{"line":324,"column":5}},"110":{"start":{"line":323,"column":6},"end":{"line":323,"column":59}},"111":{"start":{"line":327,"column":4},"end":{"line":327,"column":35}},"112":{"start":{"line":330,"column":4},"end":{"line":330,"column":32}},"113":{"start":{"line":338,"column":4},"end":{"line":367,"column":5}},"114":{"start":{"line":339,"column":6},"end":{"line":339,"column":60}},"115":{"start":{"line":341,"column":6},"end":{"line":361,"column":9}},"116":{"start":{"line":342,"column":40},"end":{"line":342,"column":50}},"117":{"start":{"line":344,"column":8},"end":{"line":360,"column":9}},"118":{"start":{"line":346,"column":10},"end":{"line":346,"column":43}},"119":{"start":{"line":347,"column":10},"end":{"line":347,"column":16}},"120":{"start":{"line":350,"column":10},"end":{"line":350,"column":44}},"121":{"start":{"line":351,"column":10},"end":{"line":351,"column":16}},"122":{"start":{"line":354,"column":10},"end":{"line":354,"column":45}},"123":{"start":{"line":355,"column":10},"end":{"line":355,"column":16}},"124":{"start":{"line":358,"column":10},"end":{"line":358,"column":67}},"125":{"start":{"line":359,"column":10},"end":{"line":359,"column":16}},"126":{"start":{"line":363,"column":6},"end":{"line":363,"column":78}},"127":{"start":{"line":366,"column":6},"end":{"line":366,"column":25}},"128":{"start":{"line":386,"column":4},"end":{"line":388,"column":5}},"129":{"start":{"line":391,"column":4},"end":{"line":393,"column":5}},"130":{"start":{"line":396,"column":4},"end":{"line":396,"column":29}},"131":{"start":{"line":399,"column":4},"end":{"line":399,"column":26}},"132":{"start":{"line":402,"column":4},"end":{"line":402,"column":59}},"133":{"start":{"line":410,"column":20},"end":{"line":425,"column":5}},"134":{"start":{"line":411,"column":6},"end":{"line":411,"column":61}},"135":{"start":{"line":413,"column":20},"end":{"line":413,"column":41}},"136":{"start":{"line":416,"column":6},"end":{"line":418,"column":7}},"137":{"start":{"line":417,"column":8},"end":{"line":417,"column":45}},"138":{"start":{"line":421,"column":6},"end":{"line":421,"column":35}},"139":{"start":{"line":424,"column":6},"end":{"line":424,"column":52}},"140":{"start":{"line":427,"column":4},"end":{"line":427,"column":14}},"141":{"start":{"line":436,"column":4},"end":{"line":438,"column":7}},"142":{"start":{"line":446,"column":43},"end":{"line":446,"column":49}},"143":{"start":{"line":457,"column":41},"end":{"line":457,"column":47}},"144":{"start":{"line":512,"column":4},"end":{"line":522,"column":6}},"145":{"start":{"line":515,"column":8},"end":{"line":520,"column":16}},"146":{"start":{"line":516,"column":10},"end":{"line":519,"column":13}},"147":{"start":{"line":530,"column":4},"end":{"line":530,"column":43}},"148":{"start":{"line":530,"column":30},"end":{"line":530,"column":43}},"149":{"start":{"line":531,"column":4},"end":{"line":531,"column":45}},"150":{"start":{"line":531,"column":31},"end":{"line":531,"column":45}},"151":{"start":{"line":532,"column":4},"end":{"line":532,"column":43}},"152":{"start":{"line":532,"column":30},"end":{"line":532,"column":43}},"153":{"start":{"line":533,"column":4},"end":{"line":533,"column":17}}},"fnMap":{"0":{"name":"(anonymous_0)","decl":{"start":{"line":40,"column":2},"end":{"line":40,"column":3}},"loc":{"start":{"line":40,"column":29},"end":{"line":82,"column":3}},"line":40},"1":{"name":"(anonymous_1)","decl":{"start":{"line":52,"column":15},"end":{"line":52,"column":16}},"loc":{"start":{"line":52,"column":21},"end":{"line":52,"column":23}},"line":52},"2":{"name":"(anonymous_2)","decl":{"start":{"line":89,"column":2},"end":{"line":89,"column":3}},"loc":{"start":{"line":89,"column":26},"end":{"line":145,"column":3}},"line":89},"3":{"name":"(anonymous_3)","decl":{"start":{"line":94,"column":23},"end":{"line":94,"column":24}},"loc":{"start":{"line":94,"column":44},"end":{"line":144,"column":5}},"line":94},"4":{"name":"(anonymous_4)","decl":{"start":{"line":113,"column":10},"end":{"line":113,"column":11}},"loc":{"start":{"line":113,"column":27},"end":{"line":123,"column":11}},"line":113},"5":{"name":"(anonymous_5)","decl":{"start":{"line":126,"column":10},"end":{"line":126,"column":11}},"loc":{"start":{"line":126,"column":19},"end":{"line":132,"column":11}},"line":126},"6":{"name":"(anonymous_6)","decl":{"start":{"line":135,"column":10},"end":{"line":135,"column":11}},"loc":{"start":{"line":135,"column":21},"end":{"line":138,"column":11}},"line":135},"7":{"name":"(anonymous_7)","decl":{"start":{"line":151,"column":2},"end":{"line":151,"column":3}},"loc":{"start":{"line":151,"column":49},"end":{"line":168,"column":3}},"line":151},"8":{"name":"(anonymous_8)","decl":{"start":{"line":175,"column":2},"end":{"line":175,"column":3}},"loc":{"start":{"line":175,"column":54},"end":{"line":190,"column":3}},"line":175},"9":{"name":"(anonymous_9)","decl":{"start":{"line":184,"column":17},"end":{"line":184,"column":18}},"loc":{"start":{"line":184,"column":23},"end":{"line":186,"column":7}},"line":184},"10":{"name":"(anonymous_10)","decl":{"start":{"line":196,"column":2},"end":{"line":196,"column":3}},"loc":{"start":{"line":196,"column":37},"end":{"line":213,"column":3}},"line":196},"11":{"name":"(anonymous_11)","decl":{"start":{"line":220,"column":2},"end":{"line":220,"column":3}},"loc":{"start":{"line":220,"column":35},"end":{"line":233,"column":3}},"line":220},"12":{"name":"(anonymous_12)","decl":{"start":{"line":238,"column":2},"end":{"line":238,"column":3}},"loc":{"start":{"line":238,"column":19},"end":{"line":274,"column":3}},"line":238},"13":{"name":"(anonymous_13)","decl":{"start":{"line":280,"column":2},"end":{"line":280,"column":3}},"loc":{"start":{"line":280,"column":22},"end":{"line":331,"column":3}},"line":280},"14":{"name":"(anonymous_14)","decl":{"start":{"line":337,"column":2},"end":{"line":337,"column":3}},"loc":{"start":{"line":337,"column":30},"end":{"line":368,"column":3}},"line":337},"15":{"name":"(anonymous_15)","decl":{"start":{"line":341,"column":46},"end":{"line":341,"column":47}},"loc":{"start":{"line":341,"column":57},"end":{"line":361,"column":7}},"line":341},"16":{"name":"(anonymous_16)","decl":{"start":{"line":374,"column":2},"end":{"line":374,"column":3}},"loc":{"start":{"line":374,"column":32},"end":{"line":378,"column":3}},"line":374},"17":{"name":"(anonymous_17)","decl":{"start":{"line":384,"column":2},"end":{"line":384,"column":3}},"loc":{"start":{"line":384,"column":37},"end":{"line":403,"column":3}},"line":384},"18":{"name":"(anonymous_18)","decl":{"start":{"line":409,"column":2},"end":{"line":409,"column":3}},"loc":{"start":{"line":409,"column":27},"end":{"line":428,"column":3}},"line":409},"19":{"name":"(anonymous_19)","decl":{"start":{"line":410,"column":20},"end":{"line":410,"column":21}},"loc":{"start":{"line":410,"column":26},"end":{"line":425,"column":5}},"line":410},"20":{"name":"(anonymous_20)","decl":{"start":{"line":434,"column":2},"end":{"line":434,"column":3}},"loc":{"start":{"line":434,"column":33},"end":{"line":439,"column":3}},"line":434},"21":{"name":"(anonymous_21)","decl":{"start":{"line":436,"column":34},"end":{"line":436,"column":35}},"loc":{"start":{"line":436,"column":48},"end":{"line":438,"column":5}},"line":436},"22":{"name":"(anonymous_22)","decl":{"start":{"line":445,"column":2},"end":{"line":445,"column":3}},"loc":{"start":{"line":445,"column":37},"end":{"line":450,"column":3}},"line":445},"23":{"name":"(anonymous_23)","decl":{"start":{"line":456,"column":2},"end":{"line":456,"column":3}},"loc":{"start":{"line":456,"column":38},"end":{"line":461,"column":3}},"line":456},"24":{"name":"(anonymous_24)","decl":{"start":{"line":467,"column":2},"end":{"line":467,"column":3}},"loc":{"start":{"line":467,"column":39},"end":{"line":469,"column":3}},"line":467},"25":{"name":"(anonymous_25)","decl":{"start":{"line":475,"column":2},"end":{"line":475,"column":3}},"loc":{"start":{"line":475,"column":39},"end":{"line":478,"column":3}},"line":475},"26":{"name":"(anonymous_26)","decl":{"start":{"line":484,"column":2},"end":{"line":484,"column":3}},"loc":{"start":{"line":484,"column":31},"end":{"line":486,"column":3}},"line":484},"27":{"name":"(anonymous_27)","decl":{"start":{"line":492,"column":2},"end":{"line":492,"column":3}},"loc":{"start":{"line":492,"column":29},"end":{"line":495,"column":3}},"line":492},"28":{"name":"(anonymous_28)","decl":{"start":{"line":501,"column":2},"end":{"line":501,"column":3}},"loc":{"start":{"line":501,"column":46},"end":{"line":503,"column":3}},"line":501},"29":{"name":"(anonymous_29)","decl":{"start":{"line":509,"column":2},"end":{"line":509,"column":3}},"loc":{"start":{"line":509,"column":28},"end":{"line":523,"column":3}},"line":509},"30":{"name":"(anonymous_30)","decl":{"start":{"line":513,"column":12},"end":{"line":513,"column":13}},"loc":{"start":{"line":513,"column":50},"end":{"line":521,"column":7}},"line":513},"31":{"name":"(anonymous_31)","decl":{"start":{"line":515,"column":19},"end":{"line":515,"column":20}},"loc":{"start":{"line":515,"column":25},"end":{"line":520,"column":9}},"line":515},"32":{"name":"(anonymous_32)","decl":{"start":{"line":529,"column":2},"end":{"line":529,"column":3}},"loc":{"start":{"line":529,"column":28},"end":{"line":534,"column":3}},"line":529},"33":{"name":"(anonymous_33)","decl":{"start":{"line":540,"column":2},"end":{"line":540,"column":3}},"loc":{"start":{"line":540,"column":30},"end":{"line":542,"column":3}},"line":540}},"branchMap":{"0":{"loc":{"start":{"line":42,"column":4},"end":{"line":44,"column":5}},"type":"if","locations":[{"start":{"line":42,"column":4},"end":{"line":44,"column":5}},{"start":{},"end":{}}],"line":42},"1":{"loc":{"start":{"line":77,"column":4},"end":{"line":79,"column":5}},"type":"if","locations":[{"start":{"line":77,"column":4},"end":{"line":79,"column":5}},{"start":{},"end":{}}],"line":77},"2":{"loc":{"start":{"line":90,"column":4},"end":{"line":92,"column":5}},"type":"if","locations":[{"start":{"line":90,"column":4},"end":{"line":92,"column":5}},{"start":{},"end":{}}],"line":90},"3":{"loc":{"start":{"line":97,"column":8},"end":{"line":100,"column":9}},"type":"if","locations":[{"start":{"line":97,"column":8},"end":{"line":100,"column":9}},{"start":{},"end":{}}],"line":97},"4":{"loc":{"start":{"line":103,"column":10},"end":{"line":103,"column":95}},"type":"cond-expr","locations":[{"start":{"line":103,"column":38},"end":{"line":103,"column":87}},{"start":{"line":103,"column":90},"end":{"line":103,"column":95}}],"line":103},"5":{"loc":{"start":{"line":118,"column":12},"end":{"line":120,"column":13}},"type":"if","locations":[{"start":{"line":118,"column":12},"end":{"line":120,"column":13}},{"start":{},"end":{}}],"line":118},"6":{"loc":{"start":{"line":127,"column":12},"end":{"line":131,"column":13}},"type":"if","locations":[{"start":{"line":127,"column":12},"end":{"line":131,"column":13}},{"start":{},"end":{}}],"line":127},"7":{"loc":{"start":{"line":151,"column":29},"end":{"line":151,"column":47}},"type":"default-arg","locations":[{"start":{"line":151,"column":45},"end":{"line":151,"column":47}}],"line":151},"8":{"loc":{"start":{"line":152,"column":4},"end":{"line":152,"column":54}},"type":"if","locations":[{"start":{"line":152,"column":4},"end":{"line":152,"column":54}},{"start":{},"end":{}}],"line":152},"9":{"loc":{"start":{"line":152,"column":8},"end":{"line":152,"column":40}},"type":"binary-expr","locations":[{"start":{"line":152,"column":8},"end":{"line":152,"column":25}},{"start":{"line":152,"column":29},"end":{"line":152,"column":40}}],"line":152},"10":{"loc":{"start":{"line":175,"column":21},"end":{"line":175,"column":36}},"type":"default-arg","locations":[{"start":{"line":175,"column":33},"end":{"line":175,"column":36}}],"line":175},"11":{"loc":{"start":{"line":175,"column":38},"end":{"line":175,"column":52}},"type":"default-arg","locations":[{"start":{"line":175,"column":49},"end":{"line":175,"column":52}}],"line":175},"12":{"loc":{"start":{"line":176,"column":4},"end":{"line":176,"column":54}},"type":"if","locations":[{"start":{"line":176,"column":4},"end":{"line":176,"column":54}},{"start":{},"end":{}}],"line":176},"13":{"loc":{"start":{"line":176,"column":8},"end":{"line":176,"column":40}},"type":"binary-expr","locations":[{"start":{"line":176,"column":8},"end":{"line":176,"column":25}},{"start":{"line":176,"column":29},"end":{"line":176,"column":40}}],"line":176},"14":{"loc":{"start":{"line":179,"column":4},"end":{"line":187,"column":5}},"type":"if","locations":[{"start":{"line":179,"column":4},"end":{"line":187,"column":5}},{"start":{},"end":{}}],"line":179},"15":{"loc":{"start":{"line":179,"column":8},"end":{"line":179,"column":35}},"type":"binary-expr","locations":[{"start":{"line":179,"column":8},"end":{"line":179,"column":21}},{"start":{"line":179,"column":25},"end":{"line":179,"column":35}}],"line":179},"16":{"loc":{"start":{"line":197,"column":4},"end":{"line":197,"column":39}},"type":"if","locations":[{"start":{"line":197,"column":4},"end":{"line":197,"column":39}},{"start":{},"end":{}}],"line":197},"17":{"loc":{"start":{"line":202,"column":4},"end":{"line":210,"column":5}},"type":"if","locations":[{"start":{"line":202,"column":4},"end":{"line":210,"column":5}},{"start":{},"end":{}}],"line":202},"18":{"loc":{"start":{"line":221,"column":4},"end":{"line":221,"column":39}},"type":"if","locations":[{"start":{"line":221,"column":4},"end":{"line":221,"column":39}},{"start":{},"end":{}}],"line":221},"19":{"loc":{"start":{"line":226,"column":4},"end":{"line":230,"column":5}},"type":"if","locations":[{"start":{"line":226,"column":4},"end":{"line":230,"column":5}},{"start":{},"end":{}}],"line":226},"20":{"loc":{"start":{"line":226,"column":8},"end":{"line":226,"column":36}},"type":"binary-expr","locations":[{"start":{"line":226,"column":8},"end":{"line":226,"column":21}},{"start":{"line":226,"column":25},"end":{"line":226,"column":36}}],"line":226},"21":{"loc":{"start":{"line":239,"column":4},"end":{"line":239,"column":34}},"type":"if","locations":[{"start":{"line":239,"column":4},"end":{"line":239,"column":34}},{"start":{},"end":{}}],"line":239},"22":{"loc":{"start":{"line":242,"column":4},"end":{"line":245,"column":5}},"type":"if","locations":[{"start":{"line":242,"column":4},"end":{"line":245,"column":5}},{"start":{},"end":{}}],"line":242},"23":{"loc":{"start":{"line":248,"column":4},"end":{"line":251,"column":5}},"type":"if","locations":[{"start":{"line":248,"column":4},"end":{"line":251,"column":5}},{"start":{},"end":{}}],"line":248},"24":{"loc":{"start":{"line":254,"column":4},"end":{"line":257,"column":5}},"type":"if","locations":[{"start":{"line":254,"column":4},"end":{"line":257,"column":5}},{"start":{},"end":{}}],"line":254},"25":{"loc":{"start":{"line":260,"column":4},"end":{"line":263,"column":5}},"type":"if","locations":[{"start":{"line":260,"column":4},"end":{"line":263,"column":5}},{"start":{},"end":{}}],"line":260},"26":{"loc":{"start":{"line":271,"column":4},"end":{"line":273,"column":5}},"type":"if","locations":[{"start":{"line":271,"column":4},"end":{"line":273,"column":5}},{"start":{},"end":{}}],"line":271},"27":{"loc":{"start":{"line":282,"column":4},"end":{"line":285,"column":5}},"type":"if","locations":[{"start":{"line":282,"column":4},"end":{"line":285,"column":5}},{"start":{},"end":{}}],"line":282},"28":{"loc":{"start":{"line":282,"column":8},"end":{"line":282,"column":54}},"type":"binary-expr","locations":[{"start":{"line":282,"column":8},"end":{"line":282,"column":37}},{"start":{"line":282,"column":41},"end":{"line":282,"column":54}}],"line":282},"29":{"loc":{"start":{"line":322,"column":4},"end":{"line":324,"column":5}},"type":"if","locations":[{"start":{"line":322,"column":4},"end":{"line":324,"column":5}},{"start":{},"end":{}}],"line":322},"30":{"loc":{"start":{"line":344,"column":8},"end":{"line":360,"column":9}},"type":"switch","locations":[{"start":{"line":345,"column":8},"end":{"line":347,"column":16}},{"start":{"line":349,"column":8},"end":{"line":351,"column":16}},{"start":{"line":353,"column":8},"end":{"line":355,"column":16}},{"start":{"line":357,"column":8},"end":{"line":359,"column":16}}],"line":344},"31":{"loc":{"start":{"line":386,"column":4},"end":{"line":388,"column":5}},"type":"if","locations":[{"start":{"line":386,"column":4},"end":{"line":388,"column":5}},{"start":{},"end":{}}],"line":386},"32":{"loc":{"start":{"line":391,"column":4},"end":{"line":393,"column":5}},"type":"if","locations":[{"start":{"line":391,"column":4},"end":{"line":393,"column":5}},{"start":{},"end":{}}],"line":391},"33":{"loc":{"start":{"line":416,"column":6},"end":{"line":418,"column":7}},"type":"if","locations":[{"start":{"line":416,"column":6},"end":{"line":418,"column":7}},{"start":{},"end":{}}],"line":416},"34":{"loc":{"start":{"line":416,"column":10},"end":{"line":416,"column":47}},"type":"binary-expr","locations":[{"start":{"line":416,"column":10},"end":{"line":416,"column":20}},{"start":{"line":416,"column":24},"end":{"line":416,"column":47}}],"line":416},"35":{"loc":{"start":{"line":530,"column":4},"end":{"line":530,"column":43}},"type":"if","locations":[{"start":{"line":530,"column":4},"end":{"line":530,"column":43}},{"start":{},"end":{}}],"line":530},"36":{"loc":{"start":{"line":531,"column":4},"end":{"line":531,"column":45}},"type":"if","locations":[{"start":{"line":531,"column":4},"end":{"line":531,"column":45}},{"start":{},"end":{}}],"line":531},"37":{"loc":{"start":{"line":532,"column":4},"end":{"line":532,"column":43}},"type":"if","locations":[{"start":{"line":532,"column":4},"end":{"line":532,"column":43}},{"start":{},"end":{}}],"line":532}},"s":{"0":6,"1":0,"2":6,"3":6,"4":6,"5":6,"6":6,"7":6,"8":6,"9":6,"10":6,"11":6,"12":6,"13":6,"14":6,"15":0,"16":0,"17":0,"18":0,"19":0,"20":0,"21":0,"22":0,"23":0,"24":0,"25":0,"26":0,"27":0,"28":0,"29":0,"30":0,"31":0,"32":0,"33":0,"34":0,"35":0,"36":0,"37":0,"38":0,"39":0,"40":0,"41":0,"42":0,"43":0,"44":0,"45":0,"46":0,"47":0,"48":0,"49":0,"50":0,"51":0,"52":0,"53":0,"54":0,"55":0,"56":0,"57":0,"58":0,"59":0,"60":0,"61":0,"62":0,"63":0,"64":0,"65":0,"66":0,"67":0,"68":0,"69":0,"70":0,"71":0,"72":0,"73":0,"74":0,"75":0,"76":0,"77":0,"78":0,"79":0,"80":0,"81":0,"82":0,"83":0,"84":0,"85":0,"86":0,"87":0,"88":0,"89":0,"90":6,"91":0,"92":0,"93":6,"94":6,"95":6,"96":6,"97":6,"98":6,"99":6,"100":6,"101":6,"102":6,"103":0,"104":0,"105":0,"106":0,"107":0,"108":0,"109":0,"110":0,"111":0,"112":0,"113":0,"114":0,"115":0,"116":0,"117":0,"118":0,"119":0,"120":0,"121":0,"122":0,"123":0,"124":0,"125":0,"126":0,"127":0,"128":0,"129":0,"130":0,"131":0,"132":0,"133":0,"134":0,"135":0,"136":0,"137":0,"138":0,"139":0,"140":0,"141":0,"142":0,"143":0,"144":0,"145":0,"146":0,"147":0,"148":0,"149":0,"150":0,"151":0,"152":0,"153":0},"f":{"0":6,"1":0,"2":0,"3":0,"4":0,"5":0,"6":0,"7":0,"8":0,"9":0,"10":0,"11":0,"12":0,"13":6,"14":0,"15":0,"16":0,"17":0,"18":0,"19":0,"20":0,"21":0,"22":0,"23":0,"24":0,"25":0,"26":0,"27":0,"28":0,"29":0,"30":0,"31":0,"32":0,"33":0},"b":{"0":[0,6],"1":[0,0],"2":[0,0],"3":[0,0],"4":[0,0],"5":[0,0],"6":[0,0],"7":[0],"8":[0,0],"9":[0,0],"10":[0],"11":[0],"12":[0,0],"13":[0,0],"14":[0,0],"15":[0,0],"16":[0,0],"17":[0,0],"18":[0,0],"19":[0,0],"20":[0,0],"21":[0,0],"22":[0,0],"23":[0,0],"24":[0,0],"25":[0,0],"26":[0,0],"27":[0,6],"28":[6,6],"29":[0,0],"30":[0,0,0,0],"31":[0,0],"32":[0,0],"33":[0,0],"34":[0,0],"35":[0,0],"36":[0,0],"37":[0,0]},"_coverageSchema":"1a1c01bbd47fc00a2c39e90264f33305004495a9","hash":"fbee9264ece97b315794dc7368c44fda652b7853"}
,"C:\\Users\\user\\Documents\\Projects\\CyberCore\\assets\\neural-bus.js": {"path":"C:\\Users\\user\\Documents\\Projects\\CyberCore\\assets\\neural-bus.js","statementMap":{"0":{"start":{"line":24,"column":23},"end":{"line":24,"column":32}},"1":{"start":{"line":25,"column":31},"end":{"line":25,"column":40}},"2":{"start":{"line":26,"column":25},"end":{"line":26,"column":34}},"3":{"start":{"line":27,"column":22},"end":{"line":27,"column":27}},"4":{"start":{"line":28,"column":24},"end":{"line":28,"column":29}},"5":{"start":{"line":29,"column":20},"end":{"line":29,"column":27}},"6":{"start":{"line":30,"column":26},"end":{"line":30,"column":35}},"7":{"start":{"line":31,"column":22},"end":{"line":31,"column":27}},"8":{"start":{"line":38,"column":4},"end":{"line":38,"column":34}},"9":{"start":{"line":38,"column":27},"end":{"line":38,"column":34}},"10":{"start":{"line":40,"column":4},"end":{"line":40,"column":45}},"11":{"start":{"line":43,"column":4},"end":{"line":43,"column":31}},"12":{"start":{"line":46,"column":4},"end":{"line":46,"column":37}},"13":{"start":{"line":48,"column":4},"end":{"line":48,"column":29}},"14":{"start":{"line":49,"column":4},"end":{"line":49,"column":65}},"15":{"start":{"line":52,"column":4},"end":{"line":56,"column":5}},"16":{"start":{"line":53,"column":6},"end":{"line":55,"column":10}},"17":{"start":{"line":58,"column":4},"end":{"line":58,"column":16}},"18":{"start":{"line":67,"column":4},"end":{"line":85,"column":5}},"19":{"start":{"line":68,"column":6},"end":{"line":81,"column":7}},"20":{"start":{"line":69,"column":8},"end":{"line":69,"column":55}},"21":{"start":{"line":72,"column":29},"end":{"line":72,"column":48}},"22":{"start":{"line":73,"column":8},"end":{"line":73,"column":52}},"23":{"start":{"line":76,"column":8},"end":{"line":76,"column":56}},"24":{"start":{"line":77,"column":8},"end":{"line":77,"column":31}},"25":{"start":{"line":79,"column":8},"end":{"line":79,"column":61}},"26":{"start":{"line":80,"column":8},"end":{"line":80,"column":32}},"27":{"start":{"line":83,"column":6},"end":{"line":83,"column":73}},"28":{"start":{"line":84,"column":6},"end":{"line":84,"column":30}},"29":{"start":{"line":93,"column":4},"end":{"line":105,"column":5}},"30":{"start":{"line":94,"column":6},"end":{"line":104,"column":7}},"31":{"start":{"line":95,"column":8},"end":{"line":99,"column":11}},"32":{"start":{"line":101,"column":8},"end":{"line":101,"column":51}},"33":{"start":{"line":103,"column":8},"end":{"line":103,"column":66}},"34":{"start":{"line":115,"column":4},"end":{"line":117,"column":5}},"35":{"start":{"line":116,"column":6},"end":{"line":116,"column":60}},"36":{"start":{"line":120,"column":18},"end":{"line":120,"column":39}},"37":{"start":{"line":121,"column":4},"end":{"line":121,"column":39}},"38":{"start":{"line":124,"column":4},"end":{"line":129,"column":7}},"39":{"start":{"line":131,"column":4},"end":{"line":131,"column":45}},"40":{"start":{"line":134,"column":4},"end":{"line":134,"column":21}},"41":{"start":{"line":146,"column":4},"end":{"line":154,"column":5}},"42":{"start":{"line":147,"column":20},"end":{"line":147,"column":38}},"43":{"start":{"line":148,"column":6},"end":{"line":148,"column":43}},"44":{"start":{"line":149,"column":6},"end":{"line":149,"column":66}},"45":{"start":{"line":149,"column":41},"end":{"line":149,"column":55}},"46":{"start":{"line":152,"column":6},"end":{"line":153,"column":58}},"47":{"start":{"line":156,"column":4},"end":{"line":156,"column":17}},"48":{"start":{"line":165,"column":4},"end":{"line":165,"column":36}},"49":{"start":{"line":175,"column":4},"end":{"line":177,"column":5}},"50":{"start":{"line":176,"column":6},"end":{"line":176,"column":48}},"51":{"start":{"line":179,"column":4},"end":{"line":198,"column":5}},"52":{"start":{"line":181,"column":6},"end":{"line":191,"column":7}},"53":{"start":{"line":182,"column":8},"end":{
[...]
187,"column":39}},"type":"binary-expr","locations":[{"start":{"line":187,"column":8},"end":{"line":187,"column":25}},{"start":{"line":187,"column":29},"end":{"line":187,"column":39}}],"line":187},"22":{"loc":{"start":{"line":191,"column":4},"end":{"line":191,"column":34}},"type":"if","locations":[{"start":{"line":191,"column":4},"end":{"line":191,"column":34}},{"start":{},"end":{}}],"line":191},"23":{"loc":{"start":{"line":208,"column":6},"end":{"line":233,"column":7}},"type":"if","locations":[{"start":{"line":208,"column":6},"end":{"line":233,"column":7}},{"start":{},"end":{}}],"line":208},"24":{"loc":{"start":{"line":230,"column":8},"end":{"line":232,"column":9}},"type":"if","locations":[{"start":{"line":230,"column":8},"end":{"line":232,"column":9}},{"start":{},"end":{}}],"line":230},"25":{"loc":{"start":{"line":247,"column":6},"end":{"line":264,"column":7}},"type":"if","locations":[{"start":{"line":247,"column":6},"end":{"line":264,"column":7}},{"start":{},"end":{}}],"line":247},"26":{"loc":{"start":{"line":247,"column":10},"end":{"line":247,"column":70}},"type":"binary-expr","locations":[{"start":{"line":247,"column":10},"end":{"line":247,"column":34}},{"start":{"line":247,"column":38},"end":{"line":247,"column":70}}],"line":247},"27":{"loc":{"start":{"line":254,"column":8},"end":{"line":256,"column":9}},"type":"if","locations":[{"start":{"line":254,"column":8},"end":{"line":256,"column":9}},{"start":{},"end":{}}],"line":254},"28":{"loc":{"start":{"line":261,"column":8},"end":{"line":263,"column":9}},"type":"if","locations":[{"start":{"line":261,"column":8},"end":{"line":263,"column":9}},{"start":{},"end":{}}],"line":261},"29":{"loc":{"start":{"line":277,"column":4},"end":{"line":277,"column":31}},"type":"if","locations":[{"start":{"line":277,"column":4},"end":{"line":277,"column":31}},{"start":{},"end":{}}],"line":277},"30":{"loc":{"start":{"line":291,"column":4},"end":{"line":291,"column":39}},"type":"if","locations":[{"start":{"line":291,"column":4},"end":{"line":291,"column":39}},{"start":{},"end":{}}],"line":291},"31":{"loc":{"start":{"line":291,"column":8},"end":{"line":291,"column":30}},"type":"binary-expr","locations":[{"start":{"line":291,"column":8},"end":{"line":291,"column":13}},{"start":{"line":291,"column":17},"end":{"line":291,"column":30}}],"line":291},"32":{"loc":{"start":{"line":296,"column":17},"end":{"line":296,"column":45}},"type":"binary-expr","locations":[{"start":{"line":296,"column":17},"end":{"line":296,"column":31}},{"start":{"line":296,"column":35},"end":{"line":296,"column":45}}],"line":296},"33":{"loc":{"start":{"line":300,"column":4},"end":{"line":302,"column":5}},"type":"if","locations":[{"start":{"line":300,"column":4},"end":{"line":302,"column":5}},{"start":{},"end":{}}],"line":300},"34":{"loc":{"start":{"line":305,"column":4},"end":{"line":307,"column":5}},"type":"if","locations":[{"start":{"line":305,"column":4},"end":{"line":307,"column":5}},{"start":{},"end":{}}],"line":305},"35":{"loc":{"start":{"line":331,"column":4},"end":{"line":333,"column":5}},"type":"if","locations":[{"start":{"line":331,"column":4},"end":{"line":333,"column":5}},{"start":{},"end":{}}],"line":331},"36":{"loc":{"start":{"line":331,"column":8},"end":{"line":331,"column":33}},"type":"binary-expr","locations":[{"start":{"line":331,"column":8},"end":{"line":331,"column":12}},{"start":{"line":331,"column":16},"end":{"line":331,"column":33}}],"line":331},"37":{"loc":{"start":{"line":350,"column":4},"end":{"line":350,"column":36}},"type":"if","locations":[{"start":{"line":350,"column":4},"end":{"line":350,"column":36}},{"start":{},"end":{}}],"line":350},"38":{"loc":{"start":{"line":350,"column":8},"end":{"line":350,"column":27}},"type":"binary-expr","locations":[{"start":{"line":350,"column":8},"end":{"line":350,"column":13}},{"start":{"line":350,"column":17},"end":{"line":350,"column":27}}],"line":350},"39":{"loc":{"start":{"line":379,"column":4},"end":{"line":379,"column":33}},"type":"if","locations":[{"start":{"line":379,"column":4},"end":{"line":379,"column":33}},{"start":{},"end":{}}],"line":379},"40":{"loc":{"start":{"line":388,"column":4},"end":{"line":391,"column":5}},"type":"if","locations":[{"start":{"line":388,"column":4},"end":{"line":391,"column":5}},{"start":{},"end":{}}],"line":388},"41":{"loc":{"start":{"line":388,"column":8},"end":{"line":389,"column":50}},"type":"binary-expr","locations":[{"start":{"line":388,"column":8},"end":{"line":388,"column":53}},{"start":{"line":389,"column":8},"end":{"line":389,"column":50}}],"line":388},"42":{"loc":{"start":{"line":399,"column":4},"end":{"line":399,"column":33}},"type":"if","locations":[{"start":{"line":399,"column":4},"end":{"line":399,"column":33}},{"start":{},"end":{}}],"line":399},"43":{"loc":{"start":{"line":406,"column":25},"end":{"line":406,"column":59}},"type":"binary-expr","locations":[{"start":{"line":406,"column":25},"end":{"line":406,"column":52}},{"start":{"line":406,"column":56},"end":{"line":406,"column":59}}],"line":406},"44":{"loc":{"start":{"line":407,"column":26},"end":{"line":407,"column":61}},"type":"binary-expr","locations":[{"start":{"line":407,"column":26},"end":{"line":407,"column":54}},{"start":{"line":407,"column":58},"end":{"line":407,"column":61}}],"line":407},"45":{"loc":{"start":{"line":424,"column":4},"end":{"line":424,"column":50}},"type":"if","locations":[{"start":{"line":424,"column":4},"end":{"line":424,"column":50}},{"start":{},"end":{}}],"line":424},"46":{"loc":{"start":{"line":424,"column":8},"end":{"line":424,"column":41}},"type":"binary-expr","locations":[{"start":{"line":424,"column":8},"end":{"line":424,"column":21}},{"start":{"line":424,"column":25},"end":{"line":424,"column":41}}],"line":424},"47":{"loc":{"start":{"line":436,"column":4},"end":{"line":436,"column":30}},"type":"if","locations":[{"start":{"line":436,"column":4},"end":{"line":436,"column":30}},{"start":{},"end":{}}],"line":436},"48":{"loc":{"start":{"line":461,"column":4},"end":{"line":461,"column":32}},"type":"if","locations":[{"start":{"line":461,"column":4},"end":{"line":461,"column":32}},{"start":{},"end":{}}],"line":461},"49":{"loc":{"start":{"line":472,"column":4},"end":{"line":472,"column":33}},"type":"if","locations":[{"start":{"line":472,"column":4},"end":{"line":472,"column":33}},{"start":{},"end":{}}],"line":472},"50":{"loc":{"start":{"line":481,"column":4},"end":{"line":481,"column":48}},"type":"if","locations":[{"start":{"line":481,"column":4},"end":{"line":481,"column":48}},{"start":{},"end":{}}],"line":481},"51":{"loc":{"start":{"line":486,"column":4},"end":{"line":502,"column":5}},"type":"if","locations":[{"start":{"line":486,"column":4},"end":{"line":502,"column":5}},{"start":{},"end":{}}],"line":486},"52":{"loc":{"start":{"line":486,"column":8},"end":{"line":486,"column":33}},"type":"binary-expr","locations":[{"start":{"line":486,"column":8},"end":{"line":486,"column":17}},{"start":{"line":486,"column":21},"end":{"line":486,"column":33}}],"line":486},"53":{"loc":{"start":{"line":496,"column":6},"end":{"line":498,"column":7}},"type":"if","locations":[{"start":{"line":496,"column":6},"end":{"line":498,"column":7}},{"start":{},"end":{}}],"line":496},"54":{"loc":{"start":{"line":510,"column":4},"end":{"line":510,"column":44}},"type":"if","locations":[{"start":{"line":510,"column":4},"end":{"line":510,"column":44}},{"start":{},"end":{}}],"line":510},"55":{"loc":{"start":{"line":510,"column":8},"end":{"line":510,"column":35}},"type":"binary-expr","locations":[{"start":{"line":510,"column":8},"end":{"line":510,"column":18}},{"start":{"line":510,"column":22},"end":{"line":510,"column":35}}],"line":510},"56":{"loc":{"start":{"line":530,"column":4},"end":{"line":530,"column":44}},"type":"if","locations":[{"start":{"line":530,"column":4},"end":{"line":530,"column":44}},{"start":{},"end":{}}],"line":530},"57":{"loc":{"start":{"line":530,"column":8},"end":{"line":530,"column":35}},"type":"binary-expr","locations":[{"start":{"line":530,"column":8},"end":{"line":530,"column":18}},{"start":{"line":530,"column":22},"end":{"line":530,"column":35}}],"line":530},"58":{"loc":{"start":{"line":542,"column":6},"end":{"line":542,"column":45}},"type":"if","locations":[{"start":{"line":542,"column":6},"end":{"line":542,"column":45}},{"start":{},"end":{}}],"line":542},"59":{"loc":{"start":{"line":543,"column":6},"end":{"line":543,"column":45}},"type":"if","locations":[{"start":{"line":543,"column":6},"end":{"line":543,"column":45}},{"start":{},"end":{}}],"line":543},"60":{"loc":{"start":{"line":544,"column":6},"end":{"line":544,"column":46}},"type":"if","locations":[{"start":{"line":544,"column":6},"end":{"line":544,"column":46}},{"start":{},"end":{}}],"line":544},"61":{"loc":{"start":{"line":545,"column":6},"end":{"line":545,"column":46}},"type":"if","locations":[{"start":{"line":545,"column":6},"end":{"line":545,"column":46}},{"start":{},"end":{}}],"line":545},"62":{"loc":{"start":{"line":560,"column":4},"end":{"line":560,"column":77}},"type":"if","locations":[{"start":{"line":560,"column":4},"end":{"line":560,"column":77}},{"start":{},"end":{}}],"line":560},"63":{"loc":{"start":{"line":560,"column":8},"end":{"line":560,"column":68}},"type":"binary-expr","locations":[{"start":{"line":560,"column":8},"end":{"line":560,"column":18}},{"start":{"line":560,"column":22},"end":{"line":560,"column":35}},{"start":{"line":560,"column":39},"end":{"line":560,"column":68}}],"line":560},"64":{"loc":{"start":{"line":572,"column":8},"end":{"line":588,"column":9}},"type":"if","locations":[{"start":{"line":572,"column":8},"end":{"line":588,"column":9}},{"start":{},"end":{}}],"line":572},"65":{"loc":{"start":{"line":572,"column":12},"end":{"line":572,"column":80}},"type":"binary-expr","locations":[{"start":{"line":572,"column":12},"end":{"line":572,"column":45}},{"start":{"line":572,"column":49},"end":{"line":572,"column":80}}],"line":572},"66":{"loc":{"start":{"line":627,"column":4},"end":{"line":627,"column":65}},"type":"if","locations":[{"start":{"line":627,"column":4},"end":{"line":627,"column":65}},{"start":{},"end":{}}],"line":627},"67":{"loc":{"start":{"line":627,"column":8},"end":{"line":627,"column":56}},"type":"binary-expr","locations":[{"start":{"line":627,"column":8},"end":{"line":627,"column":18}},{"start":{"line":627,"column":22},"end":{"line":627,"column":35}},{"start":{"line":627,"column":39},"end":{"line":627,"column":56}}],"line":627},"68":{"loc":{"start":{"line":637,"column":6},"end":{"line":667,"column":7}},"type":"switch","locations":[{"start":{"line":638,"column":6},"end":{"line":646,"column":14}},{"start":{"line":647,"column":6},"end":{"line":656,"column":14}},{"start":{"line":657,"column":6},"end":{"line":666,"column":14}}],"line":637},"69":{"loc":{"start":{"line":680,"column":4},"end":{"line":680,"column":44}},"type":"if","locations":[{"start":{"line":680,"column":4},"end":{"line":680,"column":44}},{"start":{},"end":{}}],"line":680},"70":{"loc":{"start":{"line":680,"column":8},"end":{"line":680,"column":35}},"type":"binary-expr","locations":[{"start":{"line":680,"column":8},"end":{"line":680,"column":18}},{"start":{"line":680,"column":22},"end":{"line":680,"column":35}}],"line":680},"71":{"loc":{"start":{"line":701,"column":4},"end":{"line":701,"column":27}},"type":"if","locations":[{"start":{"line":701,"column":4},"end":{"line":701,"column":27}},{"start":{},"end":{}}],"line":701},"72":{"loc":{"start":{"line":725,"column":4},"end":{"line":725,"column":41}},"type":"if","locations":[{"start":{"line":725,"column":4},"end":{"line":725,"column":41}},{"start":{},"end":{}}],"line":725},"73":{"loc":{"start":{"line":725,"column":8},"end":{"line":725,"column":32}},"type":"binary-expr","locations":[{"start":{"line":725,"column":8},"end":{"line":725,"column":18}},{"start":{"line":725,"column":22},"end":{"line":725,"column":32}}],"line":725},"74":{"loc":{"start":{"line":748,"column":4},"end":{"line":748,"column":27}},"type":"if","locations":[{"start":{"line":748,"column":4},"end":{"line":748,"column":27}},{"start":{},"end":{}}],"line":748},"75":{"loc":{"start":{"line":763,"column":6},"end":{"line":767,"column":7}},"type":"if","locations":[{"start":{"line":763,"column":6},"end":{"line":767,"column":7}},{"start":{"line":765,"column":13},"end":{"line":767,"column":7}}],"line":763},"76":{"loc":{"start":{"line":782,"column":4},"end":{"line":782,"column":70}},"type":"if","locations":[{"start":{"line":782,"column":4},"end":{"line":782,"column":70}},{"start":{},"end":{}}],"line":782},"77":{"loc":{"start":{"line":782,"column":8},"end":{"line":782,"column":61}},"type":"binary-expr","locations":[{"start":{"line":782,"column":8},"end":{"line":782,"column":31}},{"start":{"line":782,"column":35},"end":{"line":782,"column":61}}],"line":782},"78":{"loc":{"start":{"line":803,"column":27},"end":{"line":803,"column":55}},"type":"binary-expr","locations":[{"start":{"line":803,"column":27},"end":{"line":803,"column":48}},{"start":{"line":803,"column":52},"end":{"line":803,"column":55}}],"line":803},"79":{"loc":{"start":{"line":806,"column":8},"end":{"line":817,"column":9}},"type":"if","locations":[{"start":{"line":806,"column":8},"end":{"line":817,"column":9}},{"start":{"line":809,"column":15},"end":{"line":817,"column":9}}],"line":806},"80":{"loc":{"start":{"line":809,"column":15},"end":{"line":817,"column":9}},"type":"if","locations":[{"start":{"line":809,"column":15},"end":{"line":817,"column":9}},{"start":{"line":814,"column":15},"end":{"line":817,"column":9}}],"line":809},"81":{"loc":{"start":{"line":836,"column":4},"end":{"line":846,"column":5}},"type":"switch","locations":[{"start":{"line":837,"column":4},"end":{"line":838,"column":23}},{"start":{"line":839,"column":4},"end":{"line":840,"column":23}},{"start":{"line":841,"column":4},"end":{"line":842,"column":23}},{"start":{"line":843,"column":4},"end":{"line":845,"column":43}}],"line":836},"82":{"loc":{"start":{"line":866,"column":4},"end":{"line":868,"column":5}},"type":"if","locations":[{"start":{"line":866,"column":4},"end":{"line":868,"column":5}},{"start":{},"end":{}}],"line":866},"83":{"loc":{"start":{"line":866,"column":8},"end":{"line":866,"column":65}},"type":"binary-expr","locations":[{"start":{"line":866,"column":8},"end":{"line":866,"column":24}},{"start":{"line":866,"column":28},"end":{"line":866,"column":65}}],"line":866},"84":{"loc":{"start":{"line":900,"column":4},"end":{"line":907,"column":5}},"type":"if","locations":[{"start":{"line":900,"column":4},"end":{"line":907,"column":5}},{"start":{},"end":{}}],"line":900},"85":{"loc":{"start":{"line":910,"column":4},"end":{"line":917,"column":5}},"type":"if","locations":[{"start":{"line":910,"column":4},"end":{"line":917,"column":5}},{"start":{},"end":{}}],"line":910},"86":{"loc":{"start":{"line":912,"column":6},"end":{"line":916,"column":7}},"type":"if","locations":[{"start":{"line":912,"column":6},"end":{"line":916,"column":7}},{"start":{"line":914,"column":13},"end":{"line":916,"column":7}}],"line":912},"87":{"loc":{"start":{"line":933,"column":4},"end":{"line":966,"column":5}},"type":"switch","locations":[{"start":{"line":934,"column":4},"end":{"line":939,"column":12}},{"start":{"line":940,"column":4},"end":{"line":946,"column":12}},{"start":{"line":947,"column":4},"end":{"line":953,"column":12}},{"start":{"line":954,"column":4},"end":{"line":961,"column":12}},{"start":{"line":962,"column":4},"end":{"line":965,"column":8}}],"line":933},"88":{"loc":{"start":{"line":971,"column":23},"end":{"line":971,"column":51}},"type":"binary-expr","locations":[{"start":{"line":971,"column":23},"end":{"line":971,"column":37}},{"start":{"line":971,"column":41},"end":{"line":971,"column":51}}],"line":971},"89":{"loc":{"start":{"line":980,"column":0},"end":{"line":982,"column":1}},"type":"if","locations":[{"start":{"line":980,"column":0},"end":{"line":982,"column":1}},{"start":{},"end":{}}],"line":980},"90":{"loc":{"start":{"line":980,"column":4},"end":{"line":980,"column":51}},"type":"binary-expr","locations":[{"start":{"line":980,"column":4},"end":{"line":980,"column":33}},{"start":{"line":980,"column":37},"end":{"line":980,"column":51}}],"line":980}},"s":{"0":0,"1":0,"2":0,"3":0,"4":0,"5":0,"6":0,"7":0,"8":0,"9":0,"10":0,"11":0,"12":0,"13":0,"14":0,"15":0,"16":0,"17":0,"18":0,"19":0,"20":0,"21":0,"22":0,"23":0,"24":0,"25":0,"26":0,"27":0,"28":0,"29":0,"30":0,"31":0,"32":0,"33":0,"34":0,"35":0,"36":0,"37":0,"38":0,"39":0,"40":0,"41":0,"42":0,"43":0,"44":0,"45":0,"46":0,"47":0,"48":0,"49":0,"50":0,"51":0,"52":0,"53":0,"54":0,"55":0,"56":0,"57":0,"58":0,"59":0,"60":0,"61":0,"62":0,"63":0,"64":0,"65":0,"66":0,"67":0,"68":0,"69":0,"70":0,"71":0,"72":0,"73":0,"74":0,"75":0,"76":0,"77":0,"78":0,"79":0,"80":0,"81":0,"82":0,"83":0,"84":0,"85":0,"86":0,"87":0,"88":0,"89":0,"90":0,"91":0,"92":0,"93":0,"94":0,"95":0,"96":0,"97":0,"98":0,"99":0,"100":0,"101":0,"102":0,"103":0,"104":0,"105":0,"106":0,"107":0,"108":0,"109":0,"110":0,"111":0,"112":0,"113":0,"114":0,"115":0,"116":0,"117":0,"118":0,"119":0,"120":0,"121":0,"122":0,"123":0,"124":0,"125":0,"126":0,"127":0,"128":0,"129":0,"130":0,"131":0,"132":0,"133":0,"134":0,"135":0,"136":0,"137":0,"138":0,"139":0,"140":0,"141":0,"142":0,"143":0,"144":0,"145":0,"146":0,"147":0,"148":0,"149":0,"150":0,"151":0,"152":0,"153":0,"154":0,"155":0,"156":0,"157":0,"158":0,"159":0,"160":0,"161":0,"162":0,"163":0,"164":0,"165":0,"166":0,"167":0,"168":0,"169":0,"170":0,"171":0,"172":0,"173":0,"174":0,"175":0,"176":0,"177":0,"178":0,"179":0,"180":0,"181":0,"182":0,"183":0,"184":0,"185":0,"186":0,"187":0,"188":0,"189":0,"190":0,"191":0,"192":0,"193":0,"194":0,"195":0,"196":0,"197":0,"198":0,"199":0,"200":0,"201":0,"202":0,"203":0,"204":0,"205":0,"206":0,"207":0,"208":0,"209":0,"210":0,"211":0,"212":0,"213":0,"214":0,"215":0,"216":0,"217":0,"218":0,"219":0,"220":0,"221":0,"222":0,"223":0,"224":0,"225":0,"226":0,"227":0,"228":0,"229":0,"230":0,"231":0,"232":0,"233":0,"234":0,"235":0,"236":0,"237":0,"238":0,"239":0,"240":0,"241":0,"242":0,"243":0,"244":0,"245":0,"246":0,"247":0,"248":0,"249":0,"250":0,"251":0,"252":0,"253":0,"254":0,"255":0,"256":0,"257":0,"258":0,"259":0,"260":0,"261":0,"262":0,"263":0,"264":0,"265":0,"266":0,"267":0,"268":0,"269":0,"270":0,"271":0,"272":0,"273":0,"274":0,"275":0,"276":0,"277":0,"278":0,"279":0,"280":0,"281":0,"282":0,"283":0,"284":0,"285":0,"286":0,"287":0,"288":0,"289":0,"290":0,"291":0,"292":0,"293":0,"294":0,"295":0,"296":0,"297":0,"298":0,"299":0,"300":0,"301":0,"302":0,"303":0,"304":0,"305":0,"306":0,"307":0,"308":0,"309":0,"310":0,"311":0,"312":0,"313":0,"314":0,"315":0,"316":0,"317":0,"318":0,"319":0,"320":0,"321":0,"322":0,"323":0,"324":0,"325":0,"326":0,"327":0,"328":0,"329":0,"330":0,"331":0,"332":0,"333":0,"334":0,"335":0,"336":0,"337":0,"338":0,"339":0,"340":1,"341":1},"f":{"0":0,"1":0,"2":0,"3":0,"4":0,"5":0,"6":0,"7":0,"8":0,"9":0,"10":0,"11":0,"12":0,"13":0,"14":0,"15":0,"16":0,"17":0,"18":0,"19":0},"b":{"0":[0],"1":[0,0],"2":[0,0],"3":[0,0],"4":[0,0],"5":[0,0],"6":[0,0],"7":[0,0],"8":[0,0],"9":[0,0],"10":[0,0],"11":[0,0],"12":[0,0],"13":[0,0],"14":[0,0],"15":[0,0],"16":[0,0],"17":[0,0],"18":[0,0],"19":[0,0],"20":[0,0],"21":[0,0],"22":[0,0],"23":[0,0],"24":[0,0],"25":[0,0],"26":[0,0],"27":[0,0],"28":[0,0],"29":[0,0],"30":[0,0],"31":[0,0],"32":[0,0],"33":[0,0],"34":[0,0],"35":[0,0],"36":[0,0],"37":[0,0],"38":[0,0],"39":[0,0],"40":[0,0],"41":[0,0],"42":[0,0],"43":[0,0],"44":[0,0],"45":[0,0],"46":[0,0],"47":[0,0],"48":[0,0],"49":[0,0],"50":[0,0],"51":[0,0],"52":[0,0],"53":[0,0],"54":[0,0],"55":[0,0],"56":[0,0],"57":[0,0],"58":[0,0],"59":[0,0],"60":[0,0],"61":[0,0],"62":[0,0],"63":[0,0,0],"64":[0,0],"65":[0,0],"66":[0,0],"67":[0,0,0],"68":[0,0,0],"69":[0,0],"70":[0,0],"71":[0,0],"72":[0,0],"73":[0,0],"74":[0,0],"75":[0,0],"76":[0,0],"77":[0,0],"78":[0,0],"79":[0,0],"80":[0,0],"81":[0,0,0,0],"82":[0,0],"83":[0,0],"84":[0,0],"85":[0,0],"86":[0,0],"87":[0,0,0,0,0],"88":[0,0],"89":[1,0],"90":[1,1]},"_coverageSchema":"1a1c01bbd47fc00a2c39e90264f33305004495a9","hash":"4d8551c1a7d5914c02b7c039908678ea2b94e9d1"}
}
