{"C:\\Users\\user\\Documents\\Projects\\CyberCore\\assets\\HologramComponent.ts": {"path":"C:\\Users\\user\\Documents\\Projects\\CyberCore\\assets\\HologramComponent.ts","statementMap":{"0":{"start":{"line":84,"column":17},"end":{"line":84,"column":31}},"1":{"start":{"line":85,"column":14},"end":{"line":85,"column":17}},"2":{"start":{"line":86,"column":16},"end":{"line":86,"column":17}},"3":{"start":{"line":87,"column":13},"end":{"line":87,"column":18}},"4":{"start":{"line":88,"column":30},"end":{"line":88,"column":34}},"5":{"start":{"line":91,"column":45},"end":{"line":91,"column":49}},"6":{"start":{"line":92,"column":46},"end":{"line":92,"column":50}},"7":{"start":{"line":98,"column":4},"end":{"line":98,"column":12}},"8":{"start":{"line":99,"column":4},"end":{"line":99,"column":40}},"9":{"start":{"line":106,"column":4},"end":{"line":106,"column":22}},"10":{"start":{"line":113,"column":4},"end":{"line":113,"column":22}},"11":{"start":{"line":121,"column":4},"end":{"line":121,"column":25}},"12":{"start":{"line":122,"column":4},"end":{"line":122,"column":23}},"13":{"start":{"line":123,"column":4},"end":{"line":123,"column":18}},"14":{"start":{"line":130,"column":4},"end":{"line":130,"column":47}},"15":{"start":{"line":130,"column":40},"end":{"line":130,"column":47}},"16":{"start":{"line":139,"column":4},"end":{"line":139,"column":27}},"17":{"start":{"line":140,"column":4},"end":{"line":140,"column":18}},"18":{"start":{"line":148,"column":4},"end":{"line":148,"column":29}},"19":{"start":{"line":150,"column":4},"end":{"line":150,"column":18}},"20":{"start":{"line":158,"column":4},"end":{"line":158,"column":29}},"21":{"start":{"line":166,"column":4},"end":{"line":166,"column":26}},"22":{"start":{"line":167,"column":4},"end":{"line":169,"column":5}},"23":{"start":{"line":168,"column":6},"end":{"line":168,"column":30}},"24":{"start":{"line":170,"column":4},"end":{"line":170,"column":25}},"25":{"start":{"line":178,"column":4},"end":{"line":178,"column":51}},"26":{"start":{"line":179,"column":4},"end":{"line":179,"column":46}},"27":{"start":{"line":185,"column":13},"end":{"line":185,"column":67}},"28":{"start":{"line":188,"column":13},"end":{"line":188,"column":53}}},"fnMap":{"0":{"name":"(anonymous_0)","decl":{"start":{"line":97,"column":2},"end":{"line":97,"column":null}},"loc":{"start":{"line":97,"column":2},"end":{"line":100,"column":3}}},"1":{"name":"(anonymous_1)","decl":{"start":{"line":105,"column":2},"end":{"line":105,"column":19}},"loc":{"start":{"line":105,"column":19},"end":{"line":107,"column":3}}},"2":{"name":"(anonymous_2)","decl":{"start":{"line":112,"column":2},"end":{"line":112,"column":22}},"loc":{"start":{"line":112,"column":22},"end":{"line":114,"column":3}}},"3":{"name":"(anonymous_3)","decl":{"start":{"line":120,"column":2},"end":{"line":120,"column":12}},"loc":{"start":{"line":120,"column":39},"end":{"line":124,"column":3}}},"4":{"name":"(anonymous_4)","decl":{"start":{"line":129,"column":2},"end":{"line":129,"column":8}},"loc":{"start":{"line":129,"column":8},"end":{"line":132,"column":3}}},"5":{"name":"(anonymous_5)","decl":{"start":{"line":138,"column":2},"end":{"line":138,"column":14}},"loc":{"start":{"line":138,"column":28},"end":{"line":141,"column":3}}},"6":{"name":"(anonymous_6)","decl":{"start":{"line":147,"column":2},"end":{"line":147,"column":21}},"loc":{"start":{"line":147,"column":35},"end":{"line":151,"column":3}}},"7":{"name":"(anonymous_7)","decl":{"start":{"line":157,"column":2},"end":{"line":157,"column":19}},"loc":{"start":{"line":157,"column":34},"end":{"line":160,"column":3}}},"8":{"name":"(anonymous_8)","decl":{"start":{"line":165,"column":2},"end":{"line":165,"column":12}},"loc":{"start":{"line":165,"column":12},"end":{"line":171,"column":3}}},"9":{"name":"(anonymous_9)","decl":{"start":{"line":177,"column":10},"end":{"line":177,"column":21}},"loc":{"start":{"line":177,"column":21},"end":{"line":181,"column":3}}}},"branchMap":{"0":{"loc":{"start":{"line":130,"column":4},"end":{"line":130,"column":47}},"type":"if","locations":[{"start":{"line":130,"column":4},"end":{"line":130,"column":47}}]},"1":{"loc":{"start":{"line":130,"column":8},"end":{"line":130,"column":38}},"type":"binary-expr","locations":[{"start":{"line":130,"column":8},"end":{"line":130,"column":22}},{"start":{"line":130,"column":26},"end":{"line":130,"column":38}}]},"2":{"loc":{"start":{"line":167,"column":4},"end":{"line":169,"column":5}},"type":"if","locations":[{"start":{"line":167,"column":4},"end":{"line":169,"column":5}}]},"3":{"loc":{"start":{"line":167,"column":8},"end":{"line":167,"column":68}},"type":"binary-expr","locations":[{"start":{"line":167,"column":8},"end":{"line":167,"column":21}},{"start":{"line":167,"column":25},"end":{"line":167,"column":68}}]}},"s":{"0":0,"1":0,"2":0,"3":0,"4":0,"5":0,"6":0,"7":7,"8":0,"9":0,"10":0,"11":0,"12":0,"13":0,"14":0,"15":0,"16":0,"17":0,"18":0,"19":0,"20":0,"21":0,"22":0,"23":0,"24":0,"25":0,"26":0,"27":1,"28":1},"f":{"0":7,"1":0,"2":0,"3":0,"4":0,"5":0,"6":0,"7":0,"8":0,"9":0},"b":{"0":[0],"1":[0,0],"2":[0],"3":[0,0]}}
,"C:\\Users\\user\\Documents\\Projects\\CyberCore\\assets\\enhanced-cart.ts": {"path":"C:\\Users\\user\\Documents\\Projects\\CyberCore\\assets\\enhanced-cart.ts","statementMap":{"0":{"start":{"line":60,"column":18},"end":{"line":60,"column":23}},"1":{"start":{"line":61,"column":34},"end":{"line":61,"column":36}},"2":{"start":{"line":64,"column":4},"end":{"line":64,"column":30}},"3":{"start":{"line":66,"column":4},"end":{"line":66,"column":16}},"4":{"start":{"line":71,"column":4},"end":{"line":71,"column":31}},"5":{"start":{"line":79,"column":4},"end":{"line":79,"column":34}},"6":{"start":{"line":84,"column":13},"end":{"line":84,"column":84}}},"fnMap":{"0":{"name":"(anonymous_0)","decl":{"start":{"line":63,"column":2},"end":{"line":63,"column":12}},"loc":{"start":{"line":63,"column":26},"end":{"line":67,"column":3}}},"1":{"name":"(anonymous_1)","decl":{"start":{"line":69,"column":2},"end":{"line":69,"column":7}},"loc":{"start":{"line":69,"column":68},"end":{"line":72,"column":3}}},"2":{"name":"(anonymous_2)","decl":{"start":{"line":74,"column":2},"end":{"line":74,"column":14}},"loc":{"start":{"line":74,"column":34},"end":{"line":76,"column":3}}},"3":{"name":"(anonymous_3)","decl":{"start":{"line":78,"column":2},"end":{"line":78,"column":16}},"loc":{"start":{"line":78,"column":32},"end":{"line":81,"column":3}}}},"branchMap":{},"s":{"0":1,"1":1,"2":4,"3":4,"4":1,"5":1,"6":1},"f":{"0":4,"1":1,"2":1,"3":1},"b":{}}
,"C:\\Users\\user\\Documents\\Projects\\CyberCore\\assets\\glitch-engine.ts": {"path":"C:\\Users\\user\\Documents\\Projects\\CyberCore\\assets\\glitch-engine.ts","statementMap":{"0":{"start":{"line":88,"column":36},"end":{"line":92,"column":4}},"1":{"start":{"line":93,"column":12},"end":{"line":93,"column":17}},"2":{"start":{"line":94,"column":27},"end":{"line":94,"column":29}},"3":{"start":{"line":102,"column":4},"end":{"line":102,"column":24}},"4":{"start":{"line":104,"column":4},"end":{"line":104,"column":16}},"5":{"start":{"line":112,"column":4},"end":{"line":112,"column":25}},"6":{"start":{"line":114,"column":4},"end":{"line":114,"column":16}},"7":{"start":{"line":124,"column":4},"end":{"line":124,"column":29}},"8":{"start":{"line":134,"column":4},"end":{"line":134,"column":16}},"9":{"start":{"line":144,"column":4},"end":{"line":144,"column":16}},"10":{"start":{"line":153,"column":4},"end":{"line":153,"column":31}},"11":{"start":{"line":155,"column":4},"end":{"line":155,"column":16}},"12":{"start":{"line":165,"column":4},"end":{"line":165,"column":16}},"13":{"start":{"line":170,"column":13},"end":{"line":170,"column":84}}},"fnMap":{"0":{"name":"(anonymous_0)","decl":{"start":{"line":101,"column":2},"end":{"line":101,"column":7}},"loc":{"start":{"line":101,"column":38},"end":{"line":105,"column":3}}},"1":{"name":"(anonymous_1)","decl":{"start":{"line":111,"column":2},"end":{"line":111,"column":6}},"loc":{"start":{"line":111,"column":6},"end":{"line":115,"column":3}}},"2":{"name":"(anonymous_2)","decl":{"start":{"line":122,"column":2},"end":{"line":122,"column":7}},"loc":{"start":{"line":122,"column":43},"end":{"line":125,"column":3}}},"3":{"name":"(anonymous_3)","decl":{"start":{"line":132,"column":2},"end":{"line":132,"column":14}},"loc":{"start":{"line":132,"column":33},"end":{"line":135,"column":3}}},"4":{"name":"(anonymous_4)","decl":{"start":{"line":142,"column":2},"end":{"line":142,"column":9}},"loc":{"start":{"line":142,"column":23},"end":{"line":145,"column":3}}},"5":{"name":"(anonymous_5)","decl":{"start":{"line":152,"column":2},"end":{"line":152,"column":11}},"loc":{"start":{"line":152,"column":32},"end":{"line":156,"column":3}}},"6":{"name":"(anonymous_6)","decl":{"start":{"line":163,"column":2},"end":{"line":163,"column":14}},"loc":{"start":{"line":163,"column":36},"end":{"line":166,"column":3}}}},"branchMap":{},"s":{"0":1,"1":1,"2":1,"3":0,"4":0,"5":0,"6":0,"7":0,"8":0,"9":0,"10":0,"11":0,"12":0,"13":1},"f":{"0":0,"1":0,"2":0,"3":0,"4":0,"5":0,"6":0},"b":{}}
,"C:\\Users\\user\\Documents\\Projects\\CyberCore\\assets\\hologram-component.js": {"path":"C:\\Users\\user\\Documents\\Projects\\CyberCore\\assets\\hologram-component.js","statementMap":{"0":{"start":{"line":19,"column":17},"end":{"line":19,"column":22}},"1":{"start":{"line":20,"column":15},"end":{"line":20,"column":19}},"2":{"start":{"line":21,"column":14},"end":{"line":21,"column":18}},"3":{"start":{"line":22,"column":14},"end":{"line":22,"column":18}},"4":{"start":{"line":23,"column":12},"end":{"line":23,"column":16}},"5":{"start":{"line":24,"column":15},"end":{"line":24,"column":19}},"6":{"start":{"line":25,"column":14},"end":{"line":25,"column":18}},"7":{"start":{"line":26,"column":28},"end":{"line":26,"column":30}},"8":{"start":{"line":27,"column":17},"end":{"line":27,"column":21}},"9":{"start":{"line":28,"column":21},"end":{"line":28,"column":33}},"10":{"start":{"line":29,"column":17},"end":{"line":29,"column":22}},"11":{"start":{"line":30,"column":12},"end":{"line":30,"column":17}},"12":{"start":{"line":31,"column":20},"end":{"line":31,"column":24}},"13":{"start":{"line":32,"column":20},"end":{"line":32,"column":24}},"14":{"start":{"line":33,"column":22},"end":{"line":33,"column":26}},"15":{"start":{"line":39,"column":4},"end":{"line":39,"column":12}},"16":{"start":{"line":42,"column":4},"end":{"line":42,"column":55}},"17":{"start":{"line":45,"column":4},"end":{"line":50,"column":5}},"18":{"start":{"line":46,"column":6},"end":{"line":46,"column":45}},"19":{"start":{"line":47,"column":6},"end":{"line":47,"column":58}},"20":{"start":{"line":49,"column":6},"end":{"line":49,"column":58}},"21":{"start":{"line":53,"column":4},"end":{"line":296,"column":6}},"22":{"start":{"line":299,"column":4},"end":{"line":299,"column":72}},"23":{"start":{"line":307,"column":4},"end":{"line":307,"column":54}},"24":{"start":{"line":308,"column":4},"end":{"line":308,"column":52}},"25":{"start":{"line":309,"column":4},"end":{"line":309,"column":73}},"26":{"start":{"line":312,"column":4},"end":{"line":312,"column":56}},"27":{"start":{"line":315,"column":4},"end":{"line":315,"column":24}},"28":{"start":{"line":318,"column":4},"end":{"line":318,"column":30}},"29":{"start":{"line":321,"column":4},"end":{"line":321,"column":30}},"30":{"start":{"line":324,"column":4},"end":{"line":324,"column":31}},"31":{"start":{"line":327,"column":4},"end":{"line":327,"column":27}},"32":{"start":{"line":335,"column":4},"end":{"line":335,"column":36}},"33":{"start":{"line":336,"column":4},"end":{"line":336,"column":28}},"34":{"start":{"line":339,"column":4},"end":{"line":342,"column":5}},"35":{"start":{"line":340,"column":6},"end":{"line":340,"column":34}},"36":{"start":{"line":341,"column":6},"end":{"line":341,"column":28}},"37":{"start":{"line":345,"column":4},"end":{"line":347,"column":5}},"38":{"start":{"line":346,"column":6},"end":{"line":346,"column":41}},"39":{"start":{"line":354,"column":4},"end":{"line":354,"column":38}},"40":{"start":{"line":354,"column":31},"end":{"line":354,"column":38}},"41":{"start":{"line":356,"column":4},"end":{"line":373,"column":5}},"42":{"start":{"line":358,"column":6},"end":{"line":358,"column":33}},"43":{"start":{"line":359,"column":6},"end":{"line":359,"column":30}},"44":{"start":{"line":360,"column":6},"end":{"line":360,"column":12}},"45":{"start":{"line":362,"column":6},"end":{"line":362,"column":32}},"46":{"start":{"line":363,"column":6},"end":{"line":363,"column":26}},"47":{"start":{"line":364,"column":6},"end":{"line":364,"column":12}},"48":{"start":{"line":366,"column":6},"end":{"line":366,"column":39}},"49":{"start":{"line":367,"column":6},"end":{"line":367,"column":28}},"50":{"start":{"line":368,"column":6},"end":{"line":368,"column":12}},"51":{"start":{"line":370,"column":6},"end":{"line":370,"column":41}},"52":{"start":{"line":371,"column":6},"end":{"line":371,"column":27}},"53":{"start":{"line":372,"column":6},"end":{"line":372,"column":12}},"54":{"start":{"line":380,"column":4},"end":{"line":380,"column":61}},"55":{"start":{"line":388,"column":4},"end":{"line":395,"column":6}},"56":{"start":{"line":390,"column":8},"end":{"line":392,"column":9}},"57":{"start":{"line":391,"column":10},"end":{"line":391,"column":29}},"58":{"start":{"line":397,"column":4},"end":{"line":397,"column":33}},"59":{"start":{"line":405,"column":4},"end":{"line":405,"column":34}},"60":{"start":{"line":405,"column":27},"end":{"line":405,"column":34}},"61":{"start":{"line":408,"column":4},"end":{"line":425,"column":9}},"62":{"start":{"line":411,"column":8},"end":{"line":411,"column":29}},"63":{"start":{"line":414,"column":8},"end":{"line":418,"column":9}},"64":{"start":{"line":415,"column":10},"end":{"line":415,"column":34}},"65":{"start":{"line":416,"column":15},"end":{"line":418,"column":9}},"66":{"start":{"line":417,"column":10},"end":{"line":417,"column":30}},"67":{"start":{"line":420,"column":8},"end":{"line":420,"column":33}},"68":{"start":{"line":423,"column":8},"end":{"line":423,"column":73}},"69":{"start":{"line":424,"column":8},"end":{"line":424,"column":49}},"70":{"start":{"line":428,"column":4},"end":{"line":428,"column":69}},"71":{"start":{"line":437,"column":4},"end":{"line":445,"column":7}},"72":{"start":{"line":439,"column":6},"end":{"line":444,"column":23}},"73":{"start":{"line":441,"column":10},"end":{"line":441,"column":40}},"74":{"start":{"line":442,"column":10},"end":{"line":442,"column":20}},"75":{"start":{"line":453,"column":4},"end":{"line":453,"column":58}},"76":{"start":{"line":453,"column":51},"end":{"line":453,"column":58}},"77":{"start":{"line":456,"column":4},"end":{"line":456,"column":24}},"78":{"start":{"line":458,"column":4},"end":{"line":481,"column":5}},"79":{"start":{"line":460,"column":6},"end":{"line":469,"column":9}},"80":{"start":{"line":472,"column":6},"end":{"line":474,"column":7}},"81":{"start":{"line":473,"column":8},"end":{"line":473,"column":68}},"82":{"start":{"line":477,"column":6},"end":{"line":477,"column":26}},"83":{"start":{"line":479,"column":6},"end":{"line":479,"column":70}},"84":{"start":{"line":480,"column":6},"end":{"line":480,"column":56}},"85":{"start":{"line":489,"column":4},"end":{"line":489,"column":33}},"86":{"start":{"line":489,"column":26},"end":{"line":489,"column":33}},"87":{"start":{"line":491,"column":4},"end":{"line":491,"column":24}},"88":{"start":{"line":494,"column":4},"end":{"line":519,"column":9}},"89":{"start":{"line":496,"column":8},"end":{"line":498,"column":9}},"90":{"start":{"line":497,"column":10},"end":{"line":497,"column":73}},"91":{"start":{"line":499,"column":8},"end":{"line":499,"column":31}},"92":{"start":{"line":502,"column":8},"end":{"line":502,"column":40}},"93":{"start":{"line":505,"column":25},"end":{"line":505,"column":63}},"94":{"start":{"line":506,"column":8},"end":{"line":511,"column":9}},"95":{"start":{"line":507,"column":10},"end":{"line":507,"column":36}},"96":{"start":{"line":508,"column":10},"end":{"line":508,"column":30}},"97":{"start":{"line":510,"column":10},"end":{"line":510,"column":51}},"98":{"start":{"line":514,"column":8},"end":{"line":514,"column":46}},"99":{"start":{"line":517,"column":8},"end":{"line":517,"column":61}},"100":{"start":{"line":518,"column":8},"end":{"line":518,"column":55}},"101":{"start":{"line":529,"column":4},"end":{"line":529,"column":30}},"102":{"start":{"line":529,"column":18},"end":{"line":529,"column":30}},"103":{"start":{"line":532,"column":4},"end":{"line":538,"column":5}},"104":{"start":{"line":533,"column":25},"end":{"line":533,"column":76}},"105":{"start":{"line":533,"column":51},"end":{"line":533,"column":75}},"106":{"start":{"line":534,"column":6},"end":{"line":537,"column":7}},"107":{"start":{"line":535,"column":26},"end":{"line":535,"column":76}},"108":{"start":{"line":535,"column":57},"end":{"line":535,"column":75}},"109":{"start":{"line":536,"column":8},"end":{"line":536,"column":44}},"110":{"start":{"line":536,"column":23},"end":{"line":536,"column":44}},"111":{"start":{"line":541,"column":4},"end":{"line":544,"column":5}},"112":{"start":{"line":542,"column":25},"end":{"line":542,"column":98}},"113":{"start":{"line":542,"column":56},"end":{"line":542,"column":97}},"114":{"start":{"line":543,"column":6},"end":{"line":543,"column":66}},"115":{"start":{"line":543,"column":42},"end":{"line":543,"column":66}},"116":{"start":{"line":546,"column":4},"end":{"line":546,"column":16}},"117":{"start":{"line":556,"column":4},"end":{"line":556,"column":30}},"118":{"start":{"line":556,"column":18},"end":{"line":556,"column":30}},"119":{"start":{"line":559,"column":4},"end":{"line":565,"column":5}},"120":{"start":{"line":560,"column":25},"end":{"line":560,"column":76}},"121":{"start":{"line":560,"column":51},"end":{"line":560,"column":75}},"122":{"start":{"line":561,"column":6},"end":{"line":564,"column":7}},"123":{"start":{"line":562,"column":27},"end":{"line":562,"column":78}},"124":{"start":{"line":562,"column":58},"end":{"line":562,"column":77}},"125":{"start":{"line":563,"column":8},"end":{"line":563,"column":46}},"126":{"start":{"line":563,"column":24},"end":{"line":563,"column":46}},"127":{"start":{"line":568,"column":4},"end":{"line":571,"column":5}},"128":{"start":{"line":569,"column":22},"end":{"line":569,"column":92}},"129":{"start":{"line":569,"column":53},"end":{"line":569,"column":91}},"130":{"start":{"line":570,"column":6},"end":{"line":570,"column":57}},"131":{"start":{"line":570,"column":36},"end":{"line":570,"column":57}},"132":{"start":{"line":573,"column":4},"end":{"line":573,"column":16}},"133":{"start":{"line":581,"column":4},"end":{"line":581,"column":51}},"134":{"start":{"line":581,"column":44},"end":{"line":581,"column":51}},"135":{"start":{"line":583,"column":4},"end":{"line":583,"column":24}},"136":{"start":{"line":586,"column":4},"end":{"line":605,"column":9}},"137":{"start":{"line":594,"column":8},"end":{"line":594,"column":28}},"138":{"start":{"line":597,"column":8},"end":{"line":597,"column":38}},"139":{"start":{"line":600,"column":8},"end":{"line":600,"column":37}},"140":{"start":{"line":603,"column":8},"end":{"line":603,"column":54}},"141":{"start":{"line":604,"column":8},"end":{"line":604,"column":51}},"142":{"start":{"line":614,"column":4},"end":{"line":614,"column":56}},"143":{"start":{"line":617,"column":4},"end":{"line":617,"column":24}},"144":{"start":{"line":620,"column":4},"end":{"line":620,"column":34}},"145":{"start":{"line":623,"column":4},"end":{"line":623,"column":33}},"146":{"start":{"line":631,"column":4},"end":{"line":631,"column":32}},"147":{"start":{"line":631,"column":25},"end":{"line":631,"column":32}},"148":{"start":{"line":634,"column":16},"end":{"line":634,"column":24}},"149":{"start":{"line":636,"column":4},"end":{"line":649,"column":5}},"150":{"start":{"line":638,"column":6},"end":{"line":638,"column":23}},"151":{"start":{"line":639,"column":6},"end":{"line":639,"column":12}},"152":{"start":{"line":641,"column":6},"end":{"line":641,"column":23}},"153":{"start":{"line":642,"column":6},"end":{"line":642,"column":12}},"154":{"start":{"line":644,"column":6},"end":{"line":644,"column":23}},"155":{"start":{"line":645,"column":6},"end":{"line":645,"column":12}},"156":{"start":{"line":647,"column":6},"end":{"line":647,"column":23}},"157":{"start":{"line":648,"column":6},"end":{"line":648,"column":12}},"158":{"start":{"line":651,"column":4},"end":{"line":651,"column":43}},"159":{"start":{"line":660,"column":22},"end":{"line":660,"column":66}},"160":{"start":{"line":661,"column":4},"end":{"line":669,"column":5}},"161":{"start":{"line":662,"column":6},"end":{"line":668,"column":9}},"162":{"start":{"line":663,"column":8},"end":{"line":663,"column":36}},"163":{"start":{"line":663,"column":29},"end":{"line":663,"column":36}},"164":{"start":{"line":666,"column":29},"end":{"line":666,"column":70}},"165":{"start":{"line":667,"column":8},"end":{"line":667,"column":52}},"166":{"start":{"line":672,"column":22},"end":{"line":672,"column":66}},"167":{"start":{"line":673,"column":4},"end":{"line":681,"column":5}},"168":{"start":{"line":674,"column":6},"end":{"line":680,"column":9}},"169":{"start":{"line":675,"column":8},"end":{"line":675,"column":36}},"170":{"start":{"line":675,"column":29},"end":{"line":675,"column":36}},"171":{"start":{"line":678,"column":29},"end":{"line":678,"column":73}},"172":{"start":{"line":679,"column":8},"end":{"line":679,"column":56}},"173":{"start":{"line":684,"column":18},"end":{"line":684,"column":58}},"174":{"start":{"line":685,"column":4},"end":{"line":689,"column":5}},"175":{"start":{"line":686,"column":6},"end":{"line":688,"column":9}},"176":{"start":{"line":687,"column":8},"end":{"line":687,"column":29}},"177":{"start":{"line":692,"column":19},"end":{"line":692,"column":57}},"178":{"start":{"line":693,"column":4},"end":{"line":697,"column":5}},"179":{"start":{"line":694,"column":6},"end":{"line":696,"column":9}},"180":{"start":{"line":695,"column":8},"end":{"line":695,"column":25}},"181":{"start":{"line":706,"column":4},"end":{"line":708,"column":5}},"182":{"start":{"line":707,"column":6},"end":{"line":707,"column":41}},"183":{"start":{"line":710,"column":4},"end":{"line":715,"column":12}},"184":{"start":{"line":711,"column":6},"end":{"line":714,"column":7}},"185":{"start":{"line":713,"column":8},"end":{"line":713,"column":73}},"186":{"start":{"line":723,"column":4},"end":{"line":723,"column":49}},"187":{"start":{"line":723,"column":42},"end":{"line":723,"column":49}},"188":{"start":{"line":726,"column":17},"end":{"line":726,"column":96}},"189":{"start":{"line":727,"column":4},"end":{"line":727,"column":44}},"190":{"start":{"line":730,"column":17},"end":{"line":730,"column":89}},"191":{"start":{"line":731,"column":4},"end":{"line":731,"column":44}},"192":{"start":{"line":734,"column":17},"end":{"line":734,"column":88}},"193":{"start":{"line":735,"column":4},"end":{"line":735,"column":44}},"194":{"start":{"line":743,"column":4},"end":{"line":747,"column":7}},"195":{"start":{"line":744,"column":6},"end":{"line":746,"column":7}},"196":{"start":{"line":745,"column":8},"end":{"line":745,"column":26}},"197":{"start":{"line":749,"column":4},"end":{"line":749,"column":38}},"198":{"start":{"line":758,"column":4},"end":{"line":758,"column":39}},"199":{"start":{"line":758,"column":32},"end":{"line":758,"column":39}},"200":{"start":{"line":761,"column":4},"end":{"line":761,"column":41}},"201":{"start":{"line":762,"column":4},"end":{"line":762,"column":26}},"202":{"start":{"line":771,"column":4},"end":{"line":771,"column":58}},"203":{"start":{"line":771,"column":51},"end":{"line":771,"column":58}},"204":{"start":{"line":774,"column":4},"end":{"line":787,"column":5}},"205":{"start":{"line":776,"column":6},"end":{"line":783,"column":9}},"206":{"start":{"line":786,"column":6},"end":{"line":786,"column":26}},"207":{"start":{"line":796,"column":4},"end":{"line":796,"column":59}},"208":{"start":{"line":796,"column":52},"end":{"line":796,"column":59}},"209":{"start":{"line":799,"column":4},"end":{"line":812,"column":5}},"210":{"start":{"line":801,"column":6},"end":{"line":801,"column":39}},"211":{"start":{"line":804,"column":23},"end":{"line":804,"column":62}},"212":{"start":{"line":805,"column":6},"end":{"line":808,"column":7}},"213":{"start":{"line":806,"column":8},"end":{"line":806,"column":34}},"214":{"start":{"line":807,"column":8},"end":{"line":807,"column":28}},"215":{"start":{"line":811,"column":6},"end":{"line":811,"column":29}},"216":{"start":{"line":821,"column":4},"end":{"line":821,"column":65}},"217":{"start":{"line":821,"column":58},"end":{"line":821,"column":65}},"218":{"start":{"line":823,"column":4},"end":{"line":827,"column":7}},"219":{"start":{"line":835,"column":4},"end":{"line":835,"column":49}},"220":{"start":{"line":835,"column":42},"end":{"line":835,"column":49}},"221":{"start":{"line":838,"column":4},"end":{"line":844,"column":7}},"222":{"start":{"line":847,"column":4},"end":{"line":847,"column":24}},"223":{"start":{"line":856,"column":4},"end":{"line":856,"column":40}},"224":{"start":{"line":859,"column":4},"end":{"line":861,"column":12}},"225":{"start":{"line":860,"column":6},"end":{"line":860,"column":45}},"226":{"start":{"line":869,"column":18},"end":{"line":869,"column":63}},"227":{"start":{"line":870,"column":4},"end":{"line":870,"column":23}},"228":{"start":{"line":870,"column":16},"end":{"line":870,"column":23}},"229":{"start":{"line":872,"column":4},"end":{"line":872,"column":60}},"230":{"start":{"line":880,"column":20},"end":{"line":880,"column":67}},"231":{"start":{"line":881,"column":4},"end":{"line":883,"column":5}},"232":{"start":{"line":882,"column":6},"end":{"line":882,"column":41}},"233":{"start":{"line":886,"column":4},"end":{"line":886,"column":22}},"234":{"start":{"line":894,"column":20},"end":{"line":894,"column":67}},"235":{"start":{"line":895,"column":4},"end":{"line":897,"column":5}},"236":{"start":{"line":896,"column":6},"end":{"line":896,"column":38}},"237":{"start":{"line":906,"column":18},"end":{"line":906,"column":63}},"238":{"start":{"line":907,"column":4},"end":{"line":910,"column":5}},"239":{"start":{"line":908,"column":6},"end":{"line":908,"column":56}},"240":{"start":{"line":909,"column":6},"end":{"line":909,"column":39}},"241":{"start":{"line":913,"column":4},"end":{"line":913,"column":24}},"242":{"start":{"line":921,"column":18},"end":{"line":921,"column":63}},"243":{"start":{"line":922,"column":4},"end":{"line":924,"column":5}},"244":{"start":{"line":923,"column":6},"end":{"line":923,"column":36}},"245":{"start":{"line":932,"column":4},"end":{"line":932,"column":35}},"246":{"start":{"line":932,"column":28},"end":{"line":932,"column":35}},"247":{"start":{"line":935,"column":23},"end":{"line":935,"column":62}},"248":{"start":{"line":937,"column":4},"end":{"line":966,"column":5}},"249":{"start":{"line":938,"column":6},"end":{"line":938,"column":31}},"250":{"start":{"line":941,"column":21},"end":{"line":941,"column":59}},"251":{"start":{"line":942,"column":6},"end":{"line":951,"column":7}},"252":{"start":{"line":943,"column":8},"end":{"line":943,"column":33}},"253":{"start":{"line":944,"column":8},"end":{"line":944,"column":26}},"254":{"start":{"line":947,"column":8},"end":{"line":950,"column":9}},"255":{"start":{"line":948,"column":10},"end":{"line":948,"column":43}},"256":{"start":{"line":949,"column":10},"end":{"line":949,"column":65}},"257":{"start":{"line":954,"column":20},"end":{"line":954,"column":60}},"258":{"start":{"line":955,"column":6},"end":{"line":957,"column":7}},"259":{"start":{"line":956,"column":8},"end":{"line":956,"column":41}},"260":{"start":{"line":959,"column":6},"end":{"line":959,"column":32}},"261":{"start":{"line":962,"column":20},"end":{"line":962,"column":60}},"262":{"start":{"line":963,"column":6},"end":{"line":965,"column":7}},"263":{"start":{"line":964,"column":8},"end":{"line":964,"column":38}},"264":{"start":{"line":974,"column":4},"end":{"line":974,"column":35}},"265":{"start":{"line":974,"column":28},"end":{"line":974,"column":35}},"266":{"start":{"line":976,"column":4},"end":{"line":976,"column":33}},"267":{"start":{"line":979,"column":4},"end":{"line":979,"column":58}},"268":{"start":{"line":987,"column":4},"end":{"line":997,"column":5}},"269":{"start":{"line":989,"column":6},"end":{"line":991,"column":7}},"270":{"start":{"line":990,"column":8},"end":{"line":990,"column":32}},"271":{"start":{"line":994,"column":6},"end":{"line":996,"column":7}},"272":{"start":{"line":995,"column":8},"end":{"line":995,"column":33}},"273":{"start":{"line":1005,"column":4},"end":{"line":1005,"column":57}},"274":{"start":{"line":1005,"column":50},"end":{"line":1005,"column":57}},"275":{"start":{"line":1007,"column":23},"end":{"line":1007,"column":62}},"276":{"start":{"line":1008,"column":4},"end":{"line":1008,"column":28}},"277":{"start":{"line":1008,"column":21},"end":{"line":1008,"column":28}},"278":{"start":{"line":1011,"column":4},"end":{"line":1013,"column":5}},"279":{"start":{"line":1012,"column":6},"end":{"line":1012,"column":40}},"280":{"start":{"line":1021,"column":4},"end":{"line":1029,"column":5}},"281":{"start":{"line":1022,"column":6},"end":{"line":1022,"column":33}},"282":{"start":{"line":1023,"column":6},"end":{"line":1023,"column":28}},"283":{"start":{"line":1026,"column":6},"end":{"line":1028,"column":7}},"284":{"start":{"line":1027,"column":8},"end":{"line":1027,"column":55}},"285":{"start":{"line":1034,"column":0},"end":{"line":1034,"column":68}}},"fnMap":{"0":{"name":"(anonymous_0)","decl":{"start":{"line":38,"column":2},"end":{"line":38,"column":3}},"loc":{"start":{"line":38,"column":16},"end":{"line":300,"column":3}},"line":38},"1":{"name":"(anonymous_1)","decl":{"start":{"line":305,"column":2},"end":{"line":305,"column":3}},"loc":{"start":{"line":305,"column":22},"end":{"line":328,"column":3}},"line":305},"2":{"name":"(anonymous_2)","decl":{"start":{"line":333,"column":2},"end":{"line":333,"column":3}},"loc":{"start":{"line":333,"column":25},"end":{"line":348,"column":3}},"line":333},"3":{"name":"(anonymous_3)","decl":{"start":{"line":353,"column":2},"end":{"line":353,"column":3}},"loc":{"start":{"line":353,"column":53},"end":{"line":374,"column":3}},"line":353},"4":{"name":"(anonymous_4)","decl":{"start":{"line":379,"column":2},"end":{"line":379,"column":3}},"loc":{"start":{"line":379,"column":34},"end":{"line":381,"column":3}},"line":379},"5":{"name":"(anonymous_5)","decl":{"start":{"line":389,"column":6},"end":{"line":389,"column":7}},"loc":{"start":{"line":389,"column":19},"end":{"line":393,"column":7}},"line":389},"6":{"name":"(anonymous_6)","decl":{"start":{"line":409,"column":12},"end":{"line":409,"column":13}},"loc":{"start":{"line":409,"column":18},"end":{"line":421,"column":7}},"line":409},"7":{"name":"(anonymous_7)","decl":{"start":{"line":422,"column":13},"end":{"line":422,"column":14}},"loc":{"start":{"line":422,"column":24},"end":{"line":425,"column":7}},"line":422},"8":{"name":"(anonymous_8)","decl":{"start":{"line":437,"column":23},"end":{"line":437,"column":24}},"loc":{"start":{"line":437,"column":44},"end":{"line":445,"column":5}},"line":437},"9":{"name":"(anonymous_9)","decl":{"start":{"line":440,"column":14},"end":{"line":440,"column":15}},"loc":{"start":{"line":440,"column":26},"end":{"line":443,"column":9}},"line":440},"10":{"name":"(anonymous_10)","decl":{"start":{"line":495,"column":12},"end":{"line":495,"column":13}},"loc":{"start":{"line":495,"column":26},"end":{"line":500,"column":7}},"line":495},"11":{"name":"(anonymous_11)","decl":{"start":{"line":501,"column":12},"end":{"line":501,"column":13}},"loc":{"start":{"line":501,"column":29},"end":{"line":515,"column":7}},"line":501},"12":{"name":"(anonymous_12)","decl":{"start":{"line":516,"column":13},"end":{"line":516,"column":14}},"loc":{"start":{"line":516,"column":24},"end":{"line":519,"column":7}},"line":516},"13":{"name":"(anonymous_13)","decl":{"start":{"line":533,"column":44},"end":{"line":533,"column":45}},"loc":{"start":{"line":533,"column":51},"end":{"line":533,"column":75}},"line":533},"14":{"name":"(anonymous_14)","decl":{"start":{"line":535,"column":50},"end":{"line":535,"column":51}},"loc":{"start":{"line":535,"column":57},"end":{"line":535,"column":75}},"line":535},"15":{"name":"(anonymous_15)","decl":{"start":{"line":542,"column":49},"end":{"line":542,"column":50}},"loc":{"start":{"line":542,"column":56},"end":{"line":542,"column":97}},"line":542},"16":{"name":"(anonymous_16)","decl":{"start":{"line":560,"column":44},"end":{"line":560,"column":45}},"loc":{"start":{"line":560,"column":51},"end":{"line":560,"column":75}},"line":560},"17":{"name":"(anonymous_17)","decl":{"start":{"line":562,"column":51},"end":{"line":562,"column":52}},"loc":{"start":{"line":562,"column":58},"end":{"line":562,"column":77}},"line":562},"18":{"name":"(anonymous_18)","decl":{"start":{"line":569,"column":46},"end":{"line":569,"column":47}},"loc":{"start":{"line":569,"column":53},"end":{"line":569,"column":91}},"line":569},"19":{"name":"(anonymous_19)","decl":{"start":{"line":593,"column":12},"end":{"line":593,"column":13}},"loc":{"start":{"line":593,"column":18},"end":{"line":601,"column":7}},"line":593},"20":{"name":"(anonymous_20)","decl":{"start":{"line":602,"column":13},"end":{"line":602,"column":14}},"loc":{"start":{"line":602,"column":24},"end":{"line":605,"column":7}},"line":602},"21":{"name":"(anonymous_21)","decl":{"start":{"line":662,"column":42},"end":{"line":662,"column":43}},"loc":{"start":{"line":662,"column":48},"end":{"line":668,"column":7}},"line":662},"22":{"name":"(anonymous_22)","decl":{"start":{"line":674,"column":42},"end":{"line":674,"column":43}},"loc":{"start":{"line":674,"column":48},"end":{"line":680,"column":7}},"line":674},"23":{"name":"(anonymous_23)","decl":{"start":{"line":686,"column":38},"end":{"line":686,"column":39}},"loc":{"start":{"line":686,"column":44},"end":{"line":688,"column":7}},"line":686},"24":{"name":"(anonymous_24)","decl":{"start":{"line":694,"column":39},"end":{"line":694,"column":40}},"loc":{"start":{"line":694,"column":45},"end":{"line":696,"column":7}},"line":694},"25":{"name":"(anonymous_25)","decl":{"start":{"line":710,"column":38},"end":{"line":710,"column":39}},"loc":{"start":{"line":710,"column":44},"end":{"line":715,"column":5}},"line":710},"26":{"name":"(anonymous_26)","decl":{"start":{"line":743,"column":41},"end":{"line":743,"column":42}},"loc":{"start":{"line":743,"column":50},"end":{"line":747,"column":5}},"line":743},"27":{"name":"(anonymous_27)","decl":{"start":{"line":859,"column":15},"end":{"line":859,"column":16}},"loc":{"start":{"line":859,"column":21},"end":{"line":861,"column":5}},"line":859}},"branchMap":{"0":{"loc":{"start":{"line":45,"column":4},"end":{"line":50,"column":5}},"type":"if","locations":[{"start":{"line":45,"column":4},"end":{"line":50,"column":5}},{"start":{"line":48,"column":11},"end":{"line":50,"column":5}}],"line":45},"1":{"loc":{"start":{"line":309,"column":28},"end":{"line":309,"column":72}},"type":"binary-expr","locations":[{"start":{"line":309,"column":28},"end":{"line":309,"column":56}},{"start":{"line":309,"column":60},"end":{"line":309,"column":72}}],"line":309},"2":{"loc":{"start":{"line":339,"column":4},"end":{"line":342,"column":5}},"type":"if","locations":[{"start":{"line":339,"column":4},"end":{"line":342,"column":5}},{"start":{},"end":{}}],"line":339},"3":{"loc":{"start":{"line":345,"column":4},"end":{"line":347,"column":5}},"type":"if","locations":[{"start":{"line":345,"column":4},"end":{"line":347,"column":5}},{"start":{},"end":{}}],"line":345},"4":{"loc":{"start":{"line":354,"column":4},"end":{"line":354,"column":38}},"type":"if","locations":[{"start":{"line":354,"column":4},"end":{"line":354,"column":38}},{"start":{},"end":{}}],"line":354},"5":{"loc":{"start":{"line":356,"column":4},"end":{"line":373,"column":5}},"type":"switch","locations":[{"start":{"line":357,"column":4},"end":{"line":360,"column":12}},{"start":{"line":361,"column":4},"end":{"line":364,"column":12}},{"start":{"line":365,"column":4},"end":{"line":368,"column":12}},{"start":{"line":369,"column":4},"end":{"line":372,"column":12}}],"line":356},"6":{"loc":{"start":{"line":390,"column":8},"end":{"line":392,"column":9}},"type":"if","locations":[{"start":{"line":390,"column":8},"end":{"line":392,"column":9}},{"start":{},"end":{}}],"line":390},"7":{"loc":{"start":{"line":390,"column":12},"end":{"line":390,"column":59}},"type":"binary-expr","locations":[{"start":{"line":390,"column":12},"end":{"line":390,"column":37}},{"start":{"line":390,"column":41},"end":{"line":390,"column":59}}],"line":390},"8":{"loc":{"start":{"line":405,"column":4},"end":{"line":405,"column":34}},"type":"if","locations":[{"start":{"line":405,"column":4},"end":{"line":405,"column":34}},{"start":{},"end":{}}],"line":405},"9":{"loc":{"start":{"line":414,"column":8},"end":{"line":418,"column":9}},"type":"if","locations":[{"start":{"line":414,"column":8},"end":{"line":418,"column":9}},{"start":{"line":416,"column":15},"end":{"line":418,"column":9}}],"line":414},"10":{"loc":{"start":{"line":416,"column":15},"end":{"line":418,"column":9}},"type":"if","locations":[{"start":{"line":416,"column":15},"end":{"line":418,"column":9}},{"start":{},"end":{}}],"line":416},"11":{"loc":{"start":{"line":453,"column":4},"end":{"line":453,"column":58}},"type":"if","locations":[{"start":{"line":453,"column":4},"end":{"line":453,"column":58}},{"start":{},"end":{}}],"line":453},"12":{"loc":{"start":{"line":453,"column":8},"end":{"line":453,"column":49}},"type":"binary-expr","locations":[{"start":{"line":453,"column":8},"end":{"line":453,"column":29}},{"start":{"line":453,"column":33},"end":{"line":453,"column":49}}],"line":453},"13":{"loc":{"start":{"line":472,"column":6},"end":{"line":474,"column":7}},"type":"if","locations":[{"start":{"line":472,"column":6},"end":{"line":474,"column":7}},{"start":{},"end":{}}],"line":472},"14":{"loc":{"start":{"line":489,"column":4},"end":{"line":489,"column":33}},"type":"if","locations":[{"start":{"line":489,"column":4},"end":{"line":489,"column":33}},{"start":{},"end":{}}],"line":489},"15":{"loc":{"start":{"line":496,"column":8},"end":{"line":498,"column":9}},"type":"if","locations":[{"start":{"line":496,"column":8},"end":{"line":498,"column":9}},{"start":{},"end":{}}],"line":496},"16":{"loc":{"start":{"line":506,"column":8},"end":{"line":511,"column":9}},"type":"if","locations":[{"start":{"line":506,"column":8},"end":{"line":511,"column":9}},{"start":{"line":509,"column":15},"end":{"line":511,"column":9}}],"line":506},"17":{"loc":{"start":{"line":529,"column":4},"end":{"line":529,"column":30}},"type":"if","locations":[{"start":{"line":529,"column":4},"end":{"line":529,"column":30}},{"start":{},"end":{}}],"line":529},"18":{"loc":{"start":{"line":532,"column":4},"end":{"line":538,"column":5}},"type":"if","locations":[{"start":{"line":532,"column":4},"end":{"line":538,"column":5}},{"start":{},"end":{}}],"line":532},"19":{"loc":{"start":{"line":532,"column":8},"end":{"line":532,"column":53}},"type":"binary-expr","locations":[{"start":{"line":532,"column":8},"end":{"line":532,"column":21}},{"start":{"line":532,"column":25},"end":{"line":532,"column":53}}],"line":532},"20":{"loc":{"start":{"line":534,"column":6},"end":{"line":537,"column":7}},"type":"if","locations":[{"start":{"line":534,"column":6},"end":{"line":537,"column":7}},{"start":{},"end":{}}],"line":534},"21":{"loc":{"start":{"line":534,"column":10},"end":{"line":534,"column":42}},"type":"binary-expr","locations":[{"start":{"line":534,"column":10},"end":{"line":534,"column":20}},{"start":{"line":534,"column":24},"end":{"line":534,"column":42}}],"line":534},"22":{"loc":{"start":{"line":536,"column":8},"end":{"line":536,"column":44}},"type":"if","locations":[{"start":{"line":536,"column":8},"end":{"line":536,"column":44}},{"start":{},"end":{}}],"line":536},"23":{"loc":{"start":{"line":541,"column":4},"end":{"line":544,"column":5}},"type":"if","locations":[{"start":{"line":541,"column":4},"end":{"line":544,"column":5}},{"start":{},"end":{}}],"line":541},"24":{"loc":{"start":{"line":542,"column":56},"end":{"line":542,"column":97}},"type":"binary-expr","locations":[{"start":{"line":542,"column":56},"end":{"line":542,"column":76}},{"start":{"line":542,"column":80},"end":{"line":542,"column":97}}],"line":542},"25":{"loc":{"start":{"line":543,"column":6},"end":{"line":543,"column":66}},"type":"if","locations":[{"start":{"line":543,"column":6},"end":{"line":543,"column":66}},{"start":{},"end":{}}],"line":543},"26":{"loc":{"start":{"line":543,"column":10},"end":{"line":543,"column":40}},"type":"binary-expr","locations":[{"start":{"line":543,"column":10},"end":{"line":543,"column":20}},{"start":{"line":543,"column":24},"end":{"line":543,"column":40}}],"line":543},"27":{"loc":{"start":{"line":556,"column":4},"end":{"line":556,"column":30}},"type":"if","locations":[{"start":{"line":556,"column":4},"end":{"line":556,"column":30}},{"start":{},"end":{}}],"line":556},"28":{"loc":{"start":{"line":559,"column":4},"end":{"line":565,"column":5}},"type":"if","locations":[{"start":{"line":559,"column":4},"end":{"line":565,"column":5}},{"start":{},"end":{}}],"line":559},"29":{"loc":{"start":{"line":559,"column":8},"end":{"line":559,"column":53}},"type":"binary-expr","locations":[{"start":{"line":559,"column":8},"end":{"line":559,"column":21}},{"start":{"line":559,"column":25},"end":{"line":559,"column":53}}],"line":559},"30":{"loc":{"start":{"line":561,"column":6},"end":{"line":564,"column":7}},"type":"if","locations":[{"start":{"line":561,"column":6},"end":{"line":564,"column":7}},{"start":{},"end":{}}],"line":561},"31":{"loc":{"start":{"line":561,"column":10},"end":{"line":561,"column":42}},"type":"binary-expr","locations":[{"start":{"line":561,"column":10},"end":{"line":561,"column":20}},{"start":{"line":561,"column":24},"end":{"line":561,"column":42}}],"line":561},"32":{"loc":{"start":{"line":563,"column":8},"end":{"line":563,"column":46}},"type":"if","locations":[{"start":{"line":563,"column":8},"end":{"line":563,"column":46}},{"start":{},"end":{}}],"line":563},"33":{"loc":{"start":{"line":568,"column":4},"end":{"line":571,"column":5}},"type":"if","locations":[{"start":{"line":568,"column":4},"end":{"line":571,"column":5}},{"start":{},"end":{}}],"line":568},"34":{"loc":{"start":{"line":569,"column":53},"end":{"line":569,"column":91}},"type":"binary-expr","locations":[{"start":{"line":569,"column":53},"end":{"line":569,"column":73}},{"start":{"line":569,"column":77},"end":{"line":569,"column":91}}],"line":569},"35":{"loc":{"start":{"line":570,"column":6},"end":{"line":570,"column":57}},"type":"if","locations":[{"start":{"line":570,"column":6},"end":{"line":570,"column":57}},{"start":{},"end":{}}],"line":570},"36":{"loc":{"start":{"line":570,"column":10},"end":{"line":570,"column":34}},"type":"binary-expr","locations":[{"start":{"line":570,"column":10},"end":{"line":570,"column":17}},{"start":{"line":570,"column":21},"end":{"line":570,"column":34}}],"line":570},"37":{"loc":{"start":{"line":581,"column":4},"end":{"line":581,"column":51}},"type":"if","locations":[{"start":{"line":581,"column":4},"end":{"line":581,"column":51}},{"start":{},"end":{}}],"line":581},"38":{"loc":{"start":{"line":581,"column":8},"end":{"line":581,"column":42}},"type":"binary-expr","locations":[{"start":{"line":581,"column":8},"end":{"line":581,"column":23}},{"start":{"line":581,"column":27},"end":{"line":581,"column":42}}],"line":581},"39":{"loc":{"start":{"line":631,"column":4},"end":{"line":631,"column":32}},"type":"if","locations":[{"start":{"line":631,"column":4},"end":{"line":631,"column":32}},{"start":{},"end":{}}],"line":631},"40":{"loc":{"start":{"line":636,"column":4},"end":{"line":649,"column":5}},"type":"switch","locations":[{"start":{"line":637,"column":4},"end":{"line":639,"column":12}},{"start":{"line":640,"column":4},"end":{"line":642,"column":12}},{"start":{"line":643,"column":4},"end":{"line":645,"column":12}},{"start":{"line":646,"column":4},"end":{"line":648,"column":12}}],"line":636},"41":{"loc":{"start":{"line":661,"column":4},"end":{"line":669,"column":5}},"type":"if","locations":[{"start":{"line":661,"column":4},"end":{"line":669,"column":5}},{"start":{},"end":{}}],"line":661},"42":{"loc":{"start":{"line":663,"column":8},"end":{"line":663,"column":36}},"type":"if","locations":[{"start":{"line":663,"column":8},"end":{"line":663,"column":36}},{"start":{},"end":{}}],"line":663},"43":{"loc":{"start":{"line":666,"column":29},"end":{"line":666,"column":70}},"type":"binary-expr","locations":[{"start":{"line":666,"column":29},"end":{"line":666,"column":62}},{"start":{"line":666,"column":66},"end":{"line":666,"column":70}}],"line":666},"44":{"loc":{"start":{"line":673,"column":4},"end":{"line":681,"column":5}},"type":"if","locations":[{"start":{"line":673,"column":4},"end":{"line":681,"column":5}},{"start":{},"end":{}}],"line":673},"45":{"loc":{"start":{"line":675,"column":8},"end":{"line":675,"column":36}},"type":"if","locations":[{"start":{"line":675,"column":8},"end":{"line":675,"column":36}},{"start":{},"end":{}}],"line":675},"46":{"loc":{"start":{"line":678,"column":29},"end":{"line":678,"column":73}},"type":"binary-expr","locations":[{"start":{"line":678,"column":29},"end":{"line":678,"column":65}},{"start":{"line":678,"column":69},"end":{"line":678,"column":73}}],"line":678},"47":{"loc":{"start":{"line":685,"column":4},"end":{"line":689,"column":5}},"type":"if","locations":[{"start":{"line":685,"column":4},"end":{"line":689,"column":5}},{"start":{},"end":{}}],"line":685},"48":{"loc":{"start":{"line":693,"column":4},"end":{"line":697,"column":5}},"type":"if","locations":[{"start":{"line":693,"column":4},"end":{"line":697,"column":5}},{"start":{},"end":{}}],"line":693},"49":{"loc":{"start":{"line":706,"column":4},"end":{"line":708,"column":5}},"type":"if","locations":[{"start":{"line":706,"column":4},"end":{"line":708,"column":5}},{"start":{},"end":{}}],"line":706},"50":{"loc":{"start":{"line":711,"column":6},"end":{"line":714,"column":7}},"type":"if","locations":[{"start":{"line":711,"column":6},"end":{"line":714,"column":7}},{"start":{},"end":{}}],"line":711},"51":{"loc":{"start":{"line":723,"column":4},"end":{"line":723,"column":49}},"type":"if","locations":[{"start":{"line":723,"column":4},"end":{"line":723,"column":49}},{"start":{},"end":{}}],"line":723},"52":{"loc":{"start":{"line":744,"column":6},"end":{"line":746,"column":7}},"type":"if","locations":[{"start":{"line":744,"column":6},"end":{"line":746,"column":7}},{"start":{},"end":{}}],"line":744},"53":{"loc":{"start":{"line":744,"column":10},"end":{"line":744,"column":54}},"type":"binary-expr","locations":[{"start":{"line":744,"column":10},"end":{"line":744,"column":13}},{"start":{"line":744,"column":17},"end":{"line":744,"column":54}}],"line":744},"54":{"loc":{"start":{"line":758,"column":4},"end":{"line":758,"column":39}},"type":"if","locations":[{"start":{"line":758,"column":4},"end":{"line":758,"column":39}},{"start":{},"end":{}}],"line":758},"55":{"loc":{"start":{"line":758,"column":8},"end":{"line":758,"column":30}},"type":"binary-expr","locations":[{"start":{"line":758,"column":8},"end":{"line":758,"column":13}},{"start":{"line":758,"column":17},"end":{"line":758,"column":30}}],"line":758},"56":{"loc":{"start":{"line":771,"column":4},"end":{"line":771,"column":58}},"type":"if","locations":[{"start":{"line":771,"column":4},"end":{"line":771,"column":58}},{"start":{},"end":{}}],"line":771},"57":{"loc":{"start":{"line":771,"column":8},"end":{"line":771,"column":49}},"type":"binary-expr","locations":[{"start":{"line":771,"column":8},"end":{"line":771,"column":13}},{"start":{"line":771,"column":17},"end":{"line":771,"column":27}},{"start":{"line":771,"column":31},"end":{"line":771,"column":49}}],"line":771},"58":{"loc":{"start":{"line":774,"column":4},"end":{"line":787,"column":5}},"type":"if","locations":[{"start":{"line":774,"column":4},"end":{"line":787,"column":5}},{"start":{},"end":{}}],"line":774},"59":{"loc":{"start":{"line":796,"column":4},"end":{"line":796,"column":59}},"type":"if","locations":[{"start":{"line":796,"column":4},"end":{"line":796,"column":59}},{"start":{},"end":{}}],"line":796},"60":{"loc":{"start":{"line":796,"column":8},"end":{"line":796,"column":50}},"type":"binary-expr","locations":[{"start":{"line":796,"column":8},"end":{"line":796,"column":13}},{"start":{"line":796,"column":17},"end":{"line":796,"column":30}},{"start":{"line":796,"column":34},"end":{"line":796,"column":50}}],"line":796},"61":{"loc":{"start":{"line":799,"column":4},"end":{"line":812,"column":5}},"type":"if","locations":[{"start":{"line":799,"column":4},"end":{"line":812,"column":5}},{"start":{},"end":{}}],"line":799},"62":{"loc":{"start":{"line":805,"column":6},"end":{"line":808,"column":7}},"type":"if","locations":[{"start":{"line":805,"column":6},"end":{"line":808,"column":7}},{"start":{},"end":{}}],"line":805},"63":{"loc":{"start":{"line":805,"column":10},"end":{"line":805,"column":49}},"type":"binary-expr","locations":[{"start":{"line":805,"column":10},"end":{"line":805,"column":18}},{"start":{"line":805,"column":22},"end":{"line":805,"column":49}}],"line":805},"64":{"loc":{"start":{"line":821,"column":4},"end":{"line":821,"column":65}},"type":"if","locations":[{"start":{"line":821,"column":4},"end":{"line":821,"column":65}},{"start":{},"end":{}}],"line":821},"65":{"loc":{"start":{"line":821,"column":8},"end":{"line":821,"column":56}},"type":"binary-expr","locations":[{"start":{"line":821,"column":8},"end":{"line":821,"column":40}},{"start":{"line":821,"column":44},"end":{"line":821,"column":56}}],"line":821},"66":{"loc":{"start":{"line":835,"column":4},"end":{"line":835,"column":49}},"type":"if","locations":[{"start":{"line":835,"column":4},"end":{"line":835,"column":49}},{"start":{},"end":{}}],"line":835},"67":{"loc":{"start":{"line":870,"column":4},"end":{"line":870,"column":23}},"type":"if","locations":[{"start":{"line":870,"column":4},"end":{"line":870,"column":23}},{"start":{},"end":{}}],"line":870},"68":{"loc":{"start":{"line":881,"column":4},"end":{"line":883,"column":5}},"type":"if","locations":[{"start":{"line":881,"column":4},"end":{"line":883,"column":5}},{"start":{},"end":{}}],"line":881},"69":{"loc":{"start":{"line":895,"column":4},"end":{"line":897,"column":5}},"type":"if","locations":[{"start":{"line":895,"column":4},"end":{"line":897,"column":5}},{"start":{},"end":{}}],"line":895},"70":{"loc":{"start":{"line":907,"column":4},"end":{"line":910,"column":5}},"type":"if","locations":[{"start":{"line":907,"column":4},"end":{"line":910,"column":5}},{"start":{},"end":{}}],"line":907},"71":{"loc":{"start":{"line":922,"column":4},"end":{"line":924,"column":5}},"type":"if","locations":[{"start":{"line":922,"column":4},"end":{"line":924,"column":5}},{"start":{},"end":{}}],"line":922},"72":{"loc":{"start":{"line":932,"column":4},"end":{"line":932,"column":35}},"type":"if","locations":[{"start":{"line":932,"column":4},"end":{"line":932,"column":35}},{"start":{},"end":{}}],"line":932},"73":{"loc":{"start":{"line":937,"column":4},"end":{"line":966,"column":5}},"type":"if","locations":[{"start":{"line":937,"column":4},"end":{"line":966,"column":5}},{"start":{"line":958,"column":11},"end":{"line":966,"column":5}}],"line":937},"74":{"loc":{"start":{"line":942,"column":6},"end":{"line":951,"column":7}},"type":"if","locations":[{"start":{"line":942,"column":6},"end":{"line":951,"column":7}},{"start":{},"end":{}}],"line":942},"75":{"loc":{"start":{"line":947,"column":8},"end":{"line":950,"column":9}},"type":"if","locations":[{"start":{"line":947,"column":8},"end":{"line":950,"column":9}},{"start":{},"end":{}}],"line":947},"76":{"loc":{"start":{"line":955,"column":6},"end":{"line":957,"column":7}},"type":"if","locations":[{"start":{"line":955,"column":6},"end":{"line":957,"column":7}},{"start":{},"end":{}}],"line":955},"77":{"loc":{"start":{"line":963,"column":6},"end":{"line":965,"column":7}},"type":"if","locations":[{"start":{"line":963,"column":6},"end":{"line":965,"column":7}},{"start":{},"end":{}}],"line":963},"78":{"loc":{"start":{"line":974,"column":4},"end":{"line":974,"column":35}},"type":"if","locations":[{"start":{"line":974,"column":4},"end":{"line":974,"column":35}},{"start":{},"end":{}}],"line":974},"79":{"loc":{"start":{"line":987,"column":4},"end":{"line":997,"column":5}},"type":"if","locations":[{"start":{"line":987,"column":4},"end":{"line":997,"column":5}},{"start":{"line":992,"column":11},"end":{"line":997,"column":5}}],"line":987},"80":{"loc":{"start":{"line":989,"column":6},"end":{"line":991,"column":7}},"type":"if","locations":[{"start":{"line":989,"column":6},"end":{"line":991,"column":7}},{"start":{},"end":{}}],"line":989},"81":{"loc":{"start":{"line":994,"column":6},"end":{"line":996,"column":7}},"type":"if","locations":[{"start":{"line":994,"column":6},"end":{"line":996,"column":7}},{"start":{},"end":{}}],"line":994},"82":{"loc":{"start":{"line":1005,"column":4},"end":{"line":1005,"column":57}},"type":"if","locations":[{"start":{"line":1005,"column":4},"end":{"line":1005,"column":57}},{"start":{},"end":{}}],"line":1005},"83":{"loc":{"start":{"line":1005,"column":8},"end":{"line":1005,"column":48}},"type":"binary-expr","locations":[{"start":{"line":1005,"column":8},"end":{"line":1005,"column":26}},{"start":{"line":1005,"column":30},"end":{"line":1005,"column":48}}],"line":1005},"84":{"loc":{"start":{"line":1008,"column":4},"end":{"line":1008,"column":28}},"type":"if","locations":[{"start":{"line":1008,"column":4},"end":{"line":1008,"column":28}},{"start":{},"end":{}}],"line":1008},"85":{"loc":{"start":{"line":1011,"column":4},"end":{"line":1013,"column":5}},"type":"if","locations":[{"start":{"line":1011,"column":4},"end":{"line":1013,"column":5}},{"start":{},"end":{}}],"line":1011},"86":{"loc":{"start":{"line":1021,"column":4},"end":{"line":1029,"column":5}},"type":"if","locations":[{"start":{"line":1021,"column":4},"end":{"line":1029,"column":5}},{"start":{},"end":{}}],"line":1021},"87":{"loc":{"start":{"line":1026,"column":6},"end":{"line":1028,"column":7}},"type":"if","locations":[{"start":{"line":1026,"column":6},"end":{"line":1028,"column":7}},{"start":{},"end":{}}],"line":1026},"88":{"loc":{"start":{"line":1026,"column":10},"end":{"line":1026,"column":51}},"type":"binary-expr","locations":[{"start":{"line":1026,"column":10},"end":{"line":1026,"column":25}},{"start":{"line":1026,"column":29},"end":{"line":1026,"column":51}}],"line":1026}},"s":{"0":0,"1":0,"2":0,"3":0,"4":0,"5":0,"6":0,"7":0,"8":0,"9":0,"10":0,"11":0,"12":0,"13":0,"14":0,"15":0,"16":0,"17":0,"18":0,"19":0,"20":0,"21":0,"22":0,"23":0,"24":0,"25":0,"26":0,"27":0,"28":0,"29":0,"30":0,"31":0,"32":0,"33":0,"34":0,"35":0,"36":0,"37":0,"38":0,"39":0,"40":0,"41":0,"42":0,"43":0,"44":0,"45":0,"46":0,"47":0,"48":0,"49":0,"50":0,"51":0,"52":0,"53":0,"54":2,"55":0,"56":0,"57":0,"58":0,"59":0,"60":0,"61":0,"62":0,"63":0,"64":0,"65":0,"66":0,"67":0,"68":0,"69":0,"70":0,"71":0,"72":0,"73":0,"74":0,"75":0,"76":0,"77":0,"78":0,"79":0,"80":0,"81":0,"82":0,"83":0,"84":0,"85":0,"86":0,"87":0,"88":0,"89":0,"90":0,"91":0,"92":0,"93":0,"94":0,"95":0,"96":0,"97":0,"98":0,"99":0,"100":0,"101":0,"102":0,"103":0,"104":0,"105":0,"106":0,"107":0,"108":0,"109":0,"110":0,"111":0,"112":0,"113":0,"114":0,"115":0,"116":0,"117":0,"118":0,"119":0,"120":0,"121":0,"122":0,"123":0,"124":0,"125":0,"126":0,"127":0,"128":0,"129":0,"130":0,"131":0,"132":0,"133":0,"134":0,"135":0,"136":0,"137":0,"138":0,"139":0,"140":0,"141":0,"142":0,"143":0,"144":0,"145":0,"146":0,"147":0,"148":0,"149":0,"150":0,"151":0,"152":0,"153":0,"154":0,"155":0,"156":0,"157":0,"158":0,"159":0,"160":0,"161":0,"162":0,"163":0,"164":0,"165":0,"166":0,"167":0,"168":0,"169":0,"170":0,"171":0,"172":0,"173":0,"174":0,"175":0,"176":0,"177":0,"178":0,"179":0,"180":0,"181":0,"182":0,"183":0,"184":0,"185":0,"186":0,"187":0,"188":0,"189":0,"190":0,"191":0,"192":0,"193":0,"194":0,"195":0,"196":0,"197":0,"198":0,"199":0,"200":0,"201":0,"202":0,"203":0,"204":0,"205":0,"206":0,"207":0,"208":0,"209":0,"210":0,"211":0,"212":0,"213":0,"214":0,"215":0,"216":0,"217":0,"218":0,"219":0,"220":0,"221":0,"222":0,"223":0,"224":0,"225":0,"226":0,"227":0,"228":0,"229":0,"230":0,"231":0,"232":0,"233":0,"234":0,"235":0,"236":0,"237":0,"238":0,"239":0,"240":0,"241":0,"242":0,"243":0,"244":0,"245":0,"246":0,"247":0,"248":0,"249":0,"250":0,"251":0,"252":0,"253":0,"254":0,"255":0,"256":0,"257":0,"258":0,"259":0,"260":0,"261":0,"262":0,"263":0,"264":0,"265":0,"266":0,"267":0,"268":0,"269":0,"270":0,"271":0,"272":0,"273":0,"274":0,"275":0,"276":0,"277":0,"278":0,"279":0,"280":0,"281":0,"282":0,"283":0,"284":0,"285":2},"f":{"0":0,"1":0,"2":0,"3":0,"4":2,"5":0,"6":0,"7":0,"8":0,"9":0,"10":0,"11":0,"12":0,"13":0,"14":0,"15":0,"16":0,"17":0,"18":0,"19":0,"20":0,"21":0,"22":0,"23":0,"24":0,"25":0,"26":0,"27":0},"b":{"0":[0,0],"1":[0,0],"2":[0,0],"3":[0,0],"4":[0,0],"5":[0,0,0,0],"6":[0,0],"7":[0,0],"8":[0,0],"9":[0,0],"10":[0,0],"11":[0,0],"12":[0,0],"13":[0,0],"14":[0,0],"15":[0,0],"16":[0,0],"17":[0,0],"18":[0,0],"19":[0,0],"20":[0,0],"21":[0,0],"22":[0,0],"23":[0,0],"24":[0,0],"25":[0,0],"26":[0,0],"27":[0,0],"28":[0,0],"29":[0,0],"30":[0,0],"31":[0,0],"32":[0,0],"33":[0,0],"34":[0,0],"35":[0,0],"36":[0,0],"37":[0,0],"38":[0,0],"39":[0,0],"40":[0,0,0,0],"41":[0,0],"42":[0,0],"43":[0,0],"44":[0,0],"45":[0,0],"46":[0,0],"47":[0,0],"48":[0,0],"49":[0,0],"50":[0,0],"51":[0,0],"52":[0,0],"53":[0,0],"54":[0,0],"55":[0,0],"56":[0,0],"57":[0,0,0],"58":[0,0],"59":[0,0],"60":[0,0,0],"61":[0,0],"62":[0,0],"63":[0,0],"64":[0,0],"65":[0,0],"66":[0,0],"67":[0,0],"68":[0,0],"69":[0,0],"70":[0,0],"71":[0,0],"72":[0,0],"73":[0,0],"74":[0,0],"75":[0,0],"76":[0,0],"77":[0,0],"78":[0,0],"79":[0,0],"80":[0,0],"81":[0,0],"82":[0,0],"83":[0,0],"84":[0,0],"85":[0,0],"86":[0,0],"87":[0,0],"88":[0,0]},"_coverageSchema":"1a1c01bbd47fc00a2c39e90264f33305004495a9","hash":"663c6f5ff8b97222f193c5f6b7b3e8d00dd08141"}
,"C:\\Users\\user\\Documents\\Projects\\CyberCore\\assets\\hologram-renderer.js": {"path":"C:\\Users\\user\\Documents\\Projects\\CyberCore\\assets\\hologram-renderer.js","statementMap":{"0":{"start":{"line":42,"column":4},"end":{"line":44,"column":5}},"1":{"start":{"line":43,"column":6},"end":{"line":43,"column":18}},"2":{"start":{"line":46,"column":4},"end":{"line":55,"column":6}},"3":{"start":{"line":57,"column":4},"end":{"line":57,"column":39}},"4":{"start":{"line":58,"column":4},"end":{"line":58,"column":23}},"5":{"start":{"line":59,"column":4},"end":{"line":59,"column":22}},"6":{"start":{"line":60,"column":4},"end":{"line":60,"column":23}},"7":{"start":{"line":61,"column":4},"end":{"line":61,"column":25}},"8":{"start":{"line":62,"column":4},"end":{"line":62,"column":22}},"9":{"start":{"line":63,"column":4},"end":{"line":63,"column":22}},"10":{"start":{"line":64,"column":4},"end":{"line":64,"column":33}},"11":{"start":{"line":65,"column":4},"end":{"line":65,"column":31}},"12":{"start":{"line":66,"column":4},"end":{"line":66,"column":28}},"13":{"start":{"line":67,"column":4},"end":{"line":67,"column":23}},"14":{"start":{"line":70,"column":4},"end":{"line":70,"column":22}},"15":{"start":{"line":73,"column":4},"end":{"line":73,"column":30}},"16":{"start":{"line":75,"column":4},"end":{"line":75,"column":28}},"17":{"start":{"line":77,"column":4},"end":{"line":79,"column":5}},"18":{"start":{"line":78,"column":6},"end":{"line":78,"column":80}},"19":{"start":{"line":81,"column":4},"end":{"line":81,"column":16}},"20":{"start":{"line":90,"column":4},"end":{"line":92,"column":5}},"21":{"start":{"line":91,"column":6},"end":{"line":91,"column":85}},"22":{"start":{"line":94,"column":4},"end":{"line":144,"column":7}},"23":{"start":{"line":95,"column":6},"end":{"line":143,"column":7}},"24":{"start":{"line":97,"column":8},"end":{"line":100,"column":9}},"25":{"start":{"line":98,"column":10},"end":{"line":98,"column":40}},"26":{"start":{"line":99,"column":10},"end":{"line":99,"column":28}},"27":{"start":{"line":103,"column":10},"end":{"line":103,"column":95}},"28":{"start":{"line":106,"column":23},"end":{"line":106,"column":59}},"29":{"start":{"line":108,"column":8},"end":{"line":139,"column":10}},"30":{"start":{"line":114,"column":12},"end":{"line":114,"column":56}},"31":{"start":{"line":115,"column":12},"end":{"line":115,"column":37}},"32":{"start":{"line":116,"column":12},"end":{"line":116,"column":35}},"33":{"start":{"line":118,"column":12},"end":{"line":120,"column":13}},"34":{"start":{"line":119,"column":14},"end":{"line":119,"column":80}},"35":{"start":{"line":122,"column":12},"end":{"line":122,"column":33}},"36":{"start":{"line":127,"column":12},"end":{"line":131,"column":13}},"37":{"start":{"line":128,"column":14},"end":{"line":130,"column":16}},"38":{"start":{"line":136,"column":12},"end":{"line":136,"column":76}},"39":{"start":{"line":137,"column":12},"end":{"line":137,"column":26}},"40":{"start":{"line":141,"column":8},"end":{"line":141,"column":73}},"41":{"start":{"line":142,"column":8},"end":{"line":142,"column":22}},"42":{"start":{"line":152,"column":4},"end":{"line":152,"column":54}},"43":{"start":{"line":152,"column":42},"end":{"line":152,"column":54}},"44":{"start":{"line":154,"column":20},"end":{"line":159,"column":5}},"45":{"start":{"line":162,"column":4},"end":{"line":165,"column":7}},"46":{"start":{"line":167,"column":4},"end":{"line":167,"column":16}},"47":{"start":{"line":176,"column":4},"end":{"line":176,"column":54}},"48":{"start":{"line":176,"column":42},"end":{"line":176,"column":54}},"49":{"start":{"line":179,"column":4},"end":{"line":187,"column":5}},"50":{"start":{"line":181,"column":6},"end":{"line":181,"column":41}},"51":{"start":{"line":184,"column":6},"end":{"line":186,"column":19}},"52":{"start":{"line":185,"column":8},"end":{"line":185,"column":35}},"53":{"start":{"line":189,"column":4},"end":{"line":189,"column":16}},"54":{"start":{"line":197,"column":4},"end":{"line":197,"column":39}},"55":{"start":{"line":197,"column":27},"end":{"line":197,"column":39}},"56":{"start":{"line":199,"column":4},"end":{"line":199,"column":37}},"57":{"start":{"line":202,"column":4},"end":{"line":210,"column":5}},"58":{"start":{"line":203,"column":6},"end":{"line":209,"column":9}},"59":{"start":{"line":212,"column":4},"end":{"line":212,"column":16}},"60":{"start":{"line":221,"column":4},"end":{"line":221,"column":39}},"61":{"start":{"line":221,"column":27},"end":{"line":221,"column":39}},"62":{"start":{"line":223,"column":4},"end":{"line":223,"column":31}},"63":{"start":{"line":224,"column":4},"end":{"line":224,"column":33}},"64":{"start":{"line":226,"column":4},"end":{"line":230,"column":5}},"65":{"start":{"line":227,"column":6},"end":{"line":227,"column":43}},"66":{"start":{"line":228,"column":6},"end":{"line":228,"column":42}},"67":{"start":{"line":229,"column":6},"end":{"line":229,"column":43}},"68":{"start":{"line":232,"column":4},"end":{"line":232,"column":16}},"69":{"start":{"line":239,"column":4},"end":{"line":239,"column":34}},"70":{"start":{"line":239,"column":27},"end":{"line":239,"column":34}},"71":{"start":{"line":242,"column":4},"end":{"line":245,"column":5}},"72":{"start":{"line":243,"column":6},"end":{"line":243,"column":50}},"73":{"start":{"line":244,"column":6},"end":{"line":244,"column":35}},"74":{"start":{"line":248,"column":4},"end":{"line":251,"column":5}},"75":{"start":{"line":249,"column":6},"end":{"line":249,"column":30}},"76":{"start":{"line":250,"column":6},"end":{"line":250,"column":27}},"77":{"start":{"line":254,"column":4},"end":{"line":257,"column":5}},"78":{"start":{"line":255,"column":6},"end":{"line":255,"column":30}},"79":{"start":{"line":256,"column":6},"end":{"line":256,"column":25}},"80":{"start":{"line":260,"column":4},"end":{"line":263,"column":5}},"81":{"start":{"line":261,"column":6},"end":{"line":261,"column":37}},"82":{"start":{"line":262,"column":6},"end":{"line":262,"column":24}},"83":{"start":{"line":265,"column":4},"end":{"line":265,"column":22}},"84":{"start":{"line":266,"column":4},"end":{"line":266,"column":23}},"85":{"start":{"line":267,"column":4},"end":{"line":267,"column":22}},"86":{"start":{"line":268,"column":4},"end":{"line":268,"column":23}},"87":{"start":{"line":269,"column":4},"end":{"line":269,"column":29}},"88":{"start":{"line":271,"column":4},"end":{"line":273,"column":5}},"89":{"start":{"line":272,"column":6},"end":{"line":272,"column":49}},"90":{"start":{"line":282,"column":4},"end":{"line":285,"column":5}},"91":{"start":{"line":283,"column":6},"end":{"line":283,"column":65}},"92":{"start":{"line":284,"column":6},"end":{"line":284,"column":13}},"93":{"start":{"line":287,"column":18},"end":{"line":287,"column":30}},"94":{"start":{"line":290,"column":4},"end":{"line":293,"column":7}},"95":{"start":{"line":294,"column":4},"end":{"line":294,"column":67}},"96":{"start":{"line":295,"column":4},"end":{"line":295,"column":57}},"97":{"start":{"line":296,"column":4},"end":{"line":296,"column":54}},"98":{"start":{"line":297,"column":4},"end":{"line":297,"column":60}},"99":{"start":{"line":298,"column":4},"end":{"line":298,"column":44}},"100":{"start":{"line":301,"column":4},"end":{"line":301,"column":35}},"101":{"start":{"line":304,"column":4},"end":{"line":309,"column":6}},"102":{"start":{"line":310,"column":4},"end":{"line":310,"column":38}},"103":{"start":{"line":311,"column":4},"end":{"line":311,"column":32}},"104":{"start":{"line":314,"column":25},"end":{"line":314,"column":62}},"105":{"start":{"line":315,"column":4},"end":{"line":315,"column":33}},"106":{"start":{"line":317,"column":29},"end":{"line":317,"column":70}},"107":{"start":{"line":318,"column":4},"end":{"line":318,"column":43}},"108":{"start":{"line":319,"column":4},"end":{"line":319,"column":37}},"109":{"start":{"line":322,"column":4},"end":{"line":324,"column":5}},"110":{"start":{"line":323,"column":6},"end":{"line":323,"column":59}},"111":{"start":{"line":327,"column":4},"end":{"line":327,"column":35}},"112":{"start":{"line":330,"column":4},"end":{"line":330,"column":32}},"113":{"start":{"line":338,"column":4},"end":{"line":367,"column":5}},"114":{"start":{"line":339,"column":6},"end":{"line":339,"column":60}},"115":{"start":{"line":341,"column":6},"end":{"line":361,"column":9}},"116":{"start":{"line":342,"column":40},"end":{"line":342,"column":50}},"117":{"start":{"line":344,"column":8},"end":{"line":360,"column":9}},"118":{"start":{"line":346,"column":10},"end":{"line":346,"column":43}},"119":{"start":{"line":347,"column":10},"end":{"line":347,"column":16}},"120":{"start":{"line":350,"column":10},"end":{"line":350,"column":44}},"121":{"start":{"line":351,"column":10},"end":{"line":351,"column":16}},"122":{"start":{"line":354,"column":10},"end":{"line":354,"column":45}},"123":{"start":{"line":355,"column":10},"end":{"line":355,"column":16}},"124":{"start":{"line":358,"column":10},"end":{"line":358,"column":67}},"125":{"start":{"line":359,"column":10},"end":{"line":359,"column":16}},"126":{"start":{"line":363,"column":6},"end":{"line":363,"column":78}},"127":{"start":{"line":366,"column":6},"end":{"line":366,"column":25}},"128":{"start":{"line":375,"column":4},"end":{"line":375,"column":45}},"129":{"start":{"line":375,"column":38},"end":{"line":375,"column":45}},"130":{"start":{"line":377,"column":18},"end":{"line":377,"column":30}},"131":{"start":{"line":380,"column":26},"end":{"line":380,"column":30}},"132":{"start":{"line":381,"column":29},"end":{"line":381,"column":55}},"133":{"start":{"line":384,"column":22},"end":{"line":384,"column":57}},"134":{"start":{"line":387,"column":4},"end":{"line":398,"column":5}},"135":{"start":{"line":387,"column":17},"end":{"line":387,"column":18}},"136":{"start":{"line":388,"column":17},"end":{"line":388,"column":22}},"137":{"start":{"line":391,"column":21},"end":{"line":391,"column":42}},"138":{"start":{"line":392,"column":20},"end":{"line":392,"column":47}},"139":{"start":{"line":393,"column":18},"end":{"line":393,"column":50}},"140":{"start":{"line":395,"column":6},"end":{"line":395,"column":63}},"141":{"start":{"line":396,"column":6},"end":{"line":396,"column":67}},"142":{"start":{"line":397,"column":6},"end":{"line":397,"column":49}},"143":{"start":{"line":400,"column":4},"end":{"line":400,"column":87}},"144":{"start":{"line":403,"column":19},"end":{"line":403,"column":54}},"145":{"start":{"line":404,"column":22},"end":{"line":404,"column":65}},"146":{"start":{"line":405,"column":18},"end":{"line":405,"column":44}},"147":{"start":{"line":407,"column":4},"end":{"line":424,"column":5}},"148":{"start":{"line":407,"column":17},"end":{"line":407,"column":18}},"149":{"start":{"line":408,"column":17},"end":{"line":408,"column":22}},"150":{"start":{"line":411,"column":18},"end":{"line":411,"column":38}},"151":{"start":{"line":412,"column":6},"end":{"line":412,"column":24}},"152":{"start":{"line":415,"column":23},"end":{"line":419,"column":7}},"153":{"start":{"line":421,"column":6},"end":{"line":421,"column":30}},"154":{"start":{"line":422,"column":6},"end":{"line":422,"column":34}},"155":{"start":{"line":423,"column":6},"end":{"line":423,"column":34}},"156":{"start":{"line":426,"column":4},"end":{"line":426,"column":81}},"157":{"start":{"line":429,"column":18},"end":{"line":429,"column":49}},"158":{"start":{"line":431,"column":4},"end":{"line":433,"column":5}},"159":{"start":{"line":431,"column":17},"end":{"line":431,"column":18}},"160":{"start":{"line":432,"column":6},"end":{"line":432,"column":44}},"161":{"start":{"line":435,"column":4},"end":{"line":435,"column":79}},"162":{"start":{"line":438,"column":29},"end":{"line":487,"column":6}},"163":{"start":{"line":490,"column":27},"end":{"line":490,"column":79}},"164":{"start":{"line":491,"column":4},"end":{"line":491,"column":54}},"165":{"start":{"line":494,"column":4},"end":{"line":494,"column":35}},"166":{"start":{"line":497,"column":4},"end":{"line":497,"column":43}},"167":{"start":{"line":506,"column":4},"end":{"line":508,"column":5}},"168":{"start":{"line":511,"column":4},"end":{"line":513,"column":5}},"169":{"start":{"line":516,"column":4},"end":{"line":516,"column":29}},"170":{"start":{"line":519,"column":4},"end":{"line":519,"column":26}},"171":{"start":{"line":522,"column":4},"end":{"line":522,"column":59}},"172":{"start":{"line":530,"column":20},"end":{"line":545,"column":5}},"173":{"start":{"line":531,"column":6},"end":{"line":531,"column":61}},"174":{"start":{"line":533,"column":20},"end":{"line":533,"column":41}},"175":{"start":{"line":536,"column":6},"end":{"line":538,"column":7}},"176":{"start":{"line":537,"column":8},"end":{"line":537,"column":45}},"177":{"start":{"line":541,"column":6},"end":{"line":541,"column":35}},"178":{"start":{"line":544,"column":6},"end":{"line":544,"column":52}},"179":{"start":{"line":547,"column":4},"end":{"line":547,"column":14}},"180":{"start":{"line":556,"column":4},"end":{"line":566,"column":5}},"181":{"start":{"line":558,"column":6},"end":{"line":560,"column":7}},"182":{"start":{"line":559,"column":8},"end":{"line":559,"column":68}},"183":{"start":{"line":563,"column":6},"end":{"line":565,"column":7}},"184":{"start":{"line":564,"column":8},"end":{"line":564,"column":56}},"185":{"start":{"line":574,"column":43},"end":{"line":574,"column":49}},"186":{"start":{"line":585,"column":41},"end":{"line":585,"column":47}},"187":{"start":{"line":604,"column":4},"end":{"line":604,"column":45}},"188":{"start":{"line":604,"column":38},"end":{"line":604,"column":45}},"189":{"start":{"line":606,"column":18},"end":{"line":606,"column":30}},"190":{"start":{"line":609,"column":27},"end":{"line":613,"column":5}},"191":{"start":{"line":616,"column":4},"end":{"line":752,"column":7}},"192":{"start":{"line":617,"column":6},"end":{"line":751,"column":7}},"193":{"start":{"line":618,"column":26},"end":{"line":618,"column":94}},"194":{"start":{"line":620,"column":8},"end":{"line":750,"column":11}},"195":{"start":{"line":622,"column":10},"end":{"line":626,"column":11}},"196":{"start":{"line":623,"column":12},"end":{"line":625,"column":14}},"197":{"start":{"line":629,"column":10},"end":{"line":749,"column":12}},"198":{"start":{"line":631,"column":12},"end":{"line":633,"column":13}},"199":{"start":{"line":632,"column":14},"end":{"line":632,"column":77}},"200":{"start":{"line":636,"column":12},"end":{"line":636,"column":61}},"201":{"start":{"line":637,"column":12},"end":{"line":637,"column":71}},"202":{"start":{"line":638,"column":12},"end":{"line":638,"column":73}},"203":{"start":{"line":641,"column":12},"end":{"line":665,"column":14}},"204":{"start":{"line":668,"column":12},"end":{"line":683,"column":14}},"205":{"start":{"line":686,"column":12},"end":{"line":707,"column":14}},"206":{"start":{"line":710,"column":12},"end":{"line":745,"column":13}},"207":{"start":{"line":711,"column":14},"end":{"line":728,"column":16}},"208":{"start":{"line":731,"column":14},"end":{"line":744,"column":16}},"209":{"start":{"line":748,"column":12},"end":{"line":748,"column":40}},"210":{"start":{"line":755,"column":4},"end":{"line":755,"column":41}},"211":{"start":{"line":758,"column":4},"end":{"line":758,"column":26}},"212":{"start":{"line":766,"column":4},"end":{"line":766,"column":28}},"213":{"start":{"line":766,"column":21},"end":{"line":766,"column":28}},"214":{"start":{"line":769,"column":4},"end":{"line":781,"column":7}},"215":{"start":{"line":770,"column":6},"end":{"line":780,"column":7}},"216":{"start":{"line":771,"column":26},"end":{"line":771,"column":94}},"217":{"start":{"line":773,"column":8},"end":{"line":779,"column":11}},"218":{"start":{"line":774,"column":10},"end":{"line":778,"column":11}},"219":{"start":{"line":775,"column":12},"end":{"line":775,"column":94}},"220":{"start":{"line":776,"column":12},"end":{"line":776,"column":58}},"221":{"start":{"line":777,"column":12},"end":{"line":777,"column":40}},"222":{"start":{"line":784,"column":4},"end":{"line":787,"column":5}},"223":{"start":{"line":785,"column":6},"end":{"line":785,"column":51}},"224":{"start":{"line":786,"column":6},"end":{"line":786,"column":36}},"225":{"start":{"line":789,"column":4},"end":{"line":789,"column":31}},"226":{"start":{"line":797,"column":4},"end":{"line":797,"column":37}},"227":{"start":{"line":797,"column":30},"end":{"line":797,"column":37}},"228":{"start":{"line":799,"column":25},"end":{"line":812,"column":5}},"229":{"start":{"line":800,"column":6},"end":{"line":800,"column":67}},"230":{"start":{"line":803,"column":6},"end":{"line":803,"column":45}},"231":{"start":{"line":806,"column":6},"end":{"line":811,"column":7}},"232":{"start":{"line":807,"column":22},"end":{"line":807,"column":47}},"233":{"start":{"line":808,"column":8},"end":{"line":808,"column":77}},"234":{"start":{"line":810,"column":8},"end":{"line":810,"column":69}},"235":{"start":{"line":814,"column":4},"end":{"line":814,"column":19}},"236":{"start":{"line":822,"column":4},"end":{"line":822,"column":40}},"237":{"start":{"line":822,"column":33},"end":{"line":822,"column":40}},"238":{"start":{"line":824,"column":18},"end":{"line":824,"column":30}},"239":{"start":{"line":827,"column":24},"end":{"line":827,"column":61}},"240":{"start":{"line":830,"column":19},"end":{"line":830,"column":38}},"241":{"start":{"line":831,"column":4},"end":{"line":831,"column":34}},"242":{"start":{"line":834,"column":17},"end":{"line":834,"column":36}},"243":{"start":{"line":835,"column":4},"end":{"line":835,"column":30}},"244":{"start":{"line":838,"column":19},"end":{"line":838,"column":51}},"245":{"start":{"line":841,"column":4},"end":{"line":848,"column":5}},"246":{"start":{"line":842,"column":20},"end":{"line":842,"column":30}},"247":{"start":{"line":843,"column":6},"end":{"line":843,"column":43}},"248":{"start":{"line":846,"column":6},"end":{"line":846,"column":39}},"249":{"start":{"line":847,"column":6},"end":{"line":847,"column":36}},"250":{"start":{"line":852,"column":4},"end":{"line":852,"column":33}},"251":{"start":{"line":853,"column":4},"end":{"line":853,"column":33}},"252":{"start":{"line":854,"column":4},"end":{"line":854,"column":33}},"253":{"start":{"line":857,"column":4},"end":{"line":866,"column":5}},"254":{"start":{"line":858,"column":6},"end":{"line":865,"column":9}},"255":{"start":{"line":859,"column":8},"end":{"line":864,"column":9}},"256":{"start":{"line":861,"column":10},"end":{"line":861,"column":39}},"257":{"start":{"line":862,"column":10},"end":{"line":862,"column":39}},"258":{"start":{"line":863,"column":10},"end":{"line":863,"column":39}},"259":{"start":{"line":869,"column":25},"end":{"line":869,"column":60}},"260":{"start":{"line":870,"column":4},"end":{"line":870,"column":37}},"261":{"start":{"line":878,"column":4},"end":{"line":878,"column":40}},"262":{"start":{"line":878,"column":33},"end":{"line":878,"column":40}},"263":{"start":{"line":880,"column":18},"end":{"line":880,"column":30}},"264":{"start":{"line":883,"column":22},"end":{"line":883,"column":52}},"265":{"start":{"line":884,"column":18},"end":{"line":884,"column":44}},"266":{"start":{"line":887,"column":4},"end":{"line":899,"column":7}},"267":{"start":{"line":888,"column":6},"end":{"line":898,"column":7}},"268":{"start":{"line":890,"column":8},"end":{"line":897,"column":9}},"269":{"start":{"line":891,"column":10},"end":{"line":893,"column":13}},"270":{"start":{"line":892,"column":12},"end":{"line":892,"column":67}},"271":{"start":{"line":896,"column":10},"end":{"line":896,"column":72}},"272":{"start":{"line":902,"column":4},"end":{"line":917,"column":5}},"273":{"start":{"line":905,"column":6},"end":{"line":905,"column":12}},"274":{"start":{"line":908,"column":6},"end":{"line":908,"column":39}},"275":{"start":{"line":909,"column":6},"end":{"line":909,"column":12}},"276":{"start":{"line":912,"column":6},"end":{"line":912,"column":30}},"277":{"start":{"line":913,"column":6},"end":{"line":913,"column":12}},"278":{"start":{"line":916,"column":6},"end":{"line":916,"column":12}},"279":{"start":{"line":925,"column":4},"end":{"line":925,"column":26}},"280":{"start":{"line":925,"column":19},"end":{"line":925,"column":26}},"281":{"start":{"line":928,"column":4},"end":{"line":936,"column":5}},"282":{"start":{"line":929,"column":6},"end":{"line":935,"column":8}},"283":{"start":{"line":939,"column":4},"end":{"line":979,"column":5}},"284":{"start":{"line":942,"column":6},"end":{"line":945,"column":7}},"285":{"start":{"line":943,"column":8},"end":{"line":943,"column":40}},"286":{"start":{"line":944,"column":8},"end":{"line":944,"column":41}},"287":{"start":{"line":946,"column":6},"end":{"line":946,"column":31}},"288":{"start":{"line":947,"column":6},"end":{"line":947,"column":31}},"289":{"start":{"line":948,"column":6},"end":{"line":948,"column":12}},"290":{"start":{"line":952,"column":6},"end":{"line":955,"column":7}},"291":{"start":{"line":953,"column":8},"end":{"line":953,"column":40}},"292":{"start":{"line":954,"column":8},"end":{"line":954,"column":41}},"293":{"start":{"line":956,"column":6},"end":{"line":956,"column":31}},"294":{"start":{"line":957,"column":6},"end":{"line":957,"column":31}},"295":{"start":{"line":958,"column":6},"end":{"line":958,"column":12}},"296":{"start":{"line":962,"column":6},"end":{"line":965,"column":7}},"297":{"start":{"line":963,"column":8},"end":{"line":963,"column":40}},"298":{"start":{"line":964,"column":8},"end":{"line":964,"column":41}},"299":{"start":{"line":966,"column":6},"end":{"line":966,"column":31}},"300":{"start":{"line":967,"column":6},"end":{"line":967,"column":31}},"301":{"start":{"line":968,"column":6},"end":{"line":968,"column":12}},"302":{"start":{"line":972,"column":6},"end":{"line":975,"column":7}},"303":{"start":{"line":973,"column":8},"end":{"line":973,"column":40}},"304":{"start":{"line":974,"column":8},"end":{"line":974,"column":41}},"305":{"start":{"line":976,"column":6},"end":{"line":976,"column":31}},"306":{"start":{"line":977,"column":6},"end":{"line":977,"column":31}},"307":{"start":{"line":978,"column":6},"end":{"line":978,"column":12}},"308":{"start":{"line":982,"column":4},"end":{"line":991,"column":5}},"309":{"start":{"line":983,"column":26},"end":{"line":983,"column":46}},"310":{"start":
[...]
tart":{"line":565,"column":6},"end":{"line":565,"column":46}},{"start":{},"end":{}}],"line":565},"66":{"loc":{"start":{"line":566,"column":6},"end":{"line":566,"column":46}},"type":"if","locations":[{"start":{"line":566,"column":6},"end":{"line":566,"column":46}},{"start":{},"end":{}}],"line":566},"67":{"loc":{"start":{"line":581,"column":4},"end":{"line":581,"column":77}},"type":"if","locations":[{"start":{"line":581,"column":4},"end":{"line":581,"column":77}},{"start":{},"end":{}}],"line":581},"68":{"loc":{"start":{"line":581,"column":8},"end":{"line":581,"column":68}},"type":"binary-expr","locations":[{"start":{"line":581,"column":8},"end":{"line":581,"column":18}},{"start":{"line":581,"column":22},"end":{"line":581,"column":35}},{"start":{"line":581,"column":39},"end":{"line":581,"column":68}}],"line":581},"69":{"loc":{"start":{"line":593,"column":8},"end":{"line":609,"column":9}},"type":"if","locations":[{"start":{"line":593,"column":8},"end":{"line":609,"column":9}},{"start":{},"end":{}}],"line":593},"70":{"loc":{"start":{"line":593,"column":12},"end":{"line":593,"column":80}},"type":"binary-expr","locations":[{"start":{"line":593,"column":12},"end":{"line":593,"column":45}},{"start":{"line":593,"column":49},"end":{"line":593,"column":80}}],"line":593},"71":{"loc":{"start":{"line":648,"column":4},"end":{"line":648,"column":65}},"type":"if","locations":[{"start":{"line":648,"column":4},"end":{"line":648,"column":65}},{"start":{},"end":{}}],"line":648},"72":{"loc":{"start":{"line":648,"column":8},"end":{"line":648,"column":56}},"type":"binary-expr","locations":[{"start":{"line":648,"column":8},"end":{"line":648,"column":18}},{"start":{"line":648,"column":22},"end":{"line":648,"column":35}},{"start":{"line":648,"column":39},"end":{"line":648,"column":56}}],"line":648},"73":{"loc":{"start":{"line":658,"column":6},"end":{"line":688,"column":7}},"type":"switch","locations":[{"start":{"line":659,"column":6},"end":{"line":667,"column":14}},{"start":{"line":668,"column":6},"end":{"line":677,"column":14}},{"start":{"line":678,"column":6},"end":{"line":687,"column":14}}],"line":658},"74":{"loc":{"start":{"line":701,"column":4},"end":{"line":701,"column":44}},"type":"if","locations":[{"start":{"line":701,"column":4},"end":{"line":701,"column":44}},{"start":{},"end":{}}],"line":701},"75":{"loc":{"start":{"line":701,"column":8},"end":{"line":701,"column":35}},"type":"binary-expr","locations":[{"start":{"line":701,"column":8},"end":{"line":701,"column":18}},{"start":{"line":701,"column":22},"end":{"line":701,"column":35}}],"line":701},"76":{"loc":{"start":{"line":722,"column":4},"end":{"line":722,"column":27}},"type":"if","locations":[{"start":{"line":722,"column":4},"end":{"line":722,"column":27}},{"start":{},"end":{}}],"line":722},"77":{"loc":{"start":{"line":746,"column":4},"end":{"line":746,"column":41}},"type":"if","locations":[{"start":{"line":746,"column":4},"end":{"line":746,"column":41}},{"start":{},"end":{}}],"line":746},"78":{"loc":{"start":{"line":746,"column":8},"end":{"line":746,"column":32}},"type":"binary-expr","locations":[{"start":{"line":746,"column":8},"end":{"line":746,"column":18}},{"start":{"line":746,"column":22},"end":{"line":746,"column":32}}],"line":746},"79":{"loc":{"start":{"line":769,"column":4},"end":{"line":769,"column":27}},"type":"if","locations":[{"start":{"line":769,"column":4},"end":{"line":769,"column":27}},{"start":{},"end":{}}],"line":769},"80":{"loc":{"start":{"line":784,"column":6},"end":{"line":788,"column":7}},"type":"if","locations":[{"start":{"line":784,"column":6},"end":{"line":788,"column":7}},{"start":{"line":786,"column":13},"end":{"line":788,"column":7}}],"line":784},"81":{"loc":{"start":{"line":803,"column":4},"end":{"line":803,"column":70}},"type":"if","locations":[{"start":{"line":803,"column":4},"end":{"line":803,"column":70}},{"start":{},"end":{}}],"line":803},"82":{"loc":{"start":{"line":803,"column":8},"end":{"line":803,"column":61}},"type":"binary-expr","locations":[{"start":{"line":803,"column":8},"end":{"line":803,"column":31}},{"start":{"line":803,"column":35},"end":{"line":803,"column":61}}],"line":803},"83":{"loc":{"start":{"line":824,"column":27},"end":{"line":824,"column":55}},"type":"binary-expr","locations":[{"start":{"line":824,"column":27},"end":{"line":824,"column":48}},{"start":{"line":824,"column":52},"end":{"line":824,"column":55}}],"line":824},"84":{"loc":{"start":{"line":827,"column":8},"end":{"line":838,"column":9}},"type":"if","locations":[{"start":{"line":827,"column":8},"end":{"line":838,"column":9}},{"start":{"line":830,"column":15},"end":{"line":838,"column":9}}],"line":827},"85":{"loc":{"start":{"line":830,"column":15},"end":{"line":838,"column":9}},"type":"if","locations":[{"start":{"line":830,"column":15},"end":{"line":838,"column":9}},{"start":{"line":835,"column":15},"end":{"line":838,"column":9}}],"line":830},"86":{"loc":{"start":{"line":857,"column":4},"end":{"line":867,"column":5}},"type":"switch","locations":[{"start":{"line":858,"column":4},"end":{"line":859,"column":23}},{"start":{"line":860,"column":4},"end":{"line":861,"column":23}},{"start":{"line":862,"column":4},"end":{"line":863,"column":23}},{"start":{"line":864,"column":4},"end":{"line":866,"column":43}}],"line":857},"87":{"loc":{"start":{"line":887,"column":4},"end":{"line":889,"column":5}},"type":"if","locations":[{"start":{"line":887,"column":4},"end":{"line":889,"column":5}},{"start":{},"end":{}}],"line":887},"88":{"loc":{"start":{"line":887,"column":8},"end":{"line":887,"column":65}},"type":"binary-expr","locations":[{"start":{"line":887,"column":8},"end":{"line":887,"column":24}},{"start":{"line":887,"column":28},"end":{"line":887,"column":65}}],"line":887},"89":{"loc":{"start":{"line":921,"column":4},"end":{"line":928,"column":5}},"type":"if","locations":[{"start":{"line":921,"column":4},"end":{"line":928,"column":5}},{"start":{},"end":{}}],"line":921},"90":{"loc":{"start":{"line":931,"column":4},"end":{"line":938,"column":5}},"type":"if","locations":[{"start":{"line":931,"column":4},"end":{"line":938,"column":5}},{"start":{},"end":{}}],"line":931},"91":{"loc":{"start":{"line":933,"column":6},"end":{"line":937,"column":7}},"type":"if","locations":[{"start":{"line":933,"column":6},"end":{"line":937,"column":7}},{"start":{"line":935,"column":13},"end":{"line":937,"column":7}}],"line":933},"92":{"loc":{"start":{"line":954,"column":4},"end":{"line":985,"column":5}},"type":"switch","locations":[{"start":{"line":955,"column":4},"end":{"line":960,"column":12}},{"start":{"line":961,"column":4},"end":{"line":967,"column":12}},{"start":{"line":968,"column":4},"end":{"line":974,"column":12}},{"start":{"line":975,"column":4},"end":{"line":982,"column":12}},{"start":{"line":983,"column":4},"end":{"line":984,"column":74}}],"line":954},"93":{"loc":{"start":{"line":990,"column":23},"end":{"line":990,"column":51}},"type":"binary-expr","locations":[{"start":{"line":990,"column":23},"end":{"line":990,"column":37}},{"start":{"line":990,"column":41},"end":{"line":990,"column":51}}],"line":990},"94":{"loc":{"start":{"line":1002,"column":4},"end":{"line":1002,"column":52}},"type":"if","locations":[{"start":{"line":1002,"column":4},"end":{"line":1002,"column":52}},{"start":{},"end":{}}],"line":1002},"95":{"loc":{"start":{"line":1002,"column":8},"end":{"line":1002,"column":43}},"type":"binary-expr","locations":[{"start":{"line":1002,"column":8},"end":{"line":1002,"column":23}},{"start":{"line":1002,"column":27},"end":{"line":1002,"column":43}}],"line":1002},"96":{"loc":{"start":{"line":1045,"column":10},"end":{"line":1047,"column":11}},"type":"if","locations":[{"start":{"line":1045,"column":10},"end":{"line":1047,"column":11}},{"start":{},"end":{}}],"line":1045},"97":{"loc":{"start":{"line":1074,"column":4},"end":{"line":1074,"column":48}},"type":"if","locations":[{"start":{"line":1074,"column":4},"end":{"line":1074,"column":48}},{"start":{},"end":{}}],"line":1074},"98":{"loc":{"start":{"line":1074,"column":8},"end":{"line":1074,"column":39}},"type":"binary-expr","locations":[{"start":{"line":1074,"column":8},"end":{"line":1074,"column":20}},{"start":{"line":1074,"column":24},"end":{"line":1074,"column":39}}],"line":1074},"99":{"loc":{"start":{"line":1194,"column":4},"end":{"line":1194,"column":48}},"type":"if","locations":[{"start":{"line":1194,"column":4},"end":{"line":1194,"column":48}},{"start":{},"end":{}}],"line":1194},"100":{"loc":{"start":{"line":1194,"column":8},"end":{"line":1194,"column":39}},"type":"binary-expr","locations":[{"start":{"line":1194,"column":8},"end":{"line":1194,"column":20}},{"start":{"line":1194,"column":24},"end":{"line":1194,"column":39}}],"line":1194},"101":{"loc":{"start":{"line":1202,"column":21},"end":{"line":1202,"column":83}},"type":"binary-expr","locations":[{"start":{"line":1202,"column":21},"end":{"line":1202,"column":35}},{"start":{"line":1202,"column":39},"end":{"line":1202,"column":83}}],"line":1202},"102":{"loc":{"start":{"line":1230,"column":10},"end":{"line":1230,"column":38}},"type":"if","locations":[{"start":{"line":1230,"column":10},"end":{"line":1230,"column":38}},{"start":{},"end":{}}],"line":1230},"103":{"loc":{"start":{"line":1263,"column":4},"end":{"line":1263,"column":89}},"type":"if","locations":[{"start":{"line":1263,"column":4},"end":{"line":1263,"column":89}},{"start":{},"end":{}}],"line":1263},"104":{"loc":{"start":{"line":1263,"column":8},"end":{"line":1263,"column":80}},"type":"binary-expr","locations":[{"start":{"line":1263,"column":8},"end":{"line":1263,"column":23}},{"start":{"line":1263,"column":27},"end":{"line":1263,"column":47}},{"start":{"line":1263,"column":51},"end":{"line":1263,"column":63}},{"start":{"line":1263,"column":67},"end":{"line":1263,"column":80}}],"line":1263},"105":{"loc":{"start":{"line":1272,"column":4},"end":{"line":1272,"column":48}},"type":"if","locations":[{"start":{"line":1272,"column":4},"end":{"line":1272,"column":48}},{"start":{},"end":{}}],"line":1272},"106":{"loc":{"start":{"line":1277,"column":4},"end":{"line":1282,"column":5}},"type":"if","locations":[{"start":{"line":1277,"column":4},"end":{"line":1282,"column":5}},{"start":{},"end":{}}],"line":1277},"107":{"loc":{"start":{"line":1296,"column":4},"end":{"line":1296,"column":30}},"type":"if","locations":[{"start":{"line":1296,"column":4},"end":{"line":1296,"column":30}},{"start":{},"end":{}}],"line":1296},"108":{"loc":{"start":{"line":1307,"column":4},"end":{"line":1307,"column":78}},"type":"if","locations":[{"start":{"line":1307,"column":4},"end":{"line":1307,"column":78}},{"start":{},"end":{}}],"line":1307},"109":{"loc":{"start":{"line":1307,"column":8},"end":{"line":1307,"column":69}},"type":"binary-expr","locations":[{"start":{"line":1307,"column":8},"end":{"line":1307,"column":23}},{"start":{"line":1307,"column":27},"end":{"line":1307,"column":48}},{"start":{"line":1307,"column":52},"end":{"line":1307,"column":69}}],"line":1307},"110":{"loc":{"start":{"line":1333,"column":10},"end":{"line":1340,"column":11}},"type":"if","locations":[{"start":{"line":1333,"column":10},"end":{"line":1340,"column":11}},{"start":{},"end":{}}],"line":1333},"111":{"loc":{"start":{"line":1352,"column":34},"end":{"line":1352,"column":58}},"type":"binary-expr","locations":[{"start":{"line":1352,"column":34},"end":{"line":1352,"column":51}},{"start":{"line":1352,"column":55},"end":{"line":1352,"column":58}}],"line":1352},"112":{"loc":{"start":{"line":1355,"column":12},"end":{"line":1370,"column":13}},"type":"if","locations":[{"start":{"line":1355,"column":12},"end":{"line":1370,"column":13}},{"start":{"line":1361,"column":19},"end":{"line":1370,"column":13}}],"line":1355},"113":{"loc":{"start":{"line":1361,"column":19},"end":{"line":1370,"column":13}},"type":"if","locations":[{"start":{"line":1361,"column":19},"end":{"line":1370,"column":13}},{"start":{},"end":{}}],"line":1361},"114":{"loc":{"start":{"line":1392,"column":4},"end":{"line":1395,"column":5}},"type":"if","locations":[{"start":{"line":1392,"column":4},"end":{"line":1395,"column":5}},{"start":{},"end":{}}],"line":1392},"115":{"loc":{"start":{"line":1406,"column":4},"end":{"line":1409,"column":5}},"type":"if","locations":[{"start":{"line":1406,"column":4},"end":{"line":1409,"column":5}},{"start":{},"end":{}}],"line":1406},"116":{"loc":{"start":{"line":1411,"column":4},"end":{"line":1428,"column":5}},"type":"if","locations":[{"start":{"line":1411,"column":4},"end":{"line":1428,"column":5}},{"start":{},"end":{}}],"line":1411},"117":{"loc":{"start":{"line":1414,"column":8},"end":{"line":1416,"column":9}},"type":"if","locations":[{"start":{"line":1414,"column":8},"end":{"line":1416,"column":9}},{"start":{},"end":{}}],"line":1414},"118":{"loc":{"start":{"line":1418,"column":8},"end":{"line":1424,"column":9}},"type":"if","locations":[{"start":{"line":1418,"column":8},"end":{"line":1424,"column":9}},{"start":{},"end":{}}],"line":1418},"119":{"loc":{"start":{"line":1419,"column":10},"end":{"line":1423,"column":11}},"type":"if","locations":[{"start":{"line":1419,"column":10},"end":{"line":1423,"column":11}},{"start":{"line":1421,"column":17},"end":{"line":1423,"column":11}}],"line":1419},"120":{"loc":{"start":{"line":1431,"column":4},"end":{"line":1433,"column":5}},"type":"if","locations":[{"start":{"line":1431,"column":4},"end":{"line":1433,"column":5}},{"start":{},"end":{}}],"line":1431},"121":{"loc":{"start":{"line":1431,"column":8},"end":{"line":1431,"column":47}},"type":"binary-expr","locations":[{"start":{"line":1431,"column":8},"end":{"line":1431,"column":20}},{"start":{"line":1431,"column":24},"end":{"line":1431,"column":47}}],"line":1431},"122":{"loc":{"start":{"line":1449,"column":0},"end":{"line":1451,"column":1}},"type":"if","locations":[{"start":{"line":1449,"column":0},"end":{"line":1451,"column":1}},{"start":{},"end":{}}],"line":1449},"123":{"loc":{"start":{"line":1449,"column":4},"end":{"line":1449,"column":51}},"type":"binary-expr","locations":[{"start":{"line":1449,"column":4},"end":{"line":1449,"column":33}},{"start":{"line":1449,"column":37},"end":{"line":1449,"column":51}}],"line":1449}},"s":{"0":0,"1":0,"2":0,"3":0,"4":0,"5":0,"6":0,"7":0,"8":0,"9":0,"10":0,"11":0,"12":0,"13":0,"14":0,"15":0,"16":0,"17":0,"18":0,"19":0,"20":0,"21":0,"22":0,"23":0,"24":0,"25":0,"26":0,"27":0,"28":0,"29":0,"30":0,"31":0,"32":0,"33":0,"34":0,"35":0,"36":0,"37":0,"38":0,"39":0,"40":0,"41":0,"42":0,"43":0,"44":0,"45":0,"46":0,"47":0,"48":0,"49":0,"50":0,"51":0,"52":0,"53":0,"54":0,"55":0,"56":0,"57":0,"58":0,"59":0,"60":0,"61":0,"62":0,"63":0,"64":0,"65":0,"66":0,"67":0,"68":0,"69":0,"70":0,"71":0,"72":0,"73":0,"74":0,"75":0,"76":0,"77":0,"78":0,"79":0,"80":0,"81":0,"82":0,"83":0,"84":0,"85":0,"86":0,"87":0,"88":0,"89":0,"90":0,"91":0,"92":0,"93":0,"94":0,"95":0,"96":0,"97":0,"98":0,"99":0,"100":0,"101":0,"102":0,"103":0,"104":0,"105":0,"106":0,"107":0,"108":0,"109":0,"110":0,"111":0,"112":0,"113":0,"114":0,"115":0,"116":0,"117":0,"118":0,"119":0,"120":0,"121":0,"122":0,"123":0,"124":0,"125":0,"126":0,"127":0,"128":0,"129":0,"130":0,"131":0,"132":0,"133":0,"134":0,"135":0,"136":0,"137":0,"138":0,"139":0,"140":0,"141":0,"142":0,"143":0,"144":0,"145":0,"146":0,"147":0,"148":0,"149":0,"150":0,"151":0,"152":0,"153":0,"154":0,"155":0,"156":0,"157":0,"158":0,"159":0,"160":0,"161":0,"162":0,"163":0,"164":0,"165":0,"166":0,"167":0,"168":0,"169":0,"170":0,"171":0,"172":0,"173":0,"174":0,"175":0,"176":0,"177":0,"178":0,"179":0,"180":0,"181":0,"182":0,"183":0,"184":0,"185":0,"186":0,"187":0,"188":0,"189":0,"190":0,"191":0,"192":0,"193":0,"194":0,"195":0,"196":0,"197":0,"198":0,"199":0,"200":0,"201":0,"202":0,"203":0,"204":0,"205":0,"206":0,"207":0,"208":0,"209":0,"210":0,"211":0,"212":0,"213":0,"214":0,"215":0,"216":0,"217":0,"218":0,"219":0,"220":0,"221":0,"222":0,"223":0,"224":0,"225":0,"226":0,"227":0,"228":0,"229":0,"230":0,"231":0,"232":0,"233":0,"234":0,"235":0,"236":0,"237":0,"238":0,"239":0,"240":0,"241":0,"242":0,"243":0,"244":0,"245":0,"246":0,"247":0,"248":0,"249":0,"250":0,"251":0,"252":0,"253":0,"254":0,"255":0,"256":0,"257":0,"258":0,"259":0,"260":0,"261":0,"262":0,"263":0,"264":0,"265":0,"266":0,"267":0,"268":0,"269":0,"270":0,"271":0,"272":0,"273":0,"274":0,"275":0,"276":0,"277":0,"278":0,"279":0,"280":0,"281":0,"282":0,"283":0,"284":0,"285":0,"286":0,"287":0,"288":0,"289":0,"290":0,"291":0,"292":0,"293":0,"294":0,"295":0,"296":0,"297":0,"298":0,"299":0,"300":0,"301":0,"302":0,"303":0,"304":0,"305":0,"306":0,"307":0,"308":0,"309":0,"310":0,"311":0,"312":0,"313":0,"314":0,"315":0,"316":0,"317":0,"318":0,"319":0,"320":0,"321":0,"322":0,"323":0,"324":0,"325":0,"326":0,"327":0,"328":0,"329":0,"330":0,"331":0,"332":0,"333":0,"334":0,"335":0,"336":0,"337":0,"338":0,"339":0,"340":0,"341":0,"342":0,"343":0,"344":0,"345":0,"346":0,"347":0,"348":0,"349":0,"350":0,"351":0,"352":0,"353":0,"354":0,"355":0,"356":0,"357":0,"358":0,"359":0,"360":0,"361":0,"362":0,"363":0,"364":0,"365":0,"366":0,"367":0,"368":0,"369":0,"370":0,"371":0,"372":0,"373":0,"374":0,"375":0,"376":0,"377":0,"378":0,"379":0,"380":0,"381":0,"382":0,"383":0,"384":0,"385":0,"386":0,"387":0,"388":0,"389":0,"390":0,"391":0,"392":0,"393":0,"394":0,"395":0,"396":0,"397":0,"398":0,"399":0,"400":0,"401":0,"402":0,"403":0,"404":0,"405":0,"406":0,"407":0,"408":0,"409":0,"410":0,"411":0,"412":0,"413":0,"414":0,"415":0,"416":0,"417":0,"418":0,"419":0,"420":0,"421":0,"422":0,"423":0,"424":0,"425":0,"426":0,"427":0,"428":0,"429":0,"430":0,"431":0,"432":0,"433":0,"434":0,"435":0,"436":0,"437":0,"438":0,"439":0,"440":0,"441":0,"442":0,"443":0,"444":0,"445":0,"446":0,"447":0,"448":0,"449":0,"450":0,"451":0,"452":0,"453":0,"454":0,"455":0,"456":0,"457":0,"458":0,"459":0,"460":0,"461":0,"462":0,"463":0,"464":0,"465":0,"466":0,"467":0,"468":0,"469":0,"470":0,"471":0,"472":0,"473":0,"474":0,"475":0,"476":0,"477":0,"478":0,"479":0,"480":0,"481":0,"482":0,"483":0,"484":0,"485":0,"486":0,"487":0,"488":0,"489":0,"490":0,"491":0,"492":0,"493":0,"494":0,"495":0,"496":0,"497":0,"498":0,"499":0,"500":0,"501":0,"502":0,"503":0,"504":0,"505":0,"506":0,"507":0,"508":0,"509":0,"510":0,"511":0,"512":0,"513":0,"514":0,"515":0,"516":0,"517":0,"518":0,"519":0,"520":0,"521":0,"522":0,"523":0,"524":0,"525":0,"526":0,"527":0,"528":0,"529":0,"530":0,"531":0,"532":2,"533":2},"f":{"0":0,"1":0,"2":0,"3":0,"4":0,"5":0,"6":0,"7":0,"8":0,"9":0,"10":0,"11":0,"12":0,"13":0,"14":0,"15":0,"16":0,"17":0,"18":0,"19":0,"20":0,"21":0,"22":0,"23":0,"24":0,"25":0,"26":0,"27":0,"28":0,"29":0,"30":0,"31":0,"32":0,"33":0},"b":{"0":[0],"1":[0,0],"2":[0,0],"3":[0,0],"4":[0,0],"5":[0,0],"6":[0,0],"7":[0,0],"8":[0,0],"9":[0,0],"10":[0,0],"11":[0,0],"12":[0,0],"13":[0,0],"14":[0,0],"15":[0,0],"16":[0,0],"17":[0,0],"18":[0,0],"19":[0,0],"20":[0,0],"21":[0,0],"22":[0,0],"23":[0,0],"24":[0,0],"25":[0,0],"26":[0,0],"27":[0,0],"28":[0,0],"29":[0,0],"30":[0,0],"31":[0,0],"32":[0,0],"33":[0,0],"34":[0,0],"35":[0,0],"36":[0,0],"37":[0,0],"38":[0,0],"39":[0,0],"40":[0,0],"41":[0,0],"42":[0,0],"43":[0,0],"44":[0,0],"45":[0,0],"46":[0,0],"47":[0,0],"48":[0,0],"49":[0,0],"50":[0,0],"51":[0,0],"52":[0,0],"53":[0,0],"54":[0,0],"55":[0,0],"56":[0,0],"57":[0,0],"58":[0,0],"59":[0,0],"60":[0,0],"61":[0,0],"62":[0,0],"63":[0,0],"64":[0,0],"65":[0,0],"66":[0,0],"67":[0,0],"68":[0,0,0],"69":[0,0],"70":[0,0],"71":[0,0],"72":[0,0,0],"73":[0,0,0],"74":[0,0],"75":[0,0],"76":[0,0],"77":[0,0],"78":[0,0],"79":[0,0],"80":[0,0],"81":[0,0],"82":[0,0],"83":[0,0],"84":[0,0],"85":[0,0],"86":[0,0,0,0],"87":[0,0],"88":[0,0],"89":[0,0],"90":[0,0],"91":[0,0],"92":[0,0,0,0,0],"93":[0,0],"94":[0,0],"95":[0,0],"96":[0,0],"97":[0,0],"98":[0,0],"99":[0,0],"100":[0,0],"101":[0,0],"102":[0,0],"103":[0,0],"104":[0,0,0,0],"105":[0,0],"106":[0,0],"107":[0,0],"108":[0,0],"109":[0,0,0],"110":[0,0],"111":[0,0],"112":[0,0],"113":[0,0],"114":[0,0],"115":[0,0],"116":[0,0],"117":[0,0],"118":[0,0],"119":[0,0],"120":[0,0],"121":[0,0],"122":[2,0],"123":[2,2]},"_coverageSchema":"1a1c01bbd47fc00a2c39e90264f33305004495a9","hash":"3591db5eabe29560e200ced14aec1a98d68c4708"}
}
