TN:
SF:assets\HologramComponent.js
FN:35,(anonymous_0)
FN:44,(anonymous_1)
FN:73,(anonymous_2)
FN:105,(anonymous_3)
FN:131,(anonymous_4)
FN:152,(anonymous_5)
FN:181,(anonymous_6)
FN:197,(anonymous_7)
FN:214,(anonymous_8)
FN:229,(anonymous_9)
FN:263,(anonymous_10)
FN:282,(anonymous_11)
FN:304,(anonymous_12)
FN:333,(anonymous_13)
FN:347,(anonymous_14)
FN:364,(anonymous_15)
FN:377,(anonymous_16)
FN:386,(anonymous_17)
FN:564,(anonymous_18)
FNF:19
FNH:0
FNDA:0,(anonymous_0)
FNDA:0,(anonymous_1)
FNDA:0,(anonymous_2)
FNDA:0,(anonymous_3)
FNDA:0,(anonymous_4)
FNDA:0,(anonymous_5)
FNDA:0,(anonymous_6)
FNDA:0,(anonymous_7)
FNDA:0,(anonymous_8)
FNDA:0,(anonymous_9)
FNDA:0,(anonymous_10)
FNDA:0,(anonymous_11)
FNDA:0,(anonymous_12)
FNDA:0,(anonymous_13)
FNDA:0,(anonymous_14)
FNDA:0,(anonymous_15)
FNDA:0,(anonymous_16)
FNDA:0,(anonymous_17)
FNDA:0,(anonymous_18)
DA:20,0
DA:21,0
DA:22,0
DA:23,0
DA:24,0
DA:25,0
DA:26,0
DA:27,0
DA:28,0
DA:29,0
DA:37,0
DA:49,0
DA:50,0
DA:51,0
DA:52,0
DA:55,0
DA:56,0
DA:60,0
DA:61,0
DA:64,0
DA:65,0
DA:74,0
DA:75,0
DA:76,0
DA:79,0
DA:82,0
DA:85,0
DA:86,0
DA:88,0
DA:92,0
DA:93,0
DA:97,0
DA:99,0
DA:106,0
DA:109,0
DA:112,0
DA:113,0
DA:114,0
DA:117,0
DA:118,0
DA:122,0
DA:124,0
DA:133,0
DA:134,0
DA:138,0
DA:139,0
DA:145,0
DA:153,0
DA:156,0
DA:157,0
DA:161,0
DA:162,0
DA:163,0
DA:167,0
DA:168,0
DA:172,0
DA:174,0
DA:182,0
DA:185,0
DA:188,0
DA:190,0
DA:198,0
DA:201,0
DA:204,0
DA:206,0
DA:215,0
DA:217,0
DA:223,0
DA:230,0
DA:231,0
DA:233,0
DA:242,0
DA:243,0
DA:244,0
DA:246,0
DA:248,0
DA:249,0
DA:253,0
DA:256,0
DA:264,0
DA:267,0
DA:270,0
DA:273,0
DA:275,0
DA:283,0
DA:285,0
DA:288,0
DA:289,0
DA:292,0
DA:294,0
DA:297,0
DA:305,0
DA:306,0
DA:309,0
DA:312,0
DA:313,0
DA:321,0
DA:323,0
DA:326,0
DA:334,0
DA:337,0
DA:339,0
DA:348,0
DA:351,0
DA:352,0
DA:353,0
DA:357,0
DA:358,0
DA:361,0
DA:364,0
DA:365,0
DA:369,0
DA:378,0
DA:381,0
DA:383,0
DA:384,0
DA:386,0
DA:387,0
DA:392,0
DA:401,0
DA:404,0
DA:407,0
DA:410,0
DA:413,0
DA:422,0
DA:423,0
DA:426,0
DA:427,0
DA:428,0
DA:431,0
DA:432,0
DA:433,0
DA:436,0
DA:439,0
DA:452,0
DA:453,0
DA:456,0
DA:457,0
DA:458,0
DA:461,0
DA:462,0
DA:463,0
DA:466,0
DA:467,0
DA:468,0
DA:471,0
DA:472,0
DA:473,0
DA:474,0
DA:475,0
DA:479,0
DA:482,0
DA:496,0
DA:499,0
DA:507,0
DA:508,0
DA:513,0
DA:515,0
DA:516,0
DA:517,0
DA:518,0
DA:520,0
DA:521,0
DA:522,0
DA:523,0
DA:525,0
DA:526,0
DA:527,0
DA:528,0
DA:530,0
DA:531,0
DA:532,0
DA:533,0
DA:535,0
DA:536,0
DA:537,0
DA:541,0
DA:542,0
DA:543,0
DA:551,0
DA:554,0
DA:557,0
DA:558,0
DA:561,0
DA:564,0
DA:565,0
DA:575,0
DA:578,0
DA:580,0
DA:583,0
DA:584,0
DA:585,0
DA:587,0
DA:591,0
DA:593,0
DA:599,0
DA:600,0
LF:197
LH:0
BRDA:35,0,0,0
BRDA:38,1,0,0
BRDA:38,1,1,0
BRDA:39,2,0,0
BRDA:39,2,1,0
BRDA:40,3,0,0
BRDA:40,3,1,0
BRDA:41,4,0,0
BRDA:41,4,1,0
BRDA:42,5,0,0
BRDA:42,5,1,0
BRDA:43,6,0,0
BRDA:43,6,1,0
BRDA:44,7,0,0
BRDA:44,7,1,0
BRDA:45,8,0,0
BRDA:45,8,1,0
BRDA:55,9,0,0
BRDA:55,9,1,0
BRDA:60,10,0,0
BRDA:60,10,1,0
BRDA:64,11,0,0
BRDA:64,11,1,0
BRDA:74,12,0,0
BRDA:74,12,1,0
BRDA:85,13,0,0
BRDA:85,13,1,0
BRDA:92,14,0,0
BRDA:92,14,1,0
BRDA:106,15,0,0
BRDA:106,15,1,0
BRDA:117,16,0,0
BRDA:117,16,1,0
BRDA:133,17,0,0
BRDA:133,17,1,0
BRDA:138,18,0,0
BRDA:138,18,1,0
BRDA:153,19,0,0
BRDA:153,19,1,0
BRDA:156,20,0,0
BRDA:156,20,1,0
BRDA:161,21,0,0
BRDA:161,21,1,0
BRDA:161,22,0,0
BRDA:161,22,1,0
BRDA:167,23,0,0
BRDA:167,23,1,0
BRDA:182,24,0,0
BRDA:182,24,1,0
BRDA:198,25,0,0
BRDA:198,25,1,0
BRDA:215,26,0,0
BRDA:215,26,1,0
BRDA:220,27,0,0
BRDA:220,27,1,0
BRDA:231,28,0,0
BRDA:231,28,1,0
BRDA:248,29,0,0
BRDA:248,29,1,0
BRDA:264,30,0,0
BRDA:264,30,1,0
BRDA:264,31,0,0
BRDA:264,31,1,0
BRDA:283,32,0,0
BRDA:283,32,1,0
BRDA:283,33,0,0
BRDA:283,33,1,0
BRDA:292,34,0,0
BRDA:292,34,1,0
BRDA:304,35,0,0
BRDA:305,36,0,0
BRDA:305,36,1,0
BRDA:305,37,0,0
BRDA:305,37,1,0
BRDA:312,38,0,0
BRDA:312,38,1,0
BRDA:334,39,0,0
BRDA:334,39,1,0
BRDA:347,40,0,0
BRDA:347,41,0,0
BRDA:348,42,0,0
BRDA:348,42,1,0
BRDA:351,43,0,0
BRDA:351,43,1,0
BRDA:357,44,0,0
BRDA:357,44,1,0
BRDA:378,45,0,0
BRDA:378,45,1,0
BRDA:378,46,0,0
BRDA:378,46,1,0
BRDA:381,47,0,0
BRDA:381,47,1,0
BRDA:381,48,0,0
BRDA:381,48,1,0
BRDA:383,49,0,0
BRDA:383,49,1,0
BRDA:401,50,0,0
BRDA:401,50,1,0
BRDA:496,51,0,0
BRDA:496,51,1,0
BRDA:496,52,0,0
BRDA:496,52,1,0
BRDA:513,53,0,0
BRDA:513,53,1,0
BRDA:513,53,2,0
BRDA:513,53,3,0
BRDA:513,53,4,0
BRDA:551,54,0,0
BRDA:551,54,1,0
BRDA:551,55,0,0
BRDA:551,55,1,0
BRDA:575,56,0,0
BRDA:575,56,1,0
BRDA:575,57,0,0
BRDA:575,57,1,0
BRDA:578,58,0,0
BRDA:578,58,1,0
BRDA:585,59,0,0
BRDA:585,59,1,0
BRDA:591,60,0,0
BRDA:591,60,1,0
BRDA:599,61,0,0
BRDA:599,61,1,0
BRDA:599,62,0,0
BRDA:599,62,1,0
BRF:125
BRH:0
end_of_record
TN:
SF:assets\ar-bridge.js
FN:55,(anonymous_0)
FN:91,(anonymous_1)
FN:100,(anonymous_2)
FN:111,(anonymous_3)
FN:189,(anonymous_4)
FN:241,(anonymous_5)
FN:270,(anonymous_6)
FN:296,(anonymous_7)
FN:304,(anonymous_8)
FN:400,(anonymous_9)
FN:570,(anonymous_10)
FN:617,(anonymous_11)
FN:623,(anonymous_12)
FN:625,(anonymous_13)
FN:626,(anonymous_14)
FN:640,(anonymous_15)
FN:647,(anonymous_16)
FN:706,(anonymous_17)
FNF:18
FNH:1
FNDA:2,(anonymous_0)
FNDA:0,(anonymous_1)
FNDA:0,(anonymous_2)
FNDA:0,(anonymous_3)
FNDA:0,(anonymous_4)
FNDA:0,(anonymous_5)
FNDA:0,(anonymous_6)
FNDA:0,(anonymous_7)
FNDA:0,(anonymous_8)
FNDA:0,(anonymous_9)
FNDA:0,(anonymous_10)
FNDA:0,(anonymous_11)
FNDA:0,(anonymous_12)
FNDA:0,(anonymous_13)
FNDA:0,(anonymous_14)
FNDA:0,(anonymous_15)
FNDA:0,(anonymous_16)
FNDA:0,(anonymous_17)
DA:26,2
DA:27,2
DA:41,2
DA:42,2
DA:43,2
DA:44,2
DA:45,2
DA:46,2
DA:47,2
DA:48,2
DA:56,2
DA:57,0
DA:61,2
DA:64,2
DA:67,2
DA:70,2
DA:73,2
DA:75,2
DA:76,0
DA:84,2
DA:92,0
DA:101,0
DA:102,0
DA:112,0
DA:113,0
DA:114,0
DA:116,0
DA:119,0
DA:122,0
DA:123,0
DA:125,0
DA:126,0
DA:127,0
DA:129,0
DA:130,0
DA:132,0
DA:137,0
DA:140,0
DA:150,0
DA:153,0
DA:155,0
DA:156,0
DA:157,0
DA:158,0
DA:161,0
DA:165,0
DA:166,0
DA:172,0
DA:179,0
DA:190,0
DA:191,0
DA:194,0
DA:197,0
DA:199,0
DA:201,0
DA:202,0
DA:210,0
DA:220,0
DA:221,0
DA:228,0
DA:234,0
DA:242,0
DA:243,0
DA:247,0
DA:250,0
DA:253,0
DA:260,0
DA:262,0
DA:271,0
DA:272,0
DA:275,0
DA:278,0
DA:279,0
DA:283,0
DA:289,0
DA:297,0
DA:305,0
DA:316,0
DA:317,0
DA:318,0
DA:322,0
DA:323,0
DA:324,0
DA:328,0
DA:329,0
DA:330,0
DA:331,0
DA:332,0
DA:333,0
DA:340,0
DA:349,2
DA:350,0
DA:351,0
DA:355,2
DA:356,2
DA:359,2
DA:360,2
DA:363,2
DA:374,0
DA:377,0
DA:380,0
DA:381,0
DA:382,0
DA:385,0
DA:388,0
DA:389,0
DA:393,0
DA:394,0
DA:397,0
DA:400,0
DA:401,0
DA:404,0
DA:415,0
DA:416,0
DA:417,0
DA:421,0
DA:424,0
DA:425,0
DA:429,0
DA:432,0
DA:435,0
DA:437,0
DA:448,0
DA:450,0
DA:451,0
DA:452,0
DA:453,0
DA:454,0
DA:455,0
DA:456,0
DA:457,0
DA:460,0
DA:470,0
DA:471,0
DA:474,0
DA:491,0
DA:492,0
DA:563,0
DA:566,0
DA:569,0
DA:570,0
DA:571,0
DA:572,0
DA:573,0
DA:582,0
DA:583,0
DA:592,0
DA:593,0
DA:602,2
DA:603,2
DA:605,2
DA:614,2
DA:617,2
DA:618,0
DA:620,0
DA:622,0
DA:623,0
DA:624,0
DA:625,0
DA:626,0
DA:628,0
DA:629,0
DA:640,2
DA:641,0
DA:642,0
DA:647,2
DA:648,0
DA:651,2
DA:652,0
DA:655,0
DA:667,0
DA:668,0
DA:669,0
DA:676,0
DA:684,0
DA:686,0
DA:690,0
DA:698,0
DA:704,2
DA:705,2
DA:706,0
DA:707,0
DA:710,2
LF:183
LH:35
BRDA:55,0,0,2
BRDA:56,1,0,0
BRDA:56,1,1,2
BRDA:75,2,0,0
BRDA:75,2,1,2
BRDA:111,3,0,0
BRDA:112,4,0,0
BRDA:112,4,1,0
BRDA:112,5,0,0
BRDA:112,5,1,0
BRDA:113,6,0,0
BRDA:113,6,1,0
BRDA:123,7,0,0
BRDA:123,7,1,0
BRDA:126,8,0,0
BRDA:126,8,1,0
BRDA:129,9,0,0
BRDA:129,9,1,0
BRDA:137,10,0,0
BRDA:137,10,1,0
BRDA:142,11,0,0
BRDA:142,11,1,0
BRDA:143,12,0,0
BRDA:143,12,1,0
BRDA:144,13,0,0
BRDA:144,13,1,0
BRDA:144,13,2,0
BRDA:145,14,0,0
BRDA:145,14,1,0
BRDA:145,14,2,0
BRDA:155,15,0,0
BRDA:155,15,1,0
BRDA:155,16,0,0
BRDA:155,16,1,0
BRDA:157,17,0,0
BRDA:157,17,1,0
BRDA:157,18,0,0
BRDA:157,18,1,0
BRDA:165,19,0,0
BRDA:165,19,1,0
BRDA:189,20,0,0
BRDA:190,21,0,0
BRDA:190,21,1,0
BRDA:197,22,0,0
BRDA:197,22,1,0
BRDA:199,23,0,0
BRDA:199,23,1,0
BRDA:199,24,0,0
BRDA:199,24,1,0
BRDA:201,25,0,0
BRDA:201,25,1,0
BRDA:214,26,0,0
BRDA:214,26,1,0
BRDA:215,27,0,0
BRDA:215,27,1,0
BRDA:216,28,0,0
BRDA:216,28,1,0
BRDA:220,29,0,0
BRDA:220,29,1,0
BRDA:242,30,0,0
BRDA:242,30,1,0
BRDA:271,31,0,0
BRDA:271,31,1,0
BRDA:278,32,0,0
BRDA:278,32,1,0
BRDA:285,33,0,0
BRDA:285,33,1,0
BRDA:317,34,0,0
BRDA:317,34,1,0
BRDA:323,35,0,0
BRDA:323,35,1,0
BRDA:332,36,0,0
BRDA:332,36,1,0
BRDA:332,37,0,0
BRDA:332,37,1,0
BRDA:332,37,2,0
BRDA:349,38,0,0
BRDA:349,38,1,2
BRDA:349,39,0,2
BRDA:349,39,1,2
BRDA:355,40,0,2
BRDA:355,40,1,0
BRDA:356,41,0,2
BRDA:356,41,1,0
BRDA:360,42,0,2
BRDA:360,42,1,0
BRDA:363,43,0,2
BRDA:363,43,1,2
BRDA:381,44,0,0
BRDA:381,44,1,0
BRDA:388,45,0,0
BRDA:388,45,1,0
BRDA:416,46,0,0
BRDA:416,46,1,0
BRDA:424,47,0,0
BRDA:424,47,1,0
BRDA:448,48,0,0
BRDA:448,48,1,0
BRDA:452,49,0,0
BRDA:452,49,1,0
BRDA:452,50,0,0
BRDA:452,50,1,0
BRDA:455,51,0,0
BRDA:455,51,1,0
BRDA:455,52,0,0
BRDA:455,52,1,0
BRDA:477,53,0,0
BRDA:477,53,1,0
BRDA:481,54,0,0
BRDA:481,54,1,0
BRDA:582,55,0,0
BRDA:582,55,1,0
BRDA:592,56,0,0
BRDA:592,56,1,0
BRDA:602,57,0,2
BRDA:602,57,1,0
BRDA:618,58,0,0
BRDA:618,58,1,0
BRDA:618,59,0,0
BRDA:618,59,1,0
BRDA:618,59,2,0
BRDA:622,60,0,0
BRDA:622,60,1,0
BRDA:622,61,0,0
BRDA:622,61,1,0
BRDA:624,62,0,0
BRDA:624,62,1,0
BRDA:624,63,0,0
BRDA:624,63,1,0
BRDA:628,64,0,0
BRDA:628,64,1,0
BRDA:630,65,0,0
BRDA:630,65,1,0
BRDA:641,66,0,0
BRDA:641,66,1,0
BRDA:641,67,0,0
BRDA:641,67,1,0
BRDA:642,68,0,0
BRDA:642,68,1,0
BRDA:651,69,0,0
BRDA:651,69,1,2
BRDA:667,70,0,0
BRDA:667,70,1,0
BRDA:704,71,0,2
BRDA:704,71,1,0
BRDA:704,72,0,2
BRDA:704,72,1,2
BRDA:705,73,0,0
BRDA:705,73,1,2
BRF:149
BRH:17
end_of_record
TN:
SF:assets\enhanced-cart.js
FN:10,(anonymous_0)
FN:23,(anonymous_1)
FN:29,(anonymous_2)
FN:49,(anonymous_3)
FN:52,(anonymous_4)
FN:53,(anonymous_5)
FN:55,(anonymous_6)
FN:58,(anonymous_7)
FN:76,(anonymous_8)
FN:84,(anonymous_9)
FN:96,(anonymous_10)
FN:99,(anonymous_11)
FN:123,(anonymous_12)
FN:129,(anonymous_13)
FN:135,(anonymous_14)
FN:164,(anonymous_15)
FN:166,(anonymous_16)
FN:176,(anonymous_17)
FN:180,(anonymous_18)
FN:195,(anonymous_19)
FN:210,(anonymous_20)
FN:218,(anonymous_21)
FN:226,(anonymous_22)
FN:239,(anonymous_23)
FN:271,(anonymous_24)
FN:278,(anonymous_25)
FN:288,(anonymous_26)
FN:293,(anonymous_27)
FN:328,(anonymous_28)
FN:333,(anonymous_29)
FN:345,(anonymous_30)
FN:356,(anonymous_31)
FN:365,(anonymous_32)
FN:379,(anonymous_33)
FN:389,(anonymous_34)
FN:397,(anonymous_35)
FNF:36
FNH:0
FNDA:0,(anonymous_0)
FNDA:0,(anonymous_1)
FNDA:0,(anonymous_2)
FNDA:0,(anonymous_3)
FNDA:0,(anonymous_4)
FNDA:0,(anonymous_5)
FNDA:0,(anonymous_6)
FNDA:0,(anonymous_7)
FNDA:0,(anonymous_8)
FNDA:0,(anonymous_9)
FNDA:0,(anonymous_10)
FNDA:0,(anonymous_11)
FNDA:0,(anonymous_12)
FNDA:0,(anonymous_13)
FNDA:0,(anonymous_14)
FNDA:0,(anonymous_15)
FNDA:0,(anonymous_16)
FNDA:0,(anonymous_17)
FNDA:0,(anonymous_18)
FNDA:0,(anonymous_19)
FNDA:0,(anonymous_20)
FNDA:0,(anonymous_21)
FNDA:0,(anonymous_22)
FNDA:0,(anonymous_23)
FNDA:0,(anonymous_24)
FNDA:0,(anonymous_25)
FNDA:0,(anonymous_26)
FNDA:0,(anonymous_27)
FNDA:0,(anonymous_28)
FNDA:0,(anonymous_29)
FNDA:0,(anonymous_30)
FNDA:0,(anonymous_31)
FNDA:0,(anonymous_32)
FNDA:0,(anonymous_33)
FNDA:0,(anonymous_34)
FNDA:0,(anonymous_35)
DA:11,0
DA:12,0
DA:13,0
DA:14,0
DA:16,0
DA:17,0
DA:25,0
DA:26,0
DA:27,0
DA:28,0
DA:29,0
DA:30,0
DA:33,0
DA:35,0
DA:40,0
DA:43,0
DA:51,0
DA:52,0
DA:55,0
DA:56,0
DA:57,0
DA:58,0
DA:59,0
DA:60,0
DA:62,0
DA:68,0
DA:71,0
DA:74,0
DA:77,0
DA:85,0
DA:86,0
DA:87,0
DA:89,0
DA:98,0
DA:99,0
DA:101,0
DA:104,0
DA:105,0
DA:106,0
DA:109,0
DA:110,0
DA:111,0
DA:114,0
DA:115,0
DA:116,0
DA:125,0
DA:128,0
DA:129,0
DA:131,0
DA:132,0
DA:133,0
DA:135,0
DA:136,0
DA:137,0
DA:138,0
DA:139,0
DA:140,0
DA:145,0
DA:148,0
DA:149,0
DA:150,0
DA:153,0
DA:154,0
DA:165,0
DA:166,0
DA:169,0
DA:177,0
DA:178,0
DA:180,0
DA:181,0
DA:182,0
DA:186,0
DA:188,0
DA:196,0
DA:197,0
DA:212,0
DA:215,0
DA:218,0
DA:219,0
DA:221,0
DA:226,0
DA:227,0
DA:230,0
DA:243,0
DA:244,0
DA:247,0
DA:248,0
DA:249,0
DA:250,0
DA:252,0
DA:253,0
DA:254,0
DA:259,0
DA:260,0
DA:261,0
DA:262,0
DA:264,0
DA:265,0
DA:266,0
DA:271,0
DA:272,0
DA:278,0
DA:279,0
DA:290,0
DA:293,0
DA:294,0
DA:295,0
DA:297,0
DA:301,0
DA:304,0
DA:307,0
DA:313,0
DA:321,0
DA:330,0
DA:332,0
DA:333,0
DA:334,0
DA:335,0
DA:337,0
DA:340,0
DA:341,0
DA:342,0
DA:345,0
DA:346,0
DA:358,0
DA:365,0
DA:366,0
DA:367,0
DA:368,0
DA:379,0
DA:381,0
DA:383,0
DA:384,0
DA:386,0
DA:389,0
DA:390,0
DA:391,0
DA:397,0
DA:398,0
DA:399,0
DA:502,0
LF:141
LH:0
BRDA:26,0,0,0
BRDA:26,0,1,0
BRDA:56,1,0,0
BRDA:56,1,1,0
BRDA:56,2,0,0
BRDA:56,2,1,0
BRDA:59,3,0,0
BRDA:59,3,1,0
BRDA:132,4,0,0
BRDA:132,4,1,0
BRDA:149,5,0,0
BRDA:149,5,1,0
BRDA:164,6,0,0
BRDA:196,7,0,0
BRDA:196,7,1,0
BRDA:219,8,0,0
BRDA:219,8,1,0
BRDA:219,9,0,0
BRDA:219,9,1,0
BRDA:227,10,0,0
BRDA:227,10,1,0
BRDA:227,11,0,0
BRDA:227,11,1,0
BRDA:249,12,0,0
BRDA:249,12,1,0
BRDA:253,13,0,0
BRDA:253,13,1,0
BRDA:261,14,0,0
BRDA:261,14,1,0
BRDA:265,15,0,0
BRDA:265,15,1,0
BRDA:290,16,0,0
BRDA:290,16,1,0
BRDA:294,17,0,0
BRDA:294,17,1,0
BRDA:316,18,0,0
BRDA:316,18,1,0
BRDA:330,19,0,0
BRDA:330,19,1,0
BRDA:330,20,0,0
BRDA:330,20,1,0
BRDA:335,21,0,0
BRDA:335,21,1,0
BRDA:367,22,0,0
BRDA:367,22,1,0
BRDA:381,23,0,0
BRDA:381,23,1,0
BRDA:383,24,0,0
BRDA:383,24,1,0
BRDA:390,25,0,0
BRDA:390,25,1,0
BRF:51
BRH:0
end_of_record
TN:
SF:assets\glitch-engine.js
FN:30,(anonymous_0)
FN:73,(anonymous_1)
FN:110,(anonymous_2)
FN:143,(anonymous_3)
FN:171,(anonymous_4)
FN:190,(anonymous_5)
FN:191,(anonymous_6)
FN:210,(anonymous_7)
FN:220,(anonymous_8)
FN:235,(anonymous_9)
FN:257,(anonymous_10)
FN:284,(anonymous_11)
FN:306,(anonymous_12)
FN:325,(anonymous_13)
FN:326,(anonymous_14)
FN:369,(anonymous_15)
FN:370,(anonymous_16)
FN:398,(anonymous_17)
FN:411,(anonymous_18)
FN:412,(anonymous_19)
FN:456,(anonymous_20)
FN:472,(anonymous_21)
FN:474,(anonymous_22)
FN:484,(anonymous_23)
FN:583,(anonymous_24)
FN:729,(anonymous_25)
FN:736,(anonymous_26)
FN:747,(anonymous_27)
FN:748,(anonymous_28)
FN:759,(anonymous_29)
FN:760,(anonymous_30)
FN:776,(anonymous_31)
FN:800,(anonymous_32)
FN:815,(anonymous_33)
FN:851,(anonymous_34)
FN:867,(anonymous_35)
FN:898,(anonymous_36)
FN:914,(anonymous_37)
FN:923,(anonymous_38)
FNF:39
FNH:0
FNDA:0,(anonymous_0)
FNDA:0,(anonymous_1)
FNDA:0,(anonymous_2)
FNDA:0,(anonymous_3)
FNDA:0,(anonymous_4)
FNDA:0,(anonymous_5)
FNDA:0,(anonymous_6)
FNDA:0,(anonymous_7)
FNDA:0,(anonymous_8)
FNDA:0,(anonymous_9)
FNDA:0,(anonymous_10)
FNDA:0,(anonymous_11)
FNDA:0,(anonymous_12)
FNDA:0,(anonymous_13)
FNDA:0,(anonymous_14)
FNDA:0,(anonymous_15)
FNDA:0,(anonymous_16)
FNDA:0,(anonymous_17)
FNDA:0,(anonymous_18)
FNDA:0,(anonymous_19)
FNDA:0,(anonymous_20)
FNDA:0,(anonymous_21)
FNDA:0,(anonymous_22)
FNDA:0,(anonymous_23)
FNDA:0,(anonymous_24)
FNDA:0,(anonymous_25)
FNDA:0,(anonymous_26)
FNDA:0,(anonymous_27)
FNDA:0,(anonymous_28)
FNDA:0,(anonymous_29)
FNDA:0,(anonymous_30)
FNDA:0,(anonymous_31)
FNDA:0,(anonymous_32)
FNDA:0,(anonymous_33)
FNDA:0,(anonymous_34)
FNDA:0,(anonymous_35)
FNDA:0,(anonymous_36)
FNDA:0,(anonymous_37)
FNDA:0,(anonymous_38)
DA:32,0
DA:47,0
DA:48,0
DA:49,0
DA:50,0
DA:51,0
DA:52,0
DA:53,0
DA:54,0
DA:55,0
DA:56,0
DA:57,0
DA:58,0
DA:61,0
DA:64,0
DA:65,0
DA:75,0
DA:78,0
DA:79,0
DA:83,0
DA:84,0
DA:88,0
DA:89,0
DA:93,0
DA:94,0
DA:102,0
DA:111,0
DA:114,0
DA:115,0
DA:118,0
DA:119,0
DA:123,0
DA:124,0
DA:125,0
DA:128,0
DA:129,0
DA:136,0
DA:144,0
DA:147,0
DA:148,0
DA:149,0
DA:150,0
DA:154,0
DA:157,0
DA:158,0
DA:163,0
DA:172,0
DA:173,0
DA:174,0
DA:177,0
DA:178,0
DA:179,0
DA:182,0
DA:183,0
DA:185,0
DA:186,0
DA:190,0
DA:191,0
DA:193,0
DA:194,0
DA:196,0
DA:197,0
DA:200,0
DA:211,0
DA:212,0
DA:221,0
DA:222,0
DA:224,0
DA:225,0
DA:227,0
DA:236,0
DA:237,0
DA:240,0
DA:241,0
DA:245,0
DA:246,0
DA:249,0
DA:258,0
DA:259,0
DA:260,0
DA:263,0
DA:264,0
DA:265,0
DA:266,0
DA:268,0
DA:272,0
DA:273,0
DA:274,0
DA:277,0
DA:285,0
DA:287,0
DA:288,0
DA:290,0
DA:292,0
DA:295,0
DA:299,0
DA:308,0
DA:311,0
DA:312,0
DA:313,0
DA:314,0
DA:318,0
DA:326,0
DA:327,0
DA:329,0
DA:330,0
DA:331,0
DA:334,0
DA:337,0
DA:338,0
DA:341,0
DA:343,0
DA:344,0
DA:346,0
DA:347,0
DA:349,0
DA:350,0
DA:352,0
DA:357,0
DA:361,0
DA:370,0
DA:371,0
DA:373,0
DA:376,0
DA:378,0
DA:379,0
DA:382,0
DA:384,0
DA:386,0
DA:389,0
DA:391,0
DA:395,0
DA:398,0
DA:399,0
DA:400,0
DA:412,0
DA:414,0
DA:417,0
DA:419,0
DA:421,0
DA:422,0
DA:423,0
DA:425,0
DA:426,0
DA:429,0
DA:431,0
DA:432,0
DA:433,0
DA:436,0
DA:437,0
DA:440,0
DA:441,0
DA:443,0
DA:444,0
DA:446,0
DA:450,0
DA:451,0
DA:452,0
DA:456,0
DA:457,0
DA:458,0
DA:459,0
DA:460,0
DA:474,0
DA:475,0
DA:486,0
DA:487,0
DA:490,0
DA:491,0
DA:494,0
DA:495,0
DA:496,0
DA:497,0
DA:498,0
DA:499,0
DA:500,0
DA:503,0
DA:504,0
DA:505,0
DA:509,0
DA:512,0
DA:514,0
DA:515,0
DA:516,0
DA:517,0
DA:521,0
DA:523,0
DA:524,0
DA:525,0
DA:526,0
DA:530,0
DA:531,0
DA:534,0
DA:543,0
DA:546,0
DA:547,0
DA:548,0
DA:551,0
DA:552,0
DA:553,0
DA:554,0
DA:555,0
DA:556,0
DA:557,0
DA:560,0
DA:563,0
DA:585,0
DA:596,0
DA:681,0
DA:682,0
DA:683,0
DA:686,0
DA:687,0
DA:688,0
DA:689,0
DA:692,0
DA:693,0
DA:694,0
DA:697,0
DA:698,0
DA:699,0
DA:700,0
DA:701,0
DA:705,0
DA:706,0
DA:707,0
DA:708,0
DA:711,0
DA:712,0
DA:713,0
DA:714,0
DA:715,0
DA:716,0
DA:720,0
DA:722,0
DA:730,0
DA:732,0
DA:733,0
DA:734,0
DA:736,0
DA:737,0
DA:739,0
DA:748,0
DA:749,0
DA:750,0
DA:760,0
DA:762,0
DA:763,0
DA:766,0
DA:767,0
DA:778,0
DA:779,0
DA:780,0
DA:781,0
DA:784,0
DA:785,0
DA:788,0
DA:789,0
DA:790,0
DA:801,0
DA:802,0
DA:803,0
DA:807,0
DA:816,0
DA:817,0
DA:819,0
DA:828,0
DA:829,0
DA:832,0
DA:833,0
DA:834,0
DA:836,0
DA:837,0
DA:841,0
DA:842,0
DA:853,0
DA:854,0
DA:868,0
DA:870,0
DA:872,0
DA:873,0
DA:875,0
DA:876,0
DA:878,0
DA:879,0
DA:881,0
DA:882,0
DA:886,0
DA:899,0
DA:900,0
DA:903,0
DA:904,0
DA:915,0
DA:917,0
DA:922,1
DA:923,1
DA:925,0
DA:927,0
DA:928,0
DA:935,0
DA:936,0
LF:301
LH:2
BRDA:30,0,0,0
BRDA:33,1,0,0
BRDA:33,1,1,0
BRDA:34,2,0,0
BRDA:34,2,1,0
BRDA:35,3,0,0
BRDA:35,3,1,0
BRDA:36,4,0,0
BRDA:36,4,1,0
BRDA:37,5,0,0
BRDA:37,5,1,0
BRDA:38,6,0,0
BRDA:38,6,1,0
BRDA:39,7,0,0
BRDA:39,7,1,0
BRDA:40,8,0,0
BRDA:40,8,1,0
BRDA:41,9,0,0
BRDA:41,9,1,0
BRDA:42,10,0,0
BRDA:42,10,1,0
BRDA:43,11,0,0
BRDA:43,11,1,0
BRDA:64,12,0,0
BRDA:64,12,1,0
BRDA:78,13,0,0
BRDA:78,13,1,0
BRDA:78,14,0,0
BRDA:78,14,1,0
BRDA:83,15,0,0
BRDA:83,15,1,0
BRDA:88,16,0,0
BRDA:88,16,1,0
BRDA:93,17,0,0
BRDA:93,17,1,0
BRDA:110,18,0,0
BRDA:111,19,0,0
BRDA:111,19,1,0
BRDA:114,20,0,0
BRDA:114,20,1,0
BRDA:118,21,0,0
BRDA:118,21,1,0
BRDA:128,22,0,0
BRDA:128,22,1,0
BRDA:144,23,0,0
BRDA:144,23,1,0
BRDA:148,24,0,0
BRDA:148,24,1,0
BRDA:157,25,0,0
BRDA:157,25,1,0
BRDA:171,26,0,0
BRDA:172,27,0,0
BRDA:172,27,1,0
BRDA:173,28,0,0
BRDA:173,28,1,0
BRDA:174,29,0,0
BRDA:174,29,1,0
BRDA:185,30,0,0
BRDA:185,30,1,0
BRDA:196,31,0,0
BRDA:196,31,1,0
BRDA:221,32,0,0
BRDA:221,32,1,0
BRDA:236,33,0,0
BRDA:236,33,1,0
BRDA:236,34,0,0
BRDA:236,34,1,0
BRDA:240,35,0,0
BRDA:240,35,1,0
BRDA:240,36,0,0
BRDA:240,36,1,0
BRDA:245,37,0,0
BRDA:245,37,1,0
BRDA:245,38,0,0
BRDA:245,38,1,0
BRDA:259,39,0,0
BRDA:259,39,1,0
BRDA:263,40,0,0
BRDA:263,40,1,0
BRDA:265,41,0,0
BRDA:265,41,1,0
BRDA:265,42,0,0
BRDA:265,42,1,0
BRDA:272,43,0,0
BRDA:272,43,1,0
BRDA:285,44,0,0
BRDA:285,44,1,0
BRDA:290,45,0,0
BRDA:290,45,1,0
BRDA:308,46,0,0
BRDA:308,46,1,0
BRDA:311,47,0,0
BRDA:311,47,1,0
BRDA:311,48,0,0
BRDA:311,48,1,0
BRDA:313,49,0,0
BRDA:313,49,1,0
BRDA:327,50,0,0
BRDA:327,50,1,0
BRDA:334,51,0,0
BRDA:334,51,1,0
BRDA:334,52,0,0
BRDA:334,52,1,0
BRDA:341,53,0,0
BRDA:341,53,1,0
BRDA:341,53,2,0
BRDA:341,53,3,0
BRDA:371,54,0,0
BRDA:371,54,1,0
BRDA:378,55,0,0
BRDA:378,55,1,0
BRDA:384,56,0,0
BRDA:384,56,1,0
BRDA:399,57,0,0
BRDA:399,57,1,0
BRDA:399,58,0,0
BRDA:399,58,1,0
BRDA:414,59,0,0
BRDA:414,59,1,0
BRDA:419,60,0,0
BRDA:419,60,1,0
BRDA:429,61,0,0
BRDA:429,61,1,0
BRDA:429,61,2,0
BRDA:429,61,3,0
BRDA:429,61,4,0
BRDA:451,62,0,0
BRDA:451,62,1,0
BRDA:457,63,0,0
BRDA:457,63,1,0
BRDA:457,64,0,0
BRDA:457,64,1,0
BRDA:459,65,0,0
BRDA:459,65,1,0
BRDA:504,66,0,0
BRDA:504,66,1,0
BRDA:512,67,0,0
BRDA:512,67,1,0
BRDA:514,68,0,0
BRDA:514,68,1,0
BRDA:523,69,0,0
BRDA:523,69,1,0
BRDA:686,70,0,0
BRDA:686,70,1,0
BRDA:697,71,0,0
BRDA:697,71,1,0
BRDA:711,72,0,0
BRDA:711,72,1,0
BRDA:730,73,0,0
BRDA:730,73,1,0
BRDA:734,74,0,0
BRDA:734,74,1,0
BRDA:737,75,0,0
BRDA:737,75,1,0
BRDA:749,76,0,0
BRDA:749,76,1,0
BRDA:766,77,0,0
BRDA:766,77,1,0
BRDA:778,78,0,0
BRDA:778,78,1,0
BRDA:778,79,0,0
BRDA:778,79,1,0
BRDA:804,80,0,0
BRDA:804,80,1,0
BRDA:817,81,0,0
BRDA:817,81,1,0
BRDA:836,82,0,0
BRDA:836,82,1,0
BRDA:853,83,0,0
BRDA:853,83,1,0
BRDA:853,84,0,0
BRDA:853,84,1,0
BRDA:855,85,0,0
BRDA:855,85,1,0
BRDA:856,86,0,0
BRDA:856,86,1,0
BRDA:857,87,0,0
BRDA:857,87,1,0
BRDA:868,88,0,0
BRDA:868,88,1,0
BRDA:868,89,0,0
BRDA:868,89,1,0
BRDA:870,90,0,0
BRDA:870,90,1,0
BRDA:870,90,2,0
BRDA:870,90,3,0
BRDA:899,91,0,0
BRDA:899,91,1,0
BRDA:899,92,0,0
BRDA:899,92,1,0
BRDA:903,93,0,0
BRDA:903,93,1,0
BRDA:903,94,0,0
BRDA:903,94,1,0
BRDA:915,95,0,0
BRDA:915,95,1,0
BRDA:917,96,0,0
BRDA:917,96,1,0
BRDA:922,97,0,1
BRDA:922,97,1,0
BRDA:927,98,0,0
BRDA:927,98,1,0
BRF:202
BRH:1
end_of_record
TN:
SF:assets\hologram-component.js
FN:49,(anonymous_0)
FN:62,(anonymous_1)
FN:73,(anonymous_2)
FN:81,(anonymous_3)
FN:86,(anonymous_4)
FN:90,(anonymous_5)
FN:133,(anonymous_6)
FN:144,(anonymous_7)
FN:155,(anonymous_8)
FN:171,(anonymous_9)
FN:197,(anonymous_10)
FN:217,(anonymous_11)
FN:535,(anonymous_12)
FN:542,(anonymous_13)
FN:559,(anonymous_14)
FN:560,(anonymous_15)
FN:583,(anonymous_16)
FN:601,(anonymous_17)
FN:806,(anonymous_18)
FNF:19
FNH:1
FNDA:2,(anonymous_0)
FNDA:0,(anonymous_1)
FNDA:0,(anonymous_2)
FNDA:0,(anonymous_3)
FNDA:0,(anonymous_4)
FNDA:0,(anonymous_5)
FNDA:0,(anonymous_6)
FNDA:0,(anonymous_7)
FNDA:0,(anonymous_8)
FNDA:0,(anonymous_9)
FNDA:0,(anonymous_10)
FNDA:0,(anonymous_11)
FNDA:0,(anonymous_12)
FNDA:0,(anonymous_13)
FNDA:0,(anonymous_14)
FNDA:0,(anonymous_15)
FNDA:0,(anonymous_16)
FNDA:0,(anonymous_17)
FNDA:0,(anonymous_18)
DA:27,0
DA:28,0
DA:29,0
DA:30,0
DA:31,0
DA:32,0
DA:33,0
DA:34,0
DA:35,0
DA:36,0
DA:37,0
DA:38,0
DA:45,0
DA:46,0
DA:50,2
DA:63,0
DA:66,0
DA:69,0
DA:75,0
DA:78,0
DA:83,0
DA:91,0
DA:93,0
DA:95,0
DA:96,0
DA:97,0
DA:99,0
DA:100,0
DA:101,0
DA:103,0
DA:104,0
DA:105,0
DA:107,0
DA:108,0
DA:109,0
DA:111,0
DA:112,0
DA:113,0
DA:115,0
DA:116,0
DA:118,0
DA:119,0
DA:121,0
DA:122,0
DA:134,0
DA:135,0
DA:136,0
DA:145,0
DA:146,0
DA:147,0
DA:148,0
DA:157,0
DA:160,0
DA:161,0
DA:164,0
DA:173,0
DA:176,0
DA:177,0
DA:184,0
DA:185,0
DA:186,0
DA:189,0
DA:198,0
DA:201,0
DA:202,0
DA:205,0
DA:206,0
DA:207,0
DA:208,0
DA:210,0
DA:211,0
DA:212,0
DA:213,0
DA:214,0
DA:217,0
DA:218,0
DA:231,0
DA:232,0
DA:233,0
DA:234,0
DA:237,0
DA:238,0
DA:241,0
DA:242,0
DA:245,0
DA:246,0
DA:249,0
DA:250,0
DA:254,0
DA:263,0
DA:524,0
DA:525,0
DA:526,0
DA:529,0
DA:530,0
DA:533,0
DA:534,0
DA:535,0
DA:536,0
DA:540,0
DA:541,0
DA:542,0
DA:543,0
DA:548,0
DA:549,0
DA:559,0
DA:560,0
DA:561,0
DA:562,0
DA:571,0
DA:579,0
DA:581,0
DA:582,0
DA:585,0
DA:587,0
DA:590,0
DA:591,0
DA:592,0
DA:600,0
DA:603,0
DA:604,0
DA:606,0
DA:608,0
DA:623,0
DA:625,0
DA:626,0
DA:629,0
DA:632,0
DA:634,0
DA:647,0
DA:650,0
DA:651,0
DA:652,0
DA:655,0
DA:656,0
DA:657,0
DA:658,0
DA:660,0
DA:663,0
DA:664,0
DA:666,0
DA:669,0
DA:670,0
DA:684,0
DA:687,0
DA:688,0
DA:689,0
DA:700,0
DA:701,0
DA:710,0
DA:711,0
DA:712,0
DA:713,0
DA:717,0
DA:719,0
DA:722,0
DA:726,0
DA:734,0
DA:737,0
DA:740,0
DA:748,0
DA:751,0
DA:753,0
DA:754,0
DA:757,0
DA:758,0
DA:759,0
DA:762,0
DA:765,0
DA:766,0
DA:767,0
DA:778,0
DA:780,0
DA:794,0
DA:795,0
DA:796,0
DA:800,0
DA:801,0
DA:802,0
DA:806,0
DA:807,0
DA:808,0
DA:812,0
DA:817,2
DA:818,2
LF:185
LH:3
BRDA:91,0,0,0
BRDA:91,0,1,0
BRDA:93,1,0,0
BRDA:93,1,1,0
BRDA:93,1,2,0
BRDA:93,1,3,0
BRDA:93,1,4,0
BRDA:93,1,5,0
BRDA:93,1,6,0
BRDA:93,1,7,0
BRDA:99,2,0,0
BRDA:99,2,1,0
BRDA:103,3,0,0
BRDA:103,3,1,0
BRDA:107,4,0,0
BRDA:107,4,1,0
BRDA:118,5,0,0
BRDA:118,5,1,0
BRDA:121,6,0,0
BRDA:121,6,1,0
BRDA:133,7,0,0
BRDA:135,8,0,0
BRDA:135,8,1,0
BRDA:144,9,0,0
BRDA:145,10,0,0
BRDA:145,10,1,0
BRDA:157,11,0,0
BRDA:157,11,1,0
BRDA:160,12,0,0
BRDA:160,12,1,0
BRDA:173,13,0,0
BRDA:173,13,1,0
BRDA:176,14,0,0
BRDA:176,14,1,0
BRDA:184,15,0,0
BRDA:184,15,1,0
BRDA:197,16,0,0
BRDA:197,17,0,0
BRDA:198,18,0,0
BRDA:198,18,1,0
BRDA:201,19,0,0
BRDA:201,19,1,0
BRDA:232,20,0,0
BRDA:232,20,1,0
BRDA:237,21,0,0
BRDA:237,21,1,0
BRDA:241,22,0,0
BRDA:241,22,1,0
BRDA:245,23,0,0
BRDA:245,23,1,0
BRDA:246,24,0,0
BRDA:246,24,1,0
BRDA:249,25,0,0
BRDA:249,25,1,0
BRDA:250,26,0,0
BRDA:250,26,1,0
BRDA:534,27,0,0
BRDA:534,27,1,0
BRDA:541,28,0,0
BRDA:541,28,1,0
BRDA:548,29,0,0
BRDA:548,29,1,0
BRDA:561,30,0,0
BRDA:561,30,1,0
BRDA:561,31,0,0
BRDA:561,31,1,0
BRDA:579,32,0,0
BRDA:579,32,1,0
BRDA:581,33,0,0
BRDA:581,33,1,0
BRDA:585,34,0,0
BRDA:585,34,1,0
BRDA:585,35,0,0
BRDA:585,35,1,0
BRDA:585,35,2,0
BRDA:590,36,0,0
BRDA:590,36,1,0
BRDA:590,37,0,0
BRDA:590,37,1,0
BRDA:603,38,0,0
BRDA:603,38,1,0
BRDA:604,39,0,0
BRDA:604,39,1,0
BRDA:606,40,0,0
BRDA:606,40,1,0
BRDA:606,41,0,0
BRDA:606,41,1,0
BRDA:609,42,0,0
BRDA:609,42,1,0
BRDA:610,43,0,0
BRDA:610,43,1,0
BRDA:623,44,0,0
BRDA:623,44,1,0
BRDA:626,45,0,0
BRDA:626,45,1,0
BRDA:632,46,0,0
BRDA:632,46,1,0
BRDA:634,47,0,0
BRDA:634,47,1,0
BRDA:634,48,0,0
BRDA:634,48,1,0
BRDA:647,49,0,0
BRDA:647,49,1,0
BRDA:658,50,0,0
BRDA:658,50,1,0
BRDA:669,51,0,0
BRDA:669,51,1,0
BRDA:669,52,0,0
BRDA:669,52,1,0
BRDA:688,53,0,0
BRDA:688,53,1,0
BRDA:700,54,0,0
BRDA:700,54,1,0
BRDA:711,55,0,0
BRDA:711,55,1,0
BRDA:717,56,0,0
BRDA:717,56,1,0
BRDA:734,57,0,0
BRDA:734,57,1,0
BRDA:748,58,0,0
BRDA:748,58,1,0
BRDA:753,59,0,0
BRDA:753,59,1,0
BRDA:758,60,0,0
BRDA:758,60,1,0
BRDA:766,61,0,0
BRDA:766,61,1,0
BRDA:781,62,0,0
BRDA:781,62,1,0
BRDA:781,62,2,0
BRDA:781,62,3,0
BRDA:783,63,0,0
BRDA:783,63,1,0
BRDA:784,64,0,0
BRDA:784,64,1,0
BRDA:794,65,0,0
BRDA:794,65,1,0
BRDA:800,66,0,0
BRDA:800,66,1,0
BRDA:807,67,0,0
BRDA:807,67,1,0
BRDA:807,68,0,0
BRDA:807,68,1,0
BRDA:817,69,0,2
BRDA:817,69,1,0
BRDA:817,70,0,2
BRDA:817,70,1,2
BRF:147
BRH:3
end_of_record
TN:
SF:assets\neural-bus.js
FN:37,(anonymous_0)
FN:114,(anonymous_1)
FN:149,(anonymous_2)
FN:164,(anonymous_3)
FN:173,(anonymous_4)
FN:184,(anonymous_5)
FN:222,(anonymous_6)
FN:244,(anonymous_7)
FN:253,(anonymous_8)
FN:257,(anonymous_9)
FN:276,(anonymous_10)
FN:296,(anonymous_11)
FN:326,(anonymous_12)
FN:335,(anonymous_13)
FN:342,(anonymous_14)
FN:360,(anonymous_15)
FN:398,(anonymous_16)
FN:408,(anonymous_17)
FN:426,(anonymous_18)
FN:443,(anonymous_19)
FN:457,(anonymous_20)
FN:465,(anonymous_21)
FN:486,(anonymous_22)
FN:494,(anonymous_23)
FN:501,(anonymous_24)
FNF:25
FNH:4
FNDA:1,(anonymous_0)
FNDA:1,(anonymous_1)
FNDA:4,(anonymous_2)
FNDA:0,(anonymous_3)
FNDA:0,(anonymous_4)
FNDA:0,(anonymous_5)
FNDA:3,(anonymous_6)
FNDA:0,(anonymous_7)
FNDA:0,(anonymous_8)
FNDA:0,(anonymous_9)
FNDA:0,(anonymous_10)
FNDA:0,(anonymous_11)
FNDA:0,(anonymous_12)
FNDA:0,(anonymous_13)
FNDA:0,(anonymous_14)
FNDA:0,(anonymous_15)
FNDA:0,(anonymous_16)
FNDA:0,(anonymous_17)
FNDA:0,(anonymous_18)
FNDA:0,(anonymous_19)
FNDA:0,(anonymous_20)
FNDA:0,(anonymous_21)
FNDA:0,(anonymous_22)
FNDA:0,(anonymous_23)
FNDA:0,(anonymous_24)
DA:24,3
DA:25,3
DA:26,3
DA:27,3
DA:28,3
DA:29,3
DA:30,3
DA:31,3
DA:38,1
DA:40,1
DA:43,1
DA:46,1
DA:48,1
DA:49,1
DA:52,1
DA:53,1
DA:58,1
DA:67,1
DA:68,0
DA:69,0
DA:72,0
DA:73,0
DA:76,0
DA:77,0
DA:79,0
DA:80,0
DA:83,1
DA:84,1
DA:93,1
DA:94,0
DA:95,0
DA:101,0
DA:103,0
DA:115,1
DA:116,0
DA:120,1
DA:121,1
DA:124,1
DA:131,1
DA:134,1
DA:146,1
DA:147,1
DA:148,1
DA:149,4
DA:152,0
DA:156,1
DA:165,0
DA:175,0
DA:176,0
DA:179,0
DA:181,0
DA:182,0
DA:184,0
DA:188,0
DA:189,0
DA:194,0
DA:195,0
DA:197,0
DA:210,0
DA:212,0
DA:223,3
DA:226,3
DA:227,3
DA:230,3
DA:233,3
DA:239,3
DA:242,3
DA:244,0
DA:254,0
DA:256,0
DA:257,0
DA:260,0
DA:261,0
DA:263,0
DA:266,0
DA:277,0
DA:280,0
DA:281,0
DA:282,0
DA:285,0
DA:286,0
DA:287,0
DA:295,0
DA:296,0
DA:297,0
DA:298,0
DA:299,0
DA:301,0
DA:305,0
DA:308,0
DA:309,0
DA:314,0
DA:317,0
DA:327,0
DA:328,0
DA:329,0
DA:332,0
DA:334,0
DA:335,0
DA:336,0
DA:341,0
DA:342,0
DA:343,0
DA:344,0
DA:346,0
DA:352,0
DA:353,0
DA:354,0
DA:356,0
DA:357,0
DA:359,0
DA:360,0
DA:361,0
DA:367,0
DA:368,0
DA:372,0
DA:373,0
DA:376,0
DA:379,0
DA:385,0
DA:387,0
DA:388,0
DA:399,0
DA:400,0
DA:401,0
DA:404,0
DA:405,0
DA:406,0
DA:408,0
DA:409,0
DA:410,0
DA:414,0
DA:415,0
DA:417,0
DA:418,0
DA:427,0
DA:429,0
DA:430,0
DA:436,0
DA:444,0
DA:446,0
DA:447,0
DA:450,0
DA:458,0
DA:466,0
DA:467,0
DA:477,6
DA:479,0
DA:487,0
DA:495,0
DA:500,3
DA:501,3
DA:502,0
DA:505,0
LF:154
LH:42
BRDA:37,0,0,1
BRDA:38,1,0,0
BRDA:38,1,1,1
BRDA:40,2,0,1
BRDA:40,2,1,1
BRDA:52,3,0,1
BRDA:52,3,1,0
BRDA:67,4,0,0
BRDA:67,4,1,1
BRDA:67,5,0,1
BRDA:67,5,1,1
BRDA:93,6,0,0
BRDA:93,6,1,1
BRDA:93,7,0,1
BRDA:93,7,1,1
BRDA:115,8,0,0
BRDA:115,8,1,1
BRDA:115,9,0,1
BRDA:115,9,1,1
BRDA:146,10,0,1
BRDA:146,10,1,0
BRDA:146,11,0,1
BRDA:146,11,1,1
BRDA:175,12,0,0
BRDA:175,12,1,0
BRDA:179,13,0,0
BRDA:179,13,1,0
BRDA:188,14,0,0
BRDA:188,14,1,0
BRDA:210,15,0,0
BRDA:210,15,1,0
BRDA:222,16,0,3
BRDA:223,17,0,1
BRDA:223,17,1,2
BRDA:226,18,0,3
BRDA:226,18,1,0
BRDA:230,19,0,3
BRDA:230,19,1,3
BRDA:254,20,0,0
BRDA:254,20,1,0
BRDA:260,21,0,0
BRDA:260,21,1,0
BRDA:276,22,0,0
BRDA:277,23,0,0
BRDA:277,23,1,0
BRDA:280,24,0,0
BRDA:280,24,1,0
BRDA:291,25,0,0
BRDA:291,25,1,0
BRDA:308,26,0,0
BRDA:308,26,1,0
BRDA:311,27,0,0
BRDA:311,27,1,0
BRDA:327,28,0,0
BRDA:327,28,1,0
BRDA:327,29,0,0
BRDA:327,29,1,0
BRDA:334,30,0,0
BRDA:334,30,1,0
BRDA:341,31,0,0
BRDA:341,31,1,0
BRDA:343,32,0,0
BRDA:343,32,1,0
BRDA:352,33,0,0
BRDA:352,33,1,0
BRDA:353,34,0,0
BRDA:353,34,1,0
BRDA:356,35,0,0
BRDA:356,35,1,0
BRDA:359,36,0,0
BRDA:359,36,1,0
BRDA:367,37,0,0
BRDA:367,37,1,0
BRDA:372,38,0,0
BRDA:372,38,1,0
BRDA:399,39,0,0
BRDA:399,39,1,0
BRDA:399,40,0,0
BRDA:399,40,1,0
BRDA:409,41,0,0
BRDA:409,41,1,0
BRDA:467,42,0,0
BRDA:467,42,1,0
BRDA:477,43,0,6
BRDA:477,43,1,0
BRDA:500,44,0,3
BRDA:500,44,1,0
BRF:87
BRH:25
end_of_record
TN:
SF:assets\quantum-visualizer.js
FN:48,(anonymous_0)
FN:59,(anonymous_1)
FN:95,(anonymous_2)
FN:122,(anonymous_3)
FN:151,(anonymous_4)
FN:159,(anonymous_5)
FN:178,(anonymous_6)
FN:198,(anonymous_7)
FN:237,(anonymous_8)
FN:473,(anonymous_9)
FN:500,(anonymous_10)
FN:567,(anonymous_11)
FN:620,(anonymous_12)
FN:725,(anonymous_13)
FN:823,(anonymous_14)
FN:906,(anonymous_15)
FNF:16
FNH:0
FNDA:0,(anonymous_0)
FNDA:0,(anonymous_1)
FNDA:0,(anonymous_2)
FNDA:0,(anonymous_3)
FNDA:0,(anonymous_4)
FNDA:0,(anonymous_5)
FNDA:0,(anonymous_6)
FNDA:0,(anonymous_7)
FNDA:0,(anonymous_8)
FNDA:0,(anonymous_9)
FNDA:0,(anonymous_10)
FNDA:0,(anonymous_11)
FNDA:0,(anonymous_12)
FNDA:0,(anonymous_13)
FNDA:0,(anonymous_14)
FNDA:0,(anonymous_15)
DA:20,0
DA:21,0
DA:22,0
DA:23,0
DA:24,0
DA:25,0
DA:26,0
DA:27,0
DA:28,0
DA:29,0
DA:30,0
DA:31,0
DA:32,0
DA:33,0
DA:39,0
DA:40,0
DA:41,0
DA:42,0
DA:50,0
DA:64,0
DA:65,0
DA:66,0
DA:67,0
DA:68,0
DA:69,0
DA:72,0
DA:73,0
DA:77,0
DA:78,0
DA:82,0
DA:83,0
DA:86,0
DA:87,0
DA:96,0
DA:97,0
DA:98,0
DA:101,0
DA:104,0
DA:107,0
DA:110,0
DA:113,0
DA:115,0
DA:124,0
DA:127,0
DA:128,0
DA:131,0
DA:132,0
DA:133,0
DA:137,0
DA:140,0
DA:141,0
DA:144,0
DA:152,0
DA:161,0
DA:162,0
DA:165,0
DA:168,0
DA:169,0
DA:172,0
DA:179,0
DA:182,0
DA:183,0
DA:186,0
DA:187,0
DA:190,0
DA:192,0
DA:199,0
DA:200,0
DA:202,0
DA:210,0
DA:211,0
DA:214,0
DA:217,0
DA:220,0
DA:222,0
DA:223,0
DA:227,0
DA:230,0
DA:238,0
DA:241,0
DA:243,0
DA:252,0
DA:255,0
DA:261,0
DA:262,0
DA:266,0
DA:267,0
DA:271,0
DA:274,0
DA:284,0
DA:285,0
DA:295,0
DA:298,0
DA:308,0
DA:316,0
DA:319,0
DA:322,0
DA:325,0
DA:327,0
DA:336,0
DA:339,0
DA:340,0
DA:343,0
DA:344,0
DA:347,0
DA:350,0
DA:353,0
DA:361,0
DA:364,0
DA:365,0
DA:373,0
DA:376,0
DA:378,0
DA:379,0
DA:398,0
DA:400,0
DA:401,0
DA:409,0
DA:412,0
DA:415,0
DA:416,0
DA:418,0
DA:420,0
DA:423,0
DA:424,0
DA:427,0
DA:430,0
DA:433,0
DA:434,0
DA:438,0
DA:447,0
DA:450,0
DA:453,0
DA:455,0
DA:456,0
DA:458,0
DA:459,0
DA:467,0
DA:469,0
DA:470,0
DA:473,0
DA:475,0
DA:476,0
DA:479,0
DA:480,0
DA:481,0
DA:482,0
DA:485,0
DA:486,0
DA:487,0
DA:488,0
DA:497,0
DA:500,0
DA:503,0
DA:504,0
DA:506,0
DA:507,0
DA:509,0
DA:510,0
DA:511,0
DA:514,0
DA:515,0
DA:516,0
DA:519,0
DA:520,0
DA:522,0
DA:523,0
DA:524,0
DA:536,0
DA:564,0
DA:567,0
DA:568,0
DA:571,0
DA:574,0
DA:576,0
DA:583,0
DA:586,0
DA:593,0
DA:596,0
DA:603,0
DA:606,0
DA:617,0
DA:620,0
DA:621,0
DA:622,0
DA:625,0
DA:626,0
DA:630,0
DA:638,0
DA:641,0
DA:642,0
DA:643,0
DA:644,0
DA:645,0
DA:647,0
DA:648,0
DA:651,0
DA:652,0
DA:653,0
DA:654,0
DA:662,0
DA:665,0
DA:666,0
DA:667,0
DA:668,0
DA:671,0
DA:672,0
DA:674,0
DA:675,0
DA:676,0
DA:677,0
DA:685,0
DA:687,0
DA:689,0
DA:690,0
DA:691,0
DA:693,0
DA:695,0
DA:696,0
DA:697,0
DA:698,0
DA:700,0
DA:701,0
DA:703,0
DA:706,0
DA:709,0
DA:710,0
DA:719,0
DA:722,0
DA:725,0
DA:726,0
DA:727,0
DA:730,0
DA:733,0
DA:734,0
DA:737,0
DA:740,0
DA:743,0
DA:744,0
DA:745,0
DA:746,0
DA:748,0
DA:749,0
DA:750,0
DA:753,0
DA:757,0
DA:770,0
DA:773,0
DA:775,0
DA:777,0
DA:779,0
DA:782,0
DA:792,0
DA:793,0
DA:803,0
DA:804,0
DA:808,0
DA:818,0
DA:821,0
DA:823,0
DA:824,0
DA:837,0
DA:839,0
DA:840,0
DA:841,0
DA:843,0
DA:847,0
DA:849,0
DA:850,0
DA:852,0
DA:857,0
DA:867,0
DA:870,0
DA:872,0
DA:876,0
DA:878,0
DA:883,0
DA:885,0
DA:890,0
DA:892,0
DA:898,0
DA:900,0
DA:906,0
DA:907,0
DA:908,0
DA:909,0
DA:912,0
DA:917,2
DA:918,2
LF:289
LH:2
BRDA:48,0,0,0
BRDA:51,1,0,0
BRDA:51,1,1,0
BRDA:52,2,0,0
BRDA:52,2,1,0
BRDA:53,3,0,0
BRDA:53,3,1,0
BRDA:54,4,0,0
BRDA:54,4,1,0
BRDA:55,5,0,0
BRDA:55,5,1,0
BRDA:56,6,0,0
BRDA:56,6,1,0
BRDA:57,7,0,0
BRDA:57,7,1,0
BRDA:58,8,0,0
BRDA:58,8,1,0
BRDA:59,9,0,0
BRDA:59,9,1,0
BRDA:60,10,0,0
BRDA:60,10,1,0
BRDA:72,11,0,0
BRDA:72,11,1,0
BRDA:77,12,0,0
BRDA:77,12,1,0
BRDA:82,13,0,0
BRDA:82,13,1,0
BRDA:86,14,0,0
BRDA:86,14,1,0
BRDA:96,15,0,0
BRDA:96,15,1,0
BRDA:132,16,0,0
BRDA:132,16,1,0
BRDA:140,17,0,0
BRDA:140,17,1,0
BRDA:165,18,0,0
BRDA:165,18,1,0
BRDA:168,19,0,0
BRDA:168,19,1,0
BRDA:179,20,0,0
BRDA:179,20,1,0
BRDA:179,21,0,0
BRDA:179,21,1,0
BRDA:183,22,0,0
BRDA:183,22,1,0
BRDA:200,23,0,0
BRDA:200,23,1,0
BRDA:222,24,0,0
BRDA:222,24,1,0
BRDA:238,25,0,0
BRDA:238,25,1,0
BRDA:252,26,0,0
BRDA:252,26,1,0
BRDA:252,27,0,0
BRDA:252,27,1,0
BRDA:257,28,0,0
BRDA:257,28,1,0
BRDA:261,29,0,0
BRDA:261,29,1,0
BRDA:266,30,0,0
BRDA:266,30,1,0
BRDA:284,31,0,0
BRDA:284,31,1,0
BRDA:284,32,0,0
BRDA:284,32,1,0
BRDA:295,33,0,0
BRDA:295,33,1,0
BRDA:295,34,0,0
BRDA:295,34,1,0
BRDA:316,35,0,0
BRDA:316,35,1,0
BRDA:325,36,0,0
BRDA:325,36,1,0
BRDA:325,37,0,0
BRDA:325,37,1,0
BRDA:336,38,0,0
BRDA:336,38,1,0
BRDA:343,39,0,0
BRDA:343,39,1,0
BRDA:344,40,0,0
BRDA:344,40,1,0
BRDA:361,41,0,0
BRDA:361,41,1,0
BRDA:361,42,0,0
BRDA:361,42,1,0
BRDA:373,43,0,0
BRDA:373,43,1,0
BRDA:398,44,0,0
BRDA:398,44,1,0
BRDA:409,45,0,0
BRDA:409,45,1,0
BRDA:418,46,0,0
BRDA:418,46,1,0
BRDA:423,47,0,0
BRDA:423,47,1,0
BRDA:423,48,0,0
BRDA:423,48,1,0
BRDA:433,49,0,0
BRDA:433,49,1,0
BRDA:447,50,0,0
BRDA:447,50,1,0
BRDA:447,51,0,0
BRDA:447,51,1,0
BRDA:467,52,0,0
BRDA:467,52,1,0
BRDA:467,53,0,0
BRDA:467,53,1,0
BRDA:479,54,0,0
BRDA:479,54,1,0
BRDA:480,55,0,0
BRDA:480,55,1,0
BRDA:481,56,0,0
BRDA:481,56,1,0
BRDA:482,57,0,0
BRDA:482,57,1,0
BRDA:497,58,0,0
BRDA:497,58,1,0
BRDA:497,59,0,0
BRDA:497,59,1,0
BRDA:497,59,2,0
BRDA:509,60,0,0
BRDA:509,60,1,0
BRDA:509,61,0,0
BRDA:509,61,1,0
BRDA:564,62,0,0
BRDA:564,62,1,0
BRDA:564,63,0,0
BRDA:564,63,1,0
BRDA:564,63,2,0
BRDA:574,64,0,0
BRDA:574,64,1,0
BRDA:574,64,2,0
BRDA:617,65,0,0
BRDA:617,65,1,0
BRDA:617,66,0,0
BRDA:617,66,1,0
BRDA:638,67,0,0
BRDA:638,67,1,0
BRDA:662,68,0,0
BRDA:662,68,1,0
BRDA:662,69,0,0
BRDA:662,69,1,0
BRDA:685,70,0,0
BRDA:685,70,1,0
BRDA:700,71,0,0
BRDA:700,71,1,0
BRDA:719,72,0,0
BRDA:719,72,1,0
BRDA:719,73,0,0
BRDA:719,73,1,0
BRDA:740,74,0,0
BRDA:740,74,1,0
BRDA:743,75,0,0
BRDA:743,75,1,0
BRDA:746,76,0,0
BRDA:746,76,1,0
BRDA:773,77,0,0
BRDA:773,77,1,0
BRDA:773,77,2,0
BRDA:773,77,3,0
BRDA:803,78,0,0
BRDA:803,78,1,0
BRDA:803,79,0,0
BRDA:803,79,1,0
BRDA:837,80,0,0
BRDA:837,80,1,0
BRDA:847,81,0,0
BRDA:847,81,1,0
BRDA:849,82,0,0
BRDA:849,82,1,0
BRDA:870,83,0,0
BRDA:870,83,1,0
BRDA:870,83,2,0
BRDA:870,83,3,0
BRDA:870,83,4,0
BRDA:908,84,0,0
BRDA:908,84,1,0
BRDA:917,85,0,2
BRDA:917,85,1,0
BRDA:917,86,0,2
BRDA:917,86,1,2
BRF:181
BRH:3
end_of_record
