TN:
SF:assets\hologram-component.js
FN:38,(anonymous_0)
FN:305,(anonymous_1)
FN:333,(anonymous_2)
FN:353,(anonymous_3)
FN:379,(anonymous_4)
FN:389,(anonymous_5)
FN:409,(anonymous_6)
FN:422,(anonymous_7)
FN:437,(anonymous_8)
FN:440,(anonymous_9)
FN:495,(anonymous_10)
FN:501,(anonymous_11)
FN:516,(anonymous_12)
FN:533,(anonymous_13)
FN:535,(anonymous_14)
FN:542,(anonymous_15)
FN:560,(anonymous_16)
FN:562,(anonymous_17)
FN:569,(anonymous_18)
FN:593,(anonymous_19)
FN:602,(anonymous_20)
FN:662,(anonymous_21)
FN:674,(anonymous_22)
FN:686,(anonymous_23)
FN:694,(anonymous_24)
FN:710,(anonymous_25)
FN:743,(anonymous_26)
FN:859,(anonymous_27)
FNF:28
FNH:1
FNDA:0,(anonymous_0)
FNDA:0,(anonymous_1)
FNDA:0,(anonymous_2)
FNDA:0,(anonymous_3)
FNDA:1,(anonymous_4)
FNDA:0,(anonymous_5)
FNDA:0,(anonymous_6)
FNDA:0,(anonymous_7)
FNDA:0,(anonymous_8)
FNDA:0,(anonymous_9)
FNDA:0,(anonymous_10)
FNDA:0,(anonymous_11)
FNDA:0,(anonymous_12)
FNDA:0,(anonymous_13)
FNDA:0,(anonymous_14)
FNDA:0,(anonymous_15)
FNDA:0,(anonymous_16)
FNDA:0,(anonymous_17)
FNDA:0,(anonymous_18)
FNDA:0,(anonymous_19)
FNDA:0,(anonymous_20)
FNDA:0,(anonymous_21)
FNDA:0,(anonymous_22)
FNDA:0,(anonymous_23)
FNDA:0,(anonymous_24)
FNDA:0,(anonymous_25)
FNDA:0,(anonymous_26)
FNDA:0,(anonymous_27)
DA:19,0
DA:20,0
DA:21,0
DA:22,0
DA:23,0
DA:24,0
DA:25,0
DA:26,0
DA:27,0
DA:28,0
DA:29,0
DA:30,0
DA:31,0
DA:32,0
DA:33,0
DA:39,0
DA:42,0
DA:45,0
DA:46,0
DA:47,0
DA:49,0
DA:53,0
DA:299,0
DA:307,0
DA:308,0
DA:309,0
DA:312,0
DA:315,0
DA:318,0
DA:321,0
DA:324,0
DA:327,0
DA:335,0
DA:336,0
DA:339,0
DA:340,0
DA:341,0
DA:345,0
DA:346,0
DA:354,0
DA:356,0
DA:358,0
DA:359,0
DA:360,0
DA:362,0
DA:363,0
DA:364,0
DA:366,0
DA:367,0
DA:368,0
DA:370,0
DA:371,0
DA:372,0
DA:380,1
DA:388,0
DA:390,0
DA:391,0
DA:397,0
DA:405,0
DA:408,0
DA:411,0
DA:414,0
DA:415,0
DA:416,0
DA:417,0
DA:420,0
DA:423,0
DA:424,0
DA:428,0
DA:437,0
DA:439,0
DA:441,0
DA:442,0
DA:453,0
DA:456,0
DA:458,0
DA:460,0
DA:472,0
DA:473,0
DA:477,0
DA:479,0
DA:480,0
DA:489,0
DA:491,0
DA:494,0
DA:496,0
DA:497,0
DA:499,0
DA:502,0
DA:505,0
DA:506,0
DA:507,0
DA:508,0
DA:510,0
DA:514,0
DA:517,0
DA:518,0
DA:529,0
DA:532,0
DA:533,0
DA:534,0
DA:535,0
DA:536,0
DA:541,0
DA:542,0
DA:543,0
DA:546,0
DA:556,0
DA:559,0
DA:560,0
DA:561,0
DA:562,0
DA:563,0
DA:568,0
DA:569,0
DA:570,0
DA:573,0
DA:581,0
DA:583,0
DA:586,0
DA:594,0
DA:597,0
DA:600,0
DA:603,0
DA:604,0
DA:614,0
DA:617,0
DA:620,0
DA:623,0
DA:631,0
DA:634,0
DA:636,0
DA:638,0
DA:639,0
DA:641,0
DA:642,0
DA:644,0
DA:645,0
DA:647,0
DA:648,0
DA:651,0
DA:660,0
DA:661,0
DA:662,0
DA:663,0
DA:666,0
DA:667,0
DA:672,0
DA:673,0
DA:674,0
DA:675,0
DA:678,0
DA:679,0
DA:684,0
DA:685,0
DA:686,0
DA:687,0
DA:692,0
DA:693,0
DA:694,0
DA:695,0
DA:706,0
DA:707,0
DA:710,0
DA:711,0
DA:713,0
DA:723,0
DA:726,0
DA:727,0
DA:730,0
DA:731,0
DA:734,0
DA:735,0
DA:743,0
DA:744,0
DA:745,0
DA:749,0
DA:758,0
DA:761,0
DA:762,0
DA:771,0
DA:774,0
DA:776,0
DA:786,0
DA:796,0
DA:799,0
DA:801,0
DA:804,0
DA:805,0
DA:806,0
DA:807,0
DA:811,0
DA:821,0
DA:823,0
DA:835,0
DA:838,0
DA:847,0
DA:856,0
DA:859,0
DA:860,0
DA:869,0
DA:870,0
DA:872,0
DA:880,0
DA:881,0
DA:882,0
DA:886,0
DA:894,0
DA:895,0
DA:896,0
DA:906,0
DA:907,0
DA:908,0
DA:909,0
DA:913,0
DA:921,0
DA:922,0
DA:923,0
DA:932,0
DA:935,0
DA:937,0
DA:938,0
DA:941,0
DA:942,0
DA:943,0
DA:944,0
DA:947,0
DA:948,0
DA:949,0
DA:954,0
DA:955,0
DA:956,0
DA:959,0
DA:962,0
DA:963,0
DA:964,0
DA:974,0
DA:976,0
DA:979,0
DA:987,0
DA:989,0
DA:990,0
DA:994,0
DA:995,0
DA:1005,0
DA:1007,0
DA:1008,0
DA:1011,0
DA:1012,0
DA:1021,0
DA:1022,0
DA:1023,0
DA:1026,0
DA:1027,0
DA:1034,1
LF:255
LH:2
BRDA:45,0,0,0
BRDA:45,0,1,0
BRDA:309,1,0,0
BRDA:309,1,1,0
BRDA:339,2,0,0
BRDA:339,2,1,0
BRDA:345,3,0,0
BRDA:345,3,1,0
BRDA:354,4,0,0
BRDA:354,4,1,0
BRDA:356,5,0,0
BRDA:356,5,1,0
BRDA:356,5,2,0
BRDA:356,5,3,0
BRDA:390,6,0,0
BRDA:390,6,1,0
BRDA:390,7,0,0
BRDA:390,7,1,0
BRDA:405,8,0,0
BRDA:405,8,1,0
BRDA:414,9,0,0
BRDA:414,9,1,0
BRDA:416,10,0,0
BRDA:416,10,1,0
BRDA:453,11,0,0
BRDA:453,11,1,0
BRDA:453,12,0,0
BRDA:453,12,1,0
BRDA:472,13,0,0
BRDA:472,13,1,0
BRDA:489,14,0,0
BRDA:489,14,1,0
BRDA:496,15,0,0
BRDA:496,15,1,0
BRDA:506,16,0,0
BRDA:506,16,1,0
BRDA:529,17,0,0
BRDA:529,17,1,0
BRDA:532,18,0,0
BRDA:532,18,1,0
BRDA:532,19,0,0
BRDA:532,19,1,0
BRDA:534,20,0,0
BRDA:534,20,1,0
BRDA:534,21,0,0
BRDA:534,21,1,0
BRDA:536,22,0,0
BRDA:536,22,1,0
BRDA:541,23,0,0
BRDA:541,23,1,0
BRDA:542,24,0,0
BRDA:542,24,1,0
BRDA:543,25,0,0
BRDA:543,25,1,0
BRDA:543,26,0,0
BRDA:543,26,1,0
BRDA:556,27,0,0
BRDA:556,27,1,0
BRDA:559,28,0,0
BRDA:559,28,1,0
BRDA:559,29,0,0
BRDA:559,29,1,0
BRDA:561,30,0,0
BRDA:561,30,1,0
BRDA:561,31,0,0
BRDA:561,31,1,0
BRDA:563,32,0,0
BRDA:563,32,1,0
BRDA:568,33,0,0
BRDA:568,33,1,0
BRDA:569,34,0,0
BRDA:569,34,1,0
BRDA:570,35,0,0
BRDA:570,35,1,0
BRDA:570,36,0,0
BRDA:570,36,1,0
BRDA:581,37,0,0
BRDA:581,37,1,0
BRDA:581,38,0,0
BRDA:581,38,1,0
BRDA:631,39,0,0
BRDA:631,39,1,0
BRDA:636,40,0,0
BRDA:636,40,1,0
BRDA:636,40,2,0
BRDA:636,40,3,0
BRDA:661,41,0,0
BRDA:661,41,1,0
BRDA:663,42,0,0
BRDA:663,42,1,0
BRDA:666,43,0,0
BRDA:666,43,1,0
BRDA:673,44,0,0
BRDA:673,44,1,0
BRDA:675,45,0,0
BRDA:675,45,1,0
BRDA:678,46,0,0
BRDA:678,46,1,0
BRDA:685,47,0,0
BRDA:685,47,1,0
BRDA:693,48,0,0
BRDA:693,48,1,0
BRDA:706,49,0,0
BRDA:706,49,1,0
BRDA:711,50,0,0
BRDA:711,50,1,0
BRDA:723,51,0,0
BRDA:723,51,1,0
BRDA:744,52,0,0
BRDA:744,52,1,0
BRDA:744,53,0,0
BRDA:744,53,1,0
BRDA:758,54,0,0
BRDA:758,54,1,0
BRDA:758,55,0,0
BRDA:758,55,1,0
BRDA:771,56,0,0
BRDA:771,56,1,0
BRDA:771,57,0,0
BRDA:771,57,1,0
BRDA:771,57,2,0
BRDA:774,58,0,0
BRDA:774,58,1,0
BRDA:796,59,0,0
BRDA:796,59,1,0
BRDA:796,60,0,0
BRDA:796,60,1,0
BRDA:796,60,2,0
BRDA:799,61,0,0
BRDA:799,61,1,0
BRDA:805,62,0,0
BRDA:805,62,1,0
BRDA:805,63,0,0
BRDA:805,63,1,0
BRDA:821,64,0,0
BRDA:821,64,1,0
BRDA:821,65,0,0
BRDA:821,65,1,0
BRDA:835,66,0,0
BRDA:835,66,1,0
BRDA:870,67,0,0
BRDA:870,67,1,0
BRDA:881,68,0,0
BRDA:881,68,1,0
BRDA:895,69,0,0
BRDA:895,69,1,0
BRDA:907,70,0,0
BRDA:907,70,1,0
BRDA:922,71,0,0
BRDA:922,71,1,0
BRDA:932,72,0,0
BRDA:932,72,1,0
BRDA:937,73,0,0
BRDA:937,73,1,0
BRDA:942,74,0,0
BRDA:942,74,1,0
BRDA:947,75,0,0
BRDA:947,75,1,0
BRDA:955,76,0,0
BRDA:955,76,1,0
BRDA:963,77,0,0
BRDA:963,77,1,0
BRDA:974,78,0,0
BRDA:974,78,1,0
BRDA:987,79,0,0
BRDA:987,79,1,0
BRDA:989,80,0,0
BRDA:989,80,1,0
BRDA:994,81,0,0
BRDA:994,81,1,0
BRDA:1005,82,0,0
BRDA:1005,82,1,0
BRDA:1005,83,0,0
BRDA:1005,83,1,0
BRDA:1008,84,0,0
BRDA:1008,84,1,0
BRDA:1011,85,0,0
BRDA:1011,85,1,0
BRDA:1021,86,0,0
BRDA:1021,86,1,0
BRDA:1026,87,0,0
BRDA:1026,87,1,0
BRDA:1026,88,0,0
BRDA:1026,88,1,0
BRF:184
BRH:0
end_of_record
TN:
SF:assets\hologram-renderer.js
FN:40,(anonymous_0)
FN:52,(anonymous_1)
FN:89,(anonymous_2)
FN:94,(anonymous_3)
FN:113,(anonymous_4)
FN:126,(anonymous_5)
FN:135,(anonymous_6)
FN:151,(anonymous_7)
FN:175,(anonymous_8)
FN:184,(anonymous_9)
FN:196,(anonymous_10)
FN:220,(anonymous_11)
FN:238,(anonymous_12)
FN:280,(anonymous_13)
FN:337,(anonymous_14)
FN:341,(anonymous_15)
FN:374,(anonymous_16)
FN:384,(anonymous_17)
FN:409,(anonymous_18)
FN:410,(anonymous_19)
FN:434,(anonymous_20)
FN:436,(anonymous_21)
FN:445,(anonymous_22)
FN:456,(anonymous_23)
FN:467,(anonymous_24)
FN:475,(anonymous_25)
FN:484,(anonymous_26)
FN:492,(anonymous_27)
FN:501,(anonymous_28)
FN:509,(anonymous_29)
FN:513,(anonymous_30)
FN:515,(anonymous_31)
FN:529,(anonymous_32)
FN:540,(anonymous_33)
FNF:34
FNH:2
FNDA:6,(anonymous_0)
FNDA:0,(anonymous_1)
FNDA:0,(anonymous_2)
FNDA:0,(anonymous_3)
FNDA:0,(anonymous_4)
FNDA:0,(anonymous_5)
FNDA:0,(anonymous_6)
FNDA:0,(anonymous_7)
FNDA:0,(anonymous_8)
FNDA:0,(anonymous_9)
FNDA:0,(anonymous_10)
FNDA:0,(anonymous_11)
FNDA:0,(anonymous_12)
FNDA:6,(anonymous_13)
FNDA:0,(anonymous_14)
FNDA:0,(anonymous_15)
FNDA:0,(anonymous_16)
FNDA:0,(anonymous_17)
FNDA:0,(anonymous_18)
FNDA:0,(anonymous_19)
FNDA:0,(anonymous_20)
FNDA:0,(anonymous_21)
FNDA:0,(anonymous_22)
FNDA:0,(anonymous_23)
FNDA:0,(anonymous_24)
FNDA:0,(anonymous_25)
FNDA:0,(anonymous_26)
FNDA:0,(anonymous_27)
FNDA:0,(anonymous_28)
FNDA:0,(anonymous_29)
FNDA:0,(anonymous_30)
FNDA:0,(anonymous_31)
FNDA:0,(anonymous_32)
FNDA:0,(anonymous_33)
DA:42,6
DA:43,0
DA:46,6
DA:57,6
DA:58,6
DA:59,6
DA:60,6
DA:61,6
DA:62,6
DA:63,6
DA:64,6
DA:65,6
DA:66,6
DA:67,6
DA:70,6
DA:73,0
DA:75,0
DA:77,0
DA:78,0
DA:81,0
DA:90,0
DA:91,0
DA:94,0
DA:95,0
DA:97,0
DA:98,0
DA:99,0
DA:103,0
DA:106,0
DA:108,0
DA:114,0
DA:115,0
DA:116,0
DA:118,0
DA:119,0
DA:122,0
DA:127,0
DA:128,0
DA:136,0
DA:137,0
DA:141,0
DA:142,0
DA:152,0
DA:154,0
DA:162,0
DA:167,0
DA:176,0
DA:179,0
DA:181,0
DA:184,0
DA:185,0
DA:189,0
DA:197,0
DA:199,0
DA:202,0
DA:203,0
DA:212,0
DA:221,0
DA:223,0
DA:224,0
DA:226,0
DA:227,0
DA:228,0
DA:229,0
DA:232,0
DA:239,0
DA:242,0
DA:243,0
DA:244,0
DA:248,0
DA:249,0
DA:250,0
DA:254,0
DA:255,0
DA:256,0
DA:260,0
DA:261,0
DA:262,0
DA:265,0
DA:266,0
DA:267,0
DA:268,0
DA:269,0
DA:271,0
DA:272,0
DA:282,6
DA:283,0
DA:284,0
DA:287,6
DA:290,6
DA:294,6
DA:295,6
DA:296,6
DA:297,6
DA:298,6
DA:301,6
DA:304,6
DA:310,6
DA:311,0
DA:314,0
DA:315,0
DA:317,0
DA:318,0
DA:319,0
DA:322,0
DA:323,0
DA:327,0
DA:330,0
DA:338,0
DA:339,0
DA:341,0
DA:342,0
DA:344,0
DA:346,0
DA:347,0
DA:350,0
DA:351,0
DA:354,0
DA:355,0
DA:358,0
DA:359,0
DA:363,0
DA:366,0
DA:386,0
DA:391,0
DA:396,0
DA:399,0
DA:402,0
DA:410,0
DA:411,0
DA:413,0
DA:416,0
DA:417,0
DA:421,0
DA:424,0
DA:427,0
DA:436,0
DA:446,0
DA:457,0
DA:512,0
DA:515,0
DA:516,0
DA:530,0
DA:531,0
DA:532,0
DA:533,0
LF:146
LH:25
BRDA:42,0,0,0
BRDA:42,0,1,6
BRDA:77,1,0,0
BRDA:77,1,1,0
BRDA:90,2,0,0
BRDA:90,2,1,0
BRDA:97,3,0,0
BRDA:97,3,1,0
BRDA:103,4,0,0
BRDA:103,4,1,0
BRDA:118,5,0,0
BRDA:118,5,1,0
BRDA:127,6,0,0
BRDA:127,6,1,0
BRDA:151,7,0,0
BRDA:152,8,0,0
BRDA:152,8,1,0
BRDA:152,9,0,0
BRDA:152,9,1,0
BRDA:175,10,0,0
BRDA:175,11,0,0
BRDA:176,12,0,0
BRDA:176,12,1,0
BRDA:176,13,0,0
BRDA:176,13,1,0
BRDA:179,14,0,0
BRDA:179,14,1,0
BRDA:179,15,0,0
BRDA:179,15,1,0
BRDA:197,16,0,0
BRDA:197,16,1,0
BRDA:202,17,0,0
BRDA:202,17,1,0
BRDA:221,18,0,0
BRDA:221,18,1,0
BRDA:226,19,0,0
BRDA:226,19,1,0
BRDA:226,20,0,0
BRDA:226,20,1,0
BRDA:239,21,0,0
BRDA:239,21,1,0
BRDA:242,22,0,0
BRDA:242,22,1,0
BRDA:248,23,0,0
BRDA:248,23,1,0
BRDA:254,24,0,0
BRDA:254,24,1,0
BRDA:260,25,0,0
BRDA:260,25,1,0
BRDA:271,26,0,0
BRDA:271,26,1,0
BRDA:282,27,0,0
BRDA:282,27,1,6
BRDA:282,28,0,6
BRDA:282,28,1,6
BRDA:322,29,0,0
BRDA:322,29,1,0
BRDA:344,30,0,0
BRDA:344,30,1,0
BRDA:344,30,2,0
BRDA:344,30,3,0
BRDA:386,31,0,0
BRDA:386,31,1,0
BRDA:391,32,0,0
BRDA:391,32,1,0
BRDA:416,33,0,0
BRDA:416,33,1,0
BRDA:416,34,0,0
BRDA:416,34,1,0
BRDA:530,35,0,0
BRDA:530,35,1,0
BRDA:531,36,0,0
BRDA:531,36,1,0
BRDA:532,37,0,0
BRDA:532,37,1,0
BRF:75
BRH:4
end_of_record
TN:
SF:assets\neural-bus.js
FN:37,(anonymous_0)
FN:114,(anonymous_1)
FN:149,(anonymous_2)
FN:164,(anonymous_3)
FN:173,(anonymous_4)
FN:184,(anonymous_5)
FN:222,(anonymous_6)
FN:244,(anonymous_7)
FN:253,(anonymous_8)
FN:257,(anonymous_9)
FN:276,(anonymous_10)
FN:296,(anonymous_11)
FN:326,(anonymous_12)
FN:335,(anonymous_13)
FN:342,(anonymous_14)
FN:360,(anonymous_15)
FN:398,(anonymous_16)
FN:408,(anonymous_17)
FN:426,(anonymous_18)
FN:443,(anonymous_19)
FN:457,(anonymous_20)
FN:465,(anonymous_21)
FN:486,(anonymous_22)
FN:494,(anonymous_23)
FN:501,(anonymous_24)
FNF:25
FNH:0
FNDA:0,(anonymous_0)
FNDA:0,(anonymous_1)
FNDA:0,(anonymous_2)
FNDA:0,(anonymous_3)
FNDA:0,(anonymous_4)
FNDA:0,(anonymous_5)
FNDA:0,(anonymous_6)
FNDA:0,(anonymous_7)
FNDA:0,(anonymous_8)
FNDA:0,(anonymous_9)
FNDA:0,(anonymous_10)
FNDA:0,(anonymous_11)
FNDA:0,(anonymous_12)
FNDA:0,(anonymous_13)
FNDA:0,(anonymous_14)
FNDA:0,(anonymous_15)
FNDA:0,(anonymous_16)
FNDA:0,(anonymous_17)
FNDA:0,(anonymous_18)
FNDA:0,(anonymous_19)
FNDA:0,(anonymous_20)
FNDA:0,(anonymous_21)
FNDA:0,(anonymous_22)
FNDA:0,(anonymous_23)
FNDA:0,(anonymous_24)
DA:24,2
DA:25,2
DA:26,2
DA:27,2
DA:28,2
DA:29,2
DA:30,2
DA:31,2
DA:38,0
DA:40,0
DA:43,0
DA:46,0
DA:48,0
DA:49,0
DA:52,0
DA:53,0
DA:58,0
DA:67,0
DA:68,0
DA:69,0
DA:72,0
DA:73,0
DA:76,0
DA:77,0
DA:79,0
DA:80,0
DA:83,0
DA:84,0
DA:93,0
DA:94,0
DA:95,0
DA:101,0
DA:103,0
DA:115,0
DA:116,0
DA:120,0
DA:121,0
DA:124,0
DA:131,0
DA:134,0
DA:146,0
DA:147,0
DA:148,0
DA:149,0
DA:152,0
DA:156,0
DA:165,0
DA:175,0
DA:176,0
DA:179,0
DA:181,0
DA:182,0
DA:184,0
DA:188,0
DA:189,0
DA:194,0
DA:195,0
DA:197,0
DA:210,0
DA:212,0
DA:223,0
DA:226,0
DA:227,0
DA:230,0
DA:233,0
DA:239,0
DA:242,0
DA:244,0
DA:254,0
DA:256,0
DA:257,0
DA:260,0
DA:261,0
DA:263,0
DA:266,0
DA:277,0
DA:280,0
DA:281,0
DA:282,0
DA:285,0
DA:286,0
DA:287,0
DA:295,0
DA:296,0
DA:297,0
DA:298,0
DA:299,0
DA:301,0
DA:305,0
DA:308,0
DA:309,0
DA:314,0
DA:317,0
DA:327,0
DA:328,0
DA:329,0
DA:332,0
DA:334,0
DA:335,0
DA:336,0
DA:341,0
DA:342,0
DA:343,0
DA:344,0
DA:346,0
DA:352,0
DA:353,0
DA:354,0
DA:356,0
DA:357,0
DA:359,0
DA:360,0
DA:361,0
DA:367,0
DA:368,0
DA:372,0
DA:373,0
DA:376,0
DA:379,0
DA:385,0
DA:387,0
DA:388,0
DA:399,0
DA:400,0
DA:401,0
DA:404,0
DA:405,0
DA:406,0
DA:408,0
DA:409,0
DA:410,0
DA:414,0
DA:415,0
DA:417,0
DA:418,0
DA:427,0
DA:429,0
DA:430,0
DA:436,0
DA:444,0
DA:446,0
DA:447,0
DA:450,0
DA:458,0
DA:466,0
DA:467,0
DA:477,0
DA:479,0
DA:487,0
DA:495,0
DA:500,2
DA:501,2
DA:502,0
DA:505,0
LF:154
LH:10
BRDA:37,0,0,0
BRDA:38,1,0,0
BRDA:38,1,1,0
BRDA:40,2,0,0
BRDA:40,2,1,0
BRDA:52,3,0,0
BRDA:52,3,1,0
BRDA:67,4,0,0
BRDA:67,4,1,0
BRDA:67,5,0,0
BRDA:67,5,1,0
BRDA:93,6,0,0
BRDA:93,6,1,0
BRDA:93,7,0,0
BRDA:93,7,1,0
BRDA:115,8,0,0
BRDA:115,8,1,0
BRDA:115,9,0,0
BRDA:115,9,1,0
BRDA:146,10,0,0
BRDA:146,10,1,0
BRDA:146,11,0,0
BRDA:146,11,1,0
BRDA:175,12,0,0
BRDA:175,12,1,0
BRDA:179,13,0,0
BRDA:179,13,1,0
BRDA:188,14,0,0
BRDA:188,14,1,0
BRDA:210,15,0,0
BRDA:210,15,1,0
BRDA:222,16,0,0
BRDA:223,17,0,0
BRDA:223,17,1,0
BRDA:226,18,0,0
BRDA:226,18,1,0
BRDA:230,19,0,0
BRDA:230,19,1,0
BRDA:254,20,0,0
BRDA:254,20,1,0
BRDA:260,21,0,0
BRDA:260,21,1,0
BRDA:276,22,0,0
BRDA:277,23,0,0
BRDA:277,23,1,0
BRDA:280,24,0,0
BRDA:280,24,1,0
BRDA:291,25,0,0
BRDA:291,25,1,0
BRDA:308,26,0,0
BRDA:308,26,1,0
BRDA:311,27,0,0
BRDA:311,27,1,0
BRDA:327,28,0,0
BRDA:327,28,1,0
BRDA:327,29,0,0
BRDA:327,29,1,0
BRDA:334,30,0,0
BRDA:334,30,1,0
BRDA:341,31,0,0
BRDA:341,31,1,0
BRDA:343,32,0,0
BRDA:343,32,1,0
BRDA:352,33,0,0
BRDA:352,33,1,0
BRDA:353,34,0,0
BRDA:353,34,1,0
BRDA:356,35,0,0
BRDA:356,35,1,0
BRDA:359,36,0,0
BRDA:359,36,1,0
BRDA:367,37,0,0
BRDA:367,37,1,0
BRDA:372,38,0,0
BRDA:372,38,1,0
BRDA:399,39,0,0
BRDA:399,39,1,0
BRDA:399,40,0,0
BRDA:399,40,1,0
BRDA:409,41,0,0
BRDA:409,41,1,0
BRDA:467,42,0,0
BRDA:467,42,1,0
BRDA:477,43,0,0
BRDA:477,43,1,0
BRDA:500,44,0,2
BRDA:500,44,1,0
BRF:87
BRH:1
end_of_record
TN:
SF:assets\quantum-visualizer.js
FN:48,(anonymous_0)
FN:59,(anonymous_1)
FN:103,(anonymous_2)
FN:130,(anonymous_3)
FN:159,(anonymous_4)
FN:167,(anonymous_5)
FN:186,(anonymous_6)
FN:206,(anonymous_7)
FN:245,(anonymous_8)
FN:276,(anonymous_9)
FN:320,(anonymous_10)
FN:340,(anonymous_11)
FN:370,(anonymous_12)
FN:536,(anonymous_13)
FN:563,(anonymous_14)
FN:630,(anonymous_15)
FN:683,(anonymous_16)
FN:788,(anonymous_17)
FN:886,(anonymous_18)
FN:969,(anonymous_19)
FNF:20
FNH:0
FNDA:0,(anonymous_0)
FNDA:0,(anonymous_1)
FNDA:0,(anonymous_2)
FNDA:0,(anonymous_3)
FNDA:0,(anonymous_4)
FNDA:0,(anonymous_5)
FNDA:0,(anonymous_6)
FNDA:0,(anonymous_7)
FNDA:0,(anonymous_8)
FNDA:0,(anonymous_9)
FNDA:0,(anonymous_10)
FNDA:0,(anonymous_11)
FNDA:0,(anonymous_12)
FNDA:0,(anonymous_13)
FNDA:0,(anonymous_14)
FNDA:0,(anonymous_15)
FNDA:0,(anonymous_16)
FNDA:0,(anonymous_17)
FNDA:0,(anonymous_18)
FNDA:0,(anonymous_19)
DA:20,0
DA:21,0
DA:22,0
DA:23,0
DA:24,0
DA:25,0
DA:26,0
DA:27,0
DA:28,0
DA:29,0
DA:30,0
DA:31,0
DA:32,0
DA:33,0
DA:39,0
DA:40,0
DA:41,0
DA:42,0
DA:50,0
DA:64,0
DA:65,0
DA:66,0
DA:67,0
DA:68,0
DA:69,0
DA:72,0
DA:73,0
DA:74,0
DA:75,0
DA:76,0
DA:77,0
DA:80,0
DA:81,0
DA:85,0
DA:86,0
DA:90,0
DA:91,0
DA:94,0
DA:95,0
DA:104,0
DA:105,0
DA:106,0
DA:109,0
DA:112,0
DA:115,0
DA:118,0
DA:121,0
DA:123,0
DA:132,0
DA:135,0
DA:136,0
DA:139,0
DA:140,0
DA:141,0
DA:145,0
DA:148,0
DA:149,0
DA:152,0
DA:160,0
DA:169,0
DA:170,0
DA:173,0
DA:176,0
DA:177,0
DA:180,0
DA:187,0
DA:190,0
DA:191,0
DA:194,0
DA:195,0
DA:198,0
DA:200,0
DA:207,0
DA:208,0
DA:210,0
DA:218,0
DA:219,0
DA:222,0
DA:225,0
DA:228,0
DA:230,0
DA:231,0
DA:235,0
DA:238,0
DA:246,0
DA:247,0
DA:249,0
DA:250,0
DA:251,0
DA:254,0
DA:255,0
DA:258,0
DA:259,0
DA:261,0
DA:262,0
DA:266,0
DA:269,0
DA:277,0
DA:280,0
DA:282,0
DA:291,0
DA:294,0
DA:300,0
DA:301,0
DA:305,0
DA:306,0
DA:310,0
DA:313,0
DA:321,0
DA:331,0
DA:332,0
DA:341,0
DA:350,0
DA:353,0
DA:363,0
DA:371,0
DA:379,0
DA:382,0
DA:385,0
DA:388,0
DA:390,0
DA:399,0
DA:402,0
DA:403,0
DA:406,0
DA:407,0
DA:410,0
DA:413,0
DA:416,0
DA:424,0
DA:427,0
DA:428,0
DA:436,0
DA:439,0
DA:441,0
DA:442,0
DA:461,0
DA:463,0
DA:464,0
DA:472,0
DA:475,0
DA:478,0
DA:479,0
DA:481,0
DA:483,0
DA:486,0
DA:487,0
DA:490,0
DA:493,0
DA:496,0
DA:497,0
DA:501,0
DA:510,0
DA:513,0
DA:516,0
DA:518,0
DA:519,0
DA:521,0
DA:522,0
DA:530,0
DA:532,0
DA:533,0
DA:536,0
DA:538,0
DA:539,0
DA:542,0
DA:543,0
DA:544,0
DA:545,0
DA:548,0
DA:549,0
DA:550,0
DA:551,0
DA:560,0
DA:563,0
DA:566,0
DA:567,0
DA:569,0
DA:570,0
DA:572,0
DA:573,0
DA:574,0
DA:577,0
DA:578,0
DA:579,0
DA:582,0
DA:583,0
DA:585,0
DA:586,0
DA:587,0
DA:599,0
DA:627,0
DA:630,0
DA:631,0
DA:634,0
DA:637,0
DA:639,0
DA:646,0
DA:649,0
DA:656,0
DA:659,0
DA:666,0
DA:669,0
DA:680,0
DA:683,0
DA:684,0
DA:685,0
DA:688,0
DA:689,0
DA:693,0
DA:701,0
DA:704,0
DA:705,0
DA:706,0
DA:707,0
DA:708,0
DA:710,0
DA:711,0
DA:714,0
DA:715,0
DA:716,0
DA:717,0
DA:725,0
DA:728,0
DA:729,0
DA:730,0
DA:731,0
DA:734,0
DA:735,0
DA:737,0
DA:738,0
DA:739,0
DA:740,0
DA:748,0
DA:750,0
DA:752,0
DA:753,0
DA:754,0
DA:756,0
DA:758,0
DA:759,0
DA:760,0
DA:761,0
DA:763,0
DA:764,0
DA:766,0
DA:769,0
DA:772,0
DA:773,0
DA:782,0
DA:785,0
DA:788,0
DA:789,0
DA:790,0
DA:793,0
DA:796,0
DA:797,0
DA:800,0
DA:803,0
DA:806,0
DA:807,0
DA:808,0
DA:809,0
DA:811,0
DA:812,0
DA:813,0
DA:816,0
DA:820,0
DA:833,0
DA:836,0
DA:838,0
DA:840,0
DA:842,0
DA:845,0
DA:855,0
DA:856,0
DA:866,0
DA:867,0
DA:871,0
DA:881,0
DA:884,0
DA:886,0
DA:887,0
DA:900,0
DA:902,0
DA:903,0
DA:904,0
DA:906,0
DA:910,0
DA:912,0
DA:913,0
DA:915,0
DA:920,0
DA:930,0
DA:933,0
DA:935,0
DA:939,0
DA:941,0
DA:946,0
DA:948,0
DA:953,0
DA:955,0
DA:961,0
DA:963,0
DA:969,0
DA:970,0
DA:971,0
DA:972,0
DA:975,0
DA:980,1
DA:981,1
LF:311
LH:2
BRDA:48,0,0,0
BRDA:51,1,0,0
BRDA:51,1,1,0
BRDA:52,2,0,0
BRDA:52,2,1,0
BRDA:53,3,0,0
BRDA:53,3,1,0
BRDA:54,4,0,0
BRDA:54,4,1,0
BRDA:55,5,0,0
BRDA:55,5,1,0
BRDA:56,6,0,0
BRDA:56,6,1,0
BRDA:57,7,0,0
BRDA:57,7,1,0
BRDA:58,8,0,0
BRDA:58,8,1,0
BRDA:59,9,0,0
BRDA:59,9,1,0
BRDA:60,10,0,0
BRDA:60,10,1,0
BRDA:80,11,0,0
BRDA:80,11,1,0
BRDA:85,12,0,0
BRDA:85,12,1,0
BRDA:90,13,0,0
BRDA:90,13,1,0
BRDA:94,14,0,0
BRDA:94,14,1,0
BRDA:104,15,0,0
BRDA:104,15,1,0
BRDA:140,16,0,0
BRDA:140,16,1,0
BRDA:148,17,0,0
BRDA:148,17,1,0
BRDA:173,18,0,0
BRDA:173,18,1,0
BRDA:176,19,0,0
BRDA:176,19,1,0
BRDA:187,20,0,0
BRDA:187,20,1,0
BRDA:187,21,0,0
BRDA:187,21,1,0
BRDA:191,22,0,0
BRDA:191,22,1,0
BRDA:208,23,0,0
BRDA:208,23,1,0
BRDA:230,24,0,0
BRDA:230,24,1,0
BRDA:247,25,0,0
BRDA:247,25,1,0
BRDA:247,26,0,0
BRDA:247,26,1,0
BRDA:254,27,0,0
BRDA:254,27,1,0
BRDA:261,28,0,0
BRDA:261,28,1,0
BRDA:277,29,0,0
BRDA:277,29,1,0
BRDA:291,30,0,0
BRDA:291,30,1,0
BRDA:291,31,0,0
BRDA:291,31,1,0
BRDA:296,32,0,0
BRDA:296,32,1,0
BRDA:300,33,0,0
BRDA:300,33,1,0
BRDA:305,34,0,0
BRDA:305,34,1,0
BRDA:331,35,0,0
BRDA:331,35,1,0
BRDA:331,36,0,0
BRDA:331,36,1,0
BRDA:350,37,0,0
BRDA:350,37,1,0
BRDA:350,38,0,0
BRDA:350,38,1,0
BRDA:379,39,0,0
BRDA:379,39,1,0
BRDA:388,40,0,0
BRDA:388,40,1,0
BRDA:388,41,0,0
BRDA:388,41,1,0
BRDA:399,42,0,0
BRDA:399,42,1,0
BRDA:406,43,0,0
BRDA:406,43,1,0
BRDA:407,44,0,0
BRDA:407,44,1,0
BRDA:424,45,0,0
BRDA:424,45,1,0
BRDA:424,46,0,0
BRDA:424,46,1,0
BRDA:436,47,0,0
BRDA:436,47,1,0
BRDA:461,48,0,0
BRDA:461,48,1,0
BRDA:472,49,0,0
BRDA:472,49,1,0
BRDA:481,50,0,0
BRDA:481,50,1,0
BRDA:486,51,0,0
BRDA:486,51,1,0
BRDA:486,52,0,0
BRDA:486,52,1,0
BRDA:496,53,0,0
BRDA:496,53,1,0
BRDA:510,54,0,0
BRDA:510,54,1,0
BRDA:510,55,0,0
BRDA:510,55,1,0
BRDA:530,56,0,0
BRDA:530,56,1,0
BRDA:530,57,0,0
BRDA:530,57,1,0
BRDA:542,58,0,0
BRDA:542,58,1,0
BRDA:543,59,0,0
BRDA:543,59,1,0
BRDA:544,60,0,0
BRDA:544,60,1,0
BRDA:545,61,0,0
BRDA:545,61,1,0
BRDA:560,62,0,0
BRDA:560,62,1,0
BRDA:560,63,0,0
BRDA:560,63,1,0
BRDA:560,63,2,0
BRDA:572,64,0,0
BRDA:572,64,1,0
BRDA:572,65,0,0
BRDA:572,65,1,0
BRDA:627,66,0,0
BRDA:627,66,1,0
BRDA:627,67,0,0
BRDA:627,67,1,0
BRDA:627,67,2,0
BRDA:637,68,0,0
BRDA:637,68,1,0
BRDA:637,68,2,0
BRDA:680,69,0,0
BRDA:680,69,1,0
BRDA:680,70,0,0
BRDA:680,70,1,0
BRDA:701,71,0,0
BRDA:701,71,1,0
BRDA:725,72,0,0
BRDA:725,72,1,0
BRDA:725,73,0,0
BRDA:725,73,1,0
BRDA:748,74,0,0
BRDA:748,74,1,0
BRDA:763,75,0,0
BRDA:763,75,1,0
BRDA:782,76,0,0
BRDA:782,76,1,0
BRDA:782,77,0,0
BRDA:782,77,1,0
BRDA:803,78,0,0
BRDA:803,78,1,0
BRDA:806,79,0,0
BRDA:806,79,1,0
BRDA:809,80,0,0
BRDA:809,80,1,0
BRDA:836,81,0,0
BRDA:836,81,1,0
BRDA:836,81,2,0
BRDA:836,81,3,0
BRDA:866,82,0,0
BRDA:866,82,1,0
BRDA:866,83,0,0
BRDA:866,83,1,0
BRDA:900,84,0,0
BRDA:900,84,1,0
BRDA:910,85,0,0
BRDA:910,85,1,0
BRDA:912,86,0,0
BRDA:912,86,1,0
BRDA:933,87,0,0
BRDA:933,87,1,0
BRDA:933,87,2,0
BRDA:933,87,3,0
BRDA:933,87,4,0
BRDA:971,88,0,0
BRDA:971,88,1,0
BRDA:980,89,0,1
BRDA:980,89,1,0
BRDA:980,90,0,1
BRDA:980,90,1,1
BRF:189
BRH:3
end_of_record
